GraphGymModule(
  (model): GNN(
    (encoder): FeatureEncoder()
    (pre_mp): GeneralMultiLayer(
      (Layer_0): GeneralLayer(
        (layer): Linear(
          (model): Linear(1433, 256, bias=False)
        )
        (post_layer): Sequential(
          (0): BatchNorm1d(256, eps=1e-05, momentum=0.1, affine=True, track_running_stats=True)
          (1): PReLU(num_parameters=1)
        )
      )
    )
    (mp): GNNStackStage(
      (layer0): GeneralLayer(
        (layer): GCNConv(
          (model): GCNConv(256, 256)
        )
        (post_layer): Sequential(
          (0): BatchNorm1d(256, eps=1e-05, momentum=0.1, affine=True, track_running_stats=True)
          (1): PReLU(num_parameters=1)
        )
      )
      (layer1): GeneralLayer(
        (layer): GCNConv(
          (model): GCNConv(256, 256)
        )
        (post_layer): Sequential(
          (0): BatchNorm1d(256, eps=1e-05, momentum=0.1, affine=True, track_running_stats=True)
          (1): PReLU(num_parameters=1)
        )
      )
    )
    (post_mp): GNNNodeHead(
      (layer_post_mp): MLP(
        (model): Sequential(
          (0): Linear(
            (model): Linear(256, 7, bias=True)
          )
        )
      )
    )
  )
)
accelerator: cuda
benchmark: False
bn:
  eps: 1e-05
  mom: 0.1
cfg_dest: config.yaml
custom_metrics: []
dataset:
  cache_load: False
  cache_save: False
  dir: ./datasets
  edge_dim: 128
  edge_encoder: False
  edge_encoder_bn: True
  edge_encoder_name: Bond
  edge_message_ratio: 0.8
  edge_negative_sampling_ratio: 1.0
  edge_train_mode: all
  encoder: True
  encoder_bn: True
  encoder_dim: 128
  encoder_name: db
  format: PyG
  label_column: none
  label_table: none
  location: local
  name: Cora
  node_encoder: False
  node_encoder_bn: True
  node_encoder_name: Atom
  remove_feature: False
  resample_disjoint: False
  resample_negative: False
  shuffle_split: True
  split: [0.8, 0.2]
  split_mode: random
  task: node
  task_type: classification
  to_undirected: False
  transductive: True
  transform: none
  tu_simple: True
delay:
  max_k: 10
devices: None
gnn:
  act: prelu
  agg: add
  att_final_linear: False
  att_final_linear_bn: False
  att_heads: 1
  batchnorm: True
  clear_feature: True
  dim_inner: 256
  dropout: 0.0
  head: node
  keep_edge: 0.5
  l2norm: True
  layer_type: gcnconv
  layers_mp: 2
  layers_post_mp: 1
  layers_pre_mp: 1
  msg_direction: single
  normalize_adj: False
  self_msg: concat
  skip_every: 1
  stage_type: stack
gpu_mem: False
mem:
  inplace: False
metric_agg: argmax
metric_best: auto
model:
  edge_decoding: dot
  graph_pooling: add
  loss_fun: cross_entropy
  match_upper: True
  size_average: mean
  thresh: 0.5
  type: gnn
num_threads: 6
num_workers: 0
optim:
  base_lr: 0.01
  lr_decay: 0.1
  max_epoch: 100
  momentum: 0.9
  optimizer: adam
  scheduler: cos
  steps: [30, 60, 90]
  weight_decay: 0.0005
out_dir: my_results/Cora_V_02MP
params: 501258
print: both
round: 4
run_dir: my_results/Cora_V_02MP/2
seed: 3
share:
  dim_in: 1433
  dim_out: 7
  num_splits: 3
  num_tasks: 1
tensorboard_agg: True
tensorboard_each_run: True
train:
  auto_resume: False
  batch_size: 32
  ckpt_clean: True
  ckpt_period: 100
  enable_ckpt: True
  epoch_resume: -1
  eval_period: 20
  iter_per_epoch: 32
  neighbor_sizes: [20, 15, 10, 5]
  node_per_graph: 32
  radius: extend
  sample_node: False
  sampler: full_batch
  skip_train_eval: False
  walk_length: 4
val:
  node_per_graph: 32
  radius: extend
  sample_node: False
  sampler: full_batch
view_emb: False
Num parameters: 501258
val: {'epoch': 0, 'loss': 1.9393, 'lr': 0.01, 'params': 501258, 'time_iter': 0.0143, 'accuracy': 0.168}
val: {'epoch': 0, 'loss': 1.8065, 'lr': 0.01, 'params': 501258, 'time_iter': 0.0125, 'accuracy': 0.662}
train: {'epoch': 0, 'eta': 2.2102, 'loss': 1.9442, 'lr': 0.01, 'params': 501258, 'time_iter': 0.0223, 'accuracy': 0.1214}
val: {'epoch': 1, 'loss': 1.6666, 'lr': 0.01, 'params': 501258, 'time_iter': 0.0126, 'accuracy': 0.738}
train: {'epoch': 1, 'eta': 2.1299, 'loss': 1.7162, 'lr': 0.01, 'params': 501258, 'time_iter': 0.0211, 'accuracy': 0.9714}
val: {'epoch': 2, 'loss': 1.5841, 'lr': 0.01, 'params': 501258, 'time_iter': 0.0125, 'accuracy': 0.74}
train: {'epoch': 2, 'eta': 2.0979, 'loss': 1.5049, 'lr': 0.01, 'params': 501258, 'time_iter': 0.0214, 'accuracy': 0.9929}
val: {'epoch': 3, 'loss': 1.5183, 'lr': 0.01, 'params': 501258, 'time_iter': 0.0125, 'accuracy': 0.746}
train: {'epoch': 3, 'eta': 2.0592, 'loss': 1.385, 'lr': 0.01, 'params': 501258, 'time_iter': 0.0209, 'accuracy': 0.9929}
val: {'epoch': 4, 'loss': 1.4569, 'lr': 0.0099, 'params': 501258, 'time_iter': 0.0125, 'accuracy': 0.748}
train: {'epoch': 4, 'eta': 2.0281, 'loss': 1.2808, 'lr': 0.0099, 'params': 501258, 'time_iter': 0.0209, 'accuracy': 0.9929}
val: {'epoch': 5, 'loss': 1.3983, 'lr': 0.0099, 'params': 501258, 'time_iter': 0.0125, 'accuracy': 0.73}
train: {'epoch': 5, 'eta': 2.0012, 'loss': 1.1768, 'lr': 0.0099, 'params': 501258, 'time_iter': 0.021, 'accuracy': 1.0}
val: {'epoch': 6, 'loss': 1.3438, 'lr': 0.0099, 'params': 501258, 'time_iter': 0.0125, 'accuracy': 0.722}
train: {'epoch': 6, 'eta': 1.9752, 'loss': 1.0725, 'lr': 0.0099, 'params': 501258, 'time_iter': 0.0209, 'accuracy': 1.0}
val: {'epoch': 7, 'loss': 1.2946, 'lr': 0.0098, 'params': 501258, 'time_iter': 0.0125, 'accuracy': 0.722}
train: {'epoch': 7, 'eta': 1.9515, 'loss': 0.9704, 'lr': 0.0098, 'params': 501258, 'time_iter': 0.021, 'accuracy': 1.0}
val: {'epoch': 8, 'loss': 1.2516, 'lr': 0.0098, 'params': 501258, 'time_iter': 0.0125, 'accuracy': 0.722}
train: {'epoch': 8, 'eta': 1.928, 'loss': 0.872, 'lr': 0.0098, 'params': 501258, 'time_iter': 0.021, 'accuracy': 1.0}
val: {'epoch': 9, 'loss': 1.2135, 'lr': 0.0098, 'params': 501258, 'time_iter': 0.0125, 'accuracy': 0.724}
train: {'epoch': 9, 'eta': 1.9048, 'loss': 0.7783, 'lr': 0.0098, 'params': 501258, 'time_iter': 0.021, 'accuracy': 1.0}
val: {'epoch': 10, 'loss': 1.1749, 'lr': 0.0097, 'params': 501258, 'time_iter': 0.0125, 'accuracy': 0.72}
train: {'epoch': 10, 'eta': 1.8833, 'loss': 0.6912, 'lr': 0.0097, 'params': 501258, 'time_iter': 0.0211, 'accuracy': 1.0}
val: {'epoch': 11, 'loss': 1.1334, 'lr': 0.0096, 'params': 501258, 'time_iter': 0.0126, 'accuracy': 0.734}
train: {'epoch': 11, 'eta': 1.8613, 'loss': 0.6111, 'lr': 0.0096, 'params': 501258, 'time_iter': 0.021, 'accuracy': 1.0}
val: {'epoch': 12, 'loss': 1.0933, 'lr': 0.0096, 'params': 501258, 'time_iter': 0.0127, 'accuracy': 0.736}
train: {'epoch': 12, 'eta': 1.8396, 'loss': 0.5385, 'lr': 0.0096, 'params': 501258, 'time_iter': 0.0211, 'accuracy': 1.0}
val: {'epoch': 13, 'loss': 1.0536, 'lr': 0.0095, 'params': 501258, 'time_iter': 0.0124, 'accuracy': 0.74}
train: {'epoch': 13, 'eta': 1.8154, 'loss': 0.4759, 'lr': 0.0095, 'params': 501258, 'time_iter': 0.0206, 'accuracy': 1.0}
val: {'epoch': 14, 'loss': 1.0136, 'lr': 0.0095, 'params': 501258, 'time_iter': 0.0125, 'accuracy': 0.742}
train: {'epoch': 14, 'eta': 1.7934, 'loss': 0.4219, 'lr': 0.0095, 'params': 501258, 'time_iter': 0.0209, 'accuracy': 1.0}
val: {'epoch': 15, 'loss': 0.9774, 'lr': 0.0094, 'params': 501258, 'time_iter': 0.0129, 'accuracy': 0.742}
train: {'epoch': 15, 'eta': 1.7758, 'loss': 0.3738, 'lr': 0.0094, 'params': 501258, 'time_iter': 0.0218, 'accuracy': 1.0}
val: {'epoch': 16, 'loss': 0.9493, 'lr': 0.0093, 'params': 501258, 'time_iter': 0.0125, 'accuracy': 0.746}
train: {'epoch': 16, 'eta': 1.7545, 'loss': 0.3309, 'lr': 0.0093, 'params': 501258, 'time_iter': 0.0211, 'accuracy': 1.0}
val: {'epoch': 17, 'loss': 0.9304, 'lr': 0.0092, 'params': 501258, 'time_iter': 0.0126, 'accuracy': 0.75}
train: {'epoch': 17, 'eta': 1.7325, 'loss': 0.2932, 'lr': 0.0092, 'params': 501258, 'time_iter': 0.021, 'accuracy': 1.0}
val: {'epoch': 18, 'loss': 0.9198, 'lr': 0.0091, 'params': 501258, 'time_iter': 0.0126, 'accuracy': 0.744}
train: {'epoch': 18, 'eta': 1.7109, 'loss': 0.2604, 'lr': 0.0091, 'params': 501258, 'time_iter': 0.021, 'accuracy': 1.0}
val: {'epoch': 19, 'loss': 0.9158, 'lr': 0.009, 'params': 501258, 'time_iter': 0.0126, 'accuracy': 0.738}
train: {'epoch': 19, 'eta': 1.6889, 'loss': 0.2321, 'lr': 0.009, 'params': 501258, 'time_iter': 0.0209, 'accuracy': 1.0}
val: {'epoch': 20, 'loss': 0.9171, 'lr': 0.009, 'params': 501258, 'time_iter': 0.0126, 'accuracy': 0.738}
train: {'epoch': 20, 'eta': 1.6674, 'loss': 0.2077, 'lr': 0.009, 'params': 501258, 'time_iter': 0.021, 'accuracy': 1.0}
val: {'epoch': 21, 'loss': 0.9225, 'lr': 0.0089, 'params': 501258, 'time_iter': 0.0127, 'accuracy': 0.738}
train: {'epoch': 21, 'eta': 1.6468, 'loss': 0.1866, 'lr': 0.0089, 'params': 501258, 'time_iter': 0.0213, 'accuracy': 1.0}
val: {'epoch': 22, 'loss': 0.9304, 'lr': 0.0088, 'params': 501258, 'time_iter': 0.0125, 'accuracy': 0.736}
train: {'epoch': 22, 'eta': 1.6255, 'loss': 0.1683, 'lr': 0.0088, 'params': 501258, 'time_iter': 0.021, 'accuracy': 1.0}
val: {'epoch': 23, 'loss': 0.9394, 'lr': 0.0086, 'params': 501258, 'time_iter': 0.0125, 'accuracy': 0.728}
train: {'epoch': 23, 'eta': 1.6051, 'loss': 0.1523, 'lr': 0.0086, 'params': 501258, 'time_iter': 0.0213, 'accuracy': 1.0}
val: {'epoch': 24, 'loss': 0.9483, 'lr': 0.0085, 'params': 501258, 'time_iter': 0.0126, 'accuracy': 0.732}
train: {'epoch': 24, 'eta': 1.5838, 'loss': 0.1384, 'lr': 0.0085, 'params': 501258, 'time_iter': 0.0211, 'accuracy': 1.0}
val: {'epoch': 25, 'loss': 0.957, 'lr': 0.0084, 'params': 501258, 'time_iter': 0.0126, 'accuracy': 0.732}
train: {'epoch': 25, 'eta': 1.5629, 'loss': 0.1263, 'lr': 0.0084, 'params': 501258, 'time_iter': 0.0212, 'accuracy': 1.0}
val: {'epoch': 26, 'loss': 0.9653, 'lr': 0.0083, 'params': 501258, 'time_iter': 0.0126, 'accuracy': 0.732}
train: {'epoch': 26, 'eta': 1.5414, 'loss': 0.1157, 'lr': 0.0083, 'params': 501258, 'time_iter': 0.021, 'accuracy': 1.0}
val: {'epoch': 27, 'loss': 0.9736, 'lr': 0.0082, 'params': 501258, 'time_iter': 0.0125, 'accuracy': 0.722}
train: {'epoch': 27, 'eta': 1.5199, 'loss': 0.1065, 'lr': 0.0082, 'params': 501258, 'time_iter': 0.021, 'accuracy': 1.0}
val: {'epoch': 28, 'loss': 0.9821, 'lr': 0.0081, 'params': 501258, 'time_iter': 0.0125, 'accuracy': 0.722}
train: {'epoch': 28, 'eta': 1.499, 'loss': 0.0985, 'lr': 0.0081, 'params': 501258, 'time_iter': 0.0212, 'accuracy': 1.0}
val: {'epoch': 29, 'loss': 0.991, 'lr': 0.0079, 'params': 501258, 'time_iter': 0.0126, 'accuracy': 0.714}
train: {'epoch': 29, 'eta': 1.4779, 'loss': 0.0915, 'lr': 0.0079, 'params': 501258, 'time_iter': 0.0211, 'accuracy': 1.0}
val: {'epoch': 30, 'loss': 0.999, 'lr': 0.0078, 'params': 501258, 'time_iter': 0.0128, 'accuracy': 0.718}
train: {'epoch': 30, 'eta': 1.4568, 'loss': 0.0853, 'lr': 0.0078, 'params': 501258, 'time_iter': 0.0211, 'accuracy': 1.0}
val: {'epoch': 31, 'loss': 1.0048, 'lr': 0.0077, 'params': 501258, 'time_iter': 0.0126, 'accuracy': 0.72}
train: {'epoch': 31, 'eta': 1.4355, 'loss': 0.0799, 'lr': 0.0077, 'params': 501258, 'time_iter': 0.021, 'accuracy': 1.0}
val: {'epoch': 32, 'loss': 1.0099, 'lr': 0.0075, 'params': 501258, 'time_iter': 0.0125, 'accuracy': 0.716}
train: {'epoch': 32, 'eta': 1.4139, 'loss': 0.0751, 'lr': 0.0075, 'params': 501258, 'time_iter': 0.0209, 'accuracy': 1.0}
val: {'epoch': 33, 'loss': 1.0164, 'lr': 0.0074, 'params': 501258, 'time_iter': 0.0124, 'accuracy': 0.718}
train: {'epoch': 33, 'eta': 1.3925, 'loss': 0.0709, 'lr': 0.0074, 'params': 501258, 'time_iter': 0.021, 'accuracy': 1.0}
val: {'epoch': 34, 'loss': 1.0227, 'lr': 0.0073, 'params': 501258, 'time_iter': 0.0125, 'accuracy': 0.722}
train: {'epoch': 34, 'eta': 1.3709, 'loss': 0.0672, 'lr': 0.0073, 'params': 501258, 'time_iter': 0.0208, 'accuracy': 1.0}
val: {'epoch': 35, 'loss': 1.0267, 'lr': 0.0071, 'params': 501258, 'time_iter': 0.0126, 'accuracy': 0.72}
train: {'epoch': 35, 'eta': 1.3502, 'loss': 0.0639, 'lr': 0.0071, 'params': 501258, 'time_iter': 0.0213, 'accuracy': 1.0}
val: {'epoch': 36, 'loss': 1.0302, 'lr': 0.007, 'params': 501258, 'time_iter': 0.0126, 'accuracy': 0.72}
train: {'epoch': 36, 'eta': 1.3291, 'loss': 0.0609, 'lr': 0.007, 'params': 501258, 'time_iter': 0.0211, 'accuracy': 1.0}
val: {'epoch': 37, 'loss': 1.0355, 'lr': 0.0068, 'params': 501258, 'time_iter': 0.0125, 'accuracy': 0.714}
train: {'epoch': 37, 'eta': 1.3076, 'loss': 0.0583, 'lr': 0.0068, 'params': 501258, 'time_iter': 0.0208, 'accuracy': 1.0}
val: {'epoch': 38, 'loss': 1.0386, 'lr': 0.0067, 'params': 501258, 'time_iter': 0.0129, 'accuracy': 0.714}
train: {'epoch': 38, 'eta': 1.2861, 'loss': 0.0559, 'lr': 0.0067, 'params': 501258, 'time_iter': 0.0208, 'accuracy': 1.0}
val: {'epoch': 39, 'loss': 1.0421, 'lr': 0.0065, 'params': 501258, 'time_iter': 0.0125, 'accuracy': 0.714}
train: {'epoch': 39, 'eta': 1.2647, 'loss': 0.0538, 'lr': 0.0065, 'params': 501258, 'time_iter': 0.0209, 'accuracy': 1.0}
val: {'epoch': 40, 'loss': 1.0452, 'lr': 0.0064, 'params': 501258, 'time_iter': 0.0126, 'accuracy': 0.714}
train: {'epoch': 40, 'eta': 1.2436, 'loss': 0.0519, 'lr': 0.0064, 'params': 501258, 'time_iter': 0.021, 'accuracy': 1.0}
val: {'epoch': 41, 'loss': 1.0582, 'lr': 0.0062, 'params': 501258, 'time_iter': 0.0131, 'accuracy': 0.714}
train: {'epoch': 41, 'eta': 1.2229, 'loss': 0.0502, 'lr': 0.0062, 'params': 501258, 'time_iter': 0.0213, 'accuracy': 1.0}
val: {'epoch': 42, 'loss': 1.0182, 'lr': 0.0061, 'params': 501258, 'time_iter': 0.0127, 'accuracy': 0.728}
train: {'epoch': 42, 'eta': 1.2018, 'loss': 0.0491, 'lr': 0.0061, 'params': 501258, 'time_iter': 0.0211, 'accuracy': 1.0}
val: {'epoch': 43, 'loss': 1.0265, 'lr': 0.0059, 'params': 501258, 'time_iter': 0.0124, 'accuracy': 0.722}
train: {'epoch': 43, 'eta': 1.1808, 'loss': 0.0531, 'lr': 0.0059, 'params': 501258, 'time_iter': 0.0212, 'accuracy': 1.0}
val: {'epoch': 44, 'loss': 1.0757, 'lr': 0.0058, 'params': 501258, 'time_iter': 0.0127, 'accuracy': 0.696}
train: {'epoch': 44, 'eta': 1.1596, 'loss': 0.0552, 'lr': 0.0058, 'params': 501258, 'time_iter': 0.021, 'accuracy': 1.0}
val: {'epoch': 45, 'loss': 1.0699, 'lr': 0.0056, 'params': 501258, 'time_iter': 0.0125, 'accuracy': 0.704}
train: {'epoch': 45, 'eta': 1.1383, 'loss': 0.0522, 'lr': 0.0056, 'params': 501258, 'time_iter': 0.0209, 'accuracy': 1.0}
val: {'epoch': 46, 'loss': 1.0599, 'lr': 0.0055, 'params': 501258, 'time_iter': 0.0125, 'accuracy': 0.706}
train: {'epoch': 46, 'eta': 1.1169, 'loss': 0.0497, 'lr': 0.0055, 'params': 501258, 'time_iter': 0.0208, 'accuracy': 1.0}
val: {'epoch': 47, 'loss': 1.0649, 'lr': 0.0053, 'params': 501258, 'time_iter': 0.0126, 'accuracy': 0.706}
train: {'epoch': 47, 'eta': 1.0958, 'loss': 0.0464, 'lr': 0.0053, 'params': 501258, 'time_iter': 0.021, 'accuracy': 1.0}
val: {'epoch': 48, 'loss': 1.0805, 'lr': 0.0052, 'params': 501258, 'time_iter': 0.0125, 'accuracy': 0.7}
train: {'epoch': 48, 'eta': 1.0745, 'loss': 0.0453, 'lr': 0.0052, 'params': 501258, 'time_iter': 0.0209, 'accuracy': 1.0}
val: {'epoch': 49, 'loss': 1.0894, 'lr': 0.005, 'params': 501258, 'time_iter': 0.0126, 'accuracy': 0.7}
train: {'epoch': 49, 'eta': 1.0535, 'loss': 0.0445, 'lr': 0.005, 'params': 501258, 'time_iter': 0.0211, 'accuracy': 1.0}
val: {'epoch': 50, 'loss': 1.0947, 'lr': 0.0048, 'params': 501258, 'time_iter': 0.0125, 'accuracy': 0.704}
train: {'epoch': 50, 'eta': 1.0324, 'loss': 0.0428, 'lr': 0.0048, 'params': 501258, 'time_iter': 0.021, 'accuracy': 1.0}
val: {'epoch': 51, 'loss': 1.097, 'lr': 0.0047, 'params': 501258, 'time_iter': 0.0125, 'accuracy': 0.702}
train: {'epoch': 51, 'eta': 1.0113, 'loss': 0.0417, 'lr': 0.0047, 'params': 501258, 'time_iter': 0.021, 'accuracy': 1.0}
val: {'epoch': 52, 'loss': 1.0924, 'lr': 0.0045, 'params': 501258, 'time_iter': 0.0126, 'accuracy': 0.704}
train: {'epoch': 52, 'eta': 0.9901, 'loss': 0.041, 'lr': 0.0045, 'params': 501258, 'time_iter': 0.0209, 'accuracy': 1.0}
val: {'epoch': 53, 'loss': 1.0853, 'lr': 0.0044, 'params': 501258, 'time_iter': 0.0123, 'accuracy': 0.706}
train: {'epoch': 53, 'eta': 0.9688, 'loss': 0.0398, 'lr': 0.0044, 'params': 501258, 'time_iter': 0.0208, 'accuracy': 1.0}
val: {'epoch': 54, 'loss': 1.0815, 'lr': 0.0042, 'params': 501258, 'time_iter': 0.0124, 'accuracy': 0.702}
train: {'epoch': 54, 'eta': 0.9476, 'loss': 0.039, 'lr': 0.0042, 'params': 501258, 'time_iter': 0.0209, 'accuracy': 1.0}
val: {'epoch': 55, 'loss': 1.0845, 'lr': 0.0041, 'params': 501258, 'time_iter': 0.0124, 'accuracy': 0.702}
train: {'epoch': 55, 'eta': 0.9265, 'loss': 0.0386, 'lr': 0.0041, 'params': 501258, 'time_iter': 0.021, 'accuracy': 1.0}
val: {'epoch': 56, 'loss': 1.0924, 'lr': 0.0039, 'params': 501258, 'time_iter': 0.0125, 'accuracy': 0.704}
train: {'epoch': 56, 'eta': 0.9055, 'loss': 0.038, 'lr': 0.0039, 'params': 501258, 'time_iter': 0.0211, 'accuracy': 1.0}
val: {'epoch': 57, 'loss': 1.0988, 'lr': 0.0038, 'params': 501258, 'time_iter': 0.0129, 'accuracy': 0.702}
train: {'epoch': 57, 'eta': 0.8844, 'loss': 0.0373, 'lr': 0.0038, 'params': 501258, 'time_iter': 0.0211, 'accuracy': 1.0}
val: {'epoch': 58, 'loss': 1.0991, 'lr': 0.0036, 'params': 501258, 'time_iter': 0.0126, 'accuracy': 0.696}
train: {'epoch': 58, 'eta': 0.8633, 'loss': 0.0368, 'lr': 0.0036, 'params': 501258, 'time_iter': 0.021, 'accuracy': 1.0}
val: {'epoch': 59, 'loss': 1.0942, 'lr': 0.0035, 'params': 501258, 'time_iter': 0.0126, 'accuracy': 0.694}
train: {'epoch': 59, 'eta': 0.8422, 'loss': 0.0364, 'lr': 0.0035, 'params': 501258, 'time_iter': 0.021, 'accuracy': 1.0}
val: {'epoch': 60, 'loss': 1.0878, 'lr': 0.0033, 'params': 501258, 'time_iter': 0.0124, 'accuracy': 0.698}
train: {'epoch': 60, 'eta': 0.8211, 'loss': 0.036, 'lr': 0.0033, 'params': 501258, 'time_iter': 0.0209, 'accuracy': 1.0}
val: {'epoch': 61, 'loss': 1.0825, 'lr': 0.0032, 'params': 501258, 'time_iter': 0.0125, 'accuracy': 0.7}
train: {'epoch': 61, 'eta': 0.7999, 'loss': 0.0356, 'lr': 0.0032, 'params': 501258, 'time_iter': 0.0209, 'accuracy': 1.0}
val: {'epoch': 62, 'loss': 1.0801, 'lr': 0.003, 'params': 501258, 'time_iter': 0.0124, 'accuracy': 0.702}
train: {'epoch': 62, 'eta': 0.7788, 'loss': 0.0352, 'lr': 0.003, 'params': 501258, 'time_iter': 0.021, 'accuracy': 1.0}
val: {'epoch': 63, 'loss': 1.0809, 'lr': 0.0029, 'params': 501258, 'time_iter': 0.0125, 'accuracy': 0.7}
train: {'epoch': 63, 'eta': 0.7577, 'loss': 0.0349, 'lr': 0.0029, 'params': 501258, 'time_iter': 0.021, 'accuracy': 1.0}
val: {'epoch': 64, 'loss': 1.0831, 'lr': 0.0027, 'params': 501258, 'time_iter': 0.014, 'accuracy': 0.704}
train: {'epoch': 64, 'eta': 0.7381, 'loss': 0.0346, 'lr': 0.0027, 'params': 501258, 'time_iter': 0.0236, 'accuracy': 1.0}
val: {'epoch': 65, 'loss': 1.0837, 'lr': 0.0026, 'params': 501258, 'time_iter': 0.0136, 'accuracy': 0.704}
train: {'epoch': 65, 'eta': 0.7183, 'loss': 0.0344, 'lr': 0.0026, 'params': 501258, 'time_iter': 0.0236, 'accuracy': 1.0}
val: {'epoch': 66, 'loss': 1.0811, 'lr': 0.0025, 'params': 501258, 'time_iter': 0.0124, 'accuracy': 0.704}
train: {'epoch': 66, 'eta': 0.6971, 'loss': 0.0341, 'lr': 0.0025, 'params': 501258, 'time_iter': 0.021, 'accuracy': 1.0}
val: {'epoch': 67, 'loss': 1.0764, 'lr': 0.0023, 'params': 501258, 'time_iter': 0.0125, 'accuracy': 0.71}
train: {'epoch': 67, 'eta': 0.6759, 'loss': 0.0339, 'lr': 0.0023, 'params': 501258, 'time_iter': 0.0211, 'accuracy': 1.0}
val: {'epoch': 68, 'loss': 1.072, 'lr': 0.0022, 'params': 501258, 'time_iter': 0.0126, 'accuracy': 0.71}
train: {'epoch': 68, 'eta': 0.6548, 'loss': 0.0337, 'lr': 0.0022, 'params': 501258, 'time_iter': 0.021, 'accuracy': 1.0}
val: {'epoch': 69, 'loss': 1.0697, 'lr': 0.0021, 'params': 501258, 'time_iter': 0.0126, 'accuracy': 0.712}
train: {'epoch': 69, 'eta': 0.6336, 'loss': 0.0335, 'lr': 0.0021, 'params': 501258, 'time_iter': 0.0211, 'accuracy': 1.0}
val: {'epoch': 70, 'loss': 1.0691, 'lr': 0.0019, 'params': 501258, 'time_iter': 0.0124, 'accuracy': 0.708}
train: {'epoch': 70, 'eta': 0.6125, 'loss': 0.0333, 'lr': 0.0019, 'params': 501258, 'time_iter': 0.0211, 'accuracy': 1.0}
val: {'epoch': 71, 'loss': 1.0689, 'lr': 0.0018, 'params': 501258, 'time_iter': 0.0127, 'accuracy': 0.708}
train: {'epoch': 71, 'eta': 0.5914, 'loss': 0.0332, 'lr': 0.0018, 'params': 501258, 'time_iter': 0.0211, 'accuracy': 1.0}
val: {'epoch': 72, 'loss': 1.0681, 'lr': 0.0017, 'params': 501258, 'time_iter': 0.0125, 'accuracy': 0.706}
train: {'epoch': 72, 'eta': 0.5702, 'loss': 0.033, 'lr': 0.0017, 'params': 501258, 'time_iter': 0.0209, 'accuracy': 1.0}
val: {'epoch': 73, 'loss': 1.0663, 'lr': 0.0016, 'params': 501258, 'time_iter': 0.0124, 'accuracy': 0.706}
train: {'epoch': 73, 'eta': 0.5493, 'loss': 0.0329, 'lr': 0.0016, 'params': 501258, 'time_iter': 0.0219, 'accuracy': 1.0}
val: {'epoch': 74, 'loss': 1.0643, 'lr': 0.0015, 'params': 501258, 'time_iter': 0.0127, 'accuracy': 0.704}
train: {'epoch': 74, 'eta': 0.5281, 'loss': 0.0327, 'lr': 0.0015, 'params': 501258, 'time_iter': 0.0209, 'accuracy': 1.0}
val: {'epoch': 75, 'loss': 1.0627, 'lr': 0.0014, 'params': 501258, 'time_iter': 0.0126, 'accuracy': 0.704}
train: {'epoch': 75, 'eta': 0.507, 'loss': 0.0326, 'lr': 0.0014, 'params': 501258, 'time_iter': 0.0211, 'accuracy': 1.0}
val: {'epoch': 76, 'loss': 1.0617, 'lr': 0.0012, 'params': 501258, 'time_iter': 0.0126, 'accuracy': 0.702}
train: {'epoch': 76, 'eta': 0.4859, 'loss': 0.0325, 'lr': 0.0012, 'params': 501258, 'time_iter': 0.0211, 'accuracy': 1.0}
val: {'epoch': 77, 'loss': 1.0612, 'lr': 0.0011, 'params': 501258, 'time_iter': 0.0124, 'accuracy': 0.7}
train: {'epoch': 77, 'eta': 0.4647, 'loss': 0.0324, 'lr': 0.0011, 'params': 501258, 'time_iter': 0.0209, 'accuracy': 1.0}
val: {'epoch': 78, 'loss': 1.061, 'lr': 0.001, 'params': 501258, 'time_iter': 0.0126, 'accuracy': 0.702}
train: {'epoch': 78, 'eta': 0.4436, 'loss': 0.0324, 'lr': 0.001, 'params': 501258, 'time_iter': 0.0212, 'accuracy': 1.0}
val: {'epoch': 79, 'loss': 1.0608, 'lr': 0.001, 'params': 501258, 'time_iter': 0.0124, 'accuracy': 0.7}
train: {'epoch': 79, 'eta': 0.4224, 'loss': 0.0323, 'lr': 0.001, 'params': 501258, 'time_iter': 0.0208, 'accuracy': 1.0}
val: {'epoch': 80, 'loss': 1.0606, 'lr': 0.0009, 'params': 501258, 'time_iter': 0.0126, 'accuracy': 0.7}
train: {'epoch': 80, 'eta': 0.4012, 'loss': 0.0322, 'lr': 0.0009, 'params': 501258, 'time_iter': 0.021, 'accuracy': 1.0}
val: {'epoch': 81, 'loss': 1.0604, 'lr': 0.0008, 'params': 501258, 'time_iter': 0.0126, 'accuracy': 0.7}
train: {'epoch': 81, 'eta': 0.3801, 'loss': 0.0321, 'lr': 0.0008, 'params': 501258, 'time_iter': 0.0211, 'accuracy': 1.0}
val: {'epoch': 82, 'loss': 1.0602, 'lr': 0.0007, 'params': 501258, 'time_iter': 0.0126, 'accuracy': 0.7}
train: {'epoch': 82, 'eta': 0.359, 'loss': 0.0321, 'lr': 0.0007, 'params': 501258, 'time_iter': 0.021, 'accuracy': 1.0}
val: {'epoch': 83, 'loss': 1.0601, 'lr': 0.0006, 'params': 501258, 'time_iter': 0.0125, 'accuracy': 0.7}
train: {'epoch': 83, 'eta': 0.3378, 'loss': 0.032, 'lr': 0.0006, 'params': 501258, 'time_iter': 0.021, 'accuracy': 1.0}
val: {'epoch': 84, 'loss': 1.06, 'lr': 0.0005, 'params': 501258, 'time_iter': 0.0125, 'accuracy': 0.7}
train: {'epoch': 84, 'eta': 0.3167, 'loss': 0.032, 'lr': 0.0005, 'params': 501258, 'time_iter': 0.0209, 'accuracy': 1.0}
val: {'epoch': 85, 'loss': 1.0597, 'lr': 0.0005, 'params': 501258, 'time_iter': 0.0124, 'accuracy': 0.7}
train: {'epoch': 85, 'eta': 0.2956, 'loss': 0.032, 'lr': 0.0005, 'params': 501258, 'time_iter': 0.021, 'accuracy': 1.0}
val: {'epoch': 86, 'loss': 1.0593, 'lr': 0.0004, 'params': 501258, 'time_iter': 0.0123, 'accuracy': 0.7}
train: {'epoch': 86, 'eta': 0.2744, 'loss': 0.0319, 'lr': 0.0004, 'params': 501258, 'time_iter': 0.0209, 'accuracy': 1.0}
val: {'epoch': 87, 'loss': 1.0587, 'lr': 0.0004, 'params': 501258, 'time_iter': 0.0126, 'accuracy': 0.698}
train: {'epoch': 87, 'eta': 0.2533, 'loss': 0.0319, 'lr': 0.0004, 'params': 501258, 'time_iter': 0.0211, 'accuracy': 1.0}
val: {'epoch': 88, 'loss': 1.0581, 'lr': 0.0003, 'params': 501258, 'time_iter': 0.0125, 'accuracy': 0.698}
train: {'epoch': 88, 'eta': 0.2322, 'loss': 0.0319, 'lr': 0.0003, 'params': 501258, 'time_iter': 0.0209, 'accuracy': 1.0}
val: {'epoch': 89, 'loss': 1.0574, 'lr': 0.0002, 'params': 501258, 'time_iter': 0.0126, 'accuracy': 0.7}
train: {'epoch': 89, 'eta': 0.2111, 'loss': 0.0318, 'lr': 0.0002, 'params': 501258, 'time_iter': 0.021, 'accuracy': 1.0}
val: {'epoch': 90, 'loss': 1.0567, 'lr': 0.0002, 'params': 501258, 'time_iter': 0.0127, 'accuracy': 0.7}
train: {'epoch': 90, 'eta': 0.19, 'loss': 0.0318, 'lr': 0.0002, 'params': 501258, 'time_iter': 0.0212, 'accuracy': 1.0}
val: {'epoch': 91, 'loss': 1.056, 'lr': 0.0002, 'params': 501258, 'time_iter': 0.0125, 'accuracy': 0.7}
train: {'epoch': 91, 'eta': 0.1688, 'loss': 0.0318, 'lr': 0.0002, 'params': 501258, 'time_iter': 0.0211, 'accuracy': 1.0}
val: {'epoch': 92, 'loss': 1.0554, 'lr': 0.0001, 'params': 501258, 'time_iter': 0.0125, 'accuracy': 0.7}
train: {'epoch': 92, 'eta': 0.1477, 'loss': 0.0318, 'lr': 0.0001, 'params': 501258, 'time_iter': 0.0209, 'accuracy': 1.0}
val: {'epoch': 93, 'loss': 1.0548, 'lr': 0.0001, 'params': 501258, 'time_iter': 0.0125, 'accuracy': 0.7}
train: {'epoch': 93, 'eta': 0.1266, 'loss': 0.0318, 'lr': 0.0001, 'params': 501258, 'time_iter': 0.0212, 'accuracy': 1.0}
val: {'epoch': 94, 'loss': 1.0543, 'lr': 0.0001, 'params': 501258, 'time_iter': 0.0126, 'accuracy': 0.7}
train: {'epoch': 94, 'eta': 0.1055, 'loss': 0.0318, 'lr': 0.0001, 'params': 501258, 'time_iter': 0.021, 'accuracy': 1.0}
val: {'epoch': 95, 'loss': 1.0538, 'lr': 0.0, 'params': 501258, 'time_iter': 0.0125, 'accuracy': 0.7}
train: {'epoch': 95, 'eta': 0.0844, 'loss': 0.0318, 'lr': 0.0, 'params': 501258, 'time_iter': 0.021, 'accuracy': 1.0}
val: {'epoch': 96, 'loss': 1.0534, 'lr': 0.0, 'params': 501258, 'time_iter': 0.0125, 'accuracy': 0.7}
train: {'epoch': 96, 'eta': 0.0633, 'loss': 0.0318, 'lr': 0.0, 'params': 501258, 'time_iter': 0.0214, 'accuracy': 1.0}
val: {'epoch': 97, 'loss': 1.053, 'lr': 0.0, 'params': 501258, 'time_iter': 0.0127, 'accuracy': 0.7}
train: {'epoch': 97, 'eta': 0.0422, 'loss': 0.0318, 'lr': 0.0, 'params': 501258, 'time_iter': 0.0213, 'accuracy': 1.0}
val: {'epoch': 98, 'loss': 1.0527, 'lr': 0.0, 'params': 501258, 'time_iter': 0.0125, 'accuracy': 0.704}
train: {'epoch': 98, 'eta': 0.0211, 'loss': 0.0318, 'lr': 0.0, 'params': 501258, 'time_iter': 0.0209, 'accuracy': 1.0}
val: {'epoch': 99, 'loss': 1.0524, 'lr': 0.0, 'params': 501258, 'time_iter': 0.0125, 'accuracy': 0.704}
train: {'epoch': 99, 'eta': 0.0, 'loss': 0.0318, 'lr': 0.0, 'params': 501258, 'time_iter': 0.0209, 'accuracy': 1.0}
test: {'epoch': 100, 'loss': 0.9958, 'lr': 0.0, 'params': 501258, 'time_iter': 0.0137, 'accuracy': 0.721}
Results aggregated across runs saved in my_results/Cora_V_02MP/agg
