GraphGymModule(
  (model): GNN(
    (encoder): FeatureEncoder()
    (pre_mp): GeneralMultiLayer(
      (Layer_0): GeneralLayer(
        (layer): Linear(
          (model): Linear(1433, 256, bias=False)
        )
        (post_layer): Sequential(
          (0): BatchNorm1d(256, eps=1e-05, momentum=0.1, affine=True, track_running_stats=True)
          (1): PReLU(num_parameters=1)
        )
      )
    )
    (mp): GNNStackStage(
      (layer0): GeneralLayer(
        (layer): GCNConv(
          (model): GCNConv(256, 256)
        )
        (post_layer): Sequential(
          (0): BatchNorm1d(256, eps=1e-05, momentum=0.1, affine=True, track_running_stats=True)
          (1): PReLU(num_parameters=1)
        )
      )
      (layer1): GeneralLayer(
        (layer): GCNConv(
          (model): GCNConv(256, 256)
        )
        (post_layer): Sequential(
          (0): BatchNorm1d(256, eps=1e-05, momentum=0.1, affine=True, track_running_stats=True)
          (1): PReLU(num_parameters=1)
        )
      )
      (layer2): GeneralLayer(
        (layer): GCNConv(
          (model): GCNConv(256, 256)
        )
        (post_layer): Sequential(
          (0): BatchNorm1d(256, eps=1e-05, momentum=0.1, affine=True, track_running_stats=True)
          (1): PReLU(num_parameters=1)
        )
      )
      (layer3): GeneralLayer(
        (layer): GCNConv(
          (model): GCNConv(256, 256)
        )
        (post_layer): Sequential(
          (0): BatchNorm1d(256, eps=1e-05, momentum=0.1, affine=True, track_running_stats=True)
          (1): PReLU(num_parameters=1)
        )
      )
      (layer4): GeneralLayer(
        (layer): GCNConv(
          (model): GCNConv(256, 256)
        )
        (post_layer): Sequential(
          (0): BatchNorm1d(256, eps=1e-05, momentum=0.1, affine=True, track_running_stats=True)
          (1): PReLU(num_parameters=1)
        )
      )
    )
    (post_mp): GNNNodeHead(
      (layer_post_mp): MLP(
        (model): Sequential(
          (0): Linear(
            (model): Linear(256, 7, bias=True)
          )
        )
      )
    )
  )
)
accelerator: cuda
benchmark: False
bn:
  eps: 1e-05
  mom: 0.1
cfg_dest: config.yaml
custom_metrics: []
dataset:
  cache_load: False
  cache_save: False
  dir: ./datasets
  edge_dim: 128
  edge_encoder: False
  edge_encoder_bn: True
  edge_encoder_name: Bond
  edge_message_ratio: 0.8
  edge_negative_sampling_ratio: 1.0
  edge_train_mode: all
  encoder: True
  encoder_bn: True
  encoder_dim: 128
  encoder_name: db
  format: PyG
  label_column: none
  label_table: none
  location: local
  name: Cora
  node_encoder: False
  node_encoder_bn: True
  node_encoder_name: Atom
  remove_feature: False
  resample_disjoint: False
  resample_negative: False
  shuffle_split: True
  split: [0.8, 0.2]
  split_mode: random
  task: node
  task_type: classification
  to_undirected: False
  transductive: True
  transform: none
  tu_simple: True
delay:
  max_k: 10
devices: None
gnn:
  act: prelu
  agg: add
  att_final_linear: False
  att_final_linear_bn: False
  att_heads: 1
  batchnorm: True
  clear_feature: True
  dim_inner: 256
  dropout: 0.0
  head: node
  keep_edge: 0.5
  l2norm: True
  layer_type: gcnconv
  layers_mp: 5
  layers_post_mp: 1
  layers_pre_mp: 1
  msg_direction: single
  normalize_adj: False
  self_msg: concat
  skip_every: 1
  stage_type: stack
gpu_mem: False
mem:
  inplace: False
metric_agg: argmax
metric_best: auto
model:
  edge_decoding: dot
  graph_pooling: add
  loss_fun: cross_entropy
  match_upper: True
  size_average: mean
  thresh: 0.5
  type: gnn
num_threads: 6
num_workers: 0
optim:
  base_lr: 0.01
  lr_decay: 0.1
  max_epoch: 100
  momentum: 0.9
  optimizer: adam
  scheduler: cos
  steps: [30, 60, 90]
  weight_decay: 0.0005
out_dir: my_results/Cora_V_05MP
params: 699405
print: both
round: 4
run_dir: my_results/Cora_V_05MP/2
seed: 3
share:
  dim_in: 1433
  dim_out: 7
  num_splits: 3
  num_tasks: 1
tensorboard_agg: True
tensorboard_each_run: True
train:
  auto_resume: False
  batch_size: 32
  ckpt_clean: True
  ckpt_period: 100
  enable_ckpt: True
  epoch_resume: -1
  eval_period: 20
  iter_per_epoch: 32
  neighbor_sizes: [20, 15, 10, 5]
  node_per_graph: 32
  radius: extend
  sample_node: False
  sampler: full_batch
  skip_train_eval: False
  walk_length: 4
val:
  node_per_graph: 32
  radius: extend
  sample_node: False
  sampler: full_batch
view_emb: False
Num parameters: 699405
val: {'epoch': 0, 'loss': 1.9657, 'lr': 0.01, 'params': 699405, 'time_iter': 0.0272, 'accuracy': 0.05}
val: {'epoch': 0, 'loss': 1.9056, 'lr': 0.01, 'params': 699405, 'time_iter': 0.0249, 'accuracy': 0.304}
train: {'epoch': 0, 'eta': 5.7754, 'loss': 1.9504, 'lr': 0.01, 'params': 699405, 'time_iter': 0.0583, 'accuracy': 0.0929}
val: {'epoch': 1, 'loss': 1.7219, 'lr': 0.01, 'params': 699405, 'time_iter': 0.0281, 'accuracy': 0.648}
train: {'epoch': 1, 'eta': 4.8496, 'loss': 1.8237, 'lr': 0.01, 'params': 699405, 'time_iter': 0.0406, 'accuracy': 0.65}
val: {'epoch': 2, 'loss': 1.63, 'lr': 0.01, 'params': 699405, 'time_iter': 0.0341, 'accuracy': 0.678}
train: {'epoch': 2, 'eta': 4.6714, 'loss': 1.5864, 'lr': 0.01, 'params': 699405, 'time_iter': 0.0455, 'accuracy': 0.9286}
val: {'epoch': 3, 'loss': 1.5569, 'lr': 0.01, 'params': 699405, 'time_iter': 0.0282, 'accuracy': 0.704}
train: {'epoch': 3, 'eta': 4.7481, 'loss': 1.454, 'lr': 0.01, 'params': 699405, 'time_iter': 0.0534, 'accuracy': 0.9714}
val: {'epoch': 4, 'loss': 1.495, 'lr': 0.0099, 'params': 699405, 'time_iter': 0.0322, 'accuracy': 0.704}
train: {'epoch': 4, 'eta': 4.761, 'loss': 1.3489, 'lr': 0.0099, 'params': 699405, 'time_iter': 0.0527, 'accuracy': 0.9929}
val: {'epoch': 5, 'loss': 1.4387, 'lr': 0.0099, 'params': 699405, 'time_iter': 0.0298, 'accuracy': 0.688}
train: {'epoch': 5, 'eta': 4.7622, 'loss': 1.2521, 'lr': 0.0099, 'params': 699405, 'time_iter': 0.0534, 'accuracy': 1.0}
val: {'epoch': 6, 'loss': 1.3865, 'lr': 0.0099, 'params': 699405, 'time_iter': 0.0285, 'accuracy': 0.686}
train: {'epoch': 6, 'eta': 4.7282, 'loss': 1.1543, 'lr': 0.0099, 'params': 699405, 'time_iter': 0.0519, 'accuracy': 1.0}
val: {'epoch': 7, 'loss': 1.3381, 'lr': 0.0098, 'params': 699405, 'time_iter': 0.0304, 'accuracy': 0.684}
train: {'epoch': 7, 'eta': 4.702, 'loss': 1.0556, 'lr': 0.0098, 'params': 699405, 'time_iter': 0.053, 'accuracy': 1.0}
val: {'epoch': 8, 'loss': 1.2934, 'lr': 0.0098, 'params': 699405, 'time_iter': 0.0782, 'accuracy': 0.676}
train: {'epoch': 8, 'eta': 4.9728, 'loss': 0.9603, 'lr': 0.0098, 'params': 699405, 'time_iter': 0.0829, 'accuracy': 1.0}
val: {'epoch': 9, 'loss': 1.2549, 'lr': 0.0098, 'params': 699405, 'time_iter': 0.0574, 'accuracy': 0.668}
train: {'epoch': 9, 'eta': 5.419, 'loss': 0.8691, 'lr': 0.0098, 'params': 699405, 'time_iter': 0.1103, 'accuracy': 1.0}
val: {'epoch': 10, 'loss': 1.2232, 'lr': 0.0097, 'params': 699405, 'time_iter': 0.0949, 'accuracy': 0.656}
train: {'epoch': 10, 'eta': 5.686, 'loss': 0.7827, 'lr': 0.0097, 'params': 699405, 'time_iter': 0.1006, 'accuracy': 1.0}
val: {'epoch': 11, 'loss': 1.1971, 'lr': 0.0096, 'params': 699405, 'time_iter': 0.0838, 'accuracy': 0.652}
train: {'epoch': 11, 'eta': 5.8582, 'loss': 0.7017, 'lr': 0.0096, 'params': 699405, 'time_iter': 0.0961, 'accuracy': 1.0}
val: {'epoch': 12, 'loss': 1.1808, 'lr': 0.0096, 'params': 699405, 'time_iter': 0.0905, 'accuracy': 0.646}
train: {'epoch': 12, 'eta': 6.1701, 'loss': 0.6257, 'lr': 0.0096, 'params': 699405, 'time_iter': 0.1231, 'accuracy': 1.0}
val: {'epoch': 13, 'loss': 1.1727, 'lr': 0.0095, 'params': 699405, 'time_iter': 0.094, 'accuracy': 0.636}
train: {'epoch': 13, 'eta': 6.3848, 'loss': 0.5557, 'lr': 0.0095, 'params': 699405, 'time_iter': 0.1174, 'accuracy': 1.0}
val: {'epoch': 14, 'loss': 1.1723, 'lr': 0.0095, 'params': 699405, 'time_iter': 0.0885, 'accuracy': 0.632}
train: {'epoch': 14, 'eta': 6.5604, 'loss': 0.4916, 'lr': 0.0095, 'params': 699405, 'time_iter': 0.1183, 'accuracy': 1.0}
val: {'epoch': 15, 'loss': 1.1884, 'lr': 0.0094, 'params': 699405, 'time_iter': 0.0268, 'accuracy': 0.628}
train: {'epoch': 15, 'eta': 6.357, 'loss': 0.4336, 'lr': 0.0094, 'params': 699405, 'time_iter': 0.0532, 'accuracy': 1.0}
val: {'epoch': 16, 'loss': 1.213, 'lr': 0.0093, 'params': 699405, 'time_iter': 0.0347, 'accuracy': 0.618}
train: {'epoch': 16, 'eta': 6.1426, 'loss': 0.3817, 'lr': 0.0093, 'params': 699405, 'time_iter': 0.0473, 'accuracy': 1.0}
val: {'epoch': 17, 'loss': 1.2078, 'lr': 0.0092, 'params': 699405, 'time_iter': 0.0403, 'accuracy': 0.618}
train: {'epoch': 17, 'eta': 5.9589, 'loss': 0.3365, 'lr': 0.0092, 'params': 699405, 'time_iter': 0.0499, 'accuracy': 1.0}
val: {'epoch': 18, 'loss': 1.2027, 'lr': 0.0091, 'params': 699405, 'time_iter': 0.031, 'accuracy': 0.622}
train: {'epoch': 18, 'eta': 5.8124, 'loss': 0.297, 'lr': 0.0091, 'params': 699405, 'time_iter': 0.0554, 'accuracy': 1.0}
val: {'epoch': 19, 'loss': 1.2058, 'lr': 0.009, 'params': 699405, 'time_iter': 0.0279, 'accuracy': 0.626}
train: {'epoch': 19, 'eta': 5.6938, 'loss': 0.2622, 'lr': 0.009, 'params': 699405, 'time_iter': 0.06, 'accuracy': 1.0}
val: {'epoch': 20, 'loss': 1.1601, 'lr': 0.009, 'params': 699405, 'time_iter': 0.035, 'accuracy': 0.642}
train: {'epoch': 20, 'eta': 5.5249, 'loss': 0.2336, 'lr': 0.009, 'params': 699405, 'time_iter': 0.0452, 'accuracy': 1.0}
val: {'epoch': 21, 'loss': 1.1616, 'lr': 0.0089, 'params': 699405, 'time_iter': 0.0349, 'accuracy': 0.642}
train: {'epoch': 21, 'eta': 5.381, 'loss': 0.2094, 'lr': 0.0089, 'params': 699405, 'time_iter': 0.0491, 'accuracy': 1.0}
val: {'epoch': 22, 'loss': 1.1653, 'lr': 0.0088, 'params': 699405, 'time_iter': 0.0302, 'accuracy': 0.662}
train: {'epoch': 22, 'eta': 5.2748, 'loss': 0.1884, 'lr': 0.0088, 'params': 699405, 'time_iter': 0.0579, 'accuracy': 1.0}
val: {'epoch': 23, 'loss': 1.1522, 'lr': 0.0086, 'params': 699405, 'time_iter': 0.0389, 'accuracy': 0.666}
train: {'epoch': 23, 'eta': 5.1348, 'loss': 0.1694, 'lr': 0.0086, 'params': 699405, 'time_iter': 0.0459, 'accuracy': 1.0}
val: {'epoch': 24, 'loss': 1.1222, 'lr': 0.0085, 'params': 699405, 'time_iter': 0.031, 'accuracy': 0.676}
train: {'epoch': 24, 'eta': 4.995, 'loss': 0.1539, 'lr': 0.0085, 'params': 699405, 'time_iter': 0.0435, 'accuracy': 1.0}
val: {'epoch': 25, 'loss': 1.0253, 'lr': 0.0084, 'params': 699405, 'time_iter': 0.0297, 'accuracy': 0.726}
train: {'epoch': 25, 'eta': 4.8838, 'loss': 0.1405, 'lr': 0.0084, 'params': 699405, 'time_iter': 0.051, 'accuracy': 1.0}
val: {'epoch': 26, 'loss': 1.0001, 'lr': 0.0083, 'params': 699405, 'time_iter': 0.0362, 'accuracy': 0.732}
train: {'epoch': 26, 'eta': 4.7738, 'loss': 0.1328, 'lr': 0.0083, 'params': 699405, 'time_iter': 0.0497, 'accuracy': 1.0}
val: {'epoch': 27, 'loss': 1.0058, 'lr': 0.0082, 'params': 699405, 'time_iter': 0.0391, 'accuracy': 0.736}
train: {'epoch': 27, 'eta': 4.6595, 'loss': 0.1198, 'lr': 0.0082, 'params': 699405, 'time_iter': 0.0464, 'accuracy': 1.0}
val: {'epoch': 28, 'loss': 1.0478, 'lr': 0.0081, 'params': 699405, 'time_iter': 0.0302, 'accuracy': 0.708}
train: {'epoch': 28, 'eta': 4.5535, 'loss': 0.1106, 'lr': 0.0081, 'params': 699405, 'time_iter': 0.0479, 'accuracy': 1.0}
val: {'epoch': 29, 'loss': 1.0701, 'lr': 0.0079, 'params': 699405, 'time_iter': 0.0294, 'accuracy': 0.71}
train: {'epoch': 29, 'eta': 4.4745, 'loss': 0.1023, 'lr': 0.0079, 'params': 699405, 'time_iter': 0.0577, 'accuracy': 1.0}
val: {'epoch': 30, 'loss': 1.0529, 'lr': 0.0078, 'params': 699405, 'time_iter': 0.0406, 'accuracy': 0.718}
train: {'epoch': 30, 'eta': 4.3726, 'loss': 0.0953, 'lr': 0.0078, 'params': 699405, 'time_iter': 0.0469, 'accuracy': 1.0}
val: {'epoch': 31, 'loss': 1.0461, 'lr': 0.0077, 'params': 699405, 'time_iter': 0.0284, 'accuracy': 0.728}
train: {'epoch': 31, 'eta': 4.2721, 'loss': 0.0886, 'lr': 0.0077, 'params': 699405, 'time_iter': 0.0459, 'accuracy': 1.0}
val: {'epoch': 32, 'loss': 1.0499, 'lr': 0.0075, 'params': 699405, 'time_iter': 0.0289, 'accuracy': 0.728}
train: {'epoch': 32, 'eta': 4.176, 'loss': 0.0829, 'lr': 0.0075, 'params': 699405, 'time_iter': 0.0464, 'accuracy': 1.0}
val: {'epoch': 33, 'loss': 1.0557, 'lr': 0.0074, 'params': 699405, 'time_iter': 0.0375, 'accuracy': 0.724}
train: {'epoch': 33, 'eta': 4.0832, 'loss': 0.0781, 'lr': 0.0074, 'params': 699405, 'time_iter': 0.0466, 'accuracy': 1.0}
val: {'epoch': 34, 'loss': 1.0635, 'lr': 0.0073, 'params': 699405, 'time_iter': 0.029, 'accuracy': 0.722}
train: {'epoch': 34, 'eta': 3.9857, 'loss': 0.0737, 'lr': 0.0073, 'params': 699405, 'time_iter': 0.0427, 'accuracy': 1.0}
val: {'epoch': 35, 'loss': 1.0816, 'lr': 0.0071, 'params': 699405, 'time_iter': 0.0276, 'accuracy': 0.718}
train: {'epoch': 35, 'eta': 3.9021, 'loss': 0.0697, 'lr': 0.0071, 'params': 699405, 'time_iter': 0.0488, 'accuracy': 1.0}
val: {'epoch': 36, 'loss': 1.1185, 'lr': 0.007, 'params': 699405, 'time_iter': 0.0351, 'accuracy': 0.704}
train: {'epoch': 36, 'eta': 3.8142, 'loss': 0.0661, 'lr': 0.007, 'params': 699405, 'time_iter': 0.0452, 'accuracy': 1.0}
val: {'epoch': 37, 'loss': 1.1541, 'lr': 0.0068, 'params': 699405, 'time_iter': 0.0268, 'accuracy': 0.69}
train: {'epoch': 37, 'eta': 3.7245, 'loss': 0.0628, 'lr': 0.0068, 'params': 699405, 'time_iter': 0.0426, 'accuracy': 1.0}
val: {'epoch': 38, 'loss': 1.1836, 'lr': 0.0067, 'params': 699405, 'time_iter': 0.0264, 'accuracy': 0.684}
train: {'epoch': 38, 'eta': 3.647, 'loss': 0.0603, 'lr': 0.0067, 'params': 699405, 'time_iter': 0.0489, 'accuracy': 1.0}
val: {'epoch': 39, 'loss': 1.2004, 'lr': 0.0065, 'params': 699405, 'time_iter': 0.0387, 'accuracy': 0.682}
train: {'epoch': 39, 'eta': 3.5744, 'loss': 0.0576, 'lr': 0.0065, 'params': 699405, 'time_iter': 0.0512, 'accuracy': 1.0}
val: {'epoch': 40, 'loss': 1.2149, 'lr': 0.0064, 'params': 699405, 'time_iter': 0.0308, 'accuracy': 0.678}
train: {'epoch': 40, 'eta': 3.4938, 'loss': 0.0553, 'lr': 0.0064, 'params': 699405, 'time_iter': 0.045, 'accuracy': 1.0}
val: {'epoch': 41, 'loss': 1.2354, 'lr': 0.0062, 'params': 699405, 'time_iter': 0.0324, 'accuracy': 0.676}
train: {'epoch': 41, 'eta': 3.4226, 'loss': 0.0533, 'lr': 0.0062, 'params': 699405, 'time_iter': 0.0506, 'accuracy': 1.0}
val: {'epoch': 42, 'loss': 1.2505, 'lr': 0.0061, 'params': 699405, 'time_iter': 0.0311, 'accuracy': 0.682}
train: {'epoch': 42, 'eta': 3.3377, 'loss': 0.0516, 'lr': 0.0061, 'params': 699405, 'time_iter': 0.0395, 'accuracy': 1.0}
val: {'epoch': 43, 'loss': 1.2678, 'lr': 0.0059, 'params': 699405, 'time_iter': 0.0259, 'accuracy': 0.672}
train: {'epoch': 43, 'eta': 3.2674, 'loss': 0.0499, 'lr': 0.0059, 'params': 699405, 'time_iter': 0.0494, 'accuracy': 1.0}
val: {'epoch': 44, 'loss': 1.2963, 'lr': 0.0058, 'params': 699405, 'time_iter': 0.0362, 'accuracy': 0.664}
train: {'epoch': 44, 'eta': 3.2027, 'loss': 0.0483, 'lr': 0.0058, 'params': 699405, 'time_iter': 0.0531, 'accuracy': 1.0}
val: {'epoch': 45, 'loss': 1.3196, 'lr': 0.0056, 'params': 699405, 'time_iter': 0.0285, 'accuracy': 0.658}
train: {'epoch': 45, 'eta': 3.1401, 'loss': 0.0471, 'lr': 0.0056, 'params': 699405, 'time_iter': 0.0545, 'accuracy': 1.0}
val: {'epoch': 46, 'loss': 1.3356, 'lr': 0.0055, 'params': 699405, 'time_iter': 0.0298, 'accuracy': 0.652}
train: {'epoch': 46, 'eta': 3.0661, 'loss': 0.0458, 'lr': 0.0055, 'params': 699405, 'time_iter': 0.0441, 'accuracy': 1.0}
val: {'epoch': 47, 'loss': 1.3493, 'lr': 0.0053, 'params': 699405, 'time_iter': 0.0375, 'accuracy': 0.648}
train: {'epoch': 47, 'eta': 2.9986, 'loss': 0.0448, 'lr': 0.0053, 'params': 699405, 'time_iter': 0.0489, 'accuracy': 1.0}
val: {'epoch': 48, 'loss': 1.3558, 'lr': 0.0052, 'params': 699405, 'time_iter': 0.0286, 'accuracy': 0.648}
train: {'epoch': 48, 'eta': 2.9258, 'loss': 0.0438, 'lr': 0.0052, 'params': 699405, 'time_iter': 0.0431, 'accuracy': 1.0}
val: {'epoch': 49, 'loss': 1.3674, 'lr': 0.005, 'params': 699405, 'time_iter': 0.0334, 'accuracy': 0.648}
train: {'epoch': 49, 'eta': 2.8738, 'loss': 0.0429, 'lr': 0.005, 'params': 699405, 'time_iter': 0.0628, 'accuracy': 1.0}
val: {'epoch': 50, 'loss': 1.3885, 'lr': 0.0048, 'params': 699405, 'time_iter': 0.0881, 'accuracy': 0.65}
train: {'epoch': 50, 'eta': 2.8558, 'loss': 0.0421, 'lr': 0.0048, 'params': 699405, 'time_iter': 0.0985, 'accuracy': 1.0}
val: {'epoch': 51, 'loss': 1.4059, 'lr': 0.0047, 'params': 699405, 'time_iter': 0.0866, 'accuracy': 0.652}
train: {'epoch': 51, 'eta': 2.8381, 'loss': 0.0413, 'lr': 0.0047, 'params': 699405, 'time_iter': 0.1023, 'accuracy': 1.0}
val: {'epoch': 52, 'loss': 1.4143, 'lr': 0.0045, 'params': 699405, 'time_iter': 0.0687, 'accuracy': 0.652}
train: {'epoch': 52, 'eta': 2.8241, 'loss': 0.0406, 'lr': 0.0045, 'params': 699405, 'time_iter': 0.11, 'accuracy': 1.0}
val: {'epoch': 53, 'loss': 1.4202, 'lr': 0.0044, 'params': 699405, 'time_iter': 0.0336, 'accuracy': 0.65}
train: {'epoch': 53, 'eta': 2.8136, 'loss': 0.04, 'lr': 0.0044, 'params': 699405, 'time_iter': 0.1183, 'accuracy': 1.0}
val: {'epoch': 54, 'loss': 1.4306, 'lr': 0.0042, 'params': 699405, 'time_iter': 0.0223, 'accuracy': 0.652}
train: {'epoch': 54, 'eta': 2.7405, 'loss': 0.0394, 'lr': 0.0042, 'params': 699405, 'time_iter': 0.0466, 'accuracy': 1.0}
val: {'epoch': 55, 'loss': 1.4385, 'lr': 0.0041, 'params': 699405, 'time_iter': 0.0334, 'accuracy': 0.648}
train: {'epoch': 55, 'eta': 2.6729, 'loss': 0.0389, 'lr': 0.0041, 'params': 699405, 'time_iter': 0.0524, 'accuracy': 1.0}
val: {'epoch': 56, 'loss': 1.4413, 'lr': 0.0039, 'params': 699405, 'time_iter': 0.0418, 'accuracy': 0.644}
train: {'epoch': 56, 'eta': 2.6145, 'loss': 0.0384, 'lr': 0.0039, 'params': 699405, 'time_iter': 0.0639, 'accuracy': 1.0}
val: {'epoch': 57, 'loss': 1.4486, 'lr': 0.0038, 'params': 699405, 'time_iter': 0.0315, 'accuracy': 0.646}
train: {'epoch': 57, 'eta': 2.5431, 'loss': 0.0379, 'lr': 0.0038, 'params': 699405, 'time_iter': 0.0462, 'accuracy': 1.0}
val: {'epoch': 58, 'loss': 1.4552, 'lr': 0.0036, 'params': 699405, 'time_iter': 0.0246, 'accuracy': 0.644}
train: {'epoch': 58, 'eta': 2.475, 'loss': 0.0375, 'lr': 0.0036, 'params': 699405, 'time_iter': 0.0497, 'accuracy': 1.0}
val: {'epoch': 59, 'loss': 1.4513, 'lr': 0.0035, 'params': 699405, 'time_iter': 0.0239, 'accuracy': 0.642}
train: {'epoch': 59, 'eta': 2.4079, 'loss': 0.0371, 'lr': 0.0035, 'params': 699405, 'time_iter': 0.0503, 'accuracy': 1.0}
val: {'epoch': 60, 'loss': 1.445, 'lr': 0.0033, 'params': 699405, 'time_iter': 0.0378, 'accuracy': 0.646}
train: {'epoch': 60, 'eta': 2.3356, 'loss': 0.0368, 'lr': 0.0033, 'params': 699405, 'time_iter': 0.0412, 'accuracy': 1.0}
val: {'epoch': 61, 'loss': 1.4511, 'lr': 0.0032, 'params': 699405, 'time_iter': 0.0291, 'accuracy': 0.646}
train: {'epoch': 61, 'eta': 2.2715, 'loss': 0.0365, 'lr': 0.0032, 'params': 699405, 'time_iter': 0.053, 'accuracy': 1.0}
val: {'epoch': 62, 'loss': 1.4692, 'lr': 0.003, 'params': 699405, 'time_iter': 0.0348, 'accuracy': 0.638}
train: {'epoch': 62, 'eta': 2.2073, 'loss': 0.0361, 'lr': 0.003, 'params': 699405, 'time_iter': 0.0523, 'accuracy': 1.0}
val: {'epoch': 63, 'loss': 1.4884, 'lr': 0.0029, 'params': 699405, 'time_iter': 0.0386, 'accuracy': 0.64}
train: {'epoch': 63, 'eta': 2.1422, 'loss': 0.0359, 'lr': 0.0029, 'params': 699405, 'time_iter': 0.05, 'accuracy': 1.0}
val: {'epoch': 64, 'loss': 1.4944, 'lr': 0.0027, 'params': 699405, 'time_iter': 0.0303, 'accuracy': 0.634}
train: {'epoch': 64, 'eta': 2.0771, 'loss': 0.0356, 'lr': 0.0027, 'params': 699405, 'time_iter': 0.0491, 'accuracy': 1.0}
val: {'epoch': 65, 'loss': 1.4855, 'lr': 0.0026, 'params': 699405, 'time_iter': 0.0263, 'accuracy': 0.634}
train: {'epoch': 65, 'eta': 2.0199, 'loss': 0.0354, 'lr': 0.0026, 'params': 699405, 'time_iter': 0.0635, 'accuracy': 1.0}
val: {'epoch': 66, 'loss': 1.4775, 'lr': 0.0025, 'params': 699405, 'time_iter': 0.0335, 'accuracy': 0.634}
train: {'epoch': 66, 'eta': 1.9609, 'loss': 0.0351, 'lr': 0.0025, 'params': 699405, 'time_iter': 0.0602, 'accuracy': 1.0}
val: {'epoch': 67, 'loss': 1.4793, 'lr': 0.0023, 'params': 699405, 'time_iter': 0.0379, 'accuracy': 0.636}
train: {'epoch': 67, 'eta': 1.8965, 'loss': 0.0349, 'lr': 0.0023, 'params': 699405, 'time_iter': 0.0488, 'accuracy': 1.0}
val: {'epoch': 68, 'loss': 1.4853, 'lr': 0.0022, 'params': 699405, 'time_iter': 0.027, 'accuracy': 0.634}
train: {'epoch': 68, 'eta': 1.83, 'loss': 0.0348, 'lr': 0.0022, 'params': 699405, 'time_iter': 0.0432, 'accuracy': 1.0}
val: {'epoch': 69, 'loss': 1.4859, 'lr': 0.0021, 'params': 699405, 'time_iter': 0.0293, 'accuracy': 0.634}
train: {'epoch': 69, 'eta': 1.7711, 'loss': 0.0346, 'lr': 0.0021, 'params': 699405, 'time_iter': 0.0593, 'accuracy': 1.0}
val: {'epoch': 70, 'loss': 1.4734, 'lr': 0.0019, 'params': 699405, 'time_iter': 0.033, 'accuracy': 0.638}
train: {'epoch': 70, 'eta': 1.714, 'loss': 0.0344, 'lr': 0.0019, 'params': 699405, 'time_iter': 0.0637, 'accuracy': 1.0}
val: {'epoch': 71, 'loss': 1.4563, 'lr': 0.0018, 'params': 699405, 'time_iter': 0.0282, 'accuracy': 0.642}
train: {'epoch': 71, 'eta': 1.6479, 'loss': 0.0343, 'lr': 0.0018, 'params': 699405, 'time_iter': 0.0411, 'accuracy': 1.0}
val: {'epoch': 72, 'loss': 1.4456, 'lr': 0.0017, 'params': 699405, 'time_iter': 0.0358, 'accuracy': 0.644}
train: {'epoch': 72, 'eta': 1.5858, 'loss': 0.0341, 'lr': 0.0017, 'params': 699405, 'time_iter': 0.0501, 'accuracy': 1.0}
val: {'epoch': 73, 'loss': 1.4421, 'lr': 0.0016, 'params': 699405, 'time_iter': 0.0292, 'accuracy': 0.644}
train: {'epoch': 73, 'eta': 1.5265, 'loss': 0.034, 'lr': 0.0016, 'params': 699405, 'time_iter': 0.0572, 'accuracy': 1.0}
val: {'epoch': 74, 'loss': 1.443, 'lr': 0.0015, 'params': 699405, 'time_iter': 0.0395, 'accuracy': 0.644}
train: {'epoch': 74, 'eta': 1.465, 'loss': 0.0339, 'lr': 0.0015, 'params': 699405, 'time_iter': 0.0502, 'accuracy': 1.0}
val: {'epoch': 75, 'loss': 1.4435, 'lr': 0.0014, 'params': 699405, 'time_iter': 0.0354, 'accuracy': 0.646}
train: {'epoch': 75, 'eta': 1.4042, 'loss': 0.0338, 'lr': 0.0014, 'params': 699405, 'time_iter': 0.0518, 'accuracy': 1.0}
val: {'epoch': 76, 'loss': 1.4401, 'lr': 0.0012, 'params': 699405, 'time_iter': 0.0364, 'accuracy': 0.646}
train: {'epoch': 76, 'eta': 1.3425, 'loss': 0.0337, 'lr': 0.0012, 'params': 699405, 'time_iter': 0.0479, 'accuracy': 1.0}
val: {'epoch': 77, 'loss': 1.4351, 'lr': 0.0011, 'params': 699405, 'time_iter': 0.0291, 'accuracy': 0.646}
train: {'epoch': 77, 'eta': 1.2821, 'loss': 0.0336, 'lr': 0.0011, 'params': 699405, 'time_iter': 0.051, 'accuracy': 1.0}
val: {'epoch': 78, 'loss': 1.4304, 'lr': 0.001, 'params': 699405, 'time_iter': 0.0296, 'accuracy': 0.646}
train: {'epoch': 78, 'eta': 1.2223, 'loss': 0.0335, 'lr': 0.001, 'params': 699405, 'time_iter': 0.0524, 'accuracy': 1.0}
val: {'epoch': 79, 'loss': 1.4265, 'lr': 0.001, 'params': 699405, 'time_iter': 0.033, 'accuracy': 0.646}
train: {'epoch': 79, 'eta': 1.1624, 'loss': 0.0334, 'lr': 0.001, 'params': 699405, 'time_iter': 0.0516, 'accuracy': 1.0}
val: {'epoch': 80, 'loss': 1.4238, 'lr': 0.0009, 'params': 699405, 'time_iter': 0.0357, 'accuracy': 0.64}
train: {'epoch': 80, 'eta': 1.1029, 'loss': 0.0333, 'lr': 0.0009, 'params': 699405, 'time_iter': 0.0524, 'accuracy': 1.0}
val: {'epoch': 81, 'loss': 1.4217, 'lr': 0.0008, 'params': 699405, 'time_iter': 0.0254, 'accuracy': 0.642}
train: {'epoch': 81, 'eta': 1.0432, 'loss': 0.0333, 'lr': 0.0008, 'params': 699405, 'time_iter': 0.0502, 'accuracy': 1.0}
val: {'epoch': 82, 'loss': 1.419, 'lr': 0.0007, 'params': 699405, 'time_iter': 0.0327, 'accuracy': 0.642}
train: {'epoch': 82, 'eta': 0.9839, 'loss': 0.0332, 'lr': 0.0007, 'params': 699405, 'time_iter': 0.0517, 'accuracy': 1.0}
val: {'epoch': 83, 'loss': 1.4154, 'lr': 0.0006, 'params': 699405, 'time_iter': 0.0443, 'accuracy': 0.642}
train: {'epoch': 83, 'eta': 0.9246, 'loss': 0.0332, 'lr': 0.0006, 'params': 699405, 'time_iter': 0.0502, 'accuracy': 1.0}
val: {'epoch': 84, 'loss': 1.4118, 'lr': 0.0005, 'params': 699405, 'time_iter': 0.0369, 'accuracy': 0.642}
train: {'epoch': 84, 'eta': 0.8643, 'loss': 0.0331, 'lr': 0.0005, 'params': 699405, 'time_iter': 0.0436, 'accuracy': 1.0}
val: {'epoch': 85, 'loss': 1.409, 'lr': 0.0005, 'params': 699405, 'time_iter': 0.0322, 'accuracy': 0.64}
train: {'epoch': 85, 'eta': 0.8048, 'loss': 0.0331, 'lr': 0.0005, 'params': 699405, 'time_iter': 0.0459, 'accuracy': 1.0}
val: {'epoch': 86, 'loss': 1.4066, 'lr': 0.0004, 'params': 699405, 'time_iter': 0.0383, 'accuracy': 0.646}
train: {'epoch': 86, 'eta': 0.7468, 'loss': 0.0331, 'lr': 0.0004, 'params': 699405, 'time_iter': 0.0544, 'accuracy': 1.0}
val: {'epoch': 87, 'loss': 1.4045, 'lr': 0.0004, 'params': 699405, 'time_iter': 0.0475, 'accuracy': 0.646}
train: {'epoch': 87, 'eta': 0.6903, 'loss': 0.033, 'lr': 0.0004, 'params': 699405, 'time_iter': 0.0639, 'accuracy': 1.0}
val: {'epoch': 88, 'loss': 1.4028, 'lr': 0.0003, 'params': 699405, 'time_iter': 0.0731, 'accuracy': 0.646}
train: {'epoch': 88, 'eta': 0.6375, 'loss': 0.033, 'lr': 0.0003, 'params': 699405, 'time_iter': 0.0956, 'accuracy': 1.0}
val: {'epoch': 89, 'loss': 1.4014, 'lr': 0.0002, 'params': 699405, 'time_iter': 0.0884, 'accuracy': 0.65}
train: {'epoch': 89, 'eta': 0.5851, 'loss': 0.033, 'lr': 0.0002, 'params': 699405, 'time_iter': 0.1079, 'accuracy': 1.0}
val: {'epoch': 90, 'loss': 1.4003, 'lr': 0.0002, 'params': 699405, 'time_iter': 0.0596, 'accuracy': 0.652}
train: {'epoch': 90, 'eta': 0.5313, 'loss': 0.033, 'lr': 0.0002, 'params': 699405, 'time_iter': 0.1066, 'accuracy': 1.0}
val: {'epoch': 91, 'loss': 1.3994, 'lr': 0.0002, 'params': 699405, 'time_iter': 0.0954, 'accuracy': 0.652}
train: {'epoch': 91, 'eta': 0.477, 'loss': 0.0329, 'lr': 0.0002, 'params': 699405, 'time_iter': 0.1132, 'accuracy': 1.0}
val: {'epoch': 92, 'loss': 1.3986, 'lr': 0.0001, 'params': 699405, 'time_iter': 0.0929, 'accuracy': 0.652}
train: {'epoch': 92, 'eta': 0.4226, 'loss': 0.0329, 'lr': 0.0001, 'params': 699405, 'time_iter': 0.1295, 'accuracy': 1.0}
val: {'epoch': 93, 'loss': 1.3979, 'lr': 0.0001, 'params': 699405, 'time_iter': 0.0908, 'accuracy': 0.652}
train: {'epoch': 93, 'eta': 0.3656, 'loss': 0.0329, 'lr': 0.0001, 'params': 699405, 'time_iter': 0.1123, 'accuracy': 1.0}
val: {'epoch': 94, 'loss': 1.3971, 'lr': 0.0001, 'params': 699405, 'time_iter': 0.0326, 'accuracy': 0.656}
train: {'epoch': 94, 'eta': 0.3077, 'loss': 0.0329, 'lr': 0.0001, 'params': 699405, 'time_iter': 0.1191, 'accuracy': 1.0}
val: {'epoch': 95, 'loss': 1.3964, 'lr': 0.0, 'params': 699405, 'time_iter': 0.0318, 'accuracy': 0.654}
train: {'epoch': 95, 'eta': 0.2459, 'loss': 0.0329, 'lr': 0.0, 'params': 699405, 'time_iter': 0.0562, 'accuracy': 1.0}
val: {'epoch': 96, 'loss': 1.3957, 'lr': 0.0, 'params': 699405, 'time_iter': 0.0369, 'accuracy': 0.652}
train: {'epoch': 96, 'eta': 0.1841, 'loss': 0.0329, 'lr': 0.0, 'params': 699405, 'time_iter': 0.0505, 'accuracy': 1.0}
val: {'epoch': 97, 'loss': 1.395, 'lr': 0.0, 'params': 699405, 'time_iter': 0.0314, 'accuracy': 0.652}
train: {'epoch': 97, 'eta': 0.1223, 'loss': 0.0329, 'lr': 0.0, 'params': 699405, 'time_iter': 0.0416, 'accuracy': 1.0}
val: {'epoch': 98, 'loss': 1.3945, 'lr': 0.0, 'params': 699405, 'time_iter': 0.0299, 'accuracy': 0.652}
train: {'epoch': 98, 'eta': 0.061, 'loss': 0.0329, 'lr': 0.0, 'params': 699405, 'time_iter': 0.0483, 'accuracy': 1.0}
val: {'epoch': 99, 'loss': 1.394, 'lr': 0.0, 'params': 699405, 'time_iter': 0.0394, 'accuracy': 0.65}
train: {'epoch': 99, 'eta': 0.0, 'loss': 0.0329, 'lr': 0.0, 'params': 699405, 'time_iter': 0.0474, 'accuracy': 1.0}
test: {'epoch': 100, 'loss': 1.3491, 'lr': 0.0, 'params': 699405, 'time_iter': 0.034, 'accuracy': 0.646}
Results aggregated across runs saved in my_results/Cora_V_05MP/agg
