GraphGymModule(
  (model): GNN(
    (encoder): FeatureEncoder()
    (pre_mp): GeneralMultiLayer(
      (Layer_0): GeneralLayer(
        (layer): Linear(
          (model): Linear(1433, 256, bias=False)
        )
        (post_layer): Sequential(
          (0): BatchNorm1d(256, eps=1e-05, momentum=0.1, affine=True, track_running_stats=True)
          (1): PReLU(num_parameters=1)
        )
      )
    )
    (mp): GNNStackStage(
      (layer0): GeneralLayer(
        (layer): GCNConv(
          (model): GCNConv(256, 256)
        )
        (post_layer): Sequential(
          (0): BatchNorm1d(256, eps=1e-05, momentum=0.1, affine=True, track_running_stats=True)
          (1): PReLU(num_parameters=1)
        )
      )
      (layer1): GeneralLayer(
        (layer): GCNConv(
          (model): GCNConv(256, 256)
        )
        (post_layer): Sequential(
          (0): BatchNorm1d(256, eps=1e-05, momentum=0.1, affine=True, track_running_stats=True)
          (1): PReLU(num_parameters=1)
        )
      )
      (layer2): GeneralLayer(
        (layer): GCNConv(
          (model): GCNConv(256, 256)
        )
        (post_layer): Sequential(
          (0): BatchNorm1d(256, eps=1e-05, momentum=0.1, affine=True, track_running_stats=True)
          (1): PReLU(num_parameters=1)
        )
      )
      (layer3): GeneralLayer(
        (layer): GCNConv(
          (model): GCNConv(256, 256)
        )
        (post_layer): Sequential(
          (0): BatchNorm1d(256, eps=1e-05, momentum=0.1, affine=True, track_running_stats=True)
          (1): PReLU(num_parameters=1)
        )
      )
      (layer4): GeneralLayer(
        (layer): GCNConv(
          (model): GCNConv(256, 256)
        )
        (post_layer): Sequential(
          (0): BatchNorm1d(256, eps=1e-05, momentum=0.1, affine=True, track_running_stats=True)
          (1): PReLU(num_parameters=1)
        )
      )
      (layer5): GeneralLayer(
        (layer): GCNConv(
          (model): GCNConv(256, 256)
        )
        (post_layer): Sequential(
          (0): BatchNorm1d(256, eps=1e-05, momentum=0.1, affine=True, track_running_stats=True)
          (1): PReLU(num_parameters=1)
        )
      )
      (layer6): GeneralLayer(
        (layer): GCNConv(
          (model): GCNConv(256, 256)
        )
        (post_layer): Sequential(
          (0): BatchNorm1d(256, eps=1e-05, momentum=0.1, affine=True, track_running_stats=True)
          (1): PReLU(num_parameters=1)
        )
      )
      (layer7): GeneralLayer(
        (layer): GCNConv(
          (model): GCNConv(256, 256)
        )
        (post_layer): Sequential(
          (0): BatchNorm1d(256, eps=1e-05, momentum=0.1, affine=True, track_running_stats=True)
          (1): PReLU(num_parameters=1)
        )
      )
      (layer8): GeneralLayer(
        (layer): GCNConv(
          (model): GCNConv(256, 256)
        )
        (post_layer): Sequential(
          (0): BatchNorm1d(256, eps=1e-05, momentum=0.1, affine=True, track_running_stats=True)
          (1): PReLU(num_parameters=1)
        )
      )
      (layer9): GeneralLayer(
        (layer): GCNConv(
          (model): GCNConv(256, 256)
        )
        (post_layer): Sequential(
          (0): BatchNorm1d(256, eps=1e-05, momentum=0.1, affine=True, track_running_stats=True)
          (1): PReLU(num_parameters=1)
        )
      )
    )
    (post_mp): GNNNodeHead(
      (layer_post_mp): MLP(
        (model): Sequential(
          (0): Linear(
            (model): Linear(256, 7, bias=True)
          )
        )
      )
    )
  )
)
accelerator: cuda
benchmark: False
bn:
  eps: 1e-05
  mom: 0.1
cfg_dest: config.yaml
custom_metrics: []
dataset:
  cache_load: False
  cache_save: False
  dir: ./datasets
  edge_dim: 128
  edge_encoder: False
  edge_encoder_bn: True
  edge_encoder_name: Bond
  edge_message_ratio: 0.8
  edge_negative_sampling_ratio: 1.0
  edge_train_mode: all
  encoder: True
  encoder_bn: True
  encoder_dim: 128
  encoder_name: db
  format: PyG
  label_column: none
  label_table: none
  location: local
  name: Cora
  node_encoder: False
  node_encoder_bn: True
  node_encoder_name: Atom
  remove_feature: False
  resample_disjoint: False
  resample_negative: False
  shuffle_split: True
  split: [0.8, 0.2]
  split_mode: random
  task: node
  task_type: classification
  to_undirected: False
  transductive: True
  transform: none
  tu_simple: True
delay:
  max_k: 10
devices: None
gnn:
  act: prelu
  agg: add
  att_final_linear: False
  att_final_linear_bn: False
  att_heads: 1
  batchnorm: True
  clear_feature: True
  dim_inner: 256
  dropout: 0.0
  head: node
  keep_edge: 0.5
  l2norm: True
  layer_type: gcnconv
  layers_mp: 10
  layers_post_mp: 1
  layers_pre_mp: 1
  msg_direction: single
  normalize_adj: False
  self_msg: concat
  skip_every: 1
  stage_type: stack
gpu_mem: False
mem:
  inplace: False
metric_agg: argmax
metric_best: auto
model:
  edge_decoding: dot
  graph_pooling: add
  loss_fun: cross_entropy
  match_upper: True
  size_average: mean
  thresh: 0.5
  type: gnn
num_threads: 6
num_workers: 0
optim:
  base_lr: 0.01
  lr_decay: 0.1
  max_epoch: 100
  momentum: 0.9
  optimizer: adam
  scheduler: cos
  steps: [30, 60, 90]
  weight_decay: 0.0005
out_dir: my_results/Cora_V_10MP
params: 1029650
print: both
round: 4
run_dir: my_results/Cora_V_10MP/2
seed: 3
share:
  dim_in: 1433
  dim_out: 7
  num_splits: 3
  num_tasks: 1
tensorboard_agg: True
tensorboard_each_run: True
train:
  auto_resume: False
  batch_size: 32
  ckpt_clean: True
  ckpt_period: 100
  enable_ckpt: True
  epoch_resume: -1
  eval_period: 20
  iter_per_epoch: 32
  neighbor_sizes: [20, 15, 10, 5]
  node_per_graph: 32
  radius: extend
  sample_node: False
  sampler: full_batch
  skip_train_eval: False
  walk_length: 4
val:
  node_per_graph: 32
  radius: extend
  sample_node: False
  sampler: full_batch
view_emb: False
Num parameters: 1029650
val: {'epoch': 0, 'loss': 1.9618, 'lr': 0.01, 'params': 1029650, 'time_iter': 0.0503, 'accuracy': 0.07}
val: {'epoch': 0, 'loss': 1.911, 'lr': 0.01, 'params': 1029650, 'time_iter': 0.0511, 'accuracy': 0.206}
train: {'epoch': 0, 'eta': 7.9372, 'loss': 1.9491, 'lr': 0.01, 'params': 1029650, 'time_iter': 0.0802, 'accuracy': 0.1429}
val: {'epoch': 1, 'loss': 1.9304, 'lr': 0.01, 'params': 1029650, 'time_iter': 0.0502, 'accuracy': 0.136}
train: {'epoch': 1, 'eta': 7.3204, 'loss': 1.9064, 'lr': 0.01, 'params': 1029650, 'time_iter': 0.0692, 'accuracy': 0.2643}
val: {'epoch': 2, 'loss': 1.7853, 'lr': 0.01, 'params': 1029650, 'time_iter': 0.0475, 'accuracy': 0.476}
train: {'epoch': 2, 'eta': 7.2568, 'loss': 1.7846, 'lr': 0.01, 'params': 1029650, 'time_iter': 0.075, 'accuracy': 0.5143}
val: {'epoch': 3, 'loss': 1.6844, 'lr': 0.01, 'params': 1029650, 'time_iter': 0.0435, 'accuracy': 0.576}
train: {'epoch': 3, 'eta': 7.4589, 'loss': 1.6189, 'lr': 0.01, 'params': 1029650, 'time_iter': 0.0864, 'accuracy': 0.8286}
val: {'epoch': 4, 'loss': 1.6117, 'lr': 0.0099, 'params': 1029650, 'time_iter': 0.128, 'accuracy': 0.604}
train: {'epoch': 4, 'eta': 9.2113, 'loss': 1.4963, 'lr': 0.0099, 'params': 1029650, 'time_iter': 0.174, 'accuracy': 0.8857}
val: {'epoch': 5, 'loss': 1.5644, 'lr': 0.0099, 'params': 1029650, 'time_iter': 0.1151, 'accuracy': 0.582}
train: {'epoch': 5, 'eta': 10.1782, 'loss': 1.3879, 'lr': 0.0099, 'params': 1029650, 'time_iter': 0.1649, 'accuracy': 0.9214}
val: {'epoch': 6, 'loss': 1.5379, 'lr': 0.0099, 'params': 1029650, 'time_iter': 0.1531, 'accuracy': 0.57}
train: {'epoch': 6, 'eta': 10.6053, 'loss': 1.2882, 'lr': 0.0099, 'params': 1029650, 'time_iter': 0.1486, 'accuracy': 0.9571}
val: {'epoch': 7, 'loss': 1.5111, 'lr': 0.0098, 'params': 1029650, 'time_iter': 0.1418, 'accuracy': 0.56}
train: {'epoch': 7, 'eta': 11.5363, 'loss': 1.1998, 'lr': 0.0098, 'params': 1029650, 'time_iter': 0.2049, 'accuracy': 0.9714}
val: {'epoch': 8, 'loss': 1.4847, 'lr': 0.0098, 'params': 1029650, 'time_iter': 0.049, 'accuracy': 0.562}
train: {'epoch': 8, 'eta': 11.477, 'loss': 1.1103, 'lr': 0.0098, 'params': 1029650, 'time_iter': 0.1319, 'accuracy': 0.9786}
val: {'epoch': 9, 'loss': 1.4542, 'lr': 0.0098, 'params': 1029650, 'time_iter': 0.038, 'accuracy': 0.564}
train: {'epoch': 9, 'eta': 10.9125, 'loss': 1.0149, 'lr': 0.0098, 'params': 1029650, 'time_iter': 0.0774, 'accuracy': 0.9929}
val: {'epoch': 10, 'loss': 1.4358, 'lr': 0.0097, 'params': 1029650, 'time_iter': 0.0464, 'accuracy': 0.562}
train: {'epoch': 10, 'eta': 10.4239, 'loss': 0.9252, 'lr': 0.0097, 'params': 1029650, 'time_iter': 0.0758, 'accuracy': 1.0}
val: {'epoch': 11, 'loss': 1.4189, 'lr': 0.0096, 'params': 1029650, 'time_iter': 0.0508, 'accuracy': 0.572}
train: {'epoch': 11, 'eta': 9.9491, 'loss': 0.8423, 'lr': 0.0096, 'params': 1029650, 'time_iter': 0.0684, 'accuracy': 1.0}
val: {'epoch': 12, 'loss': 1.4051, 'lr': 0.0096, 'params': 1029650, 'time_iter': 0.0475, 'accuracy': 0.576}
train: {'epoch': 12, 'eta': 9.5853, 'loss': 0.7647, 'lr': 0.0096, 'params': 1029650, 'time_iter': 0.0756, 'accuracy': 1.0}
val: {'epoch': 13, 'loss': 1.3932, 'lr': 0.0095, 'params': 1029650, 'time_iter': 0.0485, 'accuracy': 0.58}
train: {'epoch': 13, 'eta': 9.2427, 'loss': 0.6908, 'lr': 0.0095, 'params': 1029650, 'time_iter': 0.0723, 'accuracy': 1.0}
val: {'epoch': 14, 'loss': 1.3757, 'lr': 0.0095, 'params': 1029650, 'time_iter': 0.0534, 'accuracy': 0.578}
train: {'epoch': 14, 'eta': 8.9636, 'loss': 0.6216, 'lr': 0.0095, 'params': 1029650, 'time_iter': 0.0772, 'accuracy': 1.0}
val: {'epoch': 15, 'loss': 1.3613, 'lr': 0.0094, 'params': 1029650, 'time_iter': 0.0421, 'accuracy': 0.58}
train: {'epoch': 15, 'eta': 8.6928, 'loss': 0.5571, 'lr': 0.0094, 'params': 1029650, 'time_iter': 0.074, 'accuracy': 1.0}
val: {'epoch': 16, 'loss': 1.3545, 'lr': 0.0093, 'params': 1029650, 'time_iter': 0.0423, 'accuracy': 0.578}
train: {'epoch': 16, 'eta': 8.5145, 'loss': 0.499, 'lr': 0.0093, 'params': 1029650, 'time_iter': 0.0882, 'accuracy': 1.0}
val: {'epoch': 17, 'loss': 1.3478, 'lr': 0.0092, 'params': 1029650, 'time_iter': 0.0422, 'accuracy': 0.576}
train: {'epoch': 17, 'eta': 8.2488, 'loss': 0.4471, 'lr': 0.0092, 'params': 1029650, 'time_iter': 0.0668, 'accuracy': 1.0}
val: {'epoch': 18, 'loss': 1.3371, 'lr': 0.0091, 'params': 1029650, 'time_iter': 0.0488, 'accuracy': 0.574}
train: {'epoch': 18, 'eta': 8.0097, 'loss': 0.3999, 'lr': 0.0091, 'params': 1029650, 'time_iter': 0.0681, 'accuracy': 1.0}
val: {'epoch': 19, 'loss': 1.3279, 'lr': 0.009, 'params': 1029650, 'time_iter': 0.0451, 'accuracy': 0.584}
train: {'epoch': 19, 'eta': 7.8424, 'loss': 0.3576, 'lr': 0.009, 'params': 1029650, 'time_iter': 0.0818, 'accuracy': 1.0}
val: {'epoch': 20, 'loss': 1.3312, 'lr': 0.009, 'params': 1029650, 'time_iter': 0.048, 'accuracy': 0.584}
train: {'epoch': 20, 'eta': 7.6437, 'loss': 0.32, 'lr': 0.009, 'params': 1029650, 'time_iter': 0.0713, 'accuracy': 1.0}
val: {'epoch': 21, 'loss': 1.3472, 'lr': 0.0089, 'params': 1029650, 'time_iter': 0.0456, 'accuracy': 0.574}
train: {'epoch': 21, 'eta': 7.4832, 'loss': 0.2867, 'lr': 0.0089, 'params': 1029650, 'time_iter': 0.0788, 'accuracy': 1.0}
val: {'epoch': 22, 'loss': 1.3661, 'lr': 0.0088, 'params': 1029650, 'time_iter': 0.0496, 'accuracy': 0.574}
train: {'epoch': 22, 'eta': 7.2915, 'loss': 0.2576, 'lr': 0.0088, 'params': 1029650, 'time_iter': 0.0673, 'accuracy': 1.0}
val: {'epoch': 23, 'loss': 1.3793, 'lr': 0.0086, 'params': 1029650, 'time_iter': 0.0402, 'accuracy': 0.57}
train: {'epoch': 23, 'eta': 7.1271, 'loss': 0.2331, 'lr': 0.0086, 'params': 1029650, 'time_iter': 0.0727, 'accuracy': 1.0}
val: {'epoch': 24, 'loss': 1.3925, 'lr': 0.0085, 'params': 1029650, 'time_iter': 0.0496, 'accuracy': 0.57}
train: {'epoch': 24, 'eta': 6.9753, 'loss': 0.2097, 'lr': 0.0085, 'params': 1029650, 'time_iter': 0.0744, 'accuracy': 1.0}
val: {'epoch': 25, 'loss': 1.4068, 'lr': 0.0084, 'params': 1029650, 'time_iter': 0.0546, 'accuracy': 0.57}
train: {'epoch': 25, 'eta': 6.8461, 'loss': 0.19, 'lr': 0.0084, 'params': 1029650, 'time_iter': 0.0803, 'accuracy': 1.0}
val: {'epoch': 26, 'loss': 1.4069, 'lr': 0.0083, 'params': 1029650, 'time_iter': 0.0499, 'accuracy': 0.572}
train: {'epoch': 26, 'eta': 6.7015, 'loss': 0.1738, 'lr': 0.0083, 'params': 1029650, 'time_iter': 0.0732, 'accuracy': 1.0}
val: {'epoch': 27, 'loss': 1.4122, 'lr': 0.0082, 'params': 1029650, 'time_iter': 0.0516, 'accuracy': 0.576}
train: {'epoch': 27, 'eta': 6.5805, 'loss': 0.159, 'lr': 0.0082, 'params': 1029650, 'time_iter': 0.0805, 'accuracy': 1.0}
val: {'epoch': 28, 'loss': 1.3882, 'lr': 0.0081, 'params': 1029650, 'time_iter': 0.0487, 'accuracy': 0.578}
train: {'epoch': 28, 'eta': 6.4513, 'loss': 0.1483, 'lr': 0.0081, 'params': 1029650, 'time_iter': 0.0759, 'accuracy': 1.0}
val: {'epoch': 29, 'loss': 1.3726, 'lr': 0.0079, 'params': 1029650, 'time_iter': 0.0463, 'accuracy': 0.602}
train: {'epoch': 29, 'eta': 6.3227, 'loss': 0.1351, 'lr': 0.0079, 'params': 1029650, 'time_iter': 0.0747, 'accuracy': 1.0}
val: {'epoch': 30, 'loss': 1.3599, 'lr': 0.0078, 'params': 1029650, 'time_iter': 0.0399, 'accuracy': 0.608}
train: {'epoch': 30, 'eta': 6.2183, 'loss': 0.1251, 'lr': 0.0078, 'params': 1029650, 'time_iter': 0.084, 'accuracy': 1.0}
val: {'epoch': 31, 'loss': 1.3574, 'lr': 0.0077, 'params': 1029650, 'time_iter': 0.0393, 'accuracy': 0.626}
train: {'epoch': 31, 'eta': 6.1137, 'loss': 0.1169, 'lr': 0.0077, 'params': 1029650, 'time_iter': 0.0833, 'accuracy': 1.0}
val: {'epoch': 32, 'loss': 1.3726, 'lr': 0.0075, 'params': 1029650, 'time_iter': 0.1261, 'accuracy': 0.622}
train: {'epoch': 32, 'eta': 6.1408, 'loss': 0.1083, 'lr': 0.0075, 'params': 1029650, 'time_iter': 0.1476, 'accuracy': 1.0}
val: {'epoch': 33, 'loss': 1.4003, 'lr': 0.0074, 'params': 1029650, 'time_iter': 0.1421, 'accuracy': 0.616}
train: {'epoch': 33, 'eta': 6.222, 'loss': 0.1017, 'lr': 0.0074, 'params': 1029650, 'time_iter': 0.1807, 'accuracy': 1.0}
val: {'epoch': 34, 'loss': 1.4317, 'lr': 0.0073, 'params': 1029650, 'time_iter': 0.0438, 'accuracy': 0.616}
train: {'epoch': 34, 'eta': 6.2565, 'loss': 0.0954, 'lr': 0.0073, 'params': 1029650, 'time_iter': 0.1636, 'accuracy': 1.0}
val: {'epoch': 35, 'loss': 1.4382, 'lr': 0.0071, 'params': 1029650, 'time_iter': 0.045, 'accuracy': 0.61}
train: {'epoch': 35, 'eta': 6.1242, 'loss': 0.0901, 'lr': 0.0071, 'params': 1029650, 'time_iter': 0.0759, 'accuracy': 1.0}
val: {'epoch': 36, 'loss': 1.428, 'lr': 0.007, 'params': 1029650, 'time_iter': 0.0427, 'accuracy': 0.618}
train: {'epoch': 36, 'eta': 5.9845, 'loss': 0.085, 'lr': 0.007, 'params': 1029650, 'time_iter': 0.0698, 'accuracy': 1.0}
val: {'epoch': 37, 'loss': 1.4242, 'lr': 0.0068, 'params': 1029650, 'time_iter': 0.0472, 'accuracy': 0.622}
train: {'epoch': 37, 'eta': 5.8567, 'loss': 0.0806, 'lr': 0.0068, 'params': 1029650, 'time_iter': 0.0749, 'accuracy': 1.0}
val: {'epoch': 38, 'loss': 1.4388, 'lr': 0.0067, 'params': 1029650, 'time_iter': 0.0502, 'accuracy': 0.62}
train: {'epoch': 38, 'eta': 5.7314, 'loss': 0.0768, 'lr': 0.0067, 'params': 1029650, 'time_iter': 0.0748, 'accuracy': 1.0}
val: {'epoch': 39, 'loss': 1.4291, 'lr': 0.0065, 'params': 1029650, 'time_iter': 0.0567, 'accuracy': 0.622}
train: {'epoch': 39, 'eta': 5.6127, 'loss': 0.0734, 'lr': 0.0065, 'params': 1029650, 'time_iter': 0.0775, 'accuracy': 1.0}
val: {'epoch': 40, 'loss': 1.4176, 'lr': 0.0064, 'params': 1029650, 'time_iter': 0.0445, 'accuracy': 0.626}
train: {'epoch': 40, 'eta': 5.488, 'loss': 0.0703, 'lr': 0.0064, 'params': 1029650, 'time_iter': 0.0719, 'accuracy': 1.0}
val: {'epoch': 41, 'loss': 1.4399, 'lr': 0.0062, 'params': 1029650, 'time_iter': 0.0422, 'accuracy': 0.626}
train: {'epoch': 41, 'eta': 5.3725, 'loss': 0.0676, 'lr': 0.0062, 'params': 1029650, 'time_iter': 0.0768, 'accuracy': 1.0}
val: {'epoch': 42, 'loss': 1.4226, 'lr': 0.0061, 'params': 1029650, 'time_iter': 0.0506, 'accuracy': 0.626}
train: {'epoch': 42, 'eta': 5.2478, 'loss': 0.0657, 'lr': 0.0061, 'params': 1029650, 'time_iter': 0.0684, 'accuracy': 1.0}
val: {'epoch': 43, 'loss': 1.4121, 'lr': 0.0059, 'params': 1029650, 'time_iter': 0.0448, 'accuracy': 0.634}
train: {'epoch': 43, 'eta': 5.1305, 'loss': 0.0627, 'lr': 0.0059, 'params': 1029650, 'time_iter': 0.0722, 'accuracy': 1.0}
val: {'epoch': 44, 'loss': 1.5141, 'lr': 0.0058, 'params': 1029650, 'time_iter': 0.0452, 'accuracy': 0.608}
train: {'epoch': 44, 'eta': 5.0204, 'loss': 0.062, 'lr': 0.0058, 'params': 1029650, 'time_iter': 0.0765, 'accuracy': 1.0}
val: {'epoch': 45, 'loss': 1.4992, 'lr': 0.0056, 'params': 1029650, 'time_iter': 0.0465, 'accuracy': 0.61}
train: {'epoch': 45, 'eta': 4.903, 'loss': 0.0647, 'lr': 0.0056, 'params': 1029650, 'time_iter': 0.0691, 'accuracy': 0.9929}
val: {'epoch': 46, 'loss': 1.6375, 'lr': 0.0055, 'params': 1029650, 'time_iter': 0.0414, 'accuracy': 0.578}
train: {'epoch': 46, 'eta': 4.8006, 'loss': 0.0632, 'lr': 0.0055, 'params': 1029650, 'time_iter': 0.0805, 'accuracy': 1.0}
val: {'epoch': 47, 'loss': 1.7454, 'lr': 0.0053, 'params': 1029650, 'time_iter': 0.0497, 'accuracy': 0.558}
train: {'epoch': 47, 'eta': 4.6831, 'loss': 0.061, 'lr': 0.0053, 'params': 1029650, 'time_iter': 0.0658, 'accuracy': 1.0}
val: {'epoch': 48, 'loss': 1.8002, 'lr': 0.0052, 'params': 1029650, 'time_iter': 0.0452, 'accuracy': 0.546}
train: {'epoch': 48, 'eta': 4.5831, 'loss': 0.096, 'lr': 0.0052, 'params': 1029650, 'time_iter': 0.0805, 'accuracy': 0.9929}
val: {'epoch': 49, 'loss': 1.7827, 'lr': 0.005, 'params': 1029650, 'time_iter': 0.052, 'accuracy': 0.544}
train: {'epoch': 49, 'eta': 4.4851, 'loss': 0.1046, 'lr': 0.005, 'params': 1029650, 'time_iter': 0.0818, 'accuracy': 0.9857}
val: {'epoch': 50, 'loss': 1.8261, 'lr': 0.0048, 'params': 1029650, 'time_iter': 0.0417, 'accuracy': 0.548}
train: {'epoch': 50, 'eta': 4.3849, 'loss': 0.227, 'lr': 0.0048, 'params': 1029650, 'time_iter': 0.0787, 'accuracy': 0.9571}
val: {'epoch': 51, 'loss': 1.9136, 'lr': 0.0047, 'params': 1029650, 'time_iter': 0.052, 'accuracy': 0.512}
train: {'epoch': 51, 'eta': 4.2855, 'loss': 0.1122, 'lr': 0.0047, 'params': 1029650, 'time_iter': 0.0788, 'accuracy': 0.9857}
val: {'epoch': 52, 'loss': 1.8176, 'lr': 0.0045, 'params': 1029650, 'time_iter': 0.0353, 'accuracy': 0.532}
train: {'epoch': 52, 'eta': 4.1959, 'loss': 0.1566, 'lr': 0.0045, 'params': 1029650, 'time_iter': 0.0889, 'accuracy': 0.9714}
val: {'epoch': 53, 'loss': 2.1376, 'lr': 0.0044, 'params': 1029650, 'time_iter': 0.039, 'accuracy': 0.498}
train: {'epoch': 53, 'eta': 4.0913, 'loss': 0.2316, 'lr': 0.0044, 'params': 1029650, 'time_iter': 0.0713, 'accuracy': 0.9357}
val: {'epoch': 54, 'loss': 1.7864, 'lr': 0.0042, 'params': 1029650, 'time_iter': 0.0475, 'accuracy': 0.57}
train: {'epoch': 54, 'eta': 3.9888, 'loss': 0.3766, 'lr': 0.0042, 'params': 1029650, 'time_iter': 0.0724, 'accuracy': 0.9286}
val: {'epoch': 55, 'loss': 1.3551, 'lr': 0.0041, 'params': 1029650, 'time_iter': 0.0523, 'accuracy': 0.672}
train: {'epoch': 55, 'eta': 3.89, 'loss': 0.2719, 'lr': 0.0041, 'params': 1029650, 'time_iter': 0.0757, 'accuracy': 0.95}
val: {'epoch': 56, 'loss': 1.7733, 'lr': 0.0039, 'params': 1029650, 'time_iter': 0.0528, 'accuracy': 0.554}
train: {'epoch': 56, 'eta': 3.7843, 'loss': 0.2019, 'lr': 0.0039, 'params': 1029650, 'time_iter': 0.0655, 'accuracy': 0.9643}
val: {'epoch': 57, 'loss': 1.7869, 'lr': 0.0038, 'params': 1029650, 'time_iter': 0.0447, 'accuracy': 0.574}
train: {'epoch': 57, 'eta': 3.6884, 'loss': 0.2471, 'lr': 0.0038, 'params': 1029650, 'time_iter': 0.0771, 'accuracy': 0.9286}
val: {'epoch': 58, 'loss': 2.1837, 'lr': 0.0036, 'params': 1029650, 'time_iter': 0.1051, 'accuracy': 0.478}
train: {'epoch': 58, 'eta': 3.596, 'loss': 0.1665, 'lr': 0.0036, 'params': 1029650, 'time_iter': 0.0812, 'accuracy': 0.9643}
val: {'epoch': 59, 'loss': 2.2244, 'lr': 0.0035, 'params': 1029650, 'time_iter': 0.144, 'accuracy': 0.48}
train: {'epoch': 59, 'eta': 3.5587, 'loss': 0.2039, 'lr': 0.0035, 'params': 1029650, 'time_iter': 0.1634, 'accuracy': 0.9571}
val: {'epoch': 60, 'loss': 2.1961, 'lr': 0.0033, 'params': 1029650, 'time_iter': 0.123, 'accuracy': 0.478}
train: {'epoch': 60, 'eta': 3.5183, 'loss': 0.1907, 'lr': 0.0033, 'params': 1029650, 'time_iter': 0.165, 'accuracy': 0.9429}
val: {'epoch': 61, 'loss': 2.1481, 'lr': 0.0032, 'params': 1029650, 'time_iter': 0.1455, 'accuracy': 0.498}
train: {'epoch': 61, 'eta': 3.4885, 'loss': 0.1564, 'lr': 0.0032, 'params': 1029650, 'time_iter': 0.1888, 'accuracy': 0.9714}
val: {'epoch': 62, 'loss': 2.1201, 'lr': 0.003, 'params': 1029650, 'time_iter': 0.1231, 'accuracy': 0.51}
train: {'epoch': 62, 'eta': 3.4627, 'loss': 0.1435, 'lr': 0.003, 'params': 1029650, 'time_iter': 0.2042, 'accuracy': 0.9786}
val: {'epoch': 63, 'loss': 2.0824, 'lr': 0.0029, 'params': 1029650, 'time_iter': 0.0439, 'accuracy': 0.522}
train: {'epoch': 63, 'eta': 3.3561, 'loss': 0.1281, 'lr': 0.0029, 'params': 1029650, 'time_iter': 0.0704, 'accuracy': 0.9786}
val: {'epoch': 64, 'loss': 2.0445, 'lr': 0.0027, 'params': 1029650, 'time_iter': 0.0429, 'accuracy': 0.542}
train: {'epoch': 64, 'eta': 3.2533, 'loss': 0.1008, 'lr': 0.0027, 'params': 1029650, 'time_iter': 0.0755, 'accuracy': 0.9857}
val: {'epoch': 65, 'loss': 1.9657, 'lr': 0.0026, 'params': 1029650, 'time_iter': 0.0491, 'accuracy': 0.574}
train: {'epoch': 65, 'eta': 3.1488, 'loss': 0.0922, 'lr': 0.0026, 'params': 1029650, 'time_iter': 0.0706, 'accuracy': 0.9929}
val: {'epoch': 66, 'loss': 1.9076, 'lr': 0.0025, 'params': 1029650, 'time_iter': 0.043, 'accuracy': 0.574}
train: {'epoch': 66, 'eta': 3.0486, 'loss': 0.0897, 'lr': 0.0025, 'params': 1029650, 'time_iter': 0.0771, 'accuracy': 0.9929}
val: {'epoch': 67, 'loss': 1.8386, 'lr': 0.0023, 'params': 1029650, 'time_iter': 0.0396, 'accuracy': 0.592}
train: {'epoch': 67, 'eta': 2.9473, 'loss': 0.0872, 'lr': 0.0023, 'params': 1029650, 'time_iter': 0.0735, 'accuracy': 0.9929}
val: {'epoch': 68, 'loss': 1.8075, 'lr': 0.0022, 'params': 1029650, 'time_iter': 0.0375, 'accuracy': 0.594}
train: {'epoch': 68, 'eta': 2.8425, 'loss': 0.0846, 'lr': 0.0022, 'params': 1029650, 'time_iter': 0.0639, 'accuracy': 0.9929}
val: {'epoch': 69, 'loss': 1.7417, 'lr': 0.0021, 'params': 1029650, 'time_iter': 0.0365, 'accuracy': 0.602}
train: {'epoch': 69, 'eta': 2.7382, 'loss': 0.0827, 'lr': 0.0021, 'params': 1029650, 'time_iter': 0.0622, 'accuracy': 0.9929}
val: {'epoch': 70, 'loss': 1.681, 'lr': 0.0019, 'params': 1029650, 'time_iter': 0.0394, 'accuracy': 0.626}
train: {'epoch': 70, 'eta': 2.6387, 'loss': 0.0808, 'lr': 0.0019, 'params': 1029650, 'time_iter': 0.0711, 'accuracy': 0.9929}
val: {'epoch': 71, 'loss': 1.6494, 'lr': 0.0018, 'params': 1029650, 'time_iter': 0.0381, 'accuracy': 0.634}
train: {'epoch': 71, 'eta': 2.5377, 'loss': 0.0794, 'lr': 0.0018, 'params': 1029650, 'time_iter': 0.0654, 'accuracy': 0.9929}
val: {'epoch': 72, 'loss': 1.6224, 'lr': 0.0017, 'params': 1029650, 'time_iter': 0.0431, 'accuracy': 0.642}
train: {'epoch': 72, 'eta': 2.4357, 'loss': 0.0784, 'lr': 0.0017, 'params': 1029650, 'time_iter': 0.0598, 'accuracy': 0.9929}
val: {'epoch': 73, 'loss': 1.6072, 'lr': 0.0016, 'params': 1029650, 'time_iter': 0.0388, 'accuracy': 0.648}
train: {'epoch': 73, 'eta': 2.3401, 'loss': 0.0776, 'lr': 0.0016, 'params': 1029650, 'time_iter': 0.075, 'accuracy': 0.9929}
val: {'epoch': 74, 'loss': 1.5954, 'lr': 0.0015, 'params': 1029650, 'time_iter': 0.0402, 'accuracy': 0.646}
train: {'epoch': 74, 'eta': 2.2411, 'loss': 0.0768, 'lr': 0.0015, 'params': 1029650, 'time_iter': 0.0631, 'accuracy': 0.9929}
val: {'epoch': 75, 'loss': 1.5827, 'lr': 0.0014, 'params': 1029650, 'time_iter': 0.0373, 'accuracy': 0.656}
train: {'epoch': 75, 'eta': 2.1424, 'loss': 0.076, 'lr': 0.0014, 'params': 1029650, 'time_iter': 0.0608, 'accuracy': 0.9929}
val: {'epoch': 76, 'loss': 1.5653, 'lr': 0.0012, 'params': 1029650, 'time_iter': 0.0408, 'accuracy': 0.664}
train: {'epoch': 76, 'eta': 2.0446, 'loss': 0.0753, 'lr': 0.0012, 'params': 1029650, 'time_iter': 0.0607, 'accuracy': 0.9929}
val: {'epoch': 77, 'loss': 1.5555, 'lr': 0.0011, 'params': 1029650, 'time_iter': 0.0313, 'accuracy': 0.668}
train: {'epoch': 77, 'eta': 1.9476, 'loss': 0.0747, 'lr': 0.0011, 'params': 1029650, 'time_iter': 0.0602, 'accuracy': 0.9929}
val: {'epoch': 78, 'loss': 1.5439, 'lr': 0.001, 'params': 1029650, 'time_iter': 0.0315, 'accuracy': 0.67}
train: {'epoch': 78, 'eta': 1.8522, 'loss': 0.0742, 'lr': 0.001, 'params': 1029650, 'time_iter': 0.0628, 'accuracy': 0.9929}
val: {'epoch': 79, 'loss': 1.5478, 'lr': 0.001, 'params': 1029650, 'time_iter': 0.0382, 'accuracy': 0.664}
train: {'epoch': 79, 'eta': 1.7567, 'loss': 0.0737, 'lr': 0.001, 'params': 1029650, 'time_iter': 0.0588, 'accuracy': 0.9929}
val: {'epoch': 80, 'loss': 1.5444, 'lr': 0.0009, 'params': 1029650, 'time_iter': 0.0353, 'accuracy': 0.662}
train: {'epoch': 80, 'eta': 1.6622, 'loss': 0.0733, 'lr': 0.0009, 'params': 1029650, 'time_iter': 0.0596, 'accuracy': 0.9929}
val: {'epoch': 81, 'loss': 1.5427, 'lr': 0.0008, 'params': 1029650, 'time_iter': 0.039, 'accuracy': 0.666}
train: {'epoch': 81, 'eta': 1.5685, 'loss': 0.073, 'lr': 0.0008, 'params': 1029650, 'time_iter': 0.0589, 'accuracy': 0.9929}
val: {'epoch': 82, 'loss': 1.5427, 'lr': 0.0007, 'params': 1029650, 'time_iter': 0.0293, 'accuracy': 0.668}
train: {'epoch': 82, 'eta': 1.4768, 'loss': 0.0727, 'lr': 0.0007, 'params': 1029650, 'time_iter': 0.0649, 'accuracy': 0.9929}
val: {'epoch': 83, 'loss': 1.542, 'lr': 0.0006, 'params': 1029650, 'time_iter': 0.0394, 'accuracy': 0.668}
train: {'epoch': 83, 'eta': 1.3847, 'loss': 0.0724, 'lr': 0.0006, 'params': 1029650, 'time_iter': 0.0597, 'accuracy': 0.9929}
val: {'epoch': 84, 'loss': 1.5404, 'lr': 0.0005, 'params': 1029650, 'time_iter': 0.0951, 'accuracy': 0.666}
train: {'epoch': 84, 'eta': 1.3004, 'loss': 0.0721, 'lr': 0.0005, 'params': 1029650, 'time_iter': 0.0992, 'accuracy': 0.9929}
val: {'epoch': 85, 'loss': 1.5375, 'lr': 0.0005, 'params': 1029650, 'time_iter': 0.1083, 'accuracy': 0.666}
train: {'epoch': 85, 'eta': 1.2249, 'loss': 0.0719, 'lr': 0.0005, 'params': 1029650, 'time_iter': 0.1554, 'accuracy': 0.9929}
val: {'epoch': 86, 'loss': 1.5333, 'lr': 0.0004, 'params': 1029650, 'time_iter': 0.095, 'accuracy': 0.668}
train: {'epoch': 86, 'eta': 1.147, 'loss': 0.0717, 'lr': 0.0004, 'params': 1029650, 'time_iter': 0.1514, 'accuracy': 0.9929}
val: {'epoch': 87, 'loss': 1.5294, 'lr': 0.0004, 'params': 1029650, 'time_iter': 0.0407, 'accuracy': 0.67}
train: {'epoch': 87, 'eta': 1.0553, 'loss': 0.0715, 'lr': 0.0004, 'params': 1029650, 'time_iter': 0.0632, 'accuracy': 0.9929}
val: {'epoch': 88, 'loss': 1.527, 'lr': 0.0003, 'params': 1029650, 'time_iter': 0.0361, 'accuracy': 0.67}
train: {'epoch': 88, 'eta': 0.9647, 'loss': 0.0714, 'lr': 0.0003, 'params': 1029650, 'time_iter': 0.0662, 'accuracy': 0.9929}
val: {'epoch': 89, 'loss': 1.5256, 'lr': 0.0002, 'params': 1029650, 'time_iter': 0.0345, 'accuracy': 0.67}
train: {'epoch': 89, 'eta': 0.8737, 'loss': 0.0713, 'lr': 0.0002, 'params': 1029650, 'time_iter': 0.0582, 'accuracy': 0.9929}
val: {'epoch': 90, 'loss': 1.5236, 'lr': 0.0002, 'params': 1029650, 'time_iter': 0.0376, 'accuracy': 0.67}
train: {'epoch': 90, 'eta': 0.7836, 'loss': 0.0712, 'lr': 0.0002, 'params': 1029650, 'time_iter': 0.0594, 'accuracy': 0.9929}
val: {'epoch': 91, 'loss': 1.523, 'lr': 0.0002, 'params': 1029650, 'time_iter': 0.0323, 'accuracy': 0.668}
train: {'epoch': 91, 'eta': 0.6946, 'loss': 0.0711, 'lr': 0.0002, 'params': 1029650, 'time_iter': 0.065, 'accuracy': 0.9929}
val: {'epoch': 92, 'loss': 1.5223, 'lr': 0.0001, 'params': 1029650, 'time_iter': 0.0362, 'accuracy': 0.668}
train: {'epoch': 92, 'eta': 0.6058, 'loss': 0.071, 'lr': 0.0001, 'params': 1029650, 'time_iter': 0.0606, 'accuracy': 0.9929}
val: {'epoch': 93, 'loss': 1.5216, 'lr': 0.0001, 'params': 1029650, 'time_iter': 0.0363, 'accuracy': 0.668}
train: {'epoch': 93, 'eta': 0.5176, 'loss': 0.0709, 'lr': 0.0001, 'params': 1029650, 'time_iter': 0.06, 'accuracy': 0.9929}
val: {'epoch': 94, 'loss': 1.521, 'lr': 0.0001, 'params': 1029650, 'time_iter': 0.0403, 'accuracy': 0.668}
train: {'epoch': 94, 'eta': 0.4298, 'loss': 0.0709, 'lr': 0.0001, 'params': 1029650, 'time_iter': 0.0584, 'accuracy': 0.9929}
val: {'epoch': 95, 'loss': 1.5206, 'lr': 0.0, 'params': 1029650, 'time_iter': 0.0315, 'accuracy': 0.668}
train: {'epoch': 95, 'eta': 0.3429, 'loss': 0.0709, 'lr': 0.0, 'params': 1029650, 'time_iter': 0.0638, 'accuracy': 0.9929}
val: {'epoch': 96, 'loss': 1.5203, 'lr': 0.0, 'params': 1029650, 'time_iter': 0.0348, 'accuracy': 0.668}
train: {'epoch': 96, 'eta': 0.2564, 'loss': 0.0709, 'lr': 0.0, 'params': 1029650, 'time_iter': 0.0585, 'accuracy': 0.9929}
val: {'epoch': 97, 'loss': 1.5202, 'lr': 0.0, 'params': 1029650, 'time_iter': 0.0343, 'accuracy': 0.67}
train: {'epoch': 97, 'eta': 0.1704, 'loss': 0.0708, 'lr': 0.0, 'params': 1029650, 'time_iter': 0.0604, 'accuracy': 0.9929}
val: {'epoch': 98, 'loss': 1.5201, 'lr': 0.0, 'params': 1029650, 'time_iter': 0.0446, 'accuracy': 0.67}
train: {'epoch': 98, 'eta': 0.085, 'loss': 0.0708, 'lr': 0.0, 'params': 1029650, 'time_iter': 0.0685, 'accuracy': 0.9929}
val: {'epoch': 99, 'loss': 1.5201, 'lr': 0.0, 'params': 1029650, 'time_iter': 0.0372, 'accuracy': 0.67}
train: {'epoch': 99, 'eta': 0.0, 'loss': 0.0708, 'lr': 0.0, 'params': 1029650, 'time_iter': 0.0624, 'accuracy': 0.9929}
test: {'epoch': 100, 'loss': 1.3835, 'lr': 0.0, 'params': 1029650, 'time_iter': 0.0359, 'accuracy': 0.704}
Results aggregated across runs saved in my_results/Cora_V_10MP/agg
