GraphGymModule(
  (model): GNN(
    (encoder): FeatureEncoder()
    (pre_mp): GeneralMultiLayer(
      (Layer_0): GeneralLayer(
        (layer): Linear(
          (model): Linear(1433, 256, bias=False)
        )
        (post_layer): Sequential(
          (0): BatchNorm1d(256, eps=1e-05, momentum=0.1, affine=True, track_running_stats=True)
          (1): PReLU(num_parameters=1)
        )
      )
    )
    (mp): DelayGNNStage(
      (W_k1_t0): GeneralLayer(
        (layer): GCNConv(
          (model): GCNConv(256, 256)
        )
        (post_layer): Sequential(
          (0): BatchNorm1d(256, eps=1e-05, momentum=0.1, affine=True, track_running_stats=True)
          (1): PReLU(num_parameters=1)
        )
      )
      (W_k1_t1): GeneralLayer(
        (layer): GCNConv(
          (model): GCNConv(256, 256)
        )
        (post_layer): Sequential(
          (0): BatchNorm1d(256, eps=1e-05, momentum=0.1, affine=True, track_running_stats=True)
          (1): PReLU(num_parameters=1)
        )
      )
      (W_k2_t1): GeneralLayer(
        (layer): GCNConv(
          (model): GCNConv(256, 256)
        )
        (post_layer): Sequential(
          (0): BatchNorm1d(256, eps=1e-05, momentum=0.1, affine=True, track_running_stats=True)
          (1): PReLU(num_parameters=1)
        )
      )
    )
    (post_mp): GNNNodeHead(
      (layer_post_mp): MLP(
        (model): Sequential(
          (0): Linear(
            (model): Linear(256, 7, bias=True)
          )
        )
      )
    )
  )
)
accelerator: cuda
benchmark: False
bn:
  eps: 1e-05
  mom: 0.1
cfg_dest: config.yaml
custom_metrics: []
dataset:
  cache_load: False
  cache_save: False
  dir: ./datasets
  edge_dim: 128
  edge_encoder: False
  edge_encoder_bn: True
  edge_encoder_name: Bond
  edge_message_ratio: 0.8
  edge_negative_sampling_ratio: 1.0
  edge_train_mode: all
  encoder: True
  encoder_bn: True
  encoder_dim: 128
  encoder_name: db
  format: PyG
  label_column: none
  label_table: none
  location: local
  name: Cora
  node_encoder: False
  node_encoder_bn: True
  node_encoder_name: Atom
  remove_feature: False
  resample_disjoint: False
  resample_negative: False
  shuffle_split: True
  split: [0.8, 0.2]
  split_mode: random
  task: node
  task_type: classification
  to_undirected: False
  transductive: True
  transform: none
  tu_simple: True
delay:
  max_k: 2
devices: None
gnn:
  act: prelu
  agg: add
  att_final_linear: False
  att_final_linear_bn: False
  att_heads: 1
  batchnorm: True
  clear_feature: True
  dim_inner: 256
  dropout: 0.0
  head: node
  keep_edge: 0.5
  l2norm: True
  layer_type: my_gcnconv
  layers_mp: 2
  layers_post_mp: 1
  layers_pre_mp: 1
  msg_direction: single
  normalize_adj: False
  self_msg: concat
  skip_every: 1
  stage_type: delay_gnn
gpu_mem: False
mem:
  inplace: False
metric_agg: argmax
metric_best: auto
model:
  edge_decoding: dot
  graph_pooling: add
  loss_fun: cross_entropy
  match_upper: True
  size_average: mean
  thresh: 0.5
  type: gnn
num_threads: 6
num_workers: 0
optim:
  base_lr: 0.01
  lr_decay: 0.1
  max_epoch: 100
  momentum: 0.9
  optimizer: adam
  scheduler: cos
  steps: [30, 60, 90]
  weight_decay: 0.0005
out_dir: my_results/Cora_D_02MP
params: 567307
print: both
round: 4
run_dir: my_results/Cora_D_02MP/1
seed: 2
share:
  dim_in: 1433
  dim_out: 7
  num_splits: 3
  num_tasks: 1
tensorboard_agg: True
tensorboard_each_run: True
train:
  auto_resume: False
  batch_size: 32
  ckpt_clean: True
  ckpt_period: 100
  enable_ckpt: True
  epoch_resume: -1
  eval_period: 20
  iter_per_epoch: 32
  neighbor_sizes: [20, 15, 10, 5]
  node_per_graph: 32
  radius: extend
  sample_node: False
  sampler: full_batch
  skip_train_eval: False
  walk_length: 4
val:
  node_per_graph: 32
  radius: extend
  sample_node: False
  sampler: full_batch
view_emb: False
Num parameters: 567307
val: {'epoch': 0, 'loss': 1.9498, 'lr': 0.01, 'params': 567307, 'time_iter': 1.4622, 'accuracy': 0.16}
val: {'epoch': 0, 'loss': 1.8519, 'lr': 0.01, 'params': 567307, 'time_iter': 0.3672, 'accuracy': 0.62}
train: {'epoch': 0, 'eta': 37.644, 'loss': 1.9456, 'lr': 0.01, 'params': 567307, 'time_iter': 0.3802, 'accuracy': 0.1857}
val: {'epoch': 1, 'loss': 1.7533, 'lr': 0.01, 'params': 567307, 'time_iter': 0.3688, 'accuracy': 0.73}
train: {'epoch': 1, 'eta': 37.3011, 'loss': 1.7254, 'lr': 0.01, 'params': 567307, 'time_iter': 0.381, 'accuracy': 0.9929}
val: {'epoch': 2, 'loss': 1.6746, 'lr': 0.01, 'params': 567307, 'time_iter': 0.3742, 'accuracy': 0.744}
train: {'epoch': 2, 'eta': 36.9574, 'loss': 1.5761, 'lr': 0.01, 'params': 567307, 'time_iter': 0.3818, 'accuracy': 1.0}
val: {'epoch': 3, 'loss': 1.6076, 'lr': 0.01, 'params': 567307, 'time_iter': 0.0964, 'accuracy': 0.756}
train: {'epoch': 3, 'eta': 50.5666, 'loss': 1.4695, 'lr': 0.01, 'params': 567307, 'time_iter': 0.9639, 'accuracy': 1.0}
val: {'epoch': 4, 'loss': 1.5468, 'lr': 0.0099, 'params': 567307, 'time_iter': 0.3668, 'accuracy': 0.76}
train: {'epoch': 4, 'eta': 42.0157, 'loss': 1.3722, 'lr': 0.0099, 'params': 567307, 'time_iter': 0.1044, 'accuracy': 1.0}
val: {'epoch': 5, 'loss': 1.4902, 'lr': 0.0099, 'params': 567307, 'time_iter': 0.3682, 'accuracy': 0.762}
train: {'epoch': 5, 'eta': 40.5832, 'loss': 1.2768, 'lr': 0.0099, 'params': 567307, 'time_iter': 0.3791, 'accuracy': 1.0}
val: {'epoch': 6, 'loss': 1.4377, 'lr': 0.0099, 'params': 567307, 'time_iter': 0.369, 'accuracy': 0.762}
train: {'epoch': 6, 'eta': 39.4847, 'loss': 1.1822, 'lr': 0.0099, 'params': 567307, 'time_iter': 0.3816, 'accuracy': 1.0}
val: {'epoch': 7, 'loss': 1.3884, 'lr': 0.0098, 'params': 567307, 'time_iter': 0.632, 'accuracy': 0.754}
train: {'epoch': 7, 'eta': 38.5631, 'loss': 1.0894, 'lr': 0.0098, 'params': 567307, 'time_iter': 0.3813, 'accuracy': 1.0}
val: {'epoch': 8, 'loss': 1.3417, 'lr': 0.0098, 'params': 567307, 'time_iter': 0.3664, 'accuracy': 0.75}
train: {'epoch': 8, 'eta': 47.1084, 'loss': 0.999, 'lr': 0.0098, 'params': 567307, 'time_iter': 1.3058, 'accuracy': 1.0}
val: {'epoch': 9, 'loss': 1.2972, 'lr': 0.0098, 'params': 567307, 'time_iter': 0.3682, 'accuracy': 0.748}
train: {'epoch': 9, 'eta': 45.3532, 'loss': 0.9114, 'lr': 0.0098, 'params': 567307, 'time_iter': 0.3802, 'accuracy': 1.0}
val: {'epoch': 10, 'loss': 1.2549, 'lr': 0.0097, 'params': 567307, 'time_iter': 0.3697, 'accuracy': 0.75}
train: {'epoch': 10, 'eta': 43.8579, 'loss': 0.8269, 'lr': 0.0097, 'params': 567307, 'time_iter': 0.3814, 'accuracy': 1.0}
val: {'epoch': 11, 'loss': 1.2156, 'lr': 0.0096, 'params': 567307, 'time_iter': 0.9494, 'accuracy': 0.752}
train: {'epoch': 11, 'eta': 42.5471, 'loss': 0.7459, 'lr': 0.0096, 'params': 567307, 'time_iter': 0.3812, 'accuracy': 1.0}
val: {'epoch': 12, 'loss': 1.1805, 'lr': 0.0096, 'params': 567307, 'time_iter': 0.0958, 'accuracy': 0.75}
train: {'epoch': 12, 'eta': 39.4682, 'loss': 0.6689, 'lr': 0.0096, 'params': 567307, 'time_iter': 0.0957, 'accuracy': 1.0}
val: {'epoch': 13, 'loss': 1.1504, 'lr': 0.0095, 'params': 567307, 'time_iter': 0.3667, 'accuracy': 0.744}
train: {'epoch': 13, 'eta': 38.5672, 'loss': 0.5965, 'lr': 0.0095, 'params': 567307, 'time_iter': 0.3808, 'accuracy': 1.0}
val: {'epoch': 14, 'loss': 1.125, 'lr': 0.0095, 'params': 567307, 'time_iter': 0.3692, 'accuracy': 0.75}
train: {'epoch': 14, 'eta': 37.7373, 'loss': 0.5293, 'lr': 0.0095, 'params': 567307, 'time_iter': 0.3811, 'accuracy': 1.0}
val: {'epoch': 15, 'loss': 1.1044, 'lr': 0.0094, 'params': 567307, 'time_iter': 0.373, 'accuracy': 0.752}
train: {'epoch': 15, 'eta': 36.9643, 'loss': 0.4673, 'lr': 0.0094, 'params': 567307, 'time_iter': 0.3813, 'accuracy': 1.0}
val: {'epoch': 16, 'loss': 1.0878, 'lr': 0.0093, 'params': 567307, 'time_iter': 0.3261, 'accuracy': 0.756}
train: {'epoch': 16, 'eta': 42.428, 'loss': 0.4107, 'lr': 0.0093, 'params': 567307, 'time_iter': 1.6492, 'accuracy': 1.0}
val: {'epoch': 17, 'loss': 1.0756, 'lr': 0.0092, 'params': 567307, 'time_iter': 0.3681, 'accuracy': 0.756}
train: {'epoch': 17, 'eta': 41.3153, 'loss': 0.3592, 'lr': 0.0092, 'params': 567307, 'time_iter': 0.3791, 'accuracy': 1.0}
val: {'epoch': 18, 'loss': 1.069, 'lr': 0.0091, 'params': 567307, 'time_iter': 0.3693, 'accuracy': 0.752}
train: {'epoch': 18, 'eta': 40.2927, 'loss': 0.3127, 'lr': 0.0091, 'params': 567307, 'time_iter': 0.3822, 'accuracy': 1.0}
val: {'epoch': 19, 'loss': 1.0691, 'lr': 0.009, 'params': 567307, 'time_iter': 0.3805, 'accuracy': 0.75}
train: {'epoch': 19, 'eta': 39.3632, 'loss': 0.2711, 'lr': 0.009, 'params': 567307, 'time_iter': 0.3894, 'accuracy': 1.0}
val: {'epoch': 20, 'loss': 1.0717, 'lr': 0.009, 'params': 567307, 'time_iter': 0.0953, 'accuracy': 0.732}
train: {'epoch': 20, 'eta': 40.2043, 'loss': 0.2352, 'lr': 0.009, 'params': 567307, 'time_iter': 0.8464, 'accuracy': 1.0}
val: {'epoch': 21, 'loss': 1.0737, 'lr': 0.0089, 'params': 567307, 'time_iter': 0.3722, 'accuracy': 0.722}
train: {'epoch': 21, 'eta': 38.3011, 'loss': 0.2059, 'lr': 0.0089, 'params': 567307, 'time_iter': 0.1156, 'accuracy': 1.0}
val: {'epoch': 22, 'loss': 1.0668, 'lr': 0.0088, 'params': 567307, 'time_iter': 0.3681, 'accuracy': 0.722}
train: {'epoch': 22, 'eta': 37.4465, 'loss': 0.1814, 'lr': 0.0088, 'params': 567307, 'time_iter': 0.3824, 'accuracy': 1.0}
val: {'epoch': 23, 'loss': 1.0615, 'lr': 0.0086, 'params': 567307, 'time_iter': 0.3692, 'accuracy': 0.712}
train: {'epoch': 23, 'eta': 36.6353, 'loss': 0.1595, 'lr': 0.0086, 'params': 567307, 'time_iter': 0.3837, 'accuracy': 1.0}
val: {'epoch': 24, 'loss': 1.0572, 'lr': 0.0085, 'params': 567307, 'time_iter': 0.5364, 'accuracy': 0.71}
train: {'epoch': 24, 'eta': 35.8649, 'loss': 0.1408, 'lr': 0.0085, 'params': 567307, 'time_iter': 0.3859, 'accuracy': 1.0}
val: {'epoch': 25, 'loss': 1.0512, 'lr': 0.0084, 'params': 567307, 'time_iter': 0.3664, 'accuracy': 0.718}
train: {'epoch': 25, 'eta': 38.0133, 'loss': 0.1257, 'lr': 0.0084, 'params': 567307, 'time_iter': 1.4011, 'accuracy': 1.0}
val: {'epoch': 26, 'loss': 1.0366, 'lr': 0.0083, 'params': 567307, 'time_iter': 0.3687, 'accuracy': 0.716}
train: {'epoch': 26, 'eta': 37.1406, 'loss': 0.1129, 'lr': 0.0083, 'params': 567307, 'time_iter': 0.3809, 'accuracy': 1.0}
val: {'epoch': 27, 'loss': 1.0214, 'lr': 0.0082, 'params': 567307, 'time_iter': 0.3699, 'accuracy': 0.716}
train: {'epoch': 27, 'eta': 36.3059, 'loss': 0.1021, 'lr': 0.0082, 'params': 567307, 'time_iter': 0.382, 'accuracy': 1.0}
val: {'epoch': 28, 'loss': 1.0096, 'lr': 0.0081, 'params': 567307, 'time_iter': 0.9505, 'accuracy': 0.724}
train: {'epoch': 28, 'eta': 35.5007, 'loss': 0.0929, 'lr': 0.0081, 'params': 567307, 'time_iter': 0.3813, 'accuracy': 1.0}
val: {'epoch': 29, 'loss': 0.9988, 'lr': 0.0079, 'params': 567307, 'time_iter': 0.0888, 'accuracy': 0.73}
train: {'epoch': 29, 'eta': 34.0562, 'loss': 0.0852, 'lr': 0.0079, 'params': 567307, 'time_iter': 0.0952, 'accuracy': 1.0}
val: {'epoch': 30, 'loss': 0.986, 'lr': 0.0078, 'params': 567307, 'time_iter': 0.3668, 'accuracy': 0.734}
train: {'epoch': 30, 'eta': 33.3296, 'loss': 0.0784, 'lr': 0.0078, 'params': 567307, 'time_iter': 0.3787, 'accuracy': 1.0}
val: {'epoch': 31, 'loss': 0.9746, 'lr': 0.0077, 'params': 567307, 'time_iter': 0.3693, 'accuracy': 0.736}
train: {'epoch': 31, 'eta': 32.6289, 'loss': 0.0727, 'lr': 0.0077, 'params': 567307, 'time_iter': 0.3806, 'accuracy': 1.0}
val: {'epoch': 32, 'loss': 0.9629, 'lr': 0.0075, 'params': 567307, 'time_iter': 0.3721, 'accuracy': 0.742}
train: {'epoch': 32, 'eta': 31.9492, 'loss': 0.0677, 'lr': 0.0075, 'params': 567307, 'time_iter': 0.3814, 'accuracy': 1.0}
val: {'epoch': 33, 'loss': 0.9434, 'lr': 0.0074, 'params': 567307, 'time_iter': 0.3264, 'accuracy': 0.744}
train: {'epoch': 33, 'eta': 33.754, 'loss': 0.0634, 'lr': 0.0074, 'params': 567307, 'time_iter': 1.6523, 'accuracy': 1.0}
val: {'epoch': 34, 'loss': 0.927, 'lr': 0.0073, 'params': 567307, 'time_iter': 0.368, 'accuracy': 0.742}
train: {'epoch': 34, 'eta': 32.9968, 'loss': 0.0597, 'lr': 0.0073, 'params': 567307, 'time_iter': 0.3791, 'accuracy': 1.0}
val: {'epoch': 35, 'loss': 0.9157, 'lr': 0.0071, 'params': 567307, 'time_iter': 0.3697, 'accuracy': 0.748}
train: {'epoch': 35, 'eta': 32.2713, 'loss': 0.0565, 'lr': 0.0071, 'params': 567307, 'time_iter': 0.3851, 'accuracy': 1.0}
val: {'epoch': 36, 'loss': 0.9087, 'lr': 0.007, 'params': 567307, 'time_iter': 0.3695, 'accuracy': 0.746}
train: {'epoch': 36, 'eta': 31.558, 'loss': 0.0536, 'lr': 0.007, 'params': 567307, 'time_iter': 0.3815, 'accuracy': 1.0}
val: {'epoch': 37, 'loss': 0.902, 'lr': 0.0068, 'params': 567307, 'time_iter': 0.0859, 'accuracy': 0.746}
train: {'epoch': 37, 'eta': 31.5564, 'loss': 0.051, 'lr': 0.0068, 'params': 567307, 'time_iter': 0.807, 'accuracy': 1.0}
val: {'epoch': 38, 'loss': 0.8966, 'lr': 0.0067, 'params': 567307, 'time_iter': 0.3668, 'accuracy': 0.748}
train: {'epoch': 38, 'eta': 30.8511, 'loss': 0.0488, 'lr': 0.0067, 'params': 567307, 'time_iter': 0.3834, 'accuracy': 1.0}
val: {'epoch': 39, 'loss': 0.8927, 'lr': 0.0065, 'params': 567307, 'time_iter': 0.3687, 'accuracy': 0.742}
train: {'epoch': 39, 'eta': 30.1598, 'loss': 0.0468, 'lr': 0.0065, 'params': 567307, 'time_iter': 0.3821, 'accuracy': 1.0}
val: {'epoch': 40, 'loss': 0.8894, 'lr': 0.0064, 'params': 567307, 'time_iter': 0.3692, 'accuracy': 0.742}
train: {'epoch': 40, 'eta': 29.4829, 'loss': 0.045, 'lr': 0.0064, 'params': 567307, 'time_iter': 0.3815, 'accuracy': 1.0}
val: {'epoch': 41, 'loss': 0.8913, 'lr': 0.0062, 'params': 567307, 'time_iter': 1.5976, 'accuracy': 0.744}
train: {'epoch': 41, 'eta': 28.8425, 'loss': 0.0435, 'lr': 0.0062, 'params': 567307, 'time_iter': 0.3979, 'accuracy': 1.0}
val: {'epoch': 42, 'loss': 0.8894, 'lr': 0.0061, 'params': 567307, 'time_iter': 0.3688, 'accuracy': 0.748}
train: {'epoch': 42, 'eta': 28.1881, 'loss': 0.042, 'lr': 0.0061, 'params': 567307, 'time_iter': 0.3787, 'accuracy': 1.0}
val: {'epoch': 43, 'loss': 0.8801, 'lr': 0.0059, 'params': 567307, 'time_iter': 0.3691, 'accuracy': 0.75}
train: {'epoch': 43, 'eta': 27.5489, 'loss': 0.0408, 'lr': 0.0059, 'params': 567307, 'time_iter': 0.3809, 'accuracy': 1.0}
val: {'epoch': 44, 'loss': 0.8763, 'lr': 0.0058, 'params': 567307, 'time_iter': 0.3691, 'accuracy': 0.75}
train: {'epoch': 44, 'eta': 26.9216, 'loss': 0.0397, 'lr': 0.0058, 'params': 567307, 'time_iter': 0.3812, 'accuracy': 1.0}
val: {'epoch': 45, 'loss': 0.8786, 'lr': 0.0056, 'params': 567307, 'time_iter': 0.0837, 'accuracy': 0.742}
train: {'epoch': 45, 'eta': 26.8911, 'loss': 0.0386, 'lr': 0.0056, 'params': 567307, 'time_iter': 0.8805, 'accuracy': 1.0}
val: {'epoch': 46, 'loss': 0.8751, 'lr': 0.0055, 'params': 567307, 'time_iter': 0.3668, 'accuracy': 0.742}
train: {'epoch': 46, 'eta': 26.1901, 'loss': 0.0378, 'lr': 0.0055, 'params': 567307, 'time_iter': 0.318, 'accuracy': 1.0}
val: {'epoch': 47, 'loss': 0.8746, 'lr': 0.0053, 'params': 567307, 'time_iter': 0.3681, 'accuracy': 0.744}
train: {'epoch': 47, 'eta': 25.5719, 'loss': 0.037, 'lr': 0.0053, 'params': 567307, 'time_iter': 0.3796, 'accuracy': 1.0}
val: {'epoch': 48, 'loss': 0.8731, 'lr': 0.0052, 'params': 567307, 'time_iter': 0.3691, 'accuracy': 0.748}
train: {'epoch': 48, 'eta': 24.9661, 'loss': 0.0364, 'lr': 0.0052, 'params': 567307, 'time_iter': 0.3822, 'accuracy': 1.0}
val: {'epoch': 49, 'loss': 0.8747, 'lr': 0.005, 'params': 567307, 'time_iter': 1.6149, 'accuracy': 0.748}
train: {'epoch': 49, 'eta': 24.3692, 'loss': 0.0357, 'lr': 0.005, 'params': 567307, 'time_iter': 0.3822, 'accuracy': 1.0}
val: {'epoch': 50, 'loss': 0.8766, 'lr': 0.0048, 'params': 567307, 'time_iter': 0.3669, 'accuracy': 0.748}
train: {'epoch': 50, 'eta': 23.7783, 'loss': 0.0351, 'lr': 0.0048, 'params': 567307, 'time_iter': 0.3797, 'accuracy': 1.0}
val: {'epoch': 51, 'loss': 0.8704, 'lr': 0.0047, 'params': 567307, 'time_iter': 0.3691, 'accuracy': 0.746}
train: {'epoch': 51, 'eta': 23.1974, 'loss': 0.0346, 'lr': 0.0047, 'params': 567307, 'time_iter': 0.3816, 'accuracy': 1.0}
val: {'epoch': 52, 'loss': 0.8731, 'lr': 0.0045, 'params': 567307, 'time_iter': 0.369, 'accuracy': 0.748}
train: {'epoch': 52, 'eta': 22.625, 'loss': 0.034, 'lr': 0.0045, 'params': 567307, 'time_iter': 0.3829, 'accuracy': 1.0}
val: {'epoch': 53, 'loss': 0.8611, 'lr': 0.0044, 'params': 567307, 'time_iter': 0.083, 'accuracy': 0.748}
train: {'epoch': 53, 'eta': 22.5051, 'loss': 0.0334, 'lr': 0.0044, 'params': 567307, 'time_iter': 0.9057, 'accuracy': 1.0}
val: {'epoch': 54, 'loss': 0.8579, 'lr': 0.0042, 'params': 567307, 'time_iter': 0.3664, 'accuracy': 0.75}
train: {'epoch': 54, 'eta': 21.849, 'loss': 0.0329, 'lr': 0.0042, 'params': 567307, 'time_iter': 0.2854, 'accuracy': 1.0}
val: {'epoch': 55, 'loss': 0.8604, 'lr': 0.0041, 'params': 567307, 'time_iter': 0.3683, 'accuracy': 0.75}
train: {'epoch': 55, 'eta': 21.2805, 'loss': 0.0324, 'lr': 0.0041, 'params': 567307, 'time_iter': 0.3799, 'accuracy': 1.0}
val: {'epoch': 56, 'loss': 0.8611, 'lr': 0.0039, 'params': 567307, 'time_iter': 0.3692, 'accuracy': 0.75}
train: {'epoch': 56, 'eta': 20.7233, 'loss': 0.0319, 'lr': 0.0039, 'params': 567307, 'time_iter': 0.3862, 'accuracy': 1.0}
val: {'epoch': 57, 'loss': 0.8615, 'lr': 0.0038, 'params': 567307, 'time_iter': 1.5996, 'accuracy': 0.75}
train: {'epoch': 57, 'eta': 20.1687, 'loss': 0.0315, 'lr': 0.0038, 'params': 567307, 'time_iter': 0.3816, 'accuracy': 1.0}
val: {'epoch': 58, 'loss': 0.8619, 'lr': 0.0036, 'params': 567307, 'time_iter': 0.367, 'accuracy': 0.75}
train: {'epoch': 58, 'eta': 19.6185, 'loss': 0.0311, 'lr': 0.0036, 'params': 567307, 'time_iter': 0.3794, 'accuracy': 1.0}
val: {'epoch': 59, 'loss': 0.8619, 'lr': 0.0035, 'params': 567307, 'time_iter': 0.3689, 'accuracy': 0.75}
train: {'epoch': 59, 'eta': 19.0747, 'loss': 0.0308, 'lr': 0.0035, 'params': 567307, 'time_iter': 0.3807, 'accuracy': 1.0}
val: {'epoch': 60, 'loss': 0.862, 'lr': 0.0033, 'params': 567307, 'time_iter': 0.3697, 'accuracy': 0.746}
train: {'epoch': 60, 'eta': 18.5374, 'loss': 0.0305, 'lr': 0.0033, 'params': 567307, 'time_iter': 0.3823, 'accuracy': 1.0}
val: {'epoch': 61, 'loss': 0.8608, 'lr': 0.0032, 'params': 567307, 'time_iter': 0.0823, 'accuracy': 0.748}
train: {'epoch': 61, 'eta': 18.3554, 'loss': 0.0302, 'lr': 0.0032, 'params': 567307, 'time_iter': 0.9539, 'accuracy': 1.0}
val: {'epoch': 62, 'loss': 0.8612, 'lr': 0.003, 'params': 567307, 'time_iter': 0.3666, 'accuracy': 0.75}
train: {'epoch': 62, 'eta': 17.648, 'loss': 0.0299, 'lr': 0.003, 'params': 567307, 'time_iter': 0.101, 'accuracy': 1.0}
val: {'epoch': 63, 'loss': 0.863, 'lr': 0.0029, 'params': 567307, 'time_iter': 0.3683, 'accuracy': 0.75}
train: {'epoch': 63, 'eta': 17.116, 'loss': 0.0297, 'lr': 0.0029, 'params': 567307, 'time_iter': 0.3792, 'accuracy': 1.0}
val: {'epoch': 64, 'loss': 0.8628, 'lr': 0.0027, 'params': 567307, 'time_iter': 0.369, 'accuracy': 0.748}
train: {'epoch': 64, 'eta': 16.5898, 'loss': 0.0295, 'lr': 0.0027, 'params': 567307, 'time_iter': 0.3812, 'accuracy': 1.0}
val: {'epoch': 65, 'loss': 0.8615, 'lr': 0.0026, 'params': 567307, 'time_iter': 0.5453, 'accuracy': 0.748}
train: {'epoch': 65, 'eta': 16.0691, 'loss': 0.0293, 'lr': 0.0026, 'params': 567307, 'time_iter': 0.3833, 'accuracy': 1.0}
val: {'epoch': 66, 'loss': 0.8608, 'lr': 0.0025, 'params': 567307, 'time_iter': 0.3665, 'accuracy': 0.75}
train: {'epoch': 66, 'eta': 16.0497, 'loss': 0.0291, 'lr': 0.0025, 'params': 567307, 'time_iter': 1.3928, 'accuracy': 1.0}
val: {'epoch': 67, 'loss': 0.8601, 'lr': 0.0023, 'params': 567307, 'time_iter': 0.3688, 'accuracy': 0.75}
train: {'epoch': 67, 'eta': 15.5151, 'loss': 0.0289, 'lr': 0.0023, 'params': 567307, 'time_iter': 0.3838, 'accuracy': 1.0}
val: {'epoch': 68, 'loss': 0.859, 'lr': 0.0022, 'params': 567307, 'time_iter': 0.3698, 'accuracy': 0.748}
train: {'epoch': 68, 'eta': 14.9837, 'loss': 0.0287, 'lr': 0.0022, 'params': 567307, 'time_iter': 0.3813, 'accuracy': 1.0}
val: {'epoch': 69, 'loss': 0.8596, 'lr': 0.0021, 'params': 567307, 'time_iter': 0.9495, 'accuracy': 0.75}
train: {'epoch': 69, 'eta': 14.4566, 'loss': 0.0286, 'lr': 0.0021, 'params': 567307, 'time_iter': 0.3813, 'accuracy': 1.0}
val: {'epoch': 70, 'loss': 0.8587, 'lr': 0.0019, 'params': 567307, 'time_iter': 0.2153, 'accuracy': 0.75}
train: {'epoch': 70, 'eta': 13.8171, 'loss': 0.0285, 'lr': 0.0019, 'params': 567307, 'time_iter': 0.0958, 'accuracy': 1.0}
val: {'epoch': 71, 'loss': 0.8585, 'lr': 0.0018, 'params': 567307, 'time_iter': 0.368, 'accuracy': 0.744}
train: {'epoch': 71, 'eta': 13.3037, 'loss': 0.0283, 'lr': 0.0018, 'params': 567307, 'time_iter': 0.3816, 'accuracy': 1.0}
val: {'epoch': 72, 'loss': 0.8598, 'lr': 0.0017, 'params': 567307, 'time_iter': 0.3698, 'accuracy': 0.744}
train: {'epoch': 72, 'eta': 12.7937, 'loss': 0.0282, 'lr': 0.0017, 'params': 567307, 'time_iter': 0.3809, 'accuracy': 1.0}
val: {'epoch': 73, 'loss': 0.8613, 'lr': 0.0016, 'params': 567307, 'time_iter': 0.3693, 'accuracy': 0.744}
train: {'epoch': 73, 'eta': 12.2874, 'loss': 0.0281, 'lr': 0.0016, 'params': 567307, 'time_iter': 0.3815, 'accuracy': 1.0}
val: {'epoch': 74, 'loss': 0.8621, 'lr': 0.0015, 'params': 567307, 'time_iter': 0.3707, 'accuracy': 0.744}
train: {'epoch': 74, 'eta': 12.2037, 'loss': 0.028, 'lr': 0.0015, 'params': 567307, 'time_iter': 1.6393, 'accuracy': 1.0}
val: {'epoch': 75, 'loss': 0.8623, 'lr': 0.0014, 'params': 567307, 'time_iter': 0.3685, 'accuracy': 0.744}
train: {'epoch': 75, 'eta': 11.6821, 'loss': 0.0279, 'lr': 0.0014, 'params': 567307, 'time_iter': 0.3822, 'accuracy': 1.0}
val: {'epoch': 76, 'loss': 0.8628, 'lr': 0.0012, 'params': 567307, 'time_iter': 0.3696, 'accuracy': 0.742}
train: {'epoch': 76, 'eta': 11.1638, 'loss': 0.0279, 'lr': 0.0012, 'params': 567307, 'time_iter': 0.3813, 'accuracy': 1.0}
val: {'epoch': 77, 'loss': 0.8631, 'lr': 0.0011, 'params': 567307, 'time_iter': 0.9517, 'accuracy': 0.742}
train: {'epoch': 77, 'eta': 10.6491, 'loss': 0.0278, 'lr': 0.0011, 'params': 567307, 'time_iter': 0.3813, 'accuracy': 1.0}
val: {'epoch': 78, 'loss': 0.8629, 'lr': 0.001, 'params': 567307, 'time_iter': 0.2104, 'accuracy': 0.742}
train: {'epoch': 78, 'eta': 10.0617, 'loss': 0.0277, 'lr': 0.001, 'params': 567307, 'time_iter': 0.0951, 'accuracy': 1.0}
val: {'epoch': 79, 'loss': 0.8628, 'lr': 0.001, 'params': 567307, 'time_iter': 0.3679, 'accuracy': 0.742}
train: {'epoch': 79, 'eta': 9.5584, 'loss': 0.0277, 'lr': 0.001, 'params': 567307, 'time_iter': 0.3825, 'accuracy': 1.0}
val: {'epoch': 80, 'loss': 0.8629, 'lr': 0.0009, 'params': 567307, 'time_iter': 0.3701, 'accuracy': 0.742}
train: {'epoch': 80, 'eta': 9.058, 'loss': 0.0276, 'lr': 0.0009, 'params': 567307, 'time_iter': 0.382, 'accuracy': 1.0}
val: {'epoch': 81, 'loss': 0.8629, 'lr': 0.0008, 'params': 567307, 'time_iter': 0.3689, 'accuracy': 0.744}
train: {'epoch': 81, 'eta': 8.5602, 'loss': 0.0276, 'lr': 0.0008, 'params': 567307, 'time_iter': 0.381, 'accuracy': 1.0}
val: {'epoch': 82, 'loss': 0.8627, 'lr': 0.0007, 'params': 567307, 'time_iter': 0.3666, 'accuracy': 0.742}
train: {'epoch': 82, 'eta': 8.3204, 'loss': 0.0275, 'lr': 0.0007, 'params': 567307, 'time_iter': 1.6265, 'accuracy': 1.0}
val: {'epoch': 83, 'loss': 0.8626, 'lr': 0.0006, 'params': 567307, 'time_iter': 0.3682, 'accuracy': 0.742}
train: {'epoch': 83, 'eta': 7.8099, 'loss': 0.0275, 'lr': 0.0006, 'params': 567307, 'time_iter': 0.3791, 'accuracy': 1.0}
val: {'epoch': 84, 'loss': 0.8627, 'lr': 0.0005, 'params': 567307, 'time_iter': 0.3695, 'accuracy': 0.742}
train: {'epoch': 84, 'eta': 7.303, 'loss': 0.0275, 'lr': 0.0005, 'params': 567307, 'time_iter': 0.3813, 'accuracy': 1.0}
val: {'epoch': 85, 'loss': 0.8628, 'lr': 0.0005, 'params': 567307, 'time_iter': 0.9922, 'accuracy': 0.742}
train: {'epoch': 85, 'eta': 6.7989, 'loss': 0.0274, 'lr': 0.0005, 'params': 567307, 'time_iter': 0.3812, 'accuracy': 1.0}
val: {'epoch': 86, 'loss': 0.8628, 'lr': 0.0004, 'params': 567307, 'time_iter': 0.1789, 'accuracy': 0.742}
train: {'epoch': 86, 'eta': 6.2549, 'loss': 0.0274, 'lr': 0.0004, 'params': 567307, 'time_iter': 0.0951, 'accuracy': 1.0}
val: {'epoch': 87, 'loss': 0.8629, 'lr': 0.0004, 'params': 567307, 'time_iter': 0.3707, 'accuracy': 0.742}
train: {'epoch': 87, 'eta': 5.76, 'loss': 0.0274, 'lr': 0.0004, 'params': 567307, 'time_iter': 0.3805, 'accuracy': 1.0}
val: {'epoch': 88, 'loss': 0.8628, 'lr': 0.0003, 'params': 567307, 'time_iter': 0.3695, 'accuracy': 0.742}
train: {'epoch': 88, 'eta': 5.2678, 'loss': 0.0274, 'lr': 0.0003, 'params': 567307, 'time_iter': 0.3813, 'accuracy': 1.0}
val: {'epoch': 89, 'loss': 0.8628, 'lr': 0.0002, 'params': 567307, 'time_iter': 0.369, 'accuracy': 0.744}
train: {'epoch': 89, 'eta': 4.7781, 'loss': 0.0274, 'lr': 0.0002, 'params': 567307, 'time_iter': 0.3814, 'accuracy': 1.0}
val: {'epoch': 90, 'loss': 0.8626, 'lr': 0.0002, 'params': 567307, 'time_iter': 0.3671, 'accuracy': 0.744}
train: {'epoch': 90, 'eta': 4.4139, 'loss': 0.0274, 'lr': 0.0002, 'params': 567307, 'time_iter': 1.6265, 'accuracy': 1.0}
val: {'epoch': 91, 'loss': 0.8624, 'lr': 0.0002, 'params': 567307, 'time_iter': 0.3682, 'accuracy': 0.744}
train: {'epoch': 91, 'eta': 3.9139, 'loss': 0.0273, 'lr': 0.0002, 'params': 567307, 'time_iter': 0.3807, 'accuracy': 1.0}
val: {'epoch': 92, 'loss': 0.8621, 'lr': 0.0001, 'params': 567307, 'time_iter': 0.3695, 'accuracy': 0.744}
train: {'epoch': 92, 'eta': 3.4166, 'loss': 0.0273, 'lr': 0.0001, 'params': 567307, 'time_iter': 0.3814, 'accuracy': 1.0}
val: {'epoch': 93, 'loss': 0.8619, 'lr': 0.0001, 'params': 567307, 'time_iter': 0.6101, 'accuracy': 0.744}
train: {'epoch': 93, 'eta': 2.9217, 'loss': 0.0273, 'lr': 0.0001, 'params': 567307, 'time_iter': 0.3824, 'accuracy': 1.0}
val: {'epoch': 94, 'loss': 0.8616, 'lr': 0.0001, 'params': 567307, 'time_iter': 0.0838, 'accuracy': 0.744}
train: {'epoch': 94, 'eta': 2.4357, 'loss': 0.0273, 'lr': 0.0001, 'params': 567307, 'time_iter': 0.5043, 'accuracy': 1.0}
val: {'epoch': 95, 'loss': 0.8613, 'lr': 0.0, 'params': 567307, 'time_iter': 0.3665, 'accuracy': 0.746}
train: {'epoch': 95, 'eta': 1.9411, 'loss': 0.0273, 'lr': 0.0, 'params': 567307, 'time_iter': 0.3073, 'accuracy': 1.0}
val: {'epoch': 96, 'loss': 0.8611, 'lr': 0.0, 'params': 567307, 'time_iter': 0.3685, 'accuracy': 0.746}
train: {'epoch': 96, 'eta': 1.4526, 'loss': 0.0273, 'lr': 0.0, 'params': 567307, 'time_iter': 0.3802, 'accuracy': 1.0}
val: {'epoch': 97, 'loss': 0.8608, 'lr': 0.0, 'params': 567307, 'time_iter': 0.3693, 'accuracy': 0.746}
train: {'epoch': 97, 'eta': 0.9663, 'loss': 0.0273, 'lr': 0.0, 'params': 567307, 'time_iter': 0.3826, 'accuracy': 1.0}
val: {'epoch': 98, 'loss': 0.8605, 'lr': 0.0, 'params': 567307, 'time_iter': 1.5984, 'accuracy': 0.746}
train: {'epoch': 98, 'eta': 0.4821, 'loss': 0.0273, 'lr': 0.0, 'params': 567307, 'time_iter': 0.3822, 'accuracy': 1.0}
val: {'epoch': 99, 'loss': 0.8603, 'lr': 0.0, 'params': 567307, 'time_iter': 0.3669, 'accuracy': 0.746}
train: {'epoch': 99, 'eta': 0.0, 'loss': 0.0273, 'lr': 0.0, 'params': 567307, 'time_iter': 0.3786, 'accuracy': 1.0}
test: {'epoch': 100, 'loss': 0.7852, 'lr': 0.0, 'params': 567307, 'time_iter': 0.3717, 'accuracy': 0.769}
