GraphGymModule(
  (model): GNN(
    (encoder): FeatureEncoder()
    (pre_mp): GeneralMultiLayer(
      (Layer_0): GeneralLayer(
        (layer): Linear(
          (model): Linear(1433, 256, bias=False)
        )
        (post_layer): Sequential(
          (0): BatchNorm1d(256, eps=1e-05, momentum=0.1, affine=True, track_running_stats=True)
          (1): PReLU(num_parameters=1)
        )
      )
    )
    (mp): DelayGNNStage(
      (W_k1_t0): GeneralLayer(
        (layer): GCNConv(
          (model): GCNConv(256, 256)
        )
        (post_layer): Sequential(
          (0): BatchNorm1d(256, eps=1e-05, momentum=0.1, affine=True, track_running_stats=True)
          (1): PReLU(num_parameters=1)
        )
      )
      (W_k1_t1): GeneralLayer(
        (layer): GCNConv(
          (model): GCNConv(256, 256)
        )
        (post_layer): Sequential(
          (0): BatchNorm1d(256, eps=1e-05, momentum=0.1, affine=True, track_running_stats=True)
          (1): PReLU(num_parameters=1)
        )
      )
      (W_k2_t1): GeneralLayer(
        (layer): GCNConv(
          (model): GCNConv(256, 256)
        )
        (post_layer): Sequential(
          (0): BatchNorm1d(256, eps=1e-05, momentum=0.1, affine=True, track_running_stats=True)
          (1): PReLU(num_parameters=1)
        )
      )
      (W_k1_t2): GeneralLayer(
        (layer): GCNConv(
          (model): GCNConv(256, 256)
        )
        (post_layer): Sequential(
          (0): BatchNorm1d(256, eps=1e-05, momentum=0.1, affine=True, track_running_stats=True)
          (1): PReLU(num_parameters=1)
        )
      )
      (W_k2_t2): GeneralLayer(
        (layer): GCNConv(
          (model): GCNConv(256, 256)
        )
        (post_layer): Sequential(
          (0): BatchNorm1d(256, eps=1e-05, momentum=0.1, affine=True, track_running_stats=True)
          (1): PReLU(num_parameters=1)
        )
      )
      (W_k3_t2): GeneralLayer(
        (layer): GCNConv(
          (model): GCNConv(256, 256)
        )
        (post_layer): Sequential(
          (0): BatchNorm1d(256, eps=1e-05, momentum=0.1, affine=True, track_running_stats=True)
          (1): PReLU(num_parameters=1)
        )
      )
      (W_k1_t3): GeneralLayer(
        (layer): GCNConv(
          (model): GCNConv(256, 256)
        )
        (post_layer): Sequential(
          (0): BatchNorm1d(256, eps=1e-05, momentum=0.1, affine=True, track_running_stats=True)
          (1): PReLU(num_parameters=1)
        )
      )
      (W_k2_t3): GeneralLayer(
        (layer): GCNConv(
          (model): GCNConv(256, 256)
        )
        (post_layer): Sequential(
          (0): BatchNorm1d(256, eps=1e-05, momentum=0.1, affine=True, track_running_stats=True)
          (1): PReLU(num_parameters=1)
        )
      )
      (W_k3_t3): GeneralLayer(
        (layer): GCNConv(
          (model): GCNConv(256, 256)
        )
        (post_layer): Sequential(
          (0): BatchNorm1d(256, eps=1e-05, momentum=0.1, affine=True, track_running_stats=True)
          (1): PReLU(num_parameters=1)
        )
      )
      (W_k4_t3): GeneralLayer(
        (layer): GCNConv(
          (model): GCNConv(256, 256)
        )
        (post_layer): Sequential(
          (0): BatchNorm1d(256, eps=1e-05, momentum=0.1, affine=True, track_running_stats=True)
          (1): PReLU(num_parameters=1)
        )
      )
      (W_k1_t4): GeneralLayer(
        (layer): GCNConv(
          (model): GCNConv(256, 256)
        )
        (post_layer): Sequential(
          (0): BatchNorm1d(256, eps=1e-05, momentum=0.1, affine=True, track_running_stats=True)
          (1): PReLU(num_parameters=1)
        )
      )
      (W_k2_t4): GeneralLayer(
        (layer): GCNConv(
          (model): GCNConv(256, 256)
        )
        (post_layer): Sequential(
          (0): BatchNorm1d(256, eps=1e-05, momentum=0.1, affine=True, track_running_stats=True)
          (1): PReLU(num_parameters=1)
        )
      )
      (W_k3_t4): GeneralLayer(
        (layer): GCNConv(
          (model): GCNConv(256, 256)
        )
        (post_layer): Sequential(
          (0): BatchNorm1d(256, eps=1e-05, momentum=0.1, affine=True, track_running_stats=True)
          (1): PReLU(num_parameters=1)
        )
      )
      (W_k4_t4): GeneralLayer(
        (layer): GCNConv(
          (model): GCNConv(256, 256)
        )
        (post_layer): Sequential(
          (0): BatchNorm1d(256, eps=1e-05, momentum=0.1, affine=True, track_running_stats=True)
          (1): PReLU(num_parameters=1)
        )
      )
      (W_k5_t4): GeneralLayer(
        (layer): GCNConv(
          (model): GCNConv(256, 256)
        )
        (post_layer): Sequential(
          (0): BatchNorm1d(256, eps=1e-05, momentum=0.1, affine=True, track_running_stats=True)
          (1): PReLU(num_parameters=1)
        )
      )
    )
    (post_mp): GNNNodeHead(
      (layer_post_mp): MLP(
        (model): Sequential(
          (0): Linear(
            (model): Linear(256, 7, bias=True)
          )
        )
      )
    )
  )
)
accelerator: cuda
benchmark: False
bn:
  eps: 1e-05
  mom: 0.1
cfg_dest: config.yaml
custom_metrics: []
dataset:
  cache_load: False
  cache_save: False
  dir: ./datasets
  edge_dim: 128
  edge_encoder: False
  edge_encoder_bn: True
  edge_encoder_name: Bond
  edge_message_ratio: 0.8
  edge_negative_sampling_ratio: 1.0
  edge_train_mode: all
  encoder: True
  encoder_bn: True
  encoder_dim: 128
  encoder_name: db
  format: PyG
  label_column: none
  label_table: none
  location: local
  name: Cora
  node_encoder: False
  node_encoder_bn: True
  node_encoder_name: Atom
  remove_feature: False
  resample_disjoint: False
  resample_negative: False
  shuffle_split: True
  split: [0.8, 0.2]
  split_mode: random
  task: node
  task_type: classification
  to_undirected: False
  transductive: True
  transform: none
  tu_simple: True
delay:
  max_k: 5
devices: None
gnn:
  act: prelu
  agg: add
  att_final_linear: False
  att_final_linear_bn: False
  att_heads: 1
  batchnorm: True
  clear_feature: True
  dim_inner: 256
  dropout: 0.0
  head: node
  keep_edge: 0.5
  l2norm: True
  layer_type: my_gcnconv
  layers_mp: 5
  layers_post_mp: 1
  layers_pre_mp: 1
  msg_direction: single
  normalize_adj: False
  self_msg: concat
  skip_every: 1
  stage_type: delay_gnn
gpu_mem: False
mem:
  inplace: False
metric_agg: argmax
metric_best: auto
model:
  edge_decoding: dot
  graph_pooling: add
  loss_fun: cross_entropy
  match_upper: True
  size_average: mean
  thresh: 0.5
  type: gnn
num_threads: 6
num_workers: 0
optim:
  base_lr: 0.01
  lr_decay: 0.1
  max_epoch: 100
  momentum: 0.9
  optimizer: adam
  scheduler: cos
  steps: [30, 60, 90]
  weight_decay: 0.0005
out_dir: my_results/Cora_D_05MP
print: both
round: 4
run_dir: my_results/Cora_D_05MP/0
seed: 1
share:
  dim_in: 1433
  dim_out: 7
  num_splits: 3
  num_tasks: 1
tensorboard_agg: True
tensorboard_each_run: True
train:
  auto_resume: False
  batch_size: 32
  ckpt_clean: True
  ckpt_period: 100
  enable_ckpt: True
  epoch_resume: -1
  eval_period: 20
  iter_per_epoch: 32
  neighbor_sizes: [20, 15, 10, 5]
  node_per_graph: 32
  radius: extend
  sample_node: False
  sampler: full_batch
  skip_train_eval: False
  walk_length: 4
val:
  node_per_graph: 32
  radius: extend
  sample_node: False
  sampler: full_batch
view_emb: False
Num parameters: 1359895
val: {'epoch': 0, 'loss': 1.9382, 'lr': 0.01, 'params': 1359895, 'time_iter': 1.2517, 'accuracy': 0.118}
val: {'epoch': 0, 'loss': 1.8921, 'lr': 0.01, 'params': 1359895, 'time_iter': 0.3678, 'accuracy': 0.44}
train: {'epoch': 0, 'eta': 48.4466, 'loss': 1.9471, 'lr': 0.01, 'params': 1359895, 'time_iter': 0.4894, 'accuracy': 0.0857}
val: {'epoch': 1, 'loss': 1.7918, 'lr': 0.01, 'params': 1359895, 'time_iter': 0.3664, 'accuracy': 0.542}
train: {'epoch': 1, 'eta': 46.8604, 'loss': 1.7825, 'lr': 0.01, 'params': 1359895, 'time_iter': 0.467, 'accuracy': 0.8071}
val: {'epoch': 2, 'loss': 1.7106, 'lr': 0.01, 'params': 1359895, 'time_iter': 0.368, 'accuracy': 0.646}
train: {'epoch': 2, 'eta': 46.1521, 'loss': 1.647, 'lr': 0.01, 'params': 1359895, 'time_iter': 0.471, 'accuracy': 0.85}
val: {'epoch': 3, 'loss': 1.6492, 'lr': 0.01, 'params': 1359895, 'time_iter': 0.3619, 'accuracy': 0.7}
train: {'epoch': 3, 'eta': 45.4234, 'loss': 1.5531, 'lr': 0.01, 'params': 1359895, 'time_iter': 0.4653, 'accuracy': 0.8929}
val: {'epoch': 4, 'loss': 1.6038, 'lr': 0.0099, 'params': 1359895, 'time_iter': 0.3637, 'accuracy': 0.732}
train: {'epoch': 4, 'eta': 44.9017, 'loss': 1.4632, 'lr': 0.0099, 'params': 1359895, 'time_iter': 0.4706, 'accuracy': 0.9286}
val: {'epoch': 5, 'loss': 1.5642, 'lr': 0.0099, 'params': 1359895, 'time_iter': 0.3643, 'accuracy': 0.734}
train: {'epoch': 5, 'eta': 44.3381, 'loss': 1.3738, 'lr': 0.0099, 'params': 1359895, 'time_iter': 0.4668, 'accuracy': 0.9357}
val: {'epoch': 6, 'loss': 1.5267, 'lr': 0.0099, 'params': 1359895, 'time_iter': 0.364, 'accuracy': 0.726}
train: {'epoch': 6, 'eta': 43.8116, 'loss': 1.2839, 'lr': 0.0099, 'params': 1359895, 'time_iter': 0.4676, 'accuracy': 0.9429}
val: {'epoch': 7, 'loss': 1.4973, 'lr': 0.0098, 'params': 1359895, 'time_iter': 0.3622, 'accuracy': 0.726}
train: {'epoch': 7, 'eta': 43.2736, 'loss': 1.1928, 'lr': 0.0098, 'params': 1359895, 'time_iter': 0.4653, 'accuracy': 0.9786}
val: {'epoch': 8, 'loss': 1.4751, 'lr': 0.0098, 'params': 1359895, 'time_iter': 0.3673, 'accuracy': 0.718}
train: {'epoch': 8, 'eta': 42.8323, 'loss': 1.1026, 'lr': 0.0098, 'params': 1359895, 'time_iter': 0.4732, 'accuracy': 0.9929}
val: {'epoch': 9, 'loss': 1.4492, 'lr': 0.0098, 'params': 1359895, 'time_iter': 0.3643, 'accuracy': 0.716}
train: {'epoch': 9, 'eta': 42.3452, 'loss': 1.0161, 'lr': 0.0098, 'params': 1359895, 'time_iter': 0.4689, 'accuracy': 0.9929}
val: {'epoch': 10, 'loss': 1.4226, 'lr': 0.0097, 'params': 1359895, 'time_iter': 0.3649, 'accuracy': 0.722}
train: {'epoch': 10, 'eta': 41.8362, 'loss': 0.9338, 'lr': 0.0097, 'params': 1359895, 'time_iter': 0.4657, 'accuracy': 0.9929}
val: {'epoch': 11, 'loss': 1.338, 'lr': 0.0096, 'params': 1359895, 'time_iter': 0.364, 'accuracy': 0.738}
train: {'epoch': 11, 'eta': 41.3534, 'loss': 0.8659, 'lr': 0.0096, 'params': 1359895, 'time_iter': 0.4683, 'accuracy': 0.9929}
val: {'epoch': 12, 'loss': 1.2894, 'lr': 0.0096, 'params': 1359895, 'time_iter': 0.3653, 'accuracy': 0.722}
train: {'epoch': 12, 'eta': 40.8685, 'loss': 0.804, 'lr': 0.0096, 'params': 1359895, 'time_iter': 0.4677, 'accuracy': 0.9929}
val: {'epoch': 13, 'loss': 1.2933, 'lr': 0.0095, 'params': 1359895, 'time_iter': 0.3658, 'accuracy': 0.704}
train: {'epoch': 13, 'eta': 40.4281, 'loss': 0.7305, 'lr': 0.0095, 'params': 1359895, 'time_iter': 0.4745, 'accuracy': 0.9929}
val: {'epoch': 14, 'loss': 1.1851, 'lr': 0.0095, 'params': 1359895, 'time_iter': 0.3629, 'accuracy': 0.738}
train: {'epoch': 14, 'eta': 39.9518, 'loss': 0.666, 'lr': 0.0095, 'params': 1359895, 'time_iter': 0.469, 'accuracy': 1.0}
val: {'epoch': 15, 'loss': 1.1379, 'lr': 0.0094, 'params': 1359895, 'time_iter': 0.3689, 'accuracy': 0.742}
train: {'epoch': 15, 'eta': 39.4569, 'loss': 0.6033, 'lr': 0.0094, 'params': 1359895, 'time_iter': 0.4653, 'accuracy': 1.0}
val: {'epoch': 16, 'loss': 1.1285, 'lr': 0.0093, 'params': 1359895, 'time_iter': 0.3636, 'accuracy': 0.72}
train: {'epoch': 16, 'eta': 38.9886, 'loss': 0.5477, 'lr': 0.0093, 'params': 1359895, 'time_iter': 0.47, 'accuracy': 1.0}
val: {'epoch': 17, 'loss': 1.1122, 'lr': 0.0092, 'params': 1359895, 'time_iter': 0.3634, 'accuracy': 0.718}
train: {'epoch': 17, 'eta': 38.4982, 'loss': 0.4973, 'lr': 0.0092, 'params': 1359895, 'time_iter': 0.4652, 'accuracy': 1.0}
val: {'epoch': 18, 'loss': 1.082, 'lr': 0.0091, 'params': 1359895, 'time_iter': 0.3631, 'accuracy': 0.724}
train: {'epoch': 18, 'eta': 38.0117, 'loss': 0.4507, 'lr': 0.0091, 'params': 1359895, 'time_iter': 0.4655, 'accuracy': 1.0}
val: {'epoch': 19, 'loss': 1.059, 'lr': 0.009, 'params': 1359895, 'time_iter': 0.3652, 'accuracy': 0.724}
train: {'epoch': 19, 'eta': 37.5399, 'loss': 0.4096, 'lr': 0.009, 'params': 1359895, 'time_iter': 0.4687, 'accuracy': 1.0}
val: {'epoch': 20, 'loss': 1.0414, 'lr': 0.009, 'params': 1359895, 'time_iter': 0.3651, 'accuracy': 0.72}
train: {'epoch': 20, 'eta': 37.0673, 'loss': 0.3723, 'lr': 0.009, 'params': 1359895, 'time_iter': 0.4683, 'accuracy': 1.0}
val: {'epoch': 21, 'loss': 1.023, 'lr': 0.0089, 'params': 1359895, 'time_iter': 0.3641, 'accuracy': 0.706}
train: {'epoch': 21, 'eta': 36.5938, 'loss': 0.3393, 'lr': 0.0089, 'params': 1359895, 'time_iter': 0.468, 'accuracy': 1.0}
val: {'epoch': 22, 'loss': 1.014, 'lr': 0.0088, 'params': 1359895, 'time_iter': 0.3651, 'accuracy': 0.71}
train: {'epoch': 22, 'eta': 36.1219, 'loss': 0.3093, 'lr': 0.0088, 'params': 1359895, 'time_iter': 0.4683, 'accuracy': 1.0}
val: {'epoch': 23, 'loss': 1.0082, 'lr': 0.0086, 'params': 1359895, 'time_iter': 0.363, 'accuracy': 0.702}
train: {'epoch': 23, 'eta': 35.6445, 'loss': 0.2829, 'lr': 0.0086, 'params': 1359895, 'time_iter': 0.4665, 'accuracy': 1.0}
val: {'epoch': 24, 'loss': 1.0011, 'lr': 0.0085, 'params': 1359895, 'time_iter': 0.3635, 'accuracy': 0.698}
train: {'epoch': 24, 'eta': 35.163, 'loss': 0.2594, 'lr': 0.0085, 'params': 1359895, 'time_iter': 0.4648, 'accuracy': 1.0}
val: {'epoch': 25, 'loss': 1.0115, 'lr': 0.0084, 'params': 1359895, 'time_iter': 0.3634, 'accuracy': 0.696}
train: {'epoch': 25, 'eta': 34.6863, 'loss': 0.2382, 'lr': 0.0084, 'params': 1359895, 'time_iter': 0.4661, 'accuracy': 1.0}
val: {'epoch': 26, 'loss': 1.0242, 'lr': 0.0083, 'params': 1359895, 'time_iter': 0.3634, 'accuracy': 0.694}
train: {'epoch': 26, 'eta': 34.2071, 'loss': 0.2199, 'lr': 0.0083, 'params': 1359895, 'time_iter': 0.4649, 'accuracy': 1.0}
val: {'epoch': 27, 'loss': 1.0202, 'lr': 0.0082, 'params': 1359895, 'time_iter': 0.3718, 'accuracy': 0.7}
train: {'epoch': 27, 'eta': 33.7293, 'loss': 0.2035, 'lr': 0.0082, 'params': 1359895, 'time_iter': 0.465, 'accuracy': 1.0}
val: {'epoch': 28, 'loss': 1.0267, 'lr': 0.0081, 'params': 1359895, 'time_iter': 0.3637, 'accuracy': 0.692}
train: {'epoch': 28, 'eta': 33.2529, 'loss': 0.1906, 'lr': 0.0081, 'params': 1359895, 'time_iter': 0.4652, 'accuracy': 1.0}
val: {'epoch': 29, 'loss': 1.0154, 'lr': 0.0079, 'params': 1359895, 'time_iter': 0.3638, 'accuracy': 0.708}
train: {'epoch': 29, 'eta': 32.7832, 'loss': 0.1826, 'lr': 0.0079, 'params': 1359895, 'time_iter': 0.4678, 'accuracy': 1.0}
val: {'epoch': 30, 'loss': 0.9687, 'lr': 0.0078, 'params': 1359895, 'time_iter': 0.3652, 'accuracy': 0.732}
train: {'epoch': 30, 'eta': 32.3328, 'loss': 0.1801, 'lr': 0.0078, 'params': 1359895, 'time_iter': 0.4764, 'accuracy': 1.0}
val: {'epoch': 31, 'loss': 0.9877, 'lr': 0.0077, 'params': 1359895, 'time_iter': 0.3659, 'accuracy': 0.722}
train: {'epoch': 31, 'eta': 31.8717, 'loss': 0.2341, 'lr': 0.0077, 'params': 1359895, 'time_iter': 0.4721, 'accuracy': 0.9786}
val: {'epoch': 32, 'loss': 0.9405, 'lr': 0.0075, 'params': 1359895, 'time_iter': 0.3614, 'accuracy': 0.736}
train: {'epoch': 32, 'eta': 31.3978, 'loss': 0.2137, 'lr': 0.0075, 'params': 1359895, 'time_iter': 0.4661, 'accuracy': 0.9714}
val: {'epoch': 33, 'loss': 0.9876, 'lr': 0.0074, 'params': 1359895, 'time_iter': 0.3621, 'accuracy': 0.704}
train: {'epoch': 33, 'eta': 30.9243, 'loss': 0.1911, 'lr': 0.0074, 'params': 1359895, 'time_iter': 0.4661, 'accuracy': 0.9857}
val: {'epoch': 34, 'loss': 1.0376, 'lr': 0.0073, 'params': 1359895, 'time_iter': 0.3637, 'accuracy': 0.68}
train: {'epoch': 34, 'eta': 30.4519, 'loss': 0.1769, 'lr': 0.0073, 'params': 1359895, 'time_iter': 0.4665, 'accuracy': 0.9929}
val: {'epoch': 35, 'loss': 1.0602, 'lr': 0.0071, 'params': 1359895, 'time_iter': 0.3636, 'accuracy': 0.648}
train: {'epoch': 35, 'eta': 29.9809, 'loss': 0.1505, 'lr': 0.0071, 'params': 1359895, 'time_iter': 0.4671, 'accuracy': 1.0}
val: {'epoch': 36, 'loss': 1.0128, 'lr': 0.007, 'params': 1359895, 'time_iter': 0.3641, 'accuracy': 0.678}
train: {'epoch': 36, 'eta': 29.5094, 'loss': 0.1411, 'lr': 0.007, 'params': 1359895, 'time_iter': 0.4667, 'accuracy': 1.0}
val: {'epoch': 37, 'loss': 0.9785, 'lr': 0.0068, 'params': 1359895, 'time_iter': 0.3643, 'accuracy': 0.69}
train: {'epoch': 37, 'eta': 29.0415, 'loss': 0.1291, 'lr': 0.0068, 'params': 1359895, 'time_iter': 0.4687, 'accuracy': 1.0}
val: {'epoch': 38, 'loss': 0.9634, 'lr': 0.0067, 'params': 1359895, 'time_iter': 0.3641, 'accuracy': 0.704}
train: {'epoch': 38, 'eta': 28.57, 'loss': 0.12, 'lr': 0.0067, 'params': 1359895, 'time_iter': 0.4664, 'accuracy': 1.0}
val: {'epoch': 39, 'loss': 0.9581, 'lr': 0.0065, 'params': 1359895, 'time_iter': 0.3623, 'accuracy': 0.716}
train: {'epoch': 39, 'eta': 28.0989, 'loss': 0.1131, 'lr': 0.0065, 'params': 1359895, 'time_iter': 0.4666, 'accuracy': 1.0}
val: {'epoch': 40, 'loss': 0.9531, 'lr': 0.0064, 'params': 1359895, 'time_iter': 0.3677, 'accuracy': 0.716}
train: {'epoch': 40, 'eta': 27.6325, 'loss': 0.1071, 'lr': 0.0064, 'params': 1359895, 'time_iter': 0.4697, 'accuracy': 1.0}
val: {'epoch': 41, 'loss': 0.9464, 'lr': 0.0062, 'params': 1359895, 'time_iter': 0.3666, 'accuracy': 0.718}
train: {'epoch': 41, 'eta': 27.1599, 'loss': 0.1019, 'lr': 0.0062, 'params': 1359895, 'time_iter': 0.4652, 'accuracy': 1.0}
val: {'epoch': 42, 'loss': 0.9373, 'lr': 0.0061, 'params': 1359895, 'time_iter': 0.3679, 'accuracy': 0.724}
train: {'epoch': 42, 'eta': 26.6911, 'loss': 0.0974, 'lr': 0.0061, 'params': 1359895, 'time_iter': 0.4679, 'accuracy': 1.0}
val: {'epoch': 43, 'loss': 0.9254, 'lr': 0.0059, 'params': 1359895, 'time_iter': 0.3647, 'accuracy': 0.732}
train: {'epoch': 43, 'eta': 26.2221, 'loss': 0.0934, 'lr': 0.0059, 'params': 1359895, 'time_iter': 0.4677, 'accuracy': 1.0}
val: {'epoch': 44, 'loss': 0.9128, 'lr': 0.0058, 'params': 1359895, 'time_iter': 0.363, 'accuracy': 0.736}
train: {'epoch': 44, 'eta': 25.751, 'loss': 0.0899, 'lr': 0.0058, 'params': 1359895, 'time_iter': 0.4659, 'accuracy': 1.0}
val: {'epoch': 45, 'loss': 0.9019, 'lr': 0.0056, 'params': 1359895, 'time_iter': 0.3658, 'accuracy': 0.734}
train: {'epoch': 45, 'eta': 25.2818, 'loss': 0.0867, 'lr': 0.0056, 'params': 1359895, 'time_iter': 0.4673, 'accuracy': 1.0}
val: {'epoch': 46, 'loss': 0.8943, 'lr': 0.0055, 'params': 1359895, 'time_iter': 0.3644, 'accuracy': 0.74}
train: {'epoch': 46, 'eta': 24.816, 'loss': 0.0838, 'lr': 0.0055, 'params': 1359895, 'time_iter': 0.4703, 'accuracy': 1.0}
val: {'epoch': 47, 'loss': 0.8897, 'lr': 0.0053, 'params': 1359895, 'time_iter': 0.3645, 'accuracy': 0.742}
train: {'epoch': 47, 'eta': 24.3456, 'loss': 0.0812, 'lr': 0.0053, 'params': 1359895, 'time_iter': 0.4663, 'accuracy': 1.0}
val: {'epoch': 48, 'loss': 0.887, 'lr': 0.0052, 'params': 1359895, 'time_iter': 0.3641, 'accuracy': 0.742}
train: {'epoch': 48, 'eta': 23.876, 'loss': 0.0789, 'lr': 0.0052, 'params': 1359895, 'time_iter': 0.4667, 'accuracy': 1.0}
val: {'epoch': 49, 'loss': 0.8853, 'lr': 0.005, 'params': 1359895, 'time_iter': 0.364, 'accuracy': 0.744}
train: {'epoch': 49, 'eta': 23.4085, 'loss': 0.0768, 'lr': 0.005, 'params': 1359895, 'time_iter': 0.4688, 'accuracy': 1.0}
val: {'epoch': 50, 'loss': 0.8835, 'lr': 0.0048, 'params': 1359895, 'time_iter': 0.3643, 'accuracy': 0.744}
train: {'epoch': 50, 'eta': 22.9444, 'loss': 0.0749, 'lr': 0.0048, 'params': 1359895, 'time_iter': 0.4724, 'accuracy': 1.0}
val: {'epoch': 51, 'loss': 0.8813, 'lr': 0.0047, 'params': 1359895, 'time_iter': 0.3658, 'accuracy': 0.744}
train: {'epoch': 51, 'eta': 22.4778, 'loss': 0.0731, 'lr': 0.0047, 'params': 1359895, 'time_iter': 0.4701, 'accuracy': 1.0}
val: {'epoch': 52, 'loss': 0.8784, 'lr': 0.0045, 'params': 1359895, 'time_iter': 0.3629, 'accuracy': 0.744}
train: {'epoch': 52, 'eta': 22.0064, 'loss': 0.0715, 'lr': 0.0045, 'params': 1359895, 'time_iter': 0.4647, 'accuracy': 1.0}
val: {'epoch': 53, 'loss': 0.8751, 'lr': 0.0044, 'params': 1359895, 'time_iter': 0.3638, 'accuracy': 0.746}
train: {'epoch': 53, 'eta': 21.5378, 'loss': 0.0701, 'lr': 0.0044, 'params': 1359895, 'time_iter': 0.4678, 'accuracy': 1.0}
val: {'epoch': 54, 'loss': 0.8734, 'lr': 0.0042, 'params': 1359895, 'time_iter': 0.3642, 'accuracy': 0.744}
train: {'epoch': 54, 'eta': 21.0697, 'loss': 0.0688, 'lr': 0.0042, 'params': 1359895, 'time_iter': 0.4683, 'accuracy': 1.0}
val: {'epoch': 55, 'loss': 0.8731, 'lr': 0.0041, 'params': 1359895, 'time_iter': 0.3637, 'accuracy': 0.744}
train: {'epoch': 55, 'eta': 20.6014, 'loss': 0.0676, 'lr': 0.0041, 'params': 1359895, 'time_iter': 0.4682, 'accuracy': 1.0}
val: {'epoch': 56, 'loss': 0.8738, 'lr': 0.0039, 'params': 1359895, 'time_iter': 0.3641, 'accuracy': 0.748}
train: {'epoch': 56, 'eta': 20.1347, 'loss': 0.0665, 'lr': 0.0039, 'params': 1359895, 'time_iter': 0.4702, 'accuracy': 1.0}
val: {'epoch': 57, 'loss': 0.8754, 'lr': 0.0038, 'params': 1359895, 'time_iter': 0.366, 'accuracy': 0.75}
train: {'epoch': 57, 'eta': 19.6678, 'loss': 0.0655, 'lr': 0.0038, 'params': 1359895, 'time_iter': 0.4702, 'accuracy': 1.0}
val: {'epoch': 58, 'loss': 0.8775, 'lr': 0.0036, 'params': 1359895, 'time_iter': 0.3654, 'accuracy': 0.744}
train: {'epoch': 58, 'eta': 19.1989, 'loss': 0.0645, 'lr': 0.0036, 'params': 1359895, 'time_iter': 0.4674, 'accuracy': 1.0}
val: {'epoch': 59, 'loss': 0.8804, 'lr': 0.0035, 'params': 1359895, 'time_iter': 0.3633, 'accuracy': 0.744}
train: {'epoch': 59, 'eta': 18.7323, 'loss': 0.0637, 'lr': 0.0035, 'params': 1359895, 'time_iter': 0.4707, 'accuracy': 1.0}
val: {'epoch': 60, 'loss': 0.8837, 'lr': 0.0033, 'params': 1359895, 'time_iter': 0.3631, 'accuracy': 0.748}
train: {'epoch': 60, 'eta': 18.2631, 'loss': 0.0629, 'lr': 0.0033, 'params': 1359895, 'time_iter': 0.467, 'accuracy': 1.0}
val: {'epoch': 61, 'loss': 0.8872, 'lr': 0.0032, 'params': 1359895, 'time_iter': 0.3634, 'accuracy': 0.746}
train: {'epoch': 61, 'eta': 17.7927, 'loss': 0.0622, 'lr': 0.0032, 'params': 1359895, 'time_iter': 0.4648, 'accuracy': 1.0}
val: {'epoch': 62, 'loss': 0.8905, 'lr': 0.003, 'params': 1359895, 'time_iter': 0.3632, 'accuracy': 0.744}
train: {'epoch': 62, 'eta': 17.3236, 'loss': 0.0615, 'lr': 0.003, 'params': 1359895, 'time_iter': 0.4667, 'accuracy': 1.0}
val: {'epoch': 63, 'loss': 0.8935, 'lr': 0.0029, 'params': 1359895, 'time_iter': 0.3625, 'accuracy': 0.74}
train: {'epoch': 63, 'eta': 16.8551, 'loss': 0.0609, 'lr': 0.0029, 'params': 1359895, 'time_iter': 0.4677, 'accuracy': 1.0}
val: {'epoch': 64, 'loss': 0.896, 'lr': 0.0027, 'params': 1359895, 'time_iter': 0.3628, 'accuracy': 0.738}
train: {'epoch': 64, 'eta': 16.3862, 'loss': 0.0603, 'lr': 0.0027, 'params': 1359895, 'time_iter': 0.4669, 'accuracy': 1.0}
val: {'epoch': 65, 'loss': 0.8981, 'lr': 0.0026, 'params': 1359895, 'time_iter': 0.3641, 'accuracy': 0.736}
train: {'epoch': 65, 'eta': 15.9226, 'loss': 0.0598, 'lr': 0.0026, 'params': 1359895, 'time_iter': 0.4769, 'accuracy': 1.0}
val: {'epoch': 66, 'loss': 0.8999, 'lr': 0.0025, 'params': 1359895, 'time_iter': 0.3647, 'accuracy': 0.736}
train: {'epoch': 66, 'eta': 15.4539, 'loss': 0.0593, 'lr': 0.0025, 'params': 1359895, 'time_iter': 0.4675, 'accuracy': 1.0}
val: {'epoch': 67, 'loss': 0.9011, 'lr': 0.0023, 'params': 1359895, 'time_iter': 0.3652, 'accuracy': 0.738}
train: {'epoch': 67, 'eta': 14.9858, 'loss': 0.0588, 'lr': 0.0023, 'params': 1359895, 'time_iter': 0.4687, 'accuracy': 1.0}
val: {'epoch': 68, 'loss': 0.9018, 'lr': 0.0022, 'params': 1359895, 'time_iter': 0.3635, 'accuracy': 0.738}
train: {'epoch': 68, 'eta': 14.5169, 'loss': 0.0584, 'lr': 0.0022, 'params': 1359895, 'time_iter': 0.467, 'accuracy': 1.0}
val: {'epoch': 69, 'loss': 0.902, 'lr': 0.0021, 'params': 1359895, 'time_iter': 0.3656, 'accuracy': 0.74}
train: {'epoch': 69, 'eta': 14.0483, 'loss': 0.058, 'lr': 0.0021, 'params': 1359895, 'time_iter': 0.4677, 'accuracy': 1.0}
val: {'epoch': 70, 'loss': 0.9018, 'lr': 0.0019, 'params': 1359895, 'time_iter': 0.3642, 'accuracy': 0.74}
train: {'epoch': 70, 'eta': 13.5797, 'loss': 0.0576, 'lr': 0.0019, 'params': 1359895, 'time_iter': 0.4674, 'accuracy': 1.0}
val: {'epoch': 71, 'loss': 0.9013, 'lr': 0.0018, 'params': 1359895, 'time_iter': 0.3679, 'accuracy': 0.74}
train: {'epoch': 71, 'eta': 13.1114, 'loss': 0.0573, 'lr': 0.0018, 'params': 1359895, 'time_iter': 0.4681, 'accuracy': 1.0}
val: {'epoch': 72, 'loss': 0.9007, 'lr': 0.0017, 'params': 1359895, 'time_iter': 0.3643, 'accuracy': 0.742}
train: {'epoch': 72, 'eta': 12.6433, 'loss': 0.0569, 'lr': 0.0017, 'params': 1359895, 'time_iter': 0.4687, 'accuracy': 1.0}
val: {'epoch': 73, 'loss': 0.9002, 'lr': 0.0016, 'params': 1359895, 'time_iter': 0.3641, 'accuracy': 0.742}
train: {'epoch': 73, 'eta': 12.175, 'loss': 0.0566, 'lr': 0.0016, 'params': 1359895, 'time_iter': 0.4683, 'accuracy': 1.0}
val: {'epoch': 74, 'loss': 0.8997, 'lr': 0.0015, 'params': 1359895, 'time_iter': 0.3657, 'accuracy': 0.742}
train: {'epoch': 74, 'eta': 11.7066, 'loss': 0.0564, 'lr': 0.0015, 'params': 1359895, 'time_iter': 0.4678, 'accuracy': 1.0}
val: {'epoch': 75, 'loss': 0.8994, 'lr': 0.0014, 'params': 1359895, 'time_iter': 0.3653, 'accuracy': 0.744}
train: {'epoch': 75, 'eta': 11.2385, 'loss': 0.0561, 'lr': 0.0014, 'params': 1359895, 'time_iter': 0.469, 'accuracy': 1.0}
val: {'epoch': 76, 'loss': 0.8994, 'lr': 0.0012, 'params': 1359895, 'time_iter': 0.3652, 'accuracy': 0.744}
train: {'epoch': 76, 'eta': 10.7706, 'loss': 0.0559, 'lr': 0.0012, 'params': 1359895, 'time_iter': 0.4692, 'accuracy': 1.0}
val: {'epoch': 77, 'loss': 0.8992, 'lr': 0.0011, 'params': 1359895, 'time_iter': 0.3668, 'accuracy': 0.742}
train: {'epoch': 77, 'eta': 10.3021, 'loss': 0.0557, 'lr': 0.0011, 'params': 1359895, 'time_iter': 0.4677, 'accuracy': 1.0}
val: {'epoch': 78, 'loss': 0.8987, 'lr': 0.001, 'params': 1359895, 'time_iter': 0.3646, 'accuracy': 0.742}
train: {'epoch': 78, 'eta': 9.8351, 'loss': 0.0555, 'lr': 0.001, 'params': 1359895, 'time_iter': 0.4731, 'accuracy': 1.0}
val: {'epoch': 79, 'loss': 0.8981, 'lr': 0.001, 'params': 1359895, 'time_iter': 0.3657, 'accuracy': 0.74}
train: {'epoch': 79, 'eta': 9.3683, 'loss': 0.0553, 'lr': 0.001, 'params': 1359895, 'time_iter': 0.4744, 'accuracy': 1.0}
val: {'epoch': 80, 'loss': 0.8974, 'lr': 0.0009, 'params': 1359895, 'time_iter': 0.3653, 'accuracy': 0.74}
train: {'epoch': 80, 'eta': 8.8998, 'loss': 0.0551, 'lr': 0.0009, 'params': 1359895, 'time_iter': 0.4681, 'accuracy': 1.0}
val: {'epoch': 81, 'loss': 0.8969, 'lr': 0.0008, 'params': 1359895, 'time_iter': 0.3667, 'accuracy': 0.74}
train: {'epoch': 81, 'eta': 8.431, 'loss': 0.055, 'lr': 0.0008, 'params': 1359895, 'time_iter': 0.4665, 'accuracy': 1.0}
val: {'epoch': 82, 'loss': 0.8966, 'lr': 0.0007, 'params': 1359895, 'time_iter': 0.3638, 'accuracy': 0.742}
train: {'epoch': 82, 'eta': 7.9622, 'loss': 0.0549, 'lr': 0.0007, 'params': 1359895, 'time_iter': 0.4663, 'accuracy': 1.0}
val: {'epoch': 83, 'loss': 0.8966, 'lr': 0.0006, 'params': 1359895, 'time_iter': 0.3663, 'accuracy': 0.742}
train: {'epoch': 83, 'eta': 7.4938, 'loss': 0.0548, 'lr': 0.0006, 'params': 1359895, 'time_iter': 0.4685, 'accuracy': 1.0}
val: {'epoch': 84, 'loss': 0.897, 'lr': 0.0005, 'params': 1359895, 'time_iter': 0.3664, 'accuracy': 0.74}
train: {'epoch': 84, 'eta': 7.0255, 'loss': 0.0547, 'lr': 0.0005, 'params': 1359895, 'time_iter': 0.4688, 'accuracy': 1.0}
val: {'epoch': 85, 'loss': 0.8977, 'lr': 0.0005, 'params': 1359895, 'time_iter': 0.3646, 'accuracy': 0.744}
train: {'epoch': 85, 'eta': 6.5569, 'loss': 0.0546, 'lr': 0.0005, 'params': 1359895, 'time_iter': 0.4664, 'accuracy': 1.0}
val: {'epoch': 86, 'loss': 0.8987, 'lr': 0.0004, 'params': 1359895, 'time_iter': 0.3642, 'accuracy': 0.746}
train: {'epoch': 86, 'eta': 6.0886, 'loss': 0.0545, 'lr': 0.0004, 'params': 1359895, 'time_iter': 0.4688, 'accuracy': 1.0}
val: {'epoch': 87, 'loss': 0.9003, 'lr': 0.0004, 'params': 1359895, 'time_iter': 0.3638, 'accuracy': 0.748}
train: {'epoch': 87, 'eta': 5.6202, 'loss': 0.0544, 'lr': 0.0004, 'params': 1359895, 'time_iter': 0.4681, 'accuracy': 1.0}
val: {'epoch': 88, 'loss': 0.9023, 'lr': 0.0003, 'params': 1359895, 'time_iter': 0.3626, 'accuracy': 0.75}
train: {'epoch': 88, 'eta': 5.1516, 'loss': 0.0544, 'lr': 0.0003, 'params': 1359895, 'time_iter': 0.4661, 'accuracy': 1.0}
val: {'epoch': 89, 'loss': 0.9048, 'lr': 0.0002, 'params': 1359895, 'time_iter': 0.3644, 'accuracy': 0.748}
train: {'epoch': 89, 'eta': 4.683, 'loss': 0.0543, 'lr': 0.0002, 'params': 1359895, 'time_iter': 0.4664, 'accuracy': 1.0}
val: {'epoch': 90, 'loss': 0.9079, 'lr': 0.0002, 'params': 1359895, 'time_iter': 0.3663, 'accuracy': 0.748}
train: {'epoch': 90, 'eta': 4.2145, 'loss': 0.0543, 'lr': 0.0002, 'params': 1359895, 'time_iter': 0.4656, 'accuracy': 1.0}
val: {'epoch': 91, 'loss': 0.9115, 'lr': 0.0002, 'params': 1359895, 'time_iter': 0.3651, 'accuracy': 0.746}
train: {'epoch': 91, 'eta': 3.746, 'loss': 0.0542, 'lr': 0.0002, 'params': 1359895, 'time_iter': 0.4665, 'accuracy': 1.0}
val: {'epoch': 92, 'loss': 0.9156, 'lr': 0.0001, 'params': 1359895, 'time_iter': 0.3669, 'accuracy': 0.744}
train: {'epoch': 92, 'eta': 3.2778, 'loss': 0.0542, 'lr': 0.0001, 'params': 1359895, 'time_iter': 0.4686, 'accuracy': 1.0}
val: {'epoch': 93, 'loss': 0.9198, 'lr': 0.0001, 'params': 1359895, 'time_iter': 0.3628, 'accuracy': 0.742}
train: {'epoch': 93, 'eta': 2.8096, 'loss': 0.0542, 'lr': 0.0001, 'params': 1359895, 'time_iter': 0.4686, 'accuracy': 1.0}
val: {'epoch': 94, 'loss': 0.9242, 'lr': 0.0001, 'params': 1359895, 'time_iter': 0.3667, 'accuracy': 0.74}
train: {'epoch': 94, 'eta': 2.3417, 'loss': 0.0542, 'lr': 0.0001, 'params': 1359895, 'time_iter': 0.4764, 'accuracy': 1.0}
val: {'epoch': 95, 'loss': 0.9287, 'lr': 0.0, 'params': 1359895, 'time_iter': 0.3686, 'accuracy': 0.74}
train: {'epoch': 95, 'eta': 1.8735, 'loss': 0.0542, 'lr': 0.0, 'params': 1359895, 'time_iter': 0.4712, 'accuracy': 1.0}
val: {'epoch': 96, 'loss': 0.933, 'lr': 0.0, 'params': 1359895, 'time_iter': 0.3679, 'accuracy': 0.74}
train: {'epoch': 96, 'eta': 1.4052, 'loss': 0.0541, 'lr': 0.0, 'params': 1359895, 'time_iter': 0.4711, 'accuracy': 1.0}
val: {'epoch': 97, 'loss': 0.9373, 'lr': 0.0, 'params': 1359895, 'time_iter': 0.3694, 'accuracy': 0.74}
train: {'epoch': 97, 'eta': 0.9369, 'loss': 0.0541, 'lr': 0.0, 'params': 1359895, 'time_iter': 0.4743, 'accuracy': 1.0}
val: {'epoch': 98, 'loss': 0.9414, 'lr': 0.0, 'params': 1359895, 'time_iter': 0.3648, 'accuracy': 0.736}
train: {'epoch': 98, 'eta': 0.4688, 'loss': 0.0541, 'lr': 0.0, 'params': 1359895, 'time_iter': 0.4992, 'accuracy': 1.0}
val: {'epoch': 99, 'loss': 0.9454, 'lr': 0.0, 'params': 1359895, 'time_iter': 0.3861, 'accuracy': 0.734}
train: {'epoch': 99, 'eta': 0.0, 'loss': 0.0541, 'lr': 0.0, 'params': 1359895, 'time_iter': 0.4714, 'accuracy': 1.0}
test: {'epoch': 100, 'loss': 0.9198, 'lr': 0.0, 'params': 1359895, 'time_iter': 0.3123, 'accuracy': 0.75}
