GraphGymModule(
  (model): GNN(
    (encoder): FeatureEncoder()
    (pre_mp): GeneralMultiLayer(
      (Layer_0): GeneralLayer(
        (layer): Linear(
          (model): Linear(1433, 256, bias=False)
        )
        (post_layer): Sequential(
          (0): BatchNorm1d(256, eps=1e-05, momentum=0.1, affine=True, track_running_stats=True)
          (1): PReLU(num_parameters=1)
        )
      )
    )
    (mp): GNNStackStage(
      (layer0): GeneralLayer(
        (layer): GCNConv(
          (model): GCNConv(256, 256)
        )
        (post_layer): Sequential(
          (0): BatchNorm1d(256, eps=1e-05, momentum=0.1, affine=True, track_running_stats=True)
          (1): PReLU(num_parameters=1)
        )
      )
      (layer1): GeneralLayer(
        (layer): GCNConv(
          (model): GCNConv(256, 256)
        )
        (post_layer): Sequential(
          (0): BatchNorm1d(256, eps=1e-05, momentum=0.1, affine=True, track_running_stats=True)
          (1): PReLU(num_parameters=1)
        )
      )
    )
    (post_mp): GNNNodeHead(
      (layer_post_mp): MLP(
        (model): Sequential(
          (0): Linear(
            (model): Linear(256, 7, bias=True)
          )
        )
      )
    )
  )
)
accelerator: cuda
benchmark: False
bn:
  eps: 1e-05
  mom: 0.1
cfg_dest: config.yaml
custom_metrics: []
dataset:
  cache_load: False
  cache_save: False
  dir: ./datasets
  edge_dim: 128
  edge_encoder: False
  edge_encoder_bn: True
  edge_encoder_name: Bond
  edge_message_ratio: 0.8
  edge_negative_sampling_ratio: 1.0
  edge_train_mode: all
  encoder: True
  encoder_bn: True
  encoder_dim: 128
  encoder_name: db
  format: PyG
  label_column: none
  label_table: none
  location: local
  name: Cora
  node_encoder: False
  node_encoder_bn: True
  node_encoder_name: Atom
  remove_feature: False
  resample_disjoint: False
  resample_negative: False
  shuffle_split: True
  split: [0.8, 0.2]
  split_mode: random
  task: node
  task_type: classification
  to_undirected: False
  transductive: True
  transform: none
  tu_simple: True
delay:
  max_k: 10
devices: None
gnn:
  act: prelu
  agg: add
  att_final_linear: False
  att_final_linear_bn: False
  att_heads: 1
  batchnorm: True
  clear_feature: True
  dim_inner: 256
  dropout: 0.0
  head: node
  keep_edge: 0.5
  l2norm: True
  layer_type: gcnconv
  layers_mp: 2
  layers_post_mp: 1
  layers_pre_mp: 1
  msg_direction: single
  normalize_adj: False
  self_msg: concat
  skip_every: 1
  stage_type: stack
gpu_mem: False
mem:
  inplace: False
metric_agg: argmax
metric_best: auto
model:
  edge_decoding: dot
  graph_pooling: add
  loss_fun: cross_entropy
  match_upper: True
  size_average: mean
  thresh: 0.5
  type: gnn
num_threads: 6
num_workers: 0
optim:
  base_lr: 0.01
  lr_decay: 0.1
  max_epoch: 100
  momentum: 0.9
  optimizer: adam
  scheduler: cos
  steps: [30, 60, 90]
  weight_decay: 0.0005
out_dir: my_results/Cora_V_02MP
params: 501258
print: both
round: 4
run_dir: my_results/Cora_V_02MP/1
seed: 2
share:
  dim_in: 1433
  dim_out: 7
  num_splits: 3
  num_tasks: 1
tensorboard_agg: True
tensorboard_each_run: True
train:
  auto_resume: False
  batch_size: 32
  ckpt_clean: True
  ckpt_period: 100
  enable_ckpt: True
  epoch_resume: -1
  eval_period: 20
  iter_per_epoch: 32
  neighbor_sizes: [20, 15, 10, 5]
  node_per_graph: 32
  radius: extend
  sample_node: False
  sampler: full_batch
  skip_train_eval: False
  walk_length: 4
val:
  node_per_graph: 32
  radius: extend
  sample_node: False
  sampler: full_batch
view_emb: False
Num parameters: 501258
val: {'epoch': 0, 'loss': 1.9415, 'lr': 0.01, 'params': 501258, 'time_iter': 0.0142, 'accuracy': 0.174}
val: {'epoch': 0, 'loss': 1.8147, 'lr': 0.01, 'params': 501258, 'time_iter': 0.0125, 'accuracy': 0.606}
train: {'epoch': 0, 'eta': 2.1958, 'loss': 1.9454, 'lr': 0.01, 'params': 501258, 'time_iter': 0.0222, 'accuracy': 0.1429}
val: {'epoch': 1, 'loss': 1.6763, 'lr': 0.01, 'params': 501258, 'time_iter': 0.0126, 'accuracy': 0.706}
train: {'epoch': 1, 'eta': 2.1503, 'loss': 1.7283, 'lr': 0.01, 'params': 501258, 'time_iter': 0.0217, 'accuracy': 0.9571}
val: {'epoch': 2, 'loss': 1.6058, 'lr': 0.01, 'params': 501258, 'time_iter': 0.0124, 'accuracy': 0.716}
train: {'epoch': 2, 'eta': 2.0912, 'loss': 1.5152, 'lr': 0.01, 'params': 501258, 'time_iter': 0.0208, 'accuracy': 0.9929}
val: {'epoch': 3, 'loss': 1.5495, 'lr': 0.01, 'params': 501258, 'time_iter': 0.0125, 'accuracy': 0.716}
train: {'epoch': 3, 'eta': 2.0547, 'loss': 1.3984, 'lr': 0.01, 'params': 501258, 'time_iter': 0.0209, 'accuracy': 0.9929}
val: {'epoch': 4, 'loss': 1.4959, 'lr': 0.0099, 'params': 501258, 'time_iter': 0.0126, 'accuracy': 0.706}
train: {'epoch': 4, 'eta': 2.0266, 'loss': 1.2966, 'lr': 0.0099, 'params': 501258, 'time_iter': 0.0211, 'accuracy': 0.9929}
val: {'epoch': 5, 'loss': 1.443, 'lr': 0.0099, 'params': 501258, 'time_iter': 0.0127, 'accuracy': 0.708}
train: {'epoch': 5, 'eta': 2.0021, 'loss': 1.1941, 'lr': 0.0099, 'params': 501258, 'time_iter': 0.0211, 'accuracy': 1.0}
val: {'epoch': 6, 'loss': 1.3931, 'lr': 0.0099, 'params': 501258, 'time_iter': 0.0126, 'accuracy': 0.712}
train: {'epoch': 6, 'eta': 1.9777, 'loss': 1.09, 'lr': 0.0099, 'params': 501258, 'time_iter': 0.0211, 'accuracy': 1.0}
val: {'epoch': 7, 'loss': 1.3481, 'lr': 0.0098, 'params': 501258, 'time_iter': 0.0127, 'accuracy': 0.706}
train: {'epoch': 7, 'eta': 1.9541, 'loss': 0.9873, 'lr': 0.0098, 'params': 501258, 'time_iter': 0.0211, 'accuracy': 1.0}
val: {'epoch': 8, 'loss': 1.3076, 'lr': 0.0098, 'params': 501258, 'time_iter': 0.0125, 'accuracy': 0.702}
train: {'epoch': 8, 'eta': 1.9324, 'loss': 0.8883, 'lr': 0.0098, 'params': 501258, 'time_iter': 0.0212, 'accuracy': 1.0}
val: {'epoch': 9, 'loss': 1.2692, 'lr': 0.0098, 'params': 501258, 'time_iter': 0.0125, 'accuracy': 0.696}
train: {'epoch': 9, 'eta': 1.91, 'loss': 0.7936, 'lr': 0.0098, 'params': 501258, 'time_iter': 0.0211, 'accuracy': 1.0}
val: {'epoch': 10, 'loss': 1.2311, 'lr': 0.0097, 'params': 501258, 'time_iter': 0.0125, 'accuracy': 0.698}
train: {'epoch': 10, 'eta': 1.8875, 'loss': 0.7042, 'lr': 0.0097, 'params': 501258, 'time_iter': 0.0211, 'accuracy': 1.0}
val: {'epoch': 11, 'loss': 1.1944, 'lr': 0.0096, 'params': 501258, 'time_iter': 0.0124, 'accuracy': 0.704}
train: {'epoch': 11, 'eta': 1.8655, 'loss': 0.6211, 'lr': 0.0096, 'params': 501258, 'time_iter': 0.0211, 'accuracy': 1.0}
val: {'epoch': 12, 'loss': 1.162, 'lr': 0.0096, 'params': 501258, 'time_iter': 0.0125, 'accuracy': 0.712}
train: {'epoch': 12, 'eta': 1.8452, 'loss': 0.5469, 'lr': 0.0096, 'params': 501258, 'time_iter': 0.0213, 'accuracy': 1.0}
val: {'epoch': 13, 'loss': 1.1295, 'lr': 0.0095, 'params': 501258, 'time_iter': 0.0127, 'accuracy': 0.714}
train: {'epoch': 13, 'eta': 1.8232, 'loss': 0.4833, 'lr': 0.0095, 'params': 501258, 'time_iter': 0.0211, 'accuracy': 1.0}
val: {'epoch': 14, 'loss': 1.0919, 'lr': 0.0095, 'params': 501258, 'time_iter': 0.0126, 'accuracy': 0.72}
train: {'epoch': 14, 'eta': 1.8012, 'loss': 0.4285, 'lr': 0.0095, 'params': 501258, 'time_iter': 0.0211, 'accuracy': 1.0}
val: {'epoch': 15, 'loss': 1.0529, 'lr': 0.0094, 'params': 501258, 'time_iter': 0.0125, 'accuracy': 0.716}
train: {'epoch': 15, 'eta': 1.7795, 'loss': 0.3793, 'lr': 0.0094, 'params': 501258, 'time_iter': 0.0211, 'accuracy': 1.0}
val: {'epoch': 16, 'loss': 1.0209, 'lr': 0.0093, 'params': 501258, 'time_iter': 0.0125, 'accuracy': 0.714}
train: {'epoch': 16, 'eta': 1.7571, 'loss': 0.3352, 'lr': 0.0093, 'params': 501258, 'time_iter': 0.0209, 'accuracy': 1.0}
val: {'epoch': 17, 'loss': 1.0009, 'lr': 0.0092, 'params': 501258, 'time_iter': 0.0125, 'accuracy': 0.71}
train: {'epoch': 17, 'eta': 1.7353, 'loss': 0.2966, 'lr': 0.0092, 'params': 501258, 'time_iter': 0.021, 'accuracy': 1.0}
val: {'epoch': 18, 'loss': 0.9914, 'lr': 0.0091, 'params': 501258, 'time_iter': 0.0125, 'accuracy': 0.71}
train: {'epoch': 18, 'eta': 1.7135, 'loss': 0.2633, 'lr': 0.0091, 'params': 501258, 'time_iter': 0.021, 'accuracy': 1.0}
val: {'epoch': 19, 'loss': 0.9882, 'lr': 0.009, 'params': 501258, 'time_iter': 0.0124, 'accuracy': 0.712}
train: {'epoch': 19, 'eta': 1.6917, 'loss': 0.2347, 'lr': 0.009, 'params': 501258, 'time_iter': 0.021, 'accuracy': 1.0}
val: {'epoch': 20, 'loss': 0.987, 'lr': 0.009, 'params': 501258, 'time_iter': 0.0126, 'accuracy': 0.712}
train: {'epoch': 20, 'eta': 1.67, 'loss': 0.21, 'lr': 0.009, 'params': 501258, 'time_iter': 0.021, 'accuracy': 1.0}
val: {'epoch': 21, 'loss': 0.9864, 'lr': 0.0089, 'params': 501258, 'time_iter': 0.0126, 'accuracy': 0.71}
train: {'epoch': 21, 'eta': 1.6486, 'loss': 0.1884, 'lr': 0.0089, 'params': 501258, 'time_iter': 0.021, 'accuracy': 1.0}
val: {'epoch': 22, 'loss': 0.9868, 'lr': 0.0088, 'params': 501258, 'time_iter': 0.0126, 'accuracy': 0.706}
train: {'epoch': 22, 'eta': 1.6342, 'loss': 0.1695, 'lr': 0.0088, 'params': 501258, 'time_iter': 0.0232, 'accuracy': 1.0}
val: {'epoch': 23, 'loss': 0.9894, 'lr': 0.0086, 'params': 501258, 'time_iter': 0.0125, 'accuracy': 0.702}
train: {'epoch': 23, 'eta': 1.6122, 'loss': 0.1531, 'lr': 0.0086, 'params': 501258, 'time_iter': 0.021, 'accuracy': 1.0}
val: {'epoch': 24, 'loss': 0.994, 'lr': 0.0085, 'params': 501258, 'time_iter': 0.0125, 'accuracy': 0.698}
train: {'epoch': 24, 'eta': 1.5905, 'loss': 0.1388, 'lr': 0.0085, 'params': 501258, 'time_iter': 0.0211, 'accuracy': 1.0}
val: {'epoch': 25, 'loss': 1.0, 'lr': 0.0084, 'params': 501258, 'time_iter': 0.0127, 'accuracy': 0.694}
train: {'epoch': 25, 'eta': 1.5693, 'loss': 0.1266, 'lr': 0.0084, 'params': 501258, 'time_iter': 0.0212, 'accuracy': 1.0}
val: {'epoch': 26, 'loss': 1.0066, 'lr': 0.0083, 'params': 501258, 'time_iter': 0.0125, 'accuracy': 0.692}
train: {'epoch': 26, 'eta': 1.5478, 'loss': 0.1159, 'lr': 0.0083, 'params': 501258, 'time_iter': 0.0211, 'accuracy': 1.0}
val: {'epoch': 27, 'loss': 1.0132, 'lr': 0.0082, 'params': 501258, 'time_iter': 0.0125, 'accuracy': 0.694}
train: {'epoch': 27, 'eta': 1.5262, 'loss': 0.1067, 'lr': 0.0082, 'params': 501258, 'time_iter': 0.021, 'accuracy': 1.0}
val: {'epoch': 28, 'loss': 1.0189, 'lr': 0.0081, 'params': 501258, 'time_iter': 0.0125, 'accuracy': 0.696}
train: {'epoch': 28, 'eta': 1.5044, 'loss': 0.0986, 'lr': 0.0081, 'params': 501258, 'time_iter': 0.021, 'accuracy': 1.0}
val: {'epoch': 29, 'loss': 1.0227, 'lr': 0.0079, 'params': 501258, 'time_iter': 0.0126, 'accuracy': 0.694}
train: {'epoch': 29, 'eta': 1.483, 'loss': 0.0915, 'lr': 0.0079, 'params': 501258, 'time_iter': 0.0211, 'accuracy': 1.0}
val: {'epoch': 30, 'loss': 1.0247, 'lr': 0.0078, 'params': 501258, 'time_iter': 0.0126, 'accuracy': 0.7}
train: {'epoch': 30, 'eta': 1.4616, 'loss': 0.0852, 'lr': 0.0078, 'params': 501258, 'time_iter': 0.0211, 'accuracy': 1.0}
val: {'epoch': 31, 'loss': 1.0276, 'lr': 0.0077, 'params': 501258, 'time_iter': 0.0125, 'accuracy': 0.698}
train: {'epoch': 31, 'eta': 1.4427, 'loss': 0.0798, 'lr': 0.0077, 'params': 501258, 'time_iter': 0.0223, 'accuracy': 1.0}
val: {'epoch': 32, 'loss': 1.0345, 'lr': 0.0075, 'params': 501258, 'time_iter': 0.0126, 'accuracy': 0.7}
train: {'epoch': 32, 'eta': 1.4211, 'loss': 0.075, 'lr': 0.0075, 'params': 501258, 'time_iter': 0.021, 'accuracy': 1.0}
val: {'epoch': 33, 'loss': 1.0447, 'lr': 0.0074, 'params': 501258, 'time_iter': 0.0126, 'accuracy': 0.704}
train: {'epoch': 33, 'eta': 1.3994, 'loss': 0.0708, 'lr': 0.0074, 'params': 501258, 'time_iter': 0.021, 'accuracy': 1.0}
val: {'epoch': 34, 'loss': 1.0535, 'lr': 0.0073, 'params': 501258, 'time_iter': 0.0125, 'accuracy': 0.704}
train: {'epoch': 34, 'eta': 1.3778, 'loss': 0.067, 'lr': 0.0073, 'params': 501258, 'time_iter': 0.021, 'accuracy': 1.0}
val: {'epoch': 35, 'loss': 1.0581, 'lr': 0.0071, 'params': 501258, 'time_iter': 0.0127, 'accuracy': 0.702}
train: {'epoch': 35, 'eta': 1.3565, 'loss': 0.0636, 'lr': 0.0071, 'params': 501258, 'time_iter': 0.0211, 'accuracy': 1.0}
val: {'epoch': 36, 'loss': 1.0601, 'lr': 0.007, 'params': 501258, 'time_iter': 0.0129, 'accuracy': 0.702}
train: {'epoch': 36, 'eta': 1.3352, 'loss': 0.0607, 'lr': 0.007, 'params': 501258, 'time_iter': 0.0211, 'accuracy': 1.0}
val: {'epoch': 37, 'loss': 1.06, 'lr': 0.0068, 'params': 501258, 'time_iter': 0.013, 'accuracy': 0.704}
train: {'epoch': 37, 'eta': 1.3136, 'loss': 0.058, 'lr': 0.0068, 'params': 501258, 'time_iter': 0.021, 'accuracy': 1.0}
val: {'epoch': 38, 'loss': 1.0583, 'lr': 0.0067, 'params': 501258, 'time_iter': 0.0125, 'accuracy': 0.706}
train: {'epoch': 38, 'eta': 1.2921, 'loss': 0.0556, 'lr': 0.0067, 'params': 501258, 'time_iter': 0.021, 'accuracy': 1.0}
val: {'epoch': 39, 'loss': 1.0589, 'lr': 0.0065, 'params': 501258, 'time_iter': 0.0126, 'accuracy': 0.704}
train: {'epoch': 39, 'eta': 1.2707, 'loss': 0.0535, 'lr': 0.0065, 'params': 501258, 'time_iter': 0.021, 'accuracy': 1.0}
val: {'epoch': 40, 'loss': 1.0549, 'lr': 0.0064, 'params': 501258, 'time_iter': 0.0127, 'accuracy': 0.71}
train: {'epoch': 40, 'eta': 1.2494, 'loss': 0.0516, 'lr': 0.0064, 'params': 501258, 'time_iter': 0.0211, 'accuracy': 1.0}
val: {'epoch': 41, 'loss': 1.0538, 'lr': 0.0062, 'params': 501258, 'time_iter': 0.0127, 'accuracy': 0.712}
train: {'epoch': 41, 'eta': 1.2281, 'loss': 0.0499, 'lr': 0.0062, 'params': 501258, 'time_iter': 0.0211, 'accuracy': 1.0}
val: {'epoch': 42, 'loss': 1.0532, 'lr': 0.0061, 'params': 501258, 'time_iter': 0.0126, 'accuracy': 0.71}
train: {'epoch': 42, 'eta': 1.2068, 'loss': 0.0483, 'lr': 0.0061, 'params': 501258, 'time_iter': 0.0211, 'accuracy': 1.0}
val: {'epoch': 43, 'loss': 1.0748, 'lr': 0.0059, 'params': 501258, 'time_iter': 0.0125, 'accuracy': 0.706}
train: {'epoch': 43, 'eta': 1.1853, 'loss': 0.0472, 'lr': 0.0059, 'params': 501258, 'time_iter': 0.0209, 'accuracy': 1.0}
val: {'epoch': 44, 'loss': 1.0371, 'lr': 0.0058, 'params': 501258, 'time_iter': 0.0126, 'accuracy': 0.708}
train: {'epoch': 44, 'eta': 1.164, 'loss': 0.047, 'lr': 0.0058, 'params': 501258, 'time_iter': 0.0211, 'accuracy': 1.0}
val: {'epoch': 45, 'loss': 1.046, 'lr': 0.0056, 'params': 501258, 'time_iter': 0.0127, 'accuracy': 0.704}
train: {'epoch': 45, 'eta': 1.1442, 'loss': 0.048, 'lr': 0.0056, 'params': 501258, 'time_iter': 0.0223, 'accuracy': 1.0}
val: {'epoch': 46, 'loss': 1.0679, 'lr': 0.0055, 'params': 501258, 'time_iter': 0.0128, 'accuracy': 0.698}
train: {'epoch': 46, 'eta': 1.1229, 'loss': 0.0459, 'lr': 0.0055, 'params': 501258, 'time_iter': 0.0211, 'accuracy': 1.0}
val: {'epoch': 47, 'loss': 1.0592, 'lr': 0.0053, 'params': 501258, 'time_iter': 0.0126, 'accuracy': 0.698}
train: {'epoch': 47, 'eta': 1.1015, 'loss': 0.0451, 'lr': 0.0053, 'params': 501258, 'time_iter': 0.021, 'accuracy': 1.0}
val: {'epoch': 48, 'loss': 1.0613, 'lr': 0.0052, 'params': 501258, 'time_iter': 0.0126, 'accuracy': 0.694}
train: {'epoch': 48, 'eta': 1.0802, 'loss': 0.0432, 'lr': 0.0052, 'params': 501258, 'time_iter': 0.021, 'accuracy': 1.0}
val: {'epoch': 49, 'loss': 1.0647, 'lr': 0.005, 'params': 501258, 'time_iter': 0.0127, 'accuracy': 0.704}
train: {'epoch': 49, 'eta': 1.0587, 'loss': 0.0422, 'lr': 0.005, 'params': 501258, 'time_iter': 0.0209, 'accuracy': 1.0}
val: {'epoch': 50, 'loss': 1.073, 'lr': 0.0048, 'params': 501258, 'time_iter': 0.0125, 'accuracy': 0.706}
train: {'epoch': 50, 'eta': 1.0373, 'loss': 0.0411, 'lr': 0.0048, 'params': 501258, 'time_iter': 0.021, 'accuracy': 1.0}
val: {'epoch': 51, 'loss': 1.0727, 'lr': 0.0047, 'params': 501258, 'time_iter': 0.0125, 'accuracy': 0.704}
train: {'epoch': 51, 'eta': 1.017, 'loss': 0.0404, 'lr': 0.0047, 'params': 501258, 'time_iter': 0.0221, 'accuracy': 1.0}
val: {'epoch': 52, 'loss': 1.0615, 'lr': 0.0045, 'params': 501258, 'time_iter': 0.0126, 'accuracy': 0.708}
train: {'epoch': 52, 'eta': 0.9958, 'loss': 0.0397, 'lr': 0.0045, 'params': 501258, 'time_iter': 0.0212, 'accuracy': 1.0}
val: {'epoch': 53, 'loss': 1.0528, 'lr': 0.0044, 'params': 501258, 'time_iter': 0.0125, 'accuracy': 0.708}
train: {'epoch': 53, 'eta': 0.9743, 'loss': 0.0387, 'lr': 0.0044, 'params': 501258, 'time_iter': 0.0208, 'accuracy': 1.0}
val: {'epoch': 54, 'loss': 1.053, 'lr': 0.0042, 'params': 501258, 'time_iter': 0.0125, 'accuracy': 0.71}
train: {'epoch': 54, 'eta': 0.953, 'loss': 0.0383, 'lr': 0.0042, 'params': 501258, 'time_iter': 0.021, 'accuracy': 1.0}
val: {'epoch': 55, 'loss': 1.0652, 'lr': 0.0041, 'params': 501258, 'time_iter': 0.0126, 'accuracy': 0.708}
train: {'epoch': 55, 'eta': 0.9317, 'loss': 0.0376, 'lr': 0.0041, 'params': 501258, 'time_iter': 0.021, 'accuracy': 1.0}
val: {'epoch': 56, 'loss': 1.0793, 'lr': 0.0039, 'params': 501258, 'time_iter': 0.0136, 'accuracy': 0.7}
train: {'epoch': 56, 'eta': 0.9104, 'loss': 0.0372, 'lr': 0.0039, 'params': 501258, 'time_iter': 0.021, 'accuracy': 1.0}
val: {'epoch': 57, 'loss': 1.087, 'lr': 0.0038, 'params': 501258, 'time_iter': 0.0125, 'accuracy': 0.698}
train: {'epoch': 57, 'eta': 0.8891, 'loss': 0.0366, 'lr': 0.0038, 'params': 501258, 'time_iter': 0.021, 'accuracy': 1.0}
val: {'epoch': 58, 'loss': 1.084, 'lr': 0.0036, 'params': 501258, 'time_iter': 0.0126, 'accuracy': 0.698}
train: {'epoch': 58, 'eta': 0.8679, 'loss': 0.0362, 'lr': 0.0036, 'params': 501258, 'time_iter': 0.0211, 'accuracy': 1.0}
val: {'epoch': 59, 'loss': 1.0796, 'lr': 0.0035, 'params': 501258, 'time_iter': 0.0127, 'accuracy': 0.696}
train: {'epoch': 59, 'eta': 0.8467, 'loss': 0.0358, 'lr': 0.0035, 'params': 501258, 'time_iter': 0.0212, 'accuracy': 1.0}
val: {'epoch': 60, 'loss': 1.0874, 'lr': 0.0033, 'params': 501258, 'time_iter': 0.0132, 'accuracy': 0.702}
train: {'epoch': 60, 'eta': 0.8255, 'loss': 0.0355, 'lr': 0.0033, 'params': 501258, 'time_iter': 0.021, 'accuracy': 1.0}
val: {'epoch': 61, 'loss': 1.1023, 'lr': 0.0032, 'params': 501258, 'time_iter': 0.0127, 'accuracy': 0.698}
train: {'epoch': 61, 'eta': 0.8043, 'loss': 0.0351, 'lr': 0.0032, 'params': 501258, 'time_iter': 0.0211, 'accuracy': 1.0}
val: {'epoch': 62, 'loss': 1.107, 'lr': 0.003, 'params': 501258, 'time_iter': 0.0124, 'accuracy': 0.696}
train: {'epoch': 62, 'eta': 0.7829, 'loss': 0.0348, 'lr': 0.003, 'params': 501258, 'time_iter': 0.0208, 'accuracy': 1.0}
val: {'epoch': 63, 'loss': 1.0978, 'lr': 0.0029, 'params': 501258, 'time_iter': 0.0126, 'accuracy': 0.704}
train: {'epoch': 63, 'eta': 0.7616, 'loss': 0.0345, 'lr': 0.0029, 'params': 501258, 'time_iter': 0.0209, 'accuracy': 1.0}
val: {'epoch': 64, 'loss': 1.0897, 'lr': 0.0027, 'params': 501258, 'time_iter': 0.0125, 'accuracy': 0.706}
train: {'epoch': 64, 'eta': 0.7404, 'loss': 0.0342, 'lr': 0.0027, 'params': 501258, 'time_iter': 0.021, 'accuracy': 1.0}
val: {'epoch': 65, 'loss': 1.092, 'lr': 0.0026, 'params': 501258, 'time_iter': 0.0129, 'accuracy': 0.706}
train: {'epoch': 65, 'eta': 0.7192, 'loss': 0.034, 'lr': 0.0026, 'params': 501258, 'time_iter': 0.0211, 'accuracy': 1.0}
val: {'epoch': 66, 'loss': 1.0981, 'lr': 0.0025, 'params': 501258, 'time_iter': 0.0135, 'accuracy': 0.706}
train: {'epoch': 66, 'eta': 0.6979, 'loss': 0.0338, 'lr': 0.0025, 'params': 501258, 'time_iter': 0.021, 'accuracy': 1.0}
val: {'epoch': 67, 'loss': 1.0992, 'lr': 0.0023, 'params': 501258, 'time_iter': 0.0126, 'accuracy': 0.704}
train: {'epoch': 67, 'eta': 0.6767, 'loss': 0.0336, 'lr': 0.0023, 'params': 501258, 'time_iter': 0.021, 'accuracy': 1.0}
val: {'epoch': 68, 'loss': 1.0962, 'lr': 0.0022, 'params': 501258, 'time_iter': 0.0126, 'accuracy': 0.706}
train: {'epoch': 68, 'eta': 0.6555, 'loss': 0.0334, 'lr': 0.0022, 'params': 501258, 'time_iter': 0.0209, 'accuracy': 1.0}
val: {'epoch': 69, 'loss': 1.0946, 'lr': 0.0021, 'params': 501258, 'time_iter': 0.0127, 'accuracy': 0.702}
train: {'epoch': 69, 'eta': 0.6343, 'loss': 0.0332, 'lr': 0.0021, 'params': 501258, 'time_iter': 0.021, 'accuracy': 1.0}
val: {'epoch': 70, 'loss': 1.096, 'lr': 0.0019, 'params': 501258, 'time_iter': 0.0126, 'accuracy': 0.702}
train: {'epoch': 70, 'eta': 0.6131, 'loss': 0.033, 'lr': 0.0019, 'params': 501258, 'time_iter': 0.0211, 'accuracy': 1.0}
val: {'epoch': 71, 'loss': 1.0979, 'lr': 0.0018, 'params': 501258, 'time_iter': 0.0127, 'accuracy': 0.7}
train: {'epoch': 71, 'eta': 0.592, 'loss': 0.0329, 'lr': 0.0018, 'params': 501258, 'time_iter': 0.0211, 'accuracy': 1.0}
val: {'epoch': 72, 'loss': 1.0987, 'lr': 0.0017, 'params': 501258, 'time_iter': 0.0126, 'accuracy': 0.702}
train: {'epoch': 72, 'eta': 0.5708, 'loss': 0.0327, 'lr': 0.0017, 'params': 501258, 'time_iter': 0.0211, 'accuracy': 1.0}
val: {'epoch': 73, 'loss': 1.0987, 'lr': 0.0016, 'params': 501258, 'time_iter': 0.0126, 'accuracy': 0.702}
train: {'epoch': 73, 'eta': 0.5496, 'loss': 0.0326, 'lr': 0.0016, 'params': 501258, 'time_iter': 0.0211, 'accuracy': 1.0}
val: {'epoch': 74, 'loss': 1.0978, 'lr': 0.0015, 'params': 501258, 'time_iter': 0.0125, 'accuracy': 0.7}
train: {'epoch': 74, 'eta': 0.5285, 'loss': 0.0325, 'lr': 0.0015, 'params': 501258, 'time_iter': 0.0211, 'accuracy': 1.0}
val: {'epoch': 75, 'loss': 1.0956, 'lr': 0.0014, 'params': 501258, 'time_iter': 0.0126, 'accuracy': 0.698}
train: {'epoch': 75, 'eta': 0.5073, 'loss': 0.0324, 'lr': 0.0014, 'params': 501258, 'time_iter': 0.021, 'accuracy': 1.0}
val: {'epoch': 76, 'loss': 1.0929, 'lr': 0.0012, 'params': 501258, 'time_iter': 0.0125, 'accuracy': 0.7}
train: {'epoch': 76, 'eta': 0.4861, 'loss': 0.0323, 'lr': 0.0012, 'params': 501258, 'time_iter': 0.0209, 'accuracy': 1.0}
val: {'epoch': 77, 'loss': 1.091, 'lr': 0.0011, 'params': 501258, 'time_iter': 0.0125, 'accuracy': 0.7}
train: {'epoch': 77, 'eta': 0.4649, 'loss': 0.0322, 'lr': 0.0011, 'params': 501258, 'time_iter': 0.021, 'accuracy': 1.0}
val: {'epoch': 78, 'loss': 1.0906, 'lr': 0.001, 'params': 501258, 'time_iter': 0.0126, 'accuracy': 0.698}
train: {'epoch': 78, 'eta': 0.4438, 'loss': 0.0321, 'lr': 0.001, 'params': 501258, 'time_iter': 0.021, 'accuracy': 1.0}
val: {'epoch': 79, 'loss': 1.0911, 'lr': 0.001, 'params': 501258, 'time_iter': 0.0129, 'accuracy': 0.698}
train: {'epoch': 79, 'eta': 0.4227, 'loss': 0.0321, 'lr': 0.001, 'params': 501258, 'time_iter': 0.0215, 'accuracy': 1.0}
val: {'epoch': 80, 'loss': 1.0917, 'lr': 0.0009, 'params': 501258, 'time_iter': 0.0128, 'accuracy': 0.698}
train: {'epoch': 80, 'eta': 0.4016, 'loss': 0.032, 'lr': 0.0009, 'params': 501258, 'time_iter': 0.0211, 'accuracy': 1.0}
val: {'epoch': 81, 'loss': 1.0918, 'lr': 0.0008, 'params': 501258, 'time_iter': 0.0127, 'accuracy': 0.698}
train: {'epoch': 81, 'eta': 0.3804, 'loss': 0.0319, 'lr': 0.0008, 'params': 501258, 'time_iter': 0.021, 'accuracy': 1.0}
val: {'epoch': 82, 'loss': 1.0912, 'lr': 0.0007, 'params': 501258, 'time_iter': 0.0125, 'accuracy': 0.7}
train: {'epoch': 82, 'eta': 0.3593, 'loss': 0.0319, 'lr': 0.0007, 'params': 501258, 'time_iter': 0.021, 'accuracy': 1.0}
val: {'epoch': 83, 'loss': 1.0903, 'lr': 0.0006, 'params': 501258, 'time_iter': 0.0126, 'accuracy': 0.7}
train: {'epoch': 83, 'eta': 0.3381, 'loss': 0.0318, 'lr': 0.0006, 'params': 501258, 'time_iter': 0.021, 'accuracy': 1.0}
val: {'epoch': 84, 'loss': 1.0894, 'lr': 0.0005, 'params': 501258, 'time_iter': 0.0126, 'accuracy': 0.7}
train: {'epoch': 84, 'eta': 0.317, 'loss': 0.0318, 'lr': 0.0005, 'params': 501258, 'time_iter': 0.0213, 'accuracy': 1.0}
val: {'epoch': 85, 'loss': 1.0886, 'lr': 0.0005, 'params': 501258, 'time_iter': 0.0125, 'accuracy': 0.698}
train: {'epoch': 85, 'eta': 0.2959, 'loss': 0.0318, 'lr': 0.0005, 'params': 501258, 'time_iter': 0.021, 'accuracy': 1.0}
val: {'epoch': 86, 'loss': 1.0879, 'lr': 0.0004, 'params': 501258, 'time_iter': 0.0126, 'accuracy': 0.698}
train: {'epoch': 86, 'eta': 0.2747, 'loss': 0.0317, 'lr': 0.0004, 'params': 501258, 'time_iter': 0.021, 'accuracy': 1.0}
val: {'epoch': 87, 'loss': 1.0873, 'lr': 0.0004, 'params': 501258, 'time_iter': 0.0126, 'accuracy': 0.7}
train: {'epoch': 87, 'eta': 0.2536, 'loss': 0.0317, 'lr': 0.0004, 'params': 501258, 'time_iter': 0.021, 'accuracy': 1.0}
val: {'epoch': 88, 'loss': 1.0869, 'lr': 0.0003, 'params': 501258, 'time_iter': 0.0128, 'accuracy': 0.7}
train: {'epoch': 88, 'eta': 0.2324, 'loss': 0.0317, 'lr': 0.0003, 'params': 501258, 'time_iter': 0.021, 'accuracy': 1.0}
val: {'epoch': 89, 'loss': 1.0865, 'lr': 0.0002, 'params': 501258, 'time_iter': 0.0127, 'accuracy': 0.698}
train: {'epoch': 89, 'eta': 0.2113, 'loss': 0.0316, 'lr': 0.0002, 'params': 501258, 'time_iter': 0.0211, 'accuracy': 1.0}
val: {'epoch': 90, 'loss': 1.0861, 'lr': 0.0002, 'params': 501258, 'time_iter': 0.0125, 'accuracy': 0.698}
train: {'epoch': 90, 'eta': 0.1902, 'loss': 0.0316, 'lr': 0.0002, 'params': 501258, 'time_iter': 0.0211, 'accuracy': 1.0}
val: {'epoch': 91, 'loss': 1.0858, 'lr': 0.0002, 'params': 501258, 'time_iter': 0.0126, 'accuracy': 0.698}
train: {'epoch': 91, 'eta': 0.169, 'loss': 0.0316, 'lr': 0.0002, 'params': 501258, 'time_iter': 0.0209, 'accuracy': 1.0}
val: {'epoch': 92, 'loss': 1.0855, 'lr': 0.0001, 'params': 501258, 'time_iter': 0.0127, 'accuracy': 0.698}
train: {'epoch': 92, 'eta': 0.1479, 'loss': 0.0316, 'lr': 0.0001, 'params': 501258, 'time_iter': 0.0211, 'accuracy': 1.0}
val: {'epoch': 93, 'loss': 1.0852, 'lr': 0.0001, 'params': 501258, 'time_iter': 0.0126, 'accuracy': 0.694}
train: {'epoch': 93, 'eta': 0.1268, 'loss': 0.0316, 'lr': 0.0001, 'params': 501258, 'time_iter': 0.0211, 'accuracy': 1.0}
val: {'epoch': 94, 'loss': 1.0849, 'lr': 0.0001, 'params': 501258, 'time_iter': 0.0125, 'accuracy': 0.696}
train: {'epoch': 94, 'eta': 0.1056, 'loss': 0.0316, 'lr': 0.0001, 'params': 501258, 'time_iter': 0.0211, 'accuracy': 1.0}
val: {'epoch': 95, 'loss': 1.0846, 'lr': 0.0, 'params': 501258, 'time_iter': 0.0126, 'accuracy': 0.696}
train: {'epoch': 95, 'eta': 0.0845, 'loss': 0.0316, 'lr': 0.0, 'params': 501258, 'time_iter': 0.0211, 'accuracy': 1.0}
val: {'epoch': 96, 'loss': 1.0844, 'lr': 0.0, 'params': 501258, 'time_iter': 0.0126, 'accuracy': 0.696}
train: {'epoch': 96, 'eta': 0.0634, 'loss': 0.0316, 'lr': 0.0, 'params': 501258, 'time_iter': 0.021, 'accuracy': 1.0}
val: {'epoch': 97, 'loss': 1.0841, 'lr': 0.0, 'params': 501258, 'time_iter': 0.0126, 'accuracy': 0.696}
train: {'epoch': 97, 'eta': 0.0422, 'loss': 0.0316, 'lr': 0.0, 'params': 501258, 'time_iter': 0.021, 'accuracy': 1.0}
val: {'epoch': 98, 'loss': 1.0838, 'lr': 0.0, 'params': 501258, 'time_iter': 0.0125, 'accuracy': 0.696}
train: {'epoch': 98, 'eta': 0.0211, 'loss': 0.0316, 'lr': 0.0, 'params': 501258, 'time_iter': 0.0209, 'accuracy': 1.0}
val: {'epoch': 99, 'loss': 1.0836, 'lr': 0.0, 'params': 501258, 'time_iter': 0.0124, 'accuracy': 0.696}
train: {'epoch': 99, 'eta': 0.0, 'loss': 0.0316, 'lr': 0.0, 'params': 501258, 'time_iter': 0.0209, 'accuracy': 1.0}
test: {'epoch': 100, 'loss': 0.9406, 'lr': 0.0, 'params': 501258, 'time_iter': 0.0139, 'accuracy': 0.738}
