GraphGymModule(
  (model): GNN(
    (encoder): FeatureEncoder()
    (pre_mp): GeneralMultiLayer(
      (Layer_0): GeneralLayer(
        (layer): Linear(
          (model): Linear(1433, 256, bias=False)
        )
        (post_layer): Sequential(
          (0): BatchNorm1d(256, eps=1e-05, momentum=0.1, affine=True, track_running_stats=True)
          (1): PReLU(num_parameters=1)
        )
      )
    )
    (mp): GNNStackStage(
      (layer0): GeneralLayer(
        (layer): GCNConv(
          (model): GCNConv(256, 256)
        )
        (post_layer): Sequential(
          (0): BatchNorm1d(256, eps=1e-05, momentum=0.1, affine=True, track_running_stats=True)
          (1): PReLU(num_parameters=1)
        )
      )
      (layer1): GeneralLayer(
        (layer): GCNConv(
          (model): GCNConv(256, 256)
        )
        (post_layer): Sequential(
          (0): BatchNorm1d(256, eps=1e-05, momentum=0.1, affine=True, track_running_stats=True)
          (1): PReLU(num_parameters=1)
        )
      )
    )
    (post_mp): GNNNodeHead(
      (layer_post_mp): MLP(
        (model): Sequential(
          (0): Linear(
            (model): Linear(256, 7, bias=True)
          )
        )
      )
    )
  )
)
accelerator: cpu
benchmark: False
bn:
  eps: 1e-05
  mom: 0.1
cfg_dest: config.yaml
custom_metrics: []
dataset:
  cache_load: False
  cache_save: False
  dir: ./datasets
  edge_dim: 128
  edge_encoder: False
  edge_encoder_bn: True
  edge_encoder_name: Bond
  edge_message_ratio: 0.8
  edge_negative_sampling_ratio: 1.0
  edge_train_mode: all
  encoder: True
  encoder_bn: True
  encoder_dim: 128
  encoder_name: db
  format: PyG
  label_column: none
  label_table: none
  location: local
  name: Cora
  node_encoder: False
  node_encoder_bn: True
  node_encoder_name: Atom
  remove_feature: False
  resample_disjoint: False
  resample_negative: False
  shuffle_split: True
  split: [0.8, 0.2]
  split_mode: random
  task: node
  task_type: classification
  to_undirected: False
  transductive: True
  transform: none
  tu_simple: True
delay:
  max_k: 10
devices: None
gnn:
  act: prelu
  agg: add
  att_final_linear: False
  att_final_linear_bn: False
  att_heads: 1
  batchnorm: True
  clear_feature: True
  dim_inner: 256
  dropout: 0.0
  head: node
  keep_edge: 0.5
  l2norm: True
  layer_type: gcnconv
  layers_mp: 2
  layers_post_mp: 1
  layers_pre_mp: 1
  msg_direction: single
  normalize_adj: False
  self_msg: concat
  skip_every: 1
  stage_type: stack
gpu_mem: False
mem:
  inplace: False
metric_agg: argmax
metric_best: auto
model:
  edge_decoding: dot
  graph_pooling: add
  loss_fun: cross_entropy
  match_upper: True
  size_average: mean
  thresh: 0.5
  type: gnn
num_threads: 6
num_workers: 0
optim:
  base_lr: 0.01
  lr_decay: 0.1
  max_epoch: 100
  momentum: 0.9
  optimizer: adam
  scheduler: cos
  steps: [30, 60, 90]
  weight_decay: 0.0005
out_dir: my_results/Cora_V_2MP
print: both
round: 4
run_dir: my_results/Cora_V_2MP/0
seed: 1
share:
  dim_in: 1433
  dim_out: 7
  num_splits: 3
  num_tasks: 1
tensorboard_agg: True
tensorboard_each_run: True
train:
  auto_resume: False
  batch_size: 32
  ckpt_clean: True
  ckpt_period: 100
  enable_ckpt: True
  epoch_resume: -1
  eval_period: 20
  iter_per_epoch: 32
  neighbor_sizes: [20, 15, 10, 5]
  node_per_graph: 32
  radius: extend
  sample_node: False
  sampler: full_batch
  skip_train_eval: False
  walk_length: 4
val:
  node_per_graph: 32
  radius: extend
  sample_node: False
  sampler: full_batch
view_emb: False
Num parameters: 501258
val: {'epoch': 0, 'loss': 1.9619, 'lr': 0.01, 'params': 501258, 'time_iter': 0.1524, 'accuracy': 0.068}
val: {'epoch': 0, 'loss': 1.8171, 'lr': 0.01, 'params': 501258, 'time_iter': 0.0919, 'accuracy': 0.642}
train: {'epoch': 0, 'eta': 27.6748, 'loss': 1.942, 'lr': 0.01, 'params': 501258, 'time_iter': 0.2795, 'accuracy': 0.1857}
val: {'epoch': 1, 'loss': 1.6686, 'lr': 0.01, 'params': 501258, 'time_iter': 0.0868, 'accuracy': 0.726}
train: {'epoch': 1, 'eta': 24.1623, 'loss': 1.707, 'lr': 0.01, 'params': 501258, 'time_iter': 0.2136, 'accuracy': 0.95}
val: {'epoch': 2, 'loss': 1.5887, 'lr': 0.01, 'params': 501258, 'time_iter': 0.0978, 'accuracy': 0.716}
train: {'epoch': 2, 'eta': 23.3407, 'loss': 1.5017, 'lr': 0.01, 'params': 501258, 'time_iter': 0.2288, 'accuracy': 0.9857}
val: {'epoch': 3, 'loss': 1.529, 'lr': 0.01, 'params': 501258, 'time_iter': 0.0907, 'accuracy': 0.708}
train: {'epoch': 3, 'eta': 22.0817, 'loss': 1.3811, 'lr': 0.01, 'params': 501258, 'time_iter': 0.1982, 'accuracy': 0.9929}
val: {'epoch': 4, 'loss': 1.4724, 'lr': 0.0099, 'params': 501258, 'time_iter': 0.0847, 'accuracy': 0.704}
train: {'epoch': 4, 'eta': 21.4863, 'loss': 1.2758, 'lr': 0.0099, 'params': 501258, 'time_iter': 0.2108, 'accuracy': 1.0}
val: {'epoch': 5, 'loss': 1.4157, 'lr': 0.0099, 'params': 501258, 'time_iter': 0.0925, 'accuracy': 0.7}
train: {'epoch': 5, 'eta': 20.8924, 'loss': 1.1715, 'lr': 0.0099, 'params': 501258, 'time_iter': 0.2027, 'accuracy': 1.0}
val: {'epoch': 6, 'loss': 1.3607, 'lr': 0.0099, 'params': 501258, 'time_iter': 0.0932, 'accuracy': 0.7}
train: {'epoch': 6, 'eta': 20.5157, 'loss': 1.0671, 'lr': 0.0099, 'params': 501258, 'time_iter': 0.2106, 'accuracy': 1.0}
val: {'epoch': 7, 'loss': 1.3112, 'lr': 0.0098, 'params': 501258, 'time_iter': 0.0913, 'accuracy': 0.706}
train: {'epoch': 7, 'eta': 20.0787, 'loss': 0.9646, 'lr': 0.0098, 'params': 501258, 'time_iter': 0.2018, 'accuracy': 1.0}
val: {'epoch': 8, 'loss': 1.2704, 'lr': 0.0098, 'params': 501258, 'time_iter': 0.0845, 'accuracy': 0.698}
train: {'epoch': 8, 'eta': 19.6706, 'loss': 0.866, 'lr': 0.0098, 'params': 501258, 'time_iter': 0.1995, 'accuracy': 1.0}
val: {'epoch': 9, 'loss': 1.2371, 'lr': 0.0098, 'params': 501258, 'time_iter': 0.0836, 'accuracy': 0.696}
train: {'epoch': 9, 'eta': 19.2277, 'loss': 0.7721, 'lr': 0.0098, 'params': 501258, 'time_iter': 0.191, 'accuracy': 1.0}
val: {'epoch': 10, 'loss': 1.204, 'lr': 0.0097, 'params': 501258, 'time_iter': 0.0856, 'accuracy': 0.702}
train: {'epoch': 10, 'eta': 18.8262, 'loss': 0.6839, 'lr': 0.0097, 'params': 501258, 'time_iter': 0.1904, 'accuracy': 1.0}
val: {'epoch': 11, 'loss': 1.1641, 'lr': 0.0096, 'params': 501258, 'time_iter': 0.0817, 'accuracy': 0.708}
train: {'epoch': 11, 'eta': 18.4645, 'loss': 0.6034, 'lr': 0.0096, 'params': 501258, 'time_iter': 0.191, 'accuracy': 1.0}
val: {'epoch': 12, 'loss': 1.1243, 'lr': 0.0096, 'params': 501258, 'time_iter': 0.0876, 'accuracy': 0.714}
train: {'epoch': 12, 'eta': 18.1154, 'loss': 0.5315, 'lr': 0.0096, 'params': 501258, 'time_iter': 0.189, 'accuracy': 1.0}
val: {'epoch': 13, 'loss': 1.0913, 'lr': 0.0095, 'params': 501258, 'time_iter': 0.0859, 'accuracy': 0.712}
train: {'epoch': 13, 'eta': 18.0107, 'loss': 0.4705, 'lr': 0.0095, 'params': 501258, 'time_iter': 0.2251, 'accuracy': 1.0}
val: {'epoch': 14, 'loss': 1.066, 'lr': 0.0095, 'params': 501258, 'time_iter': 0.0805, 'accuracy': 0.712}
train: {'epoch': 14, 'eta': 17.6636, 'loss': 0.417, 'lr': 0.0095, 'params': 501258, 'time_iter': 0.1851, 'accuracy': 1.0}
val: {'epoch': 15, 'loss': 1.046, 'lr': 0.0094, 'params': 501258, 'time_iter': 0.0856, 'accuracy': 0.704}
train: {'epoch': 15, 'eta': 17.3862, 'loss': 0.3687, 'lr': 0.0094, 'params': 501258, 'time_iter': 0.1945, 'accuracy': 1.0}
val: {'epoch': 16, 'loss': 1.0294, 'lr': 0.0093, 'params': 501258, 'time_iter': 0.084, 'accuracy': 0.698}
train: {'epoch': 16, 'eta': 17.1011, 'loss': 0.3261, 'lr': 0.0093, 'params': 501258, 'time_iter': 0.191, 'accuracy': 1.0}
val: {'epoch': 17, 'loss': 1.018, 'lr': 0.0092, 'params': 501258, 'time_iter': 0.084, 'accuracy': 0.698}
train: {'epoch': 17, 'eta': 16.8283, 'loss': 0.2889, 'lr': 0.0092, 'params': 501258, 'time_iter': 0.1914, 'accuracy': 1.0}
val: {'epoch': 18, 'loss': 1.0148, 'lr': 0.0091, 'params': 501258, 'time_iter': 0.0838, 'accuracy': 0.696}
train: {'epoch': 18, 'eta': 16.5471, 'loss': 0.2567, 'lr': 0.0091, 'params': 501258, 'time_iter': 0.1874, 'accuracy': 1.0}
val: {'epoch': 19, 'loss': 1.0199, 'lr': 0.009, 'params': 501258, 'time_iter': 0.0833, 'accuracy': 0.686}
train: {'epoch': 19, 'eta': 16.285, 'loss': 0.2289, 'lr': 0.009, 'params': 501258, 'time_iter': 0.1898, 'accuracy': 1.0}
val: {'epoch': 20, 'loss': 1.0294, 'lr': 0.009, 'params': 501258, 'time_iter': 0.0865, 'accuracy': 0.678}
train: {'epoch': 20, 'eta': 16.0547, 'loss': 0.2049, 'lr': 0.009, 'params': 501258, 'time_iter': 0.1965, 'accuracy': 1.0}
val: {'epoch': 21, 'loss': 1.0388, 'lr': 0.0089, 'params': 501258, 'time_iter': 0.0883, 'accuracy': 0.676}
train: {'epoch': 21, 'eta': 15.817, 'loss': 0.1841, 'lr': 0.0089, 'params': 501258, 'time_iter': 0.1935, 'accuracy': 1.0}
val: {'epoch': 22, 'loss': 1.0454, 'lr': 0.0088, 'params': 501258, 'time_iter': 0.0799, 'accuracy': 0.674}
train: {'epoch': 22, 'eta': 15.5441, 'loss': 0.1659, 'lr': 0.0088, 'params': 501258, 'time_iter': 0.1819, 'accuracy': 1.0}
val: {'epoch': 23, 'loss': 1.0499, 'lr': 0.0086, 'params': 501258, 'time_iter': 0.0853, 'accuracy': 0.674}
train: {'epoch': 23, 'eta': 15.3126, 'loss': 0.1501, 'lr': 0.0086, 'params': 501258, 'time_iter': 0.1925, 'accuracy': 1.0}
val: {'epoch': 24, 'loss': 1.0545, 'lr': 0.0085, 'params': 501258, 'time_iter': 0.0846, 'accuracy': 0.672}
train: {'epoch': 24, 'eta': 15.0693, 'loss': 0.1364, 'lr': 0.0085, 'params': 501258, 'time_iter': 0.1875, 'accuracy': 1.0}
val: {'epoch': 25, 'loss': 1.0614, 'lr': 0.0084, 'params': 501258, 'time_iter': 0.086, 'accuracy': 0.666}
train: {'epoch': 25, 'eta': 14.8263, 'loss': 0.1245, 'lr': 0.0084, 'params': 501258, 'time_iter': 0.1861, 'accuracy': 1.0}
val: {'epoch': 26, 'loss': 1.0715, 'lr': 0.0083, 'params': 501258, 'time_iter': 0.1074, 'accuracy': 0.666}
train: {'epoch': 26, 'eta': 14.6074, 'loss': 0.1141, 'lr': 0.0083, 'params': 501258, 'time_iter': 0.1935, 'accuracy': 1.0}
val: {'epoch': 27, 'loss': 1.0846, 'lr': 0.0082, 'params': 501258, 'time_iter': 0.0852, 'accuracy': 0.67}
train: {'epoch': 27, 'eta': 14.4951, 'loss': 0.105, 'lr': 0.0082, 'params': 501258, 'time_iter': 0.2343, 'accuracy': 1.0}
val: {'epoch': 28, 'loss': 1.0987, 'lr': 0.0081, 'params': 501258, 'time_iter': 0.0875, 'accuracy': 0.658}
train: {'epoch': 28, 'eta': 14.3364, 'loss': 0.0971, 'lr': 0.0081, 'params': 501258, 'time_iter': 0.2187, 'accuracy': 1.0}
val: {'epoch': 29, 'loss': 1.1102, 'lr': 0.0079, 'params': 501258, 'time_iter': 0.0902, 'accuracy': 0.658}
train: {'epoch': 29, 'eta': 14.1446, 'loss': 0.0903, 'lr': 0.0079, 'params': 501258, 'time_iter': 0.2063, 'accuracy': 1.0}
val: {'epoch': 30, 'loss': 1.1177, 'lr': 0.0078, 'params': 501258, 'time_iter': 0.0908, 'accuracy': 0.658}
train: {'epoch': 30, 'eta': 13.9569, 'loss': 0.0843, 'lr': 0.0078, 'params': 501258, 'time_iter': 0.2085, 'accuracy': 1.0}
val: {'epoch': 31, 'loss': 1.1248, 'lr': 0.0077, 'params': 501258, 'time_iter': 0.0844, 'accuracy': 0.664}
train: {'epoch': 31, 'eta': 13.7672, 'loss': 0.079, 'lr': 0.0077, 'params': 501258, 'time_iter': 0.2082, 'accuracy': 1.0}
val: {'epoch': 32, 'loss': 1.1363, 'lr': 0.0075, 'params': 501258, 'time_iter': 0.0839, 'accuracy': 0.662}
train: {'epoch': 32, 'eta': 13.5437, 'loss': 0.0743, 'lr': 0.0075, 'params': 501258, 'time_iter': 0.1921, 'accuracy': 1.0}
val: {'epoch': 33, 'loss': 1.1502, 'lr': 0.0074, 'params': 501258, 'time_iter': 0.0833, 'accuracy': 0.662}
train: {'epoch': 33, 'eta': 13.3242, 'loss': 0.0701, 'lr': 0.0074, 'params': 501258, 'time_iter': 0.1932, 'accuracy': 1.0}
val: {'epoch': 34, 'loss': 1.159, 'lr': 0.0073, 'params': 501258, 'time_iter': 0.1276, 'accuracy': 0.664}
train: {'epoch': 34, 'eta': 13.0904, 'loss': 0.0665, 'lr': 0.0073, 'params': 501258, 'time_iter': 0.1847, 'accuracy': 1.0}
val: {'epoch': 35, 'loss': 1.1608, 'lr': 0.0071, 'params': 501258, 'time_iter': 0.0829, 'accuracy': 0.668}
train: {'epoch': 35, 'eta': 12.9153, 'loss': 0.0632, 'lr': 0.0071, 'params': 501258, 'time_iter': 0.2162, 'accuracy': 1.0}
val: {'epoch': 36, 'loss': 1.16, 'lr': 0.007, 'params': 501258, 'time_iter': 0.0804, 'accuracy': 0.676}
train: {'epoch': 36, 'eta': 12.6955, 'loss': 0.0603, 'lr': 0.007, 'params': 501258, 'time_iter': 0.1912, 'accuracy': 1.0}
val: {'epoch': 37, 'loss': 1.1633, 'lr': 0.0068, 'params': 501258, 'time_iter': 0.0908, 'accuracy': 0.678}
train: {'epoch': 37, 'eta': 12.485, 'loss': 0.0577, 'lr': 0.0068, 'params': 501258, 'time_iter': 0.196, 'accuracy': 1.0}
val: {'epoch': 38, 'loss': 1.1788, 'lr': 0.0067, 'params': 501258, 'time_iter': 0.1009, 'accuracy': 0.67}
train: {'epoch': 38, 'eta': 12.3049, 'loss': 0.0553, 'lr': 0.0067, 'params': 501258, 'time_iter': 0.215, 'accuracy': 1.0}
val: {'epoch': 39, 'loss': 1.187, 'lr': 0.0065, 'params': 501258, 'time_iter': 0.0857, 'accuracy': 0.67}
train: {'epoch': 39, 'eta': 12.085, 'loss': 0.0532, 'lr': 0.0065, 'params': 501258, 'time_iter': 0.1896, 'accuracy': 1.0}
val: {'epoch': 40, 'loss': 1.2041, 'lr': 0.0064, 'params': 501258, 'time_iter': 0.0823, 'accuracy': 0.66}
train: {'epoch': 40, 'eta': 11.8705, 'loss': 0.0514, 'lr': 0.0064, 'params': 501258, 'time_iter': 0.1923, 'accuracy': 1.0}
val: {'epoch': 41, 'loss': 1.1692, 'lr': 0.0062, 'params': 501258, 'time_iter': 0.0831, 'accuracy': 0.682}
train: {'epoch': 41, 'eta': 11.6764, 'loss': 0.0497, 'lr': 0.0062, 'params': 501258, 'time_iter': 0.2064, 'accuracy': 1.0}
val: {'epoch': 42, 'loss': 1.2448, 'lr': 0.0061, 'params': 501258, 'time_iter': 0.0823, 'accuracy': 0.652}
train: {'epoch': 42, 'eta': 11.4604, 'loss': 0.0489, 'lr': 0.0061, 'params': 501258, 'time_iter': 0.1902, 'accuracy': 1.0}
val: {'epoch': 43, 'loss': 1.0661, 'lr': 0.0059, 'params': 501258, 'time_iter': 0.0894, 'accuracy': 0.704}
train: {'epoch': 43, 'eta': 11.2638, 'loss': 0.0507, 'lr': 0.0059, 'params': 501258, 'time_iter': 0.2046, 'accuracy': 1.0}
val: {'epoch': 44, 'loss': 1.0152, 'lr': 0.0058, 'params': 501258, 'time_iter': 0.0872, 'accuracy': 0.716}
train: {'epoch': 44, 'eta': 11.0737, 'loss': 0.0547, 'lr': 0.0058, 'params': 501258, 'time_iter': 0.2101, 'accuracy': 1.0}
val: {'epoch': 45, 'loss': 1.0355, 'lr': 0.0056, 'params': 501258, 'time_iter': 0.0833, 'accuracy': 0.712}
train: {'epoch': 45, 'eta': 10.8706, 'loss': 0.0504, 'lr': 0.0056, 'params': 501258, 'time_iter': 0.1999, 'accuracy': 1.0}
val: {'epoch': 46, 'loss': 1.0771, 'lr': 0.0055, 'params': 501258, 'time_iter': 0.1537, 'accuracy': 0.704}
train: {'epoch': 46, 'eta': 10.7712, 'loss': 0.0486, 'lr': 0.0055, 'params': 501258, 'time_iter': 0.2916, 'accuracy': 1.0}
val: {'epoch': 47, 'loss': 1.1001, 'lr': 0.0053, 'params': 501258, 'time_iter': 0.1678, 'accuracy': 0.702}
train: {'epoch': 47, 'eta': 10.6007, 'loss': 0.0466, 'lr': 0.0053, 'params': 501258, 'time_iter': 0.2334, 'accuracy': 1.0}
val: {'epoch': 48, 'loss': 1.1095, 'lr': 0.0052, 'params': 501258, 'time_iter': 0.0841, 'accuracy': 0.694}
train: {'epoch': 48, 'eta': 10.3999, 'loss': 0.0453, 'lr': 0.0052, 'params': 501258, 'time_iter': 0.2068, 'accuracy': 1.0}
val: {'epoch': 49, 'loss': 1.1167, 'lr': 0.005, 'params': 501258, 'time_iter': 0.0839, 'accuracy': 0.694}
train: {'epoch': 49, 'eta': 10.1806, 'loss': 0.0434, 'lr': 0.005, 'params': 501258, 'time_iter': 0.1886, 'accuracy': 1.0}
val: {'epoch': 50, 'loss': 1.1224, 'lr': 0.0048, 'params': 501258, 'time_iter': 0.0935, 'accuracy': 0.696}
train: {'epoch': 50, 'eta': 9.9893, 'loss': 0.0422, 'lr': 0.0048, 'params': 501258, 'time_iter': 0.2164, 'accuracy': 1.0}
val: {'epoch': 51, 'loss': 1.1224, 'lr': 0.0047, 'params': 501258, 'time_iter': 0.0868, 'accuracy': 0.698}
train: {'epoch': 51, 'eta': 9.7845, 'loss': 0.0415, 'lr': 0.0047, 'params': 501258, 'time_iter': 0.2028, 'accuracy': 1.0}
val: {'epoch': 52, 'loss': 1.1186, 'lr': 0.0045, 'params': 501258, 'time_iter': 0.0847, 'accuracy': 0.706}
train: {'epoch': 52, 'eta': 9.5668, 'loss': 0.0405, 'lr': 0.0045, 'params': 501258, 'time_iter': 0.1883, 'accuracy': 1.0}
val: {'epoch': 53, 'loss': 1.1177, 'lr': 0.0044, 'params': 501258, 'time_iter': 0.0931, 'accuracy': 0.706}
train: {'epoch': 53, 'eta': 9.3783, 'loss': 0.0396, 'lr': 0.0044, 'params': 501258, 'time_iter': 0.2212, 'accuracy': 1.0}
val: {'epoch': 54, 'loss': 1.1233, 'lr': 0.0042, 'params': 501258, 'time_iter': 0.0821, 'accuracy': 0.704}
train: {'epoch': 54, 'eta': 9.172, 'loss': 0.0389, 'lr': 0.0042, 'params': 501258, 'time_iter': 0.2009, 'accuracy': 1.0}
val: {'epoch': 55, 'loss': 1.1307, 'lr': 0.0041, 'params': 501258, 'time_iter': 0.0841, 'accuracy': 0.702}
train: {'epoch': 55, 'eta': 8.965, 'loss': 0.0381, 'lr': 0.0041, 'params': 501258, 'time_iter': 0.1998, 'accuracy': 1.0}
val: {'epoch': 56, 'loss': 1.1324, 'lr': 0.0039, 'params': 501258, 'time_iter': 0.0984, 'accuracy': 0.7}
train: {'epoch': 56, 'eta': 8.7533, 'loss': 0.0376, 'lr': 0.0039, 'params': 501258, 'time_iter': 0.1931, 'accuracy': 1.0}
val: {'epoch': 57, 'loss': 1.1269, 'lr': 0.0038, 'params': 501258, 'time_iter': 0.0879, 'accuracy': 0.7}
train: {'epoch': 57, 'eta': 8.5574, 'loss': 0.0371, 'lr': 0.0038, 'params': 501258, 'time_iter': 0.2142, 'accuracy': 1.0}
val: {'epoch': 58, 'loss': 1.1173, 'lr': 0.0036, 'params': 501258, 'time_iter': 0.083, 'accuracy': 0.698}
train: {'epoch': 58, 'eta': 8.3477, 'loss': 0.0365, 'lr': 0.0036, 'params': 501258, 'time_iter': 0.1951, 'accuracy': 1.0}
val: {'epoch': 59, 'loss': 1.1073, 'lr': 0.0035, 'params': 501258, 'time_iter': 0.0842, 'accuracy': 0.698}
train: {'epoch': 59, 'eta': 8.1404, 'loss': 0.0361, 'lr': 0.0035, 'params': 501258, 'time_iter': 0.1981, 'accuracy': 1.0}
val: {'epoch': 60, 'loss': 1.099, 'lr': 0.0033, 'params': 501258, 'time_iter': 0.0974, 'accuracy': 0.698}
train: {'epoch': 60, 'eta': 7.9394, 'loss': 0.0357, 'lr': 0.0033, 'params': 501258, 'time_iter': 0.2074, 'accuracy': 1.0}
val: {'epoch': 61, 'loss': 1.0932, 'lr': 0.0032, 'params': 501258, 'time_iter': 0.0805, 'accuracy': 0.696}
train: {'epoch': 61, 'eta': 7.7406, 'loss': 0.0353, 'lr': 0.0032, 'params': 501258, 'time_iter': 0.2114, 'accuracy': 1.0}
val: {'epoch': 62, 'loss': 1.0898, 'lr': 0.003, 'params': 501258, 'time_iter': 0.0879, 'accuracy': 0.69}
train: {'epoch': 62, 'eta': 7.5236, 'loss': 0.035, 'lr': 0.003, 'params': 501258, 'time_iter': 0.181, 'accuracy': 1.0}
val: {'epoch': 63, 'loss': 1.0891, 'lr': 0.0029, 'params': 501258, 'time_iter': 0.0809, 'accuracy': 0.69}
train: {'epoch': 63, 'eta': 7.3091, 'loss': 0.0347, 'lr': 0.0029, 'params': 501258, 'time_iter': 0.1836, 'accuracy': 1.0}
val: {'epoch': 64, 'loss': 1.0917, 'lr': 0.0027, 'params': 501258, 'time_iter': 0.0942, 'accuracy': 0.69}
train: {'epoch': 64, 'eta': 7.1066, 'loss': 0.0344, 'lr': 0.0027, 'params': 501258, 'time_iter': 0.204, 'accuracy': 1.0}
val: {'epoch': 65, 'loss': 1.0958, 'lr': 0.0026, 'params': 501258, 'time_iter': 0.0804, 'accuracy': 0.69}
train: {'epoch': 65, 'eta': 6.9033, 'loss': 0.0341, 'lr': 0.0026, 'params': 501258, 'time_iter': 0.2027, 'accuracy': 1.0}
val: {'epoch': 66, 'loss': 1.0989, 'lr': 0.0025, 'params': 501258, 'time_iter': 0.0876, 'accuracy': 0.688}
train: {'epoch': 66, 'eta': 6.6946, 'loss': 0.0339, 'lr': 0.0025, 'params': 501258, 'time_iter': 0.1914, 'accuracy': 1.0}
val: {'epoch': 67, 'loss': 1.0996, 'lr': 0.0023, 'params': 501258, 'time_iter': 0.0872, 'accuracy': 0.688}
train: {'epoch': 67, 'eta': 6.4851, 'loss': 0.0337, 'lr': 0.0023, 'params': 501258, 'time_iter': 0.1888, 'accuracy': 1.0}
val: {'epoch': 68, 'loss': 1.099, 'lr': 0.0022, 'params': 501258, 'time_iter': 0.0856, 'accuracy': 0.686}
train: {'epoch': 68, 'eta': 6.2855, 'loss': 0.0335, 'lr': 0.0022, 'params': 501258, 'time_iter': 0.2094, 'accuracy': 1.0}
val: {'epoch': 69, 'loss': 1.0988, 'lr': 0.0021, 'params': 501258, 'time_iter': 0.0804, 'accuracy': 0.686}
train: {'epoch': 69, 'eta': 6.0816, 'loss': 0.0333, 'lr': 0.0021, 'params': 501258, 'time_iter': 0.2002, 'accuracy': 1.0}
val: {'epoch': 70, 'loss': 1.1001, 'lr': 0.0019, 'params': 501258, 'time_iter': 0.086, 'accuracy': 0.686}
train: {'epoch': 70, 'eta': 5.8737, 'loss': 0.0331, 'lr': 0.0019, 'params': 501258, 'time_iter': 0.19, 'accuracy': 1.0}
val: {'epoch': 71, 'loss': 1.1023, 'lr': 0.0018, 'params': 501258, 'time_iter': 0.086, 'accuracy': 0.682}
train: {'epoch': 71, 'eta': 5.6802, 'loss': 0.033, 'lr': 0.0018, 'params': 501258, 'time_iter': 0.2258, 'accuracy': 1.0}
val: {'epoch': 72, 'loss': 1.1041, 'lr': 0.0017, 'params': 501258, 'time_iter': 0.0871, 'accuracy': 0.682}
train: {'epoch': 72, 'eta': 5.4853, 'loss': 0.0328, 'lr': 0.0017, 'params': 501258, 'time_iter': 0.2243, 'accuracy': 1.0}
val: {'epoch': 73, 'loss': 1.1045, 'lr': 0.0016, 'params': 501258, 'time_iter': 0.0826, 'accuracy': 0.684}
train: {'epoch': 73, 'eta': 5.2893, 'loss': 0.0327, 'lr': 0.0016, 'params': 501258, 'time_iter': 0.2235, 'accuracy': 1.0}
val: {'epoch': 74, 'loss': 1.104, 'lr': 0.0015, 'params': 501258, 'time_iter': 0.0858, 'accuracy': 0.684}
train: {'epoch': 74, 'eta': 5.0815, 'loss': 0.0326, 'lr': 0.0015, 'params': 501258, 'time_iter': 0.1904, 'accuracy': 1.0}
val: {'epoch': 75, 'loss': 1.1038, 'lr': 0.0014, 'params': 501258, 'time_iter': 0.0977, 'accuracy': 0.684}
train: {'epoch': 75, 'eta': 4.8791, 'loss': 0.0324, 'lr': 0.0014, 'params': 501258, 'time_iter': 0.2059, 'accuracy': 1.0}
val: {'epoch': 76, 'loss': 1.1046, 'lr': 0.0012, 'params': 501258, 'time_iter': 0.088, 'accuracy': 0.684}
train: {'epoch': 76, 'eta': 4.6727, 'loss': 0.0323, 'lr': 0.0012, 'params': 501258, 'time_iter': 0.1931, 'accuracy': 1.0}
val: {'epoch': 77, 'loss': 1.1064, 'lr': 0.0011, 'params': 501258, 'time_iter': 0.085, 'accuracy': 0.684}
train: {'epoch': 77, 'eta': 4.4655, 'loss': 0.0322, 'lr': 0.0011, 'params': 501258, 'time_iter': 0.1888, 'accuracy': 1.0}
val: {'epoch': 78, 'loss': 1.1086, 'lr': 0.001, 'params': 501258, 'time_iter': 0.0829, 'accuracy': 0.684}
train: {'epoch': 78, 'eta': 4.2616, 'loss': 0.0322, 'lr': 0.001, 'params': 501258, 'time_iter': 0.1994, 'accuracy': 1.0}
val: {'epoch': 79, 'loss': 1.1104, 'lr': 0.001, 'params': 501258, 'time_iter': 0.0912, 'accuracy': 0.686}
train: {'epoch': 79, 'eta': 4.0556, 'loss': 0.0321, 'lr': 0.001, 'params': 501258, 'time_iter': 0.1906, 'accuracy': 1.0}
val: {'epoch': 80, 'loss': 1.1113, 'lr': 0.0009, 'params': 501258, 'time_iter': 0.0837, 'accuracy': 0.688}
train: {'epoch': 80, 'eta': 3.8497, 'loss': 0.032, 'lr': 0.0009, 'params': 501258, 'time_iter': 0.1896, 'accuracy': 1.0}
val: {'epoch': 81, 'loss': 1.1113, 'lr': 0.0008, 'params': 501258, 'time_iter': 0.0877, 'accuracy': 0.686}
train: {'epoch': 81, 'eta': 3.6448, 'loss': 0.032, 'lr': 0.0008, 'params': 501258, 'time_iter': 0.1922, 'accuracy': 1.0}
val: {'epoch': 82, 'loss': 1.1108, 'lr': 0.0007, 'params': 501258, 'time_iter': 0.0846, 'accuracy': 0.686}
train: {'epoch': 82, 'eta': 3.4425, 'loss': 0.0319, 'lr': 0.0007, 'params': 501258, 'time_iter': 0.2036, 'accuracy': 1.0}
val: {'epoch': 83, 'loss': 1.1101, 'lr': 0.0006, 'params': 501258, 'time_iter': 0.0898, 'accuracy': 0.686}
train: {'epoch': 83, 'eta': 3.2399, 'loss': 0.0319, 'lr': 0.0006, 'params': 501258, 'time_iter': 0.202, 'accuracy': 1.0}
val: {'epoch': 84, 'loss': 1.1095, 'lr': 0.0005, 'params': 501258, 'time_iter': 0.0897, 'accuracy': 0.684}
train: {'epoch': 84, 'eta': 3.0347, 'loss': 0.0318, 'lr': 0.0005, 'params': 501258, 'time_iter': 0.1867, 'accuracy': 1.0}
val: {'epoch': 85, 'loss': 1.1092, 'lr': 0.0005, 'params': 501258, 'time_iter': 0.086, 'accuracy': 0.682}
train: {'epoch': 85, 'eta': 2.8326, 'loss': 0.0318, 'lr': 0.0005, 'params': 501258, 'time_iter': 0.2039, 'accuracy': 1.0}
val: {'epoch': 86, 'loss': 1.1092, 'lr': 0.0004, 'params': 501258, 'time_iter': 0.1031, 'accuracy': 0.682}
train: {'epoch': 86, 'eta': 2.634, 'loss': 0.0317, 'lr': 0.0004, 'params': 501258, 'time_iter': 0.2275, 'accuracy': 1.0}
val: {'epoch': 87, 'loss': 1.1094, 'lr': 0.0004, 'params': 501258, 'time_iter': 0.091, 'accuracy': 0.68}
train: {'epoch': 87, 'eta': 2.4373, 'loss': 0.0317, 'lr': 0.0004, 'params': 501258, 'time_iter': 0.2456, 'accuracy': 1.0}
val: {'epoch': 88, 'loss': 1.1097, 'lr': 0.0003, 'params': 501258, 'time_iter': 0.0864, 'accuracy': 0.68}
train: {'epoch': 88, 'eta': 2.2339, 'loss': 0.0317, 'lr': 0.0003, 'params': 501258, 'time_iter': 0.201, 'accuracy': 1.0}
val: {'epoch': 89, 'loss': 1.1101, 'lr': 0.0002, 'params': 501258, 'time_iter': 0.1573, 'accuracy': 0.68}
train: {'epoch': 89, 'eta': 2.0301, 'loss': 0.0317, 'lr': 0.0002, 'params': 501258, 'time_iter': 0.1962, 'accuracy': 1.0}
val: {'epoch': 90, 'loss': 1.1104, 'lr': 0.0002, 'params': 501258, 'time_iter': 0.094, 'accuracy': 0.676}
train: {'epoch': 90, 'eta': 1.8277, 'loss': 0.0316, 'lr': 0.0002, 'params': 501258, 'time_iter': 0.2093, 'accuracy': 1.0}
val: {'epoch': 91, 'loss': 1.1108, 'lr': 0.0002, 'params': 501258, 'time_iter': 0.1073, 'accuracy': 0.676}
train: {'epoch': 91, 'eta': 1.6244, 'loss': 0.0316, 'lr': 0.0002, 'params': 501258, 'time_iter': 0.2004, 'accuracy': 1.0}
val: {'epoch': 92, 'loss': 1.1112, 'lr': 0.0001, 'params': 501258, 'time_iter': 0.1338, 'accuracy': 0.678}
train: {'epoch': 92, 'eta': 1.4212, 'loss': 0.0316, 'lr': 0.0001, 'params': 501258, 'time_iter': 0.201, 'accuracy': 1.0}
val: {'epoch': 93, 'loss': 1.1115, 'lr': 0.0001, 'params': 501258, 'time_iter': 0.1131, 'accuracy': 0.678}
train: {'epoch': 93, 'eta': 1.2184, 'loss': 0.0316, 'lr': 0.0001, 'params': 501258, 'time_iter': 0.2071, 'accuracy': 1.0}
val: {'epoch': 94, 'loss': 1.1119, 'lr': 0.0001, 'params': 501258, 'time_iter': 0.0934, 'accuracy': 0.68}
train: {'epoch': 94, 'eta': 1.0193, 'loss': 0.0316, 'lr': 0.0001, 'params': 501258, 'time_iter': 0.2785, 'accuracy': 1.0}
val: {'epoch': 95, 'loss': 1.1122, 'lr': 0.0, 'params': 501258, 'time_iter': 0.0872, 'accuracy': 0.68}
train: {'epoch': 95, 'eta': 0.8153, 'loss': 0.0316, 'lr': 0.0, 'params': 501258, 'time_iter': 0.1999, 'accuracy': 1.0}
val: {'epoch': 96, 'loss': 1.1125, 'lr': 0.0, 'params': 501258, 'time_iter': 0.0795, 'accuracy': 0.68}
train: {'epoch': 96, 'eta': 0.6108, 'loss': 0.0316, 'lr': 0.0, 'params': 501258, 'time_iter': 0.1814, 'accuracy': 1.0}
val: {'epoch': 97, 'loss': 1.1127, 'lr': 0.0, 'params': 501258, 'time_iter': 0.0826, 'accuracy': 0.68}
train: {'epoch': 97, 'eta': 0.4069, 'loss': 0.0316, 'lr': 0.0, 'params': 501258, 'time_iter': 0.1885, 'accuracy': 1.0}
val: {'epoch': 98, 'loss': 1.113, 'lr': 0.0, 'params': 501258, 'time_iter': 0.0822, 'accuracy': 0.68}
train: {'epoch': 98, 'eta': 0.2034, 'loss': 0.0316, 'lr': 0.0, 'params': 501258, 'time_iter': 0.1997, 'accuracy': 1.0}
val: {'epoch': 99, 'loss': 1.1132, 'lr': 0.0, 'params': 501258, 'time_iter': 0.0917, 'accuracy': 0.68}
train: {'epoch': 99, 'eta': 0.0, 'loss': 0.0316, 'lr': 0.0, 'params': 501258, 'time_iter': 0.1965, 'accuracy': 1.0}
test: {'epoch': 100, 'loss': 0.9526, 'lr': 0.0, 'params': 501258, 'time_iter': 0.1073, 'accuracy': 0.72}
Results aggregated across runs saved in my_results/Cora_V_2MP/agg
