GraphGymModule(
  (model): GNN(
    (encoder): FeatureEncoder()
    (pre_mp): GeneralMultiLayer(
      (Layer_0): GeneralLayer(
        (layer): Linear(
          (model): Linear(1433, 256, bias=False)
        )
        (post_layer): Sequential(
          (0): BatchNorm1d(256, eps=1e-05, momentum=0.1, affine=True, track_running_stats=True)
          (1): PReLU(num_parameters=1)
        )
      )
    )
    (mp): GNNStackStage(
      (layer0): GeneralLayer(
        (layer): GCNConv(
          (model): GCNConv(256, 256)
        )
        (post_layer): Sequential(
          (0): BatchNorm1d(256, eps=1e-05, momentum=0.1, affine=True, track_running_stats=True)
          (1): PReLU(num_parameters=1)
        )
      )
      (layer1): GeneralLayer(
        (layer): GCNConv(
          (model): GCNConv(256, 256)
        )
        (post_layer): Sequential(
          (0): BatchNorm1d(256, eps=1e-05, momentum=0.1, affine=True, track_running_stats=True)
          (1): PReLU(num_parameters=1)
        )
      )
      (layer2): GeneralLayer(
        (layer): GCNConv(
          (model): GCNConv(256, 256)
        )
        (post_layer): Sequential(
          (0): BatchNorm1d(256, eps=1e-05, momentum=0.1, affine=True, track_running_stats=True)
          (1): PReLU(num_parameters=1)
        )
      )
      (layer3): GeneralLayer(
        (layer): GCNConv(
          (model): GCNConv(256, 256)
        )
        (post_layer): Sequential(
          (0): BatchNorm1d(256, eps=1e-05, momentum=0.1, affine=True, track_running_stats=True)
          (1): PReLU(num_parameters=1)
        )
      )
      (layer4): GeneralLayer(
        (layer): GCNConv(
          (model): GCNConv(256, 256)
        )
        (post_layer): Sequential(
          (0): BatchNorm1d(256, eps=1e-05, momentum=0.1, affine=True, track_running_stats=True)
          (1): PReLU(num_parameters=1)
        )
      )
    )
    (post_mp): GNNNodeHead(
      (layer_post_mp): MLP(
        (model): Sequential(
          (0): Linear(
            (model): Linear(256, 7, bias=True)
          )
        )
      )
    )
  )
)
accelerator: cuda
benchmark: False
bn:
  eps: 1e-05
  mom: 0.1
cfg_dest: config.yaml
custom_metrics: []
dataset:
  cache_load: False
  cache_save: False
  dir: ./datasets
  edge_dim: 128
  edge_encoder: False
  edge_encoder_bn: True
  edge_encoder_name: Bond
  edge_message_ratio: 0.8
  edge_negative_sampling_ratio: 1.0
  edge_train_mode: all
  encoder: True
  encoder_bn: True
  encoder_dim: 128
  encoder_name: db
  format: PyG
  label_column: none
  label_table: none
  location: local
  name: Cora
  node_encoder: False
  node_encoder_bn: True
  node_encoder_name: Atom
  remove_feature: False
  resample_disjoint: False
  resample_negative: False
  shuffle_split: True
  split: [0.8, 0.2]
  split_mode: random
  task: node
  task_type: classification
  to_undirected: False
  transductive: True
  transform: none
  tu_simple: True
delay:
  max_k: 10
devices: None
gnn:
  act: prelu
  agg: add
  att_final_linear: False
  att_final_linear_bn: False
  att_heads: 1
  batchnorm: True
  clear_feature: True
  dim_inner: 256
  dropout: 0.0
  head: node
  keep_edge: 0.5
  l2norm: True
  layer_type: gcnconv
  layers_mp: 5
  layers_post_mp: 1
  layers_pre_mp: 1
  msg_direction: single
  normalize_adj: False
  self_msg: concat
  skip_every: 1
  stage_type: stack
gpu_mem: False
mem:
  inplace: False
metric_agg: argmax
metric_best: auto
model:
  edge_decoding: dot
  graph_pooling: add
  loss_fun: cross_entropy
  match_upper: True
  size_average: mean
  thresh: 0.5
  type: gnn
num_threads: 6
num_workers: 0
optim:
  base_lr: 0.01
  lr_decay: 0.1
  max_epoch: 100
  momentum: 0.9
  optimizer: adam
  scheduler: cos
  steps: [30, 60, 90]
  weight_decay: 0.0005
out_dir: my_results/Cora_V_05MP
print: both
round: 4
run_dir: my_results/Cora_V_05MP/0
seed: 1
share:
  dim_in: 1433
  dim_out: 7
  num_splits: 3
  num_tasks: 1
tensorboard_agg: True
tensorboard_each_run: True
train:
  auto_resume: False
  batch_size: 32
  ckpt_clean: True
  ckpt_period: 100
  enable_ckpt: True
  epoch_resume: -1
  eval_period: 20
  iter_per_epoch: 32
  neighbor_sizes: [20, 15, 10, 5]
  node_per_graph: 32
  radius: extend
  sample_node: False
  sampler: full_batch
  skip_train_eval: False
  walk_length: 4
val:
  node_per_graph: 32
  radius: extend
  sample_node: False
  sampler: full_batch
view_emb: False
Num parameters: 699405
val: {'epoch': 0, 'loss': 1.9679, 'lr': 0.01, 'params': 699405, 'time_iter': 1.508, 'accuracy': 0.116}
val: {'epoch': 0, 'loss': 1.8876, 'lr': 0.01, 'params': 699405, 'time_iter': 0.0315, 'accuracy': 0.19}
train: {'epoch': 0, 'eta': 6.4036, 'loss': 1.951, 'lr': 0.01, 'params': 699405, 'time_iter': 0.0647, 'accuracy': 0.1357}
val: {'epoch': 1, 'loss': 1.723, 'lr': 0.01, 'params': 699405, 'time_iter': 0.0271, 'accuracy': 0.582}
train: {'epoch': 1, 'eta': 5.3478, 'loss': 1.8321, 'lr': 0.01, 'params': 699405, 'time_iter': 0.0445, 'accuracy': 0.6071}
val: {'epoch': 2, 'loss': 1.6273, 'lr': 0.01, 'params': 699405, 'time_iter': 0.0313, 'accuracy': 0.668}
train: {'epoch': 2, 'eta': 5.2249, 'loss': 1.5913, 'lr': 0.01, 'params': 699405, 'time_iter': 0.0525, 'accuracy': 0.8714}
val: {'epoch': 3, 'loss': 1.5554, 'lr': 0.01, 'params': 699405, 'time_iter': 0.0304, 'accuracy': 0.7}
train: {'epoch': 3, 'eta': 5.1264, 'loss': 1.4598, 'lr': 0.01, 'params': 699405, 'time_iter': 0.052, 'accuracy': 0.95}
val: {'epoch': 4, 'loss': 1.4961, 'lr': 0.0099, 'params': 699405, 'time_iter': 0.0335, 'accuracy': 0.706}
train: {'epoch': 4, 'eta': 5.0871, 'loss': 1.3589, 'lr': 0.0099, 'params': 699405, 'time_iter': 0.0541, 'accuracy': 0.9929}
val: {'epoch': 5, 'loss': 1.441, 'lr': 0.0099, 'params': 699405, 'time_iter': 0.0285, 'accuracy': 0.702}
train: {'epoch': 5, 'eta': 5.012, 'loss': 1.2614, 'lr': 0.0099, 'params': 699405, 'time_iter': 0.0522, 'accuracy': 0.9929}
val: {'epoch': 6, 'loss': 1.3859, 'lr': 0.0099, 'params': 699405, 'time_iter': 0.03, 'accuracy': 0.7}
train: {'epoch': 6, 'eta': 4.885, 'loss': 1.1653, 'lr': 0.0099, 'params': 699405, 'time_iter': 0.0478, 'accuracy': 1.0}
val: {'epoch': 7, 'loss': 1.3337, 'lr': 0.0098, 'params': 699405, 'time_iter': 0.0321, 'accuracy': 0.71}
train: {'epoch': 7, 'eta': 4.796, 'loss': 1.0679, 'lr': 0.0098, 'params': 699405, 'time_iter': 0.0494, 'accuracy': 1.0}
val: {'epoch': 8, 'loss': 1.2867, 'lr': 0.0098, 'params': 699405, 'time_iter': 0.0319, 'accuracy': 0.706}
train: {'epoch': 8, 'eta': 4.7632, 'loss': 0.973, 'lr': 0.0098, 'params': 699405, 'time_iter': 0.054, 'accuracy': 1.0}
val: {'epoch': 9, 'loss': 1.2447, 'lr': 0.0098, 'params': 699405, 'time_iter': 0.0274, 'accuracy': 0.692}
train: {'epoch': 9, 'eta': 4.663, 'loss': 0.8833, 'lr': 0.0098, 'params': 699405, 'time_iter': 0.047, 'accuracy': 1.0}
val: {'epoch': 10, 'loss': 1.2035, 'lr': 0.0097, 'params': 699405, 'time_iter': 0.0293, 'accuracy': 0.686}
train: {'epoch': 10, 'eta': 4.6614, 'loss': 0.7985, 'lr': 0.0097, 'params': 699405, 'time_iter': 0.058, 'accuracy': 1.0}
val: {'epoch': 11, 'loss': 1.1615, 'lr': 0.0096, 'params': 699405, 'time_iter': 0.0372, 'accuracy': 0.686}
train: {'epoch': 11, 'eta': 4.6063, 'loss': 0.7183, 'lr': 0.0096, 'params': 699405, 'time_iter': 0.052, 'accuracy': 1.0}
val: {'epoch': 12, 'loss': 1.1248, 'lr': 0.0096, 'params': 699405, 'time_iter': 0.038, 'accuracy': 0.704}
train: {'epoch': 12, 'eta': 4.5538, 'loss': 0.6433, 'lr': 0.0096, 'params': 699405, 'time_iter': 0.0523, 'accuracy': 1.0}
val: {'epoch': 13, 'loss': 1.1008, 'lr': 0.0095, 'params': 699405, 'time_iter': 0.0301, 'accuracy': 0.704}
train: {'epoch': 13, 'eta': 4.5082, 'loss': 0.5742, 'lr': 0.0095, 'params': 699405, 'time_iter': 0.0534, 'accuracy': 1.0}
val: {'epoch': 14, 'loss': 1.0841, 'lr': 0.0095, 'params': 699405, 'time_iter': 0.0302, 'accuracy': 0.696}
train: {'epoch': 14, 'eta': 4.463, 'loss': 0.511, 'lr': 0.0095, 'params': 699405, 'time_iter': 0.0537, 'accuracy': 1.0}
val: {'epoch': 15, 'loss': 1.0693, 'lr': 0.0094, 'params': 699405, 'time_iter': 0.0316, 'accuracy': 0.698}
train: {'epoch': 15, 'eta': 4.4022, 'loss': 0.4532, 'lr': 0.0094, 'params': 699405, 'time_iter': 0.0509, 'accuracy': 1.0}
val: {'epoch': 16, 'loss': 1.0553, 'lr': 0.0093, 'params': 699405, 'time_iter': 0.0415, 'accuracy': 0.692}
train: {'epoch': 16, 'eta': 4.309, 'loss': 0.4013, 'lr': 0.0093, 'params': 699405, 'time_iter': 0.0441, 'accuracy': 1.0}
val: {'epoch': 17, 'loss': 1.0615, 'lr': 0.0092, 'params': 699405, 'time_iter': 0.0346, 'accuracy': 0.676}
train: {'epoch': 17, 'eta': 4.2647, 'loss': 0.3552, 'lr': 0.0092, 'params': 699405, 'time_iter': 0.0536, 'accuracy': 1.0}
val: {'epoch': 18, 'loss': 1.0739, 'lr': 0.0091, 'params': 699405, 'time_iter': 0.0307, 'accuracy': 0.678}
train: {'epoch': 18, 'eta': 4.2099, 'loss': 0.3146, 'lr': 0.0091, 'params': 699405, 'time_iter': 0.0514, 'accuracy': 1.0}
val: {'epoch': 19, 'loss': 1.0781, 'lr': 0.009, 'params': 699405, 'time_iter': 0.0329, 'accuracy': 0.682}
train: {'epoch': 19, 'eta': 4.1363, 'loss': 0.2793, 'lr': 0.009, 'params': 699405, 'time_iter': 0.0466, 'accuracy': 1.0}
val: {'epoch': 20, 'loss': 1.1011, 'lr': 0.009, 'params': 699405, 'time_iter': 0.0288, 'accuracy': 0.672}
train: {'epoch': 20, 'eta': 4.0841, 'loss': 0.2485, 'lr': 0.009, 'params': 699405, 'time_iter': 0.0516, 'accuracy': 1.0}
val: {'epoch': 21, 'loss': 1.0932, 'lr': 0.0089, 'params': 699405, 'time_iter': 0.0327, 'accuracy': 0.682}
train: {'epoch': 21, 'eta': 4.063, 'loss': 0.2222, 'lr': 0.0089, 'params': 699405, 'time_iter': 0.0603, 'accuracy': 1.0}
val: {'epoch': 22, 'loss': 1.1176, 'lr': 0.0088, 'params': 699405, 'time_iter': 0.0327, 'accuracy': 0.672}
train: {'epoch': 22, 'eta': 4.0284, 'loss': 0.201, 'lr': 0.0088, 'params': 699405, 'time_iter': 0.0573, 'accuracy': 1.0}
val: {'epoch': 23, 'loss': 1.0678, 'lr': 0.0086, 'params': 699405, 'time_iter': 0.0313, 'accuracy': 0.7}
train: {'epoch': 23, 'eta': 3.9555, 'loss': 0.1817, 'lr': 0.0086, 'params': 699405, 'time_iter': 0.0458, 'accuracy': 1.0}
val: {'epoch': 24, 'loss': 1.0693, 'lr': 0.0085, 'params': 699405, 'time_iter': 0.0325, 'accuracy': 0.702}
train: {'epoch': 24, 'eta': 3.8855, 'loss': 0.1651, 'lr': 0.0085, 'params': 699405, 'time_iter': 0.0461, 'accuracy': 1.0}
val: {'epoch': 25, 'loss': 1.1032, 'lr': 0.0084, 'params': 699405, 'time_iter': 0.0392, 'accuracy': 0.69}
train: {'epoch': 25, 'eta': 3.8701, 'loss': 0.1505, 'lr': 0.0084, 'params': 699405, 'time_iter': 0.0646, 'accuracy': 1.0}
val: {'epoch': 26, 'loss': 1.1405, 'lr': 0.0083, 'params': 699405, 'time_iter': 0.0365, 'accuracy': 0.68}
train: {'epoch': 26, 'eta': 3.803, 'loss': 0.1373, 'lr': 0.0083, 'params': 699405, 'time_iter': 0.0468, 'accuracy': 1.0}
val: {'epoch': 27, 'loss': 1.1493, 'lr': 0.0082, 'params': 699405, 'time_iter': 0.0377, 'accuracy': 0.678}
train: {'epoch': 27, 'eta': 3.7534, 'loss': 0.1263, 'lr': 0.0082, 'params': 699405, 'time_iter': 0.0531, 'accuracy': 1.0}
val: {'epoch': 28, 'loss': 1.1403, 'lr': 0.0081, 'params': 699405, 'time_iter': 0.0368, 'accuracy': 0.686}
train: {'epoch': 28, 'eta': 3.6962, 'loss': 0.1162, 'lr': 0.0081, 'params': 699405, 'time_iter': 0.05, 'accuracy': 1.0}
val: {'epoch': 29, 'loss': 1.1383, 'lr': 0.0079, 'params': 699405, 'time_iter': 0.0622, 'accuracy': 0.694}
train: {'epoch': 29, 'eta': 3.6661, 'loss': 0.1074, 'lr': 0.0079, 'params': 699405, 'time_iter': 0.0615, 'accuracy': 1.0}
val: {'epoch': 30, 'loss': 1.147, 'lr': 0.0078, 'params': 699405, 'time_iter': 0.0918, 'accuracy': 0.692}
train: {'epoch': 30, 'eta': 3.712, 'loss': 0.0998, 'lr': 0.0078, 'params': 699405, 'time_iter': 0.0965, 'accuracy': 1.0}
val: {'epoch': 31, 'loss': 1.1617, 'lr': 0.0077, 'params': 699405, 'time_iter': 0.0824, 'accuracy': 0.69}
train: {'epoch': 31, 'eta': 3.7709, 'loss': 0.0928, 'lr': 0.0077, 'params': 699405, 'time_iter': 0.1069, 'accuracy': 1.0}
val: {'epoch': 32, 'loss': 1.1747, 'lr': 0.0075, 'params': 699405, 'time_iter': 0.0837, 'accuracy': 0.688}
train: {'epoch': 32, 'eta': 3.7937, 'loss': 0.087, 'lr': 0.0075, 'params': 699405, 'time_iter': 0.094, 'accuracy': 1.0}
val: {'epoch': 33, 'loss': 1.1813, 'lr': 0.0074, 'params': 699405, 'time_iter': 0.0263, 'accuracy': 0.684}
train: {'epoch': 33, 'eta': 3.7316, 'loss': 0.0819, 'lr': 0.0074, 'params': 699405, 'time_iter': 0.0538, 'accuracy': 1.0}
val: {'epoch': 34, 'loss': 1.181, 'lr': 0.0073, 'params': 699405, 'time_iter': 0.0446, 'accuracy': 0.682}
train: {'epoch': 34, 'eta': 3.662, 'loss': 0.0775, 'lr': 0.0073, 'params': 699405, 'time_iter': 0.0495, 'accuracy': 1.0}
val: {'epoch': 35, 'loss': 1.1948, 'lr': 0.0071, 'params': 699405, 'time_iter': 0.0253, 'accuracy': 0.674}
train: {'epoch': 35, 'eta': 3.5958, 'loss': 0.0733, 'lr': 0.0071, 'params': 699405, 'time_iter': 0.0508, 'accuracy': 1.0}
val: {'epoch': 36, 'loss': 1.2043, 'lr': 0.007, 'params': 699405, 'time_iter': 0.0296, 'accuracy': 0.674}
train: {'epoch': 36, 'eta': 3.53, 'loss': 0.0696, 'lr': 0.007, 'params': 699405, 'time_iter': 0.0505, 'accuracy': 1.0}
val: {'epoch': 37, 'loss': 1.1849, 'lr': 0.0068, 'params': 699405, 'time_iter': 0.0352, 'accuracy': 0.67}
train: {'epoch': 37, 'eta': 3.4617, 'loss': 0.0664, 'lr': 0.0068, 'params': 699405, 'time_iter': 0.0485, 'accuracy': 1.0}
val: {'epoch': 38, 'loss': 1.1964, 'lr': 0.0067, 'params': 699405, 'time_iter': 0.0297, 'accuracy': 0.674}
train: {'epoch': 38, 'eta': 3.3801, 'loss': 0.0634, 'lr': 0.0067, 'params': 699405, 'time_iter': 0.0394, 'accuracy': 1.0}
val: {'epoch': 39, 'loss': 1.2186, 'lr': 0.0065, 'params': 699405, 'time_iter': 0.0273, 'accuracy': 0.68}
train: {'epoch': 39, 'eta': 3.3209, 'loss': 0.0608, 'lr': 0.0065, 'params': 699405, 'time_iter': 0.0529, 'accuracy': 1.0}
val: {'epoch': 40, 'loss': 1.21, 'lr': 0.0064, 'params': 699405, 'time_iter': 0.0368, 'accuracy': 0.676}
train: {'epoch': 40, 'eta': 3.2569, 'loss': 0.0584, 'lr': 0.0064, 'params': 699405, 'time_iter': 0.0494, 'accuracy': 1.0}
val: {'epoch': 41, 'loss': 1.2126, 'lr': 0.0062, 'params': 699405, 'time_iter': 0.038, 'accuracy': 0.672}
train: {'epoch': 41, 'eta': 3.1945, 'loss': 0.0563, 'lr': 0.0062, 'params': 699405, 'time_iter': 0.0499, 'accuracy': 1.0}
val: {'epoch': 42, 'loss': 1.2209, 'lr': 0.0061, 'params': 699405, 'time_iter': 0.0301, 'accuracy': 0.676}
train: {'epoch': 42, 'eta': 3.1286, 'loss': 0.0544, 'lr': 0.0061, 'params': 699405, 'time_iter': 0.0469, 'accuracy': 1.0}
val: {'epoch': 43, 'loss': 1.2324, 'lr': 0.0059, 'params': 699405, 'time_iter': 0.0276, 'accuracy': 0.676}
train: {'epoch': 43, 'eta': 3.0685, 'loss': 0.0527, 'lr': 0.0059, 'params': 699405, 'time_iter': 0.0508, 'accuracy': 1.0}
val: {'epoch': 44, 'loss': 1.2389, 'lr': 0.0058, 'params': 699405, 'time_iter': 0.0307, 'accuracy': 0.67}
train: {'epoch': 44, 'eta': 3.0036, 'loss': 0.0512, 'lr': 0.0058, 'params': 699405, 'time_iter': 0.0465, 'accuracy': 1.0}
val: {'epoch': 45, 'loss': 1.2588, 'lr': 0.0056, 'params': 699405, 'time_iter': 0.0323, 'accuracy': 0.666}
train: {'epoch': 45, 'eta': 2.9472, 'loss': 0.0497, 'lr': 0.0056, 'params': 699405, 'time_iter': 0.0531, 'accuracy': 1.0}
val: {'epoch': 46, 'loss': 1.2891, 'lr': 0.0055, 'params': 699405, 'time_iter': 0.0296, 'accuracy': 0.662}
train: {'epoch': 46, 'eta': 2.8869, 'loss': 0.0485, 'lr': 0.0055, 'params': 699405, 'time_iter': 0.0495, 'accuracy': 1.0}
val: {'epoch': 47, 'loss': 1.2738, 'lr': 0.0053, 'params': 699405, 'time_iter': 0.0324, 'accuracy': 0.67}
train: {'epoch': 47, 'eta': 2.8265, 'loss': 0.0474, 'lr': 0.0053, 'params': 699405, 'time_iter': 0.0489, 'accuracy': 1.0}
val: {'epoch': 48, 'loss': 1.3257, 'lr': 0.0052, 'params': 699405, 'time_iter': 0.0289, 'accuracy': 0.654}
train: {'epoch': 48, 'eta': 2.7665, 'loss': 0.0464, 'lr': 0.0052, 'params': 699405, 'time_iter': 0.049, 'accuracy': 1.0}
val: {'epoch': 49, 'loss': 1.3061, 'lr': 0.005, 'params': 699405, 'time_iter': 0.0306, 'accuracy': 0.662}
train: {'epoch': 49, 'eta': 2.7083, 'loss': 0.0455, 'lr': 0.005, 'params': 699405, 'time_iter': 0.0503, 'accuracy': 1.0}
val: {'epoch': 50, 'loss': 1.3077, 'lr': 0.0048, 'params': 699405, 'time_iter': 0.027, 'accuracy': 0.662}
train: {'epoch': 50, 'eta': 2.648, 'loss': 0.0445, 'lr': 0.0048, 'params': 699405, 'time_iter': 0.0478, 'accuracy': 1.0}
val: {'epoch': 51, 'loss': 1.3443, 'lr': 0.0047, 'params': 699405, 'time_iter': 0.0296, 'accuracy': 0.66}
train: {'epoch': 51, 'eta': 2.5938, 'loss': 0.0437, 'lr': 0.0047, 'params': 699405, 'time_iter': 0.0539, 'accuracy': 1.0}
val: {'epoch': 52, 'loss': 1.3621, 'lr': 0.0045, 'params': 699405, 'time_iter': 0.0306, 'accuracy': 0.654}
train: {'epoch': 52, 'eta': 2.5349, 'loss': 0.043, 'lr': 0.0045, 'params': 699405, 'time_iter': 0.0486, 'accuracy': 1.0}
val: {'epoch': 53, 'loss': 1.3527, 'lr': 0.0044, 'params': 699405, 'time_iter': 0.0299, 'accuracy': 0.658}
train: {'epoch': 53, 'eta': 2.4808, 'loss': 0.0423, 'lr': 0.0044, 'params': 699405, 'time_iter': 0.0536, 'accuracy': 1.0}
val: {'epoch': 54, 'loss': 1.3506, 'lr': 0.0042, 'params': 699405, 'time_iter': 0.0284, 'accuracy': 0.662}
train: {'epoch': 54, 'eta': 2.4167, 'loss': 0.0417, 'lr': 0.0042, 'params': 699405, 'time_iter': 0.0416, 'accuracy': 1.0}
val: {'epoch': 55, 'loss': 1.3756, 'lr': 0.0041, 'params': 699405, 'time_iter': 0.0278, 'accuracy': 0.658}
train: {'epoch': 55, 'eta': 2.3602, 'loss': 0.041, 'lr': 0.0041, 'params': 699405, 'time_iter': 0.0501, 'accuracy': 1.0}
val: {'epoch': 56, 'loss': 1.401, 'lr': 0.0039, 'params': 699405, 'time_iter': 0.0282, 'accuracy': 0.646}
train: {'epoch': 56, 'eta': 2.3013, 'loss': 0.0406, 'lr': 0.0039, 'params': 699405, 'time_iter': 0.0467, 'accuracy': 1.0}
val: {'epoch': 57, 'loss': 1.3768, 'lr': 0.0038, 'params': 699405, 'time_iter': 0.0306, 'accuracy': 0.66}
train: {'epoch': 57, 'eta': 2.2405, 'loss': 0.04, 'lr': 0.0038, 'params': 699405, 'time_iter': 0.0433, 'accuracy': 1.0}
val: {'epoch': 58, 'loss': 1.3783, 'lr': 0.0036, 'params': 699405, 'time_iter': 0.0291, 'accuracy': 0.652}
train: {'epoch': 58, 'eta': 2.1773, 'loss': 0.0396, 'lr': 0.0036, 'params': 699405, 'time_iter': 0.0392, 'accuracy': 1.0}
val: {'epoch': 59, 'loss': 1.401, 'lr': 0.0035, 'params': 699405, 'time_iter': 0.0264, 'accuracy': 0.648}
train: {'epoch': 59, 'eta': 2.1168, 'loss': 0.0391, 'lr': 0.0035, 'params': 699405, 'time_iter': 0.042, 'accuracy': 1.0}
val: {'epoch': 60, 'loss': 1.4158, 'lr': 0.0033, 'params': 699405, 'time_iter': 0.0326, 'accuracy': 0.652}
train: {'epoch': 60, 'eta': 2.0607, 'loss': 0.0387, 'lr': 0.0033, 'params': 699405, 'time_iter': 0.0479, 'accuracy': 1.0}
val: {'epoch': 61, 'loss': 1.4131, 'lr': 0.0032, 'params': 699405, 'time_iter': 0.0368, 'accuracy': 0.646}
train: {'epoch': 61, 'eta': 2.0062, 'loss': 0.0384, 'lr': 0.0032, 'params': 699405, 'time_iter': 0.0501, 'accuracy': 1.0}
val: {'epoch': 62, 'loss': 1.3946, 'lr': 0.003, 'params': 699405, 'time_iter': 0.039, 'accuracy': 0.658}
train: {'epoch': 62, 'eta': 1.9459, 'loss': 0.0381, 'lr': 0.003, 'params': 699405, 'time_iter': 0.04, 'accuracy': 1.0}
val: {'epoch': 63, 'loss': 1.4105, 'lr': 0.0029, 'params': 699405, 'time_iter': 0.0297, 'accuracy': 0.652}
train: {'epoch': 63, 'eta': 1.8897, 'loss': 0.0377, 'lr': 0.0029, 'params': 699405, 'time_iter': 0.0462, 'accuracy': 1.0}
val: {'epoch': 64, 'loss': 1.4347, 'lr': 0.0027, 'params': 699405, 'time_iter': 0.0367, 'accuracy': 0.646}
train: {'epoch': 64, 'eta': 1.8396, 'loss': 0.0374, 'lr': 0.0027, 'params': 699405, 'time_iter': 0.0568, 'accuracy': 1.0}
val: {'epoch': 65, 'loss': 1.436, 'lr': 0.0026, 'params': 699405, 'time_iter': 0.0528, 'accuracy': 0.644}
train: {'epoch': 65, 'eta': 1.7932, 'loss': 0.0372, 'lr': 0.0026, 'params': 699405, 'time_iter': 0.0647, 'accuracy': 1.0}
val: {'epoch': 66, 'loss': 1.4283, 'lr': 0.0025, 'params': 699405, 'time_iter': 0.0706, 'accuracy': 0.648}
train: {'epoch': 66, 'eta': 1.761, 'loss': 0.0369, 'lr': 0.0025, 'params': 699405, 'time_iter': 0.0945, 'accuracy': 1.0}
val: {'epoch': 67, 'loss': 1.434, 'lr': 0.0023, 'params': 699405, 'time_iter': 0.085, 'accuracy': 0.642}
train: {'epoch': 67, 'eta': 1.7269, 'loss': 0.0367, 'lr': 0.0023, 'params': 699405, 'time_iter': 0.0941, 'accuracy': 1.0}
val: {'epoch': 68, 'loss': 1.4403, 'lr': 0.0022, 'params': 699405, 'time_iter': 0.0617, 'accuracy': 0.64}
train: {'epoch': 68, 'eta': 1.6998, 'loss': 0.0365, 'lr': 0.0022, 'params': 699405, 'time_iter': 0.114, 'accuracy': 1.0}
val: {'epoch': 69, 'loss': 1.4299, 'lr': 0.0021, 'params': 699405, 'time_iter': 0.0788, 'accuracy': 0.646}
train: {'epoch': 69, 'eta': 1.6676, 'loss': 0.0363, 'lr': 0.0021, 'params': 699405, 'time_iter': 0.1076, 'accuracy': 1.0}
val: {'epoch': 70, 'loss': 1.4209, 'lr': 0.0019, 'params': 699405, 'time_iter': 0.0895, 'accuracy': 0.646}
train: {'epoch': 70, 'eta': 1.6381, 'loss': 0.0361, 'lr': 0.0019, 'params': 699405, 'time_iter': 0.1194, 'accuracy': 1.0}
val: {'epoch': 71, 'loss': 1.4192, 'lr': 0.0018, 'params': 699405, 'time_iter': 0.1008, 'accuracy': 0.646}
train: {'epoch': 71, 'eta': 1.6058, 'loss': 0.0359, 'lr': 0.0018, 'params': 699405, 'time_iter': 0.1187, 'accuracy': 1.0}
val: {'epoch': 72, 'loss': 1.4198, 'lr': 0.0017, 'params': 699405, 'time_iter': 0.0438, 'accuracy': 0.648}
train: {'epoch': 72, 'eta': 1.5688, 'loss': 0.0358, 'lr': 0.0017, 'params': 699405, 'time_iter': 0.1122, 'accuracy': 1.0}
val: {'epoch': 73, 'loss': 1.4158, 'lr': 0.0016, 'params': 699405, 'time_iter': 0.0287, 'accuracy': 0.646}
train: {'epoch': 73, 'eta': 1.5089, 'loss': 0.0356, 'lr': 0.0016, 'params': 699405, 'time_iter': 0.0532, 'accuracy': 1.0}
val: {'epoch': 74, 'loss': 1.4082, 'lr': 0.0015, 'params': 699405, 'time_iter': 0.0315, 'accuracy': 0.644}
train: {'epoch': 74, 'eta': 1.446, 'loss': 0.0355, 'lr': 0.0015, 'params': 699405, 'time_iter': 0.0434, 'accuracy': 1.0}
val: {'epoch': 75, 'loss': 1.4015, 'lr': 0.0014, 'params': 699405, 'time_iter': 0.0266, 'accuracy': 0.65}
train: {'epoch': 75, 'eta': 1.3845, 'loss': 0.0354, 'lr': 0.0014, 'params': 699405, 'time_iter': 0.0461, 'accuracy': 1.0}
val: {'epoch': 76, 'loss': 1.3997, 'lr': 0.0012, 'params': 699405, 'time_iter': 0.0355, 'accuracy': 0.654}
train: {'epoch': 76, 'eta': 1.3256, 'loss': 0.0353, 'lr': 0.0012, 'params': 699405, 'time_iter': 0.0538, 'accuracy': 1.0}
val: {'epoch': 77, 'loss': 1.3973, 'lr': 0.0011, 'params': 699405, 'time_iter': 0.0356, 'accuracy': 0.652}
train: {'epoch': 77, 'eta': 1.2686, 'loss': 0.0352, 'lr': 0.0011, 'params': 699405, 'time_iter': 0.0598, 'accuracy': 1.0}
val: {'epoch': 78, 'loss': 1.394, 'lr': 0.001, 'params': 699405, 'time_iter': 0.0259, 'accuracy': 0.65}
train: {'epoch': 78, 'eta': 1.2058, 'loss': 0.0351, 'lr': 0.001, 'params': 699405, 'time_iter': 0.0382, 'accuracy': 1.0}
val: {'epoch': 79, 'loss': 1.3899, 'lr': 0.001, 'params': 699405, 'time_iter': 0.0326, 'accuracy': 0.662}
train: {'epoch': 79, 'eta': 1.1475, 'loss': 0.035, 'lr': 0.001, 'params': 699405, 'time_iter': 0.0542, 'accuracy': 1.0}
val: {'epoch': 80, 'loss': 1.3846, 'lr': 0.0009, 'params': 699405, 'time_iter': 0.0386, 'accuracy': 0.662}
train: {'epoch': 80, 'eta': 1.0889, 'loss': 0.0349, 'lr': 0.0009, 'params': 699405, 'time_iter': 0.052, 'accuracy': 1.0}
val: {'epoch': 81, 'loss': 1.3786, 'lr': 0.0008, 'params': 699405, 'time_iter': 0.0378, 'accuracy': 0.664}
train: {'epoch': 81, 'eta': 1.0291, 'loss': 0.0348, 'lr': 0.0008, 'params': 699405, 'time_iter': 0.046, 'accuracy': 1.0}
val: {'epoch': 82, 'loss': 1.3741, 'lr': 0.0007, 'params': 699405, 'time_iter': 0.027, 'accuracy': 0.664}
train: {'epoch': 82, 'eta': 0.9722, 'loss': 0.0348, 'lr': 0.0007, 'params': 699405, 'time_iter': 0.0582, 'accuracy': 1.0}
val: {'epoch': 83, 'loss': 1.3719, 'lr': 0.0006, 'params': 699405, 'time_iter': 0.0322, 'accuracy': 0.662}
train: {'epoch': 83, 'eta': 0.9147, 'loss': 0.0347, 'lr': 0.0006, 'params': 699405, 'time_iter': 0.0559, 'accuracy': 1.0}
val: {'epoch': 84, 'loss': 1.3704, 'lr': 0.0005, 'params': 699405, 'time_iter': 0.0312, 'accuracy': 0.66}
train: {'epoch': 84, 'eta': 0.8556, 'loss': 0.0347, 'lr': 0.0005, 'params': 699405, 'time_iter': 0.0463, 'accuracy': 1.0}
val: {'epoch': 85, 'loss': 1.3675, 'lr': 0.0005, 'params': 699405, 'time_iter': 0.0308, 'accuracy': 0.662}
train: {'epoch': 85, 'eta': 0.7992, 'loss': 0.0346, 'lr': 0.0005, 'params': 699405, 'time_iter': 0.061, 'accuracy': 1.0}
val: {'epoch': 86, 'loss': 1.3626, 'lr': 0.0004, 'params': 699405, 'time_iter': 0.0319, 'accuracy': 0.664}
train: {'epoch': 86, 'eta': 0.743, 'loss': 0.0346, 'lr': 0.0004, 'params': 699405, 'time_iter': 0.063, 'accuracy': 1.0}
val: {'epoch': 87, 'loss': 1.3569, 'lr': 0.0004, 'params': 699405, 'time_iter': 0.0325, 'accuracy': 0.662}
train: {'epoch': 87, 'eta': 0.6834, 'loss': 0.0346, 'lr': 0.0004, 'params': 699405, 'time_iter': 0.0387, 'accuracy': 1.0}
val: {'epoch': 88, 'loss': 1.3518, 'lr': 0.0003, 'params': 699405, 'time_iter': 0.0287, 'accuracy': 0.662}
train: {'epoch': 88, 'eta': 0.6253, 'loss': 0.0345, 'lr': 0.0003, 'params': 699405, 'time_iter': 0.0476, 'accuracy': 1.0}
val: {'epoch': 89, 'loss': 1.3475, 'lr': 0.0002, 'params': 699405, 'time_iter': 0.0274, 'accuracy': 0.67}
train: {'epoch': 89, 'eta': 0.5683, 'loss': 0.0345, 'lr': 0.0002, 'params': 699405, 'time_iter': 0.0555, 'accuracy': 1.0}
val: {'epoch': 90, 'loss': 1.344, 'lr': 0.0002, 'params': 699405, 'time_iter': 0.034, 'accuracy': 0.67}
train: {'epoch': 90, 'eta': 0.5101, 'loss': 0.0345, 'lr': 0.0002, 'params': 699405, 'time_iter': 0.0436, 'accuracy': 1.0}
val: {'epoch': 91, 'loss': 1.341, 'lr': 0.0002, 'params': 699405, 'time_iter': 0.0281, 'accuracy': 0.674}
train: {'epoch': 91, 'eta': 0.4534, 'loss': 0.0345, 'lr': 0.0002, 'params': 699405, 'time_iter': 0.056, 'accuracy': 1.0}
val: {'epoch': 92, 'loss': 1.338, 'lr': 0.0001, 'params': 699405, 'time_iter': 0.0315, 'accuracy': 0.676}
train: {'epoch': 92, 'eta': 0.3959, 'loss': 0.0345, 'lr': 0.0001, 'params': 699405, 'time_iter': 0.0457, 'accuracy': 1.0}
val: {'epoch': 93, 'loss': 1.335, 'lr': 0.0001, 'params': 699405, 'time_iter': 0.0289, 'accuracy': 0.676}
train: {'epoch': 93, 'eta': 0.3386, 'loss': 0.0344, 'lr': 0.0001, 'params': 699405, 'time_iter': 0.0449, 'accuracy': 1.0}
val: {'epoch': 94, 'loss': 1.3321, 'lr': 0.0001, 'params': 699405, 'time_iter': 0.0276, 'accuracy': 0.678}
train: {'epoch': 94, 'eta': 0.2823, 'loss': 0.0344, 'lr': 0.0001, 'params': 699405, 'time_iter': 0.0588, 'accuracy': 1.0}
val: {'epoch': 95, 'loss': 1.3292, 'lr': 0.0, 'params': 699405, 'time_iter': 0.0319, 'accuracy': 0.68}
train: {'epoch': 95, 'eta': 0.2257, 'loss': 0.0344, 'lr': 0.0, 'params': 699405, 'time_iter': 0.0527, 'accuracy': 1.0}
val: {'epoch': 96, 'loss': 1.3265, 'lr': 0.0, 'params': 699405, 'time_iter': 0.0362, 'accuracy': 0.68}
train: {'epoch': 96, 'eta': 0.1691, 'loss': 0.0344, 'lr': 0.0, 'params': 699405, 'time_iter': 0.0515, 'accuracy': 1.0}
val: {'epoch': 97, 'loss': 1.3239, 'lr': 0.0, 'params': 699405, 'time_iter': 0.0289, 'accuracy': 0.68}
train: {'epoch': 97, 'eta': 0.1125, 'loss': 0.0344, 'lr': 0.0, 'params': 699405, 'time_iter': 0.0442, 'accuracy': 1.0}
val: {'epoch': 98, 'loss': 1.3216, 'lr': 0.0, 'params': 699405, 'time_iter': 0.0316, 'accuracy': 0.68}
train: {'epoch': 98, 'eta': 0.0561, 'loss': 0.0344, 'lr': 0.0, 'params': 699405, 'time_iter': 0.0469, 'accuracy': 1.0}
val: {'epoch': 99, 'loss': 1.3195, 'lr': 0.0, 'params': 699405, 'time_iter': 0.0314, 'accuracy': 0.678}
train: {'epoch': 99, 'eta': 0.0, 'loss': 0.0344, 'lr': 0.0, 'params': 699405, 'time_iter': 0.0532, 'accuracy': 1.0}
test: {'epoch': 100, 'loss': 1.2687, 'lr': 0.0, 'params': 699405, 'time_iter': 0.0408, 'accuracy': 0.679}
