GraphGymModule(
  (model): GNN(
    (encoder): FeatureEncoder()
    (pre_mp): GeneralMultiLayer(
      (Layer_0): GeneralLayer(
        (layer): Linear(
          (model): Linear(1433, 256, bias=False)
        )
        (post_layer): Sequential(
          (0): BatchNorm1d(256, eps=1e-05, momentum=0.1, affine=True, track_running_stats=True)
          (1): PReLU(num_parameters=1)
        )
      )
    )
    (mp): GNNStackStage(
      (layer0): GeneralLayer(
        (layer): GCNConv(
          (model): GCNConv(256, 256)
        )
        (post_layer): Sequential(
          (0): BatchNorm1d(256, eps=1e-05, momentum=0.1, affine=True, track_running_stats=True)
          (1): PReLU(num_parameters=1)
        )
      )
      (layer1): GeneralLayer(
        (layer): GCNConv(
          (model): GCNConv(256, 256)
        )
        (post_layer): Sequential(
          (0): BatchNorm1d(256, eps=1e-05, momentum=0.1, affine=True, track_running_stats=True)
          (1): PReLU(num_parameters=1)
        )
      )
      (layer2): GeneralLayer(
        (layer): GCNConv(
          (model): GCNConv(256, 256)
        )
        (post_layer): Sequential(
          (0): BatchNorm1d(256, eps=1e-05, momentum=0.1, affine=True, track_running_stats=True)
          (1): PReLU(num_parameters=1)
        )
      )
      (layer3): GeneralLayer(
        (layer): GCNConv(
          (model): GCNConv(256, 256)
        )
        (post_layer): Sequential(
          (0): BatchNorm1d(256, eps=1e-05, momentum=0.1, affine=True, track_running_stats=True)
          (1): PReLU(num_parameters=1)
        )
      )
      (layer4): GeneralLayer(
        (layer): GCNConv(
          (model): GCNConv(256, 256)
        )
        (post_layer): Sequential(
          (0): BatchNorm1d(256, eps=1e-05, momentum=0.1, affine=True, track_running_stats=True)
          (1): PReLU(num_parameters=1)
        )
      )
    )
    (post_mp): GNNNodeHead(
      (layer_post_mp): MLP(
        (model): Sequential(
          (0): Linear(
            (model): Linear(256, 7, bias=True)
          )
        )
      )
    )
  )
)
accelerator: cuda
benchmark: False
bn:
  eps: 1e-05
  mom: 0.1
cfg_dest: config.yaml
custom_metrics: []
dataset:
  cache_load: False
  cache_save: False
  dir: ./datasets
  edge_dim: 128
  edge_encoder: False
  edge_encoder_bn: True
  edge_encoder_name: Bond
  edge_message_ratio: 0.8
  edge_negative_sampling_ratio: 1.0
  edge_train_mode: all
  encoder: True
  encoder_bn: True
  encoder_dim: 128
  encoder_name: db
  format: PyG
  label_column: none
  label_table: none
  location: local
  name: Cora
  node_encoder: False
  node_encoder_bn: True
  node_encoder_name: Atom
  remove_feature: False
  resample_disjoint: False
  resample_negative: False
  shuffle_split: True
  split: [0.8, 0.2]
  split_mode: random
  task: node
  task_type: classification
  to_undirected: False
  transductive: True
  transform: none
  tu_simple: True
delay:
  max_k: 10
devices: None
gnn:
  act: prelu
  agg: add
  att_final_linear: False
  att_final_linear_bn: False
  att_heads: 1
  batchnorm: True
  clear_feature: True
  dim_inner: 256
  dropout: 0.0
  head: node
  keep_edge: 0.5
  l2norm: True
  layer_type: gcnconv
  layers_mp: 5
  layers_post_mp: 1
  layers_pre_mp: 1
  msg_direction: single
  normalize_adj: False
  self_msg: concat
  skip_every: 1
  stage_type: stack
gpu_mem: False
mem:
  inplace: False
metric_agg: argmax
metric_best: auto
model:
  edge_decoding: dot
  graph_pooling: add
  loss_fun: cross_entropy
  match_upper: True
  size_average: mean
  thresh: 0.5
  type: gnn
num_threads: 6
num_workers: 0
optim:
  base_lr: 0.01
  lr_decay: 0.1
  max_epoch: 100
  momentum: 0.9
  optimizer: adam
  scheduler: cos
  steps: [30, 60, 90]
  weight_decay: 0.0005
out_dir: my_results/Cora_V_05MP
params: 699405
print: both
round: 4
run_dir: my_results/Cora_V_05MP/1
seed: 2
share:
  dim_in: 1433
  dim_out: 7
  num_splits: 3
  num_tasks: 1
tensorboard_agg: True
tensorboard_each_run: True
train:
  auto_resume: False
  batch_size: 32
  ckpt_clean: True
  ckpt_period: 100
  enable_ckpt: True
  epoch_resume: -1
  eval_period: 20
  iter_per_epoch: 32
  neighbor_sizes: [20, 15, 10, 5]
  node_per_graph: 32
  radius: extend
  sample_node: False
  sampler: full_batch
  skip_train_eval: False
  walk_length: 4
val:
  node_per_graph: 32
  radius: extend
  sample_node: False
  sampler: full_batch
view_emb: False
Num parameters: 699405
val: {'epoch': 0, 'loss': 1.949, 'lr': 0.01, 'params': 699405, 'time_iter': 0.0734, 'accuracy': 0.126}
val: {'epoch': 0, 'loss': 1.8624, 'lr': 0.01, 'params': 699405, 'time_iter': 0.0857, 'accuracy': 0.436}
train: {'epoch': 0, 'eta': 9.4578, 'loss': 1.9485, 'lr': 0.01, 'params': 699405, 'time_iter': 0.0955, 'accuracy': 0.15}
val: {'epoch': 1, 'loss': 1.6976, 'lr': 0.01, 'params': 699405, 'time_iter': 0.0842, 'accuracy': 0.728}
train: {'epoch': 1, 'eta': 9.9577, 'loss': 1.8196, 'lr': 0.01, 'params': 699405, 'time_iter': 0.1077, 'accuracy': 0.7}
val: {'epoch': 2, 'loss': 1.6119, 'lr': 0.01, 'params': 699405, 'time_iter': 0.0879, 'accuracy': 0.732}
train: {'epoch': 2, 'eta': 9.2492, 'loss': 1.5834, 'lr': 0.01, 'params': 699405, 'time_iter': 0.0828, 'accuracy': 0.95}
val: {'epoch': 3, 'loss': 1.5405, 'lr': 0.01, 'params': 699405, 'time_iter': 0.0294, 'accuracy': 0.726}
train: {'epoch': 3, 'eta': 8.1401, 'loss': 1.4519, 'lr': 0.01, 'params': 699405, 'time_iter': 0.0531, 'accuracy': 0.9643}
val: {'epoch': 4, 'loss': 1.476, 'lr': 0.0099, 'params': 699405, 'time_iter': 0.0358, 'accuracy': 0.728}
train: {'epoch': 4, 'eta': 7.5799, 'loss': 1.3501, 'lr': 0.0099, 'params': 699405, 'time_iter': 0.0598, 'accuracy': 0.9857}
val: {'epoch': 5, 'loss': 1.4185, 'lr': 0.0099, 'params': 699405, 'time_iter': 0.0333, 'accuracy': 0.72}
train: {'epoch': 5, 'eta': 6.8405, 'loss': 1.2536, 'lr': 0.0099, 'params': 699405, 'time_iter': 0.0377, 'accuracy': 0.9929}
val: {'epoch': 6, 'loss': 1.3681, 'lr': 0.0099, 'params': 699405, 'time_iter': 0.0319, 'accuracy': 0.704}
train: {'epoch': 6, 'eta': 6.5425, 'loss': 1.1575, 'lr': 0.0099, 'params': 699405, 'time_iter': 0.0558, 'accuracy': 1.0}
val: {'epoch': 7, 'loss': 1.3238, 'lr': 0.0098, 'params': 699405, 'time_iter': 0.0301, 'accuracy': 0.692}
train: {'epoch': 7, 'eta': 6.2497, 'loss': 1.0615, 'lr': 0.0098, 'params': 699405, 'time_iter': 0.051, 'accuracy': 1.0}
val: {'epoch': 8, 'loss': 1.284, 'lr': 0.0098, 'params': 699405, 'time_iter': 0.0311, 'accuracy': 0.692}
train: {'epoch': 8, 'eta': 5.9491, 'loss': 0.9667, 'lr': 0.0098, 'params': 699405, 'time_iter': 0.0449, 'accuracy': 1.0}
val: {'epoch': 9, 'loss': 1.2483, 'lr': 0.0098, 'params': 699405, 'time_iter': 0.0272, 'accuracy': 0.688}
train: {'epoch': 9, 'eta': 5.7136, 'loss': 0.8758, 'lr': 0.0098, 'params': 699405, 'time_iter': 0.0465, 'accuracy': 1.0}
val: {'epoch': 10, 'loss': 1.2155, 'lr': 0.0097, 'params': 699405, 'time_iter': 0.029, 'accuracy': 0.672}
train: {'epoch': 10, 'eta': 5.5655, 'loss': 0.7898, 'lr': 0.0097, 'params': 699405, 'time_iter': 0.053, 'accuracy': 1.0}
val: {'epoch': 11, 'loss': 1.1859, 'lr': 0.0096, 'params': 699405, 'time_iter': 0.0307, 'accuracy': 0.67}
train: {'epoch': 11, 'eta': 5.4369, 'loss': 0.7091, 'lr': 0.0096, 'params': 699405, 'time_iter': 0.0535, 'accuracy': 1.0}
val: {'epoch': 12, 'loss': 1.1598, 'lr': 0.0096, 'params': 699405, 'time_iter': 0.0322, 'accuracy': 0.65}
train: {'epoch': 12, 'eta': 5.2464, 'loss': 0.6338, 'lr': 0.0096, 'params': 699405, 'time_iter': 0.0425, 'accuracy': 1.0}
val: {'epoch': 13, 'loss': 1.1403, 'lr': 0.0095, 'params': 699405, 'time_iter': 0.0304, 'accuracy': 0.654}
train: {'epoch': 13, 'eta': 5.1175, 'loss': 0.5639, 'lr': 0.0095, 'params': 699405, 'time_iter': 0.0491, 'accuracy': 1.0}
val: {'epoch': 14, 'loss': 1.132, 'lr': 0.0095, 'params': 699405, 'time_iter': 0.0292, 'accuracy': 0.646}
train: {'epoch': 14, 'eta': 5.0302, 'loss': 0.4997, 'lr': 0.0095, 'params': 699405, 'time_iter': 0.0546, 'accuracy': 1.0}
val: {'epoch': 15, 'loss': 1.1423, 'lr': 0.0094, 'params': 699405, 'time_iter': 0.0415, 'accuracy': 0.64}
train: {'epoch': 15, 'eta': 4.909, 'loss': 0.4417, 'lr': 0.0094, 'params': 699405, 'time_iter': 0.0474, 'accuracy': 1.0}
val: {'epoch': 16, 'loss': 1.1651, 'lr': 0.0093, 'params': 699405, 'time_iter': 0.0265, 'accuracy': 0.618}
train: {'epoch': 16, 'eta': 4.858, 'loss': 0.3901, 'lr': 0.0093, 'params': 699405, 'time_iter': 0.06, 'accuracy': 1.0}
val: {'epoch': 17, 'loss': 1.1823, 'lr': 0.0092, 'params': 699405, 'time_iter': 0.0296, 'accuracy': 0.62}
train: {'epoch': 17, 'eta': 4.7966, 'loss': 0.3444, 'lr': 0.0092, 'params': 699405, 'time_iter': 0.0579, 'accuracy': 1.0}
val: {'epoch': 18, 'loss': 1.2083, 'lr': 0.0091, 'params': 699405, 'time_iter': 0.0343, 'accuracy': 0.606}
train: {'epoch': 18, 'eta': 4.7013, 'loss': 0.3046, 'lr': 0.0091, 'params': 699405, 'time_iter': 0.0499, 'accuracy': 1.0}
val: {'epoch': 19, 'loss': 1.2283, 'lr': 0.009, 'params': 699405, 'time_iter': 0.0304, 'accuracy': 0.602}
train: {'epoch': 19, 'eta': 4.5873, 'loss': 0.2703, 'lr': 0.009, 'params': 699405, 'time_iter': 0.044, 'accuracy': 1.0}
val: {'epoch': 20, 'loss': 1.2241, 'lr': 0.009, 'params': 699405, 'time_iter': 0.0338, 'accuracy': 0.604}
train: {'epoch': 20, 'eta': 4.5348, 'loss': 0.241, 'lr': 0.009, 'params': 699405, 'time_iter': 0.0586, 'accuracy': 1.0}
val: {'epoch': 21, 'loss': 1.2718, 'lr': 0.0089, 'params': 699405, 'time_iter': 0.0349, 'accuracy': 0.604}
train: {'epoch': 21, 'eta': 4.4536, 'loss': 0.2176, 'lr': 0.0089, 'params': 699405, 'time_iter': 0.0507, 'accuracy': 1.0}
val: {'epoch': 22, 'loss': 1.2435, 'lr': 0.0088, 'params': 699405, 'time_iter': 0.027, 'accuracy': 0.618}
train: {'epoch': 22, 'eta': 4.3505, 'loss': 0.1967, 'lr': 0.0088, 'params': 699405, 'time_iter': 0.0433, 'accuracy': 1.0}
val: {'epoch': 23, 'loss': 1.223, 'lr': 0.0086, 'params': 699405, 'time_iter': 0.0324, 'accuracy': 0.642}
train: {'epoch': 23, 'eta': 4.2895, 'loss': 0.1777, 'lr': 0.0086, 'params': 699405, 'time_iter': 0.0551, 'accuracy': 1.0}
val: {'epoch': 24, 'loss': 1.2626, 'lr': 0.0085, 'params': 699405, 'time_iter': 0.0431, 'accuracy': 0.642}
train: {'epoch': 24, 'eta': 4.1853, 'loss': 0.1607, 'lr': 0.0085, 'params': 699405, 'time_iter': 0.0405, 'accuracy': 1.0}
val: {'epoch': 25, 'loss': 1.3196, 'lr': 0.0084, 'params': 699405, 'time_iter': 0.0351, 'accuracy': 0.626}
train: {'epoch': 25, 'eta': 4.116, 'loss': 0.146, 'lr': 0.0084, 'params': 699405, 'time_iter': 0.0511, 'accuracy': 1.0}
val: {'epoch': 26, 'loss': 1.2749, 'lr': 0.0083, 'params': 699405, 'time_iter': 0.035, 'accuracy': 0.65}
train: {'epoch': 26, 'eta': 4.0557, 'loss': 0.1334, 'lr': 0.0083, 'params': 699405, 'time_iter': 0.0539, 'accuracy': 1.0}
val: {'epoch': 27, 'loss': 1.2683, 'lr': 0.0082, 'params': 699405, 'time_iter': 0.0306, 'accuracy': 0.658}
train: {'epoch': 27, 'eta': 3.9653, 'loss': 0.123, 'lr': 0.0082, 'params': 699405, 'time_iter': 0.042, 'accuracy': 1.0}
val: {'epoch': 28, 'loss': 1.2952, 'lr': 0.0081, 'params': 699405, 'time_iter': 0.0307, 'accuracy': 0.652}
train: {'epoch': 28, 'eta': 3.8991, 'loss': 0.1135, 'lr': 0.0081, 'params': 699405, 'time_iter': 0.0506, 'accuracy': 1.0}
val: {'epoch': 29, 'loss': 1.3449, 'lr': 0.0079, 'params': 699405, 'time_iter': 0.0344, 'accuracy': 0.63}
train: {'epoch': 29, 'eta': 3.8485, 'loss': 0.1048, 'lr': 0.0079, 'params': 699405, 'time_iter': 0.0567, 'accuracy': 1.0}
val: {'epoch': 30, 'loss': 1.3676, 'lr': 0.0078, 'params': 699405, 'time_iter': 0.0424, 'accuracy': 0.628}
train: {'epoch': 30, 'eta': 3.7768, 'loss': 0.0974, 'lr': 0.0078, 'params': 699405, 'time_iter': 0.0475, 'accuracy': 1.0}
val: {'epoch': 31, 'loss': 1.3225, 'lr': 0.0077, 'params': 699405, 'time_iter': 0.0336, 'accuracy': 0.64}
train: {'epoch': 31, 'eta': 3.7226, 'loss': 0.0909, 'lr': 0.0077, 'params': 699405, 'time_iter': 0.055, 'accuracy': 1.0}
val: {'epoch': 32, 'loss': 1.2777, 'lr': 0.0075, 'params': 699405, 'time_iter': 0.0417, 'accuracy': 0.66}
train: {'epoch': 32, 'eta': 3.6636, 'loss': 0.0848, 'lr': 0.0075, 'params': 699405, 'time_iter': 0.0526, 'accuracy': 1.0}
val: {'epoch': 33, 'loss': 1.2612, 'lr': 0.0074, 'params': 699405, 'time_iter': 0.0322, 'accuracy': 0.658}
train: {'epoch': 33, 'eta': 3.6214, 'loss': 0.0798, 'lr': 0.0074, 'params': 699405, 'time_iter': 0.0611, 'accuracy': 1.0}
val: {'epoch': 34, 'loss': 1.2678, 'lr': 0.0073, 'params': 699405, 'time_iter': 0.0364, 'accuracy': 0.666}
train: {'epoch': 34, 'eta': 3.5549, 'loss': 0.0752, 'lr': 0.0073, 'params': 699405, 'time_iter': 0.0486, 'accuracy': 1.0}
val: {'epoch': 35, 'loss': 1.2916, 'lr': 0.0071, 'params': 699405, 'time_iter': 0.033, 'accuracy': 0.656}
train: {'epoch': 35, 'eta': 3.479, 'loss': 0.0712, 'lr': 0.0071, 'params': 699405, 'time_iter': 0.0427, 'accuracy': 1.0}
val: {'epoch': 36, 'loss': 1.3082, 'lr': 0.007, 'params': 699405, 'time_iter': 0.0426, 'accuracy': 0.65}
train: {'epoch': 36, 'eta': 3.4037, 'loss': 0.0677, 'lr': 0.007, 'params': 699405, 'time_iter': 0.0421, 'accuracy': 1.0}
val: {'epoch': 37, 'loss': 1.3207, 'lr': 0.0068, 'params': 699405, 'time_iter': 0.0699, 'accuracy': 0.658}
train: {'epoch': 37, 'eta': 3.3956, 'loss': 0.0645, 'lr': 0.0068, 'params': 699405, 'time_iter': 0.0822, 'accuracy': 1.0}
val: {'epoch': 38, 'loss': 1.3354, 'lr': 0.0067, 'params': 699405, 'time_iter': 0.0899, 'accuracy': 0.65}
train: {'epoch': 38, 'eta': 3.4186, 'loss': 0.0617, 'lr': 0.0067, 'params': 699405, 'time_iter': 0.1045, 'accuracy': 1.0}
val: {'epoch': 39, 'loss': 1.3444, 'lr': 0.0065, 'params': 699405, 'time_iter': 0.0619, 'accuracy': 0.648}
train: {'epoch': 39, 'eta': 3.4517, 'loss': 0.0592, 'lr': 0.0065, 'params': 699405, 'time_iter': 0.1154, 'accuracy': 1.0}
val: {'epoch': 40, 'loss': 1.3456, 'lr': 0.0064, 'params': 699405, 'time_iter': 0.077, 'accuracy': 0.65}
train: {'epoch': 40, 'eta': 3.4752, 'loss': 0.0568, 'lr': 0.0064, 'params': 699405, 'time_iter': 0.1138, 'accuracy': 1.0}
val: {'epoch': 41, 'loss': 1.3424, 'lr': 0.0062, 'params': 699405, 'time_iter': 0.0858, 'accuracy': 0.652}
train: {'epoch': 41, 'eta': 3.5003, 'loss': 0.0548, 'lr': 0.0062, 'params': 699405, 'time_iter': 0.1198, 'accuracy': 1.0}
val: {'epoch': 42, 'loss': 1.3345, 'lr': 0.0061, 'params': 699405, 'time_iter': 0.102, 'accuracy': 0.658}
train: {'epoch': 42, 'eta': 3.5115, 'loss': 0.053, 'lr': 0.0061, 'params': 699405, 'time_iter': 0.1143, 'accuracy': 1.0}
val: {'epoch': 43, 'loss': 1.3235, 'lr': 0.0059, 'params': 699405, 'time_iter': 0.0398, 'accuracy': 0.658}
train: {'epoch': 43, 'eta': 3.5173, 'loss': 0.0513, 'lr': 0.0059, 'params': 699405, 'time_iter': 0.1145, 'accuracy': 1.0}
val: {'epoch': 44, 'loss': 1.3183, 'lr': 0.0058, 'params': 699405, 'time_iter': 0.0291, 'accuracy': 0.658}
train: {'epoch': 44, 'eta': 3.4398, 'loss': 0.0499, 'lr': 0.0058, 'params': 699405, 'time_iter': 0.0508, 'accuracy': 1.0}
val: {'epoch': 45, 'loss': 1.3362, 'lr': 0.0056, 'params': 699405, 'time_iter': 0.0321, 'accuracy': 0.656}
train: {'epoch': 45, 'eta': 3.361, 'loss': 0.0485, 'lr': 0.0056, 'params': 699405, 'time_iter': 0.0487, 'accuracy': 1.0}
val: {'epoch': 46, 'loss': 1.3607, 'lr': 0.0055, 'params': 699405, 'time_iter': 0.0414, 'accuracy': 0.652}
train: {'epoch': 46, 'eta': 3.2862, 'loss': 0.0473, 'lr': 0.0055, 'params': 699405, 'time_iter': 0.0511, 'accuracy': 1.0}
val: {'epoch': 47, 'loss': 1.3641, 'lr': 0.0053, 'params': 699405, 'time_iter': 0.0286, 'accuracy': 0.65}
train: {'epoch': 47, 'eta': 3.2103, 'loss': 0.0461, 'lr': 0.0053, 'params': 699405, 'time_iter': 0.0492, 'accuracy': 1.0}
val: {'epoch': 48, 'loss': 1.3551, 'lr': 0.0052, 'params': 699405, 'time_iter': 0.0342, 'accuracy': 0.652}
train: {'epoch': 48, 'eta': 3.1411, 'loss': 0.0451, 'lr': 0.0052, 'params': 699405, 'time_iter': 0.0546, 'accuracy': 1.0}
val: {'epoch': 49, 'loss': 1.3479, 'lr': 0.005, 'params': 699405, 'time_iter': 0.0292, 'accuracy': 0.656}
train: {'epoch': 49, 'eta': 3.0662, 'loss': 0.0442, 'lr': 0.005, 'params': 699405, 'time_iter': 0.0483, 'accuracy': 1.0}
val: {'epoch': 50, 'loss': 1.3412, 'lr': 0.0048, 'params': 699405, 'time_iter': 0.0356, 'accuracy': 0.658}
train: {'epoch': 50, 'eta': 2.9936, 'loss': 0.0433, 'lr': 0.0048, 'params': 699405, 'time_iter': 0.0496, 'accuracy': 1.0}
val: {'epoch': 51, 'loss': 1.3435, 'lr': 0.0047, 'params': 699405, 'time_iter': 0.0309, 'accuracy': 0.658}
train: {'epoch': 51, 'eta': 2.9363, 'loss': 0.0426, 'lr': 0.0047, 'params': 699405, 'time_iter': 0.0652, 'accuracy': 1.0}
val: {'epoch': 52, 'loss': 1.3596, 'lr': 0.0045, 'params': 699405, 'time_iter': 0.0407, 'accuracy': 0.654}
train: {'epoch': 52, 'eta': 2.8599, 'loss': 0.0418, 'lr': 0.0045, 'params': 699405, 'time_iter': 0.044, 'accuracy': 1.0}
val: {'epoch': 53, 'loss': 1.3628, 'lr': 0.0044, 'params': 699405, 'time_iter': 0.0281, 'accuracy': 0.65}
train: {'epoch': 53, 'eta': 2.7885, 'loss': 0.0412, 'lr': 0.0044, 'params': 699405, 'time_iter': 0.0484, 'accuracy': 1.0}
val: {'epoch': 54, 'loss': 1.3597, 'lr': 0.0042, 'params': 699405, 'time_iter': 0.0304, 'accuracy': 0.652}
train: {'epoch': 54, 'eta': 2.7299, 'loss': 0.0406, 'lr': 0.0042, 'params': 699405, 'time_iter': 0.0632, 'accuracy': 1.0}
val: {'epoch': 55, 'loss': 1.3524, 'lr': 0.0041, 'params': 699405, 'time_iter': 0.0282, 'accuracy': 0.654}
train: {'epoch': 55, 'eta': 2.6707, 'loss': 0.04, 'lr': 0.0041, 'params': 699405, 'time_iter': 0.0625, 'accuracy': 1.0}
val: {'epoch': 56, 'loss': 1.351, 'lr': 0.0039, 'params': 699405, 'time_iter': 0.0312, 'accuracy': 0.654}
train: {'epoch': 56, 'eta': 2.596, 'loss': 0.0395, 'lr': 0.0039, 'params': 699405, 'time_iter': 0.0421, 'accuracy': 1.0}
val: {'epoch': 57, 'loss': 1.3633, 'lr': 0.0038, 'params': 699405, 'time_iter': 0.0289, 'accuracy': 0.65}
train: {'epoch': 57, 'eta': 2.5265, 'loss': 0.0391, 'lr': 0.0038, 'params': 699405, 'time_iter': 0.0478, 'accuracy': 1.0}
val: {'epoch': 58, 'loss': 1.3558, 'lr': 0.0036, 'params': 699405, 'time_iter': 0.0377, 'accuracy': 0.656}
train: {'epoch': 58, 'eta': 2.458, 'loss': 0.0386, 'lr': 0.0036, 'params': 699405, 'time_iter': 0.0481, 'accuracy': 1.0}
val: {'epoch': 59, 'loss': 1.35, 'lr': 0.0035, 'params': 699405, 'time_iter': 0.0287, 'accuracy': 0.656}
train: {'epoch': 59, 'eta': 2.3938, 'loss': 0.0382, 'lr': 0.0035, 'params': 699405, 'time_iter': 0.0536, 'accuracy': 1.0}
val: {'epoch': 60, 'loss': 1.3388, 'lr': 0.0033, 'params': 699405, 'time_iter': 0.0279, 'accuracy': 0.66}
train: {'epoch': 60, 'eta': 2.3279, 'loss': 0.0379, 'lr': 0.0033, 'params': 699405, 'time_iter': 0.0504, 'accuracy': 1.0}
val: {'epoch': 61, 'loss': 1.3338, 'lr': 0.0032, 'params': 699405, 'time_iter': 0.0338, 'accuracy': 0.664}
train: {'epoch': 61, 'eta': 2.2616, 'loss': 0.0375, 'lr': 0.0032, 'params': 699405, 'time_iter': 0.0489, 'accuracy': 1.0}
val: {'epoch': 62, 'loss': 1.3259, 'lr': 0.003, 'params': 699405, 'time_iter': 0.0299, 'accuracy': 0.664}
train: {'epoch': 62, 'eta': 2.1975, 'loss': 0.0372, 'lr': 0.003, 'params': 699405, 'time_iter': 0.0517, 'accuracy': 1.0}
val: {'epoch': 63, 'loss': 1.3293, 'lr': 0.0029, 'params': 699405, 'time_iter': 0.0314, 'accuracy': 0.666}
train: {'epoch': 63, 'eta': 2.1337, 'loss': 0.0369, 'lr': 0.0029, 'params': 699405, 'time_iter': 0.0516, 'accuracy': 1.0}
val: {'epoch': 64, 'loss': 1.3381, 'lr': 0.0027, 'params': 699405, 'time_iter': 0.0308, 'accuracy': 0.666}
train: {'epoch': 64, 'eta': 2.0729, 'loss': 0.0366, 'lr': 0.0027, 'params': 699405, 'time_iter': 0.0563, 'accuracy': 1.0}
val: {'epoch': 65, 'loss': 1.3288, 'lr': 0.0026, 'params': 699405, 'time_iter': 0.0352, 'accuracy': 0.67}
train: {'epoch': 65, 'eta': 2.0061, 'loss': 0.0364, 'lr': 0.0026, 'params': 699405, 'time_iter': 0.0446, 'accuracy': 1.0}
val: {'epoch': 66, 'loss': 1.3277, 'lr': 0.0025, 'params': 699405, 'time_iter': 0.0323, 'accuracy': 0.668}
train: {'epoch': 66, 'eta': 1.9438, 'loss': 0.0361, 'lr': 0.0025, 'params': 699405, 'time_iter': 0.0524, 'accuracy': 1.0}
val: {'epoch': 67, 'loss': 1.3287, 'lr': 0.0023, 'params': 699405, 'time_iter': 0.0311, 'accuracy': 0.662}
train: {'epoch': 67, 'eta': 1.8847, 'loss': 0.0359, 'lr': 0.0023, 'params': 699405, 'time_iter': 0.0584, 'accuracy': 1.0}
val: {'epoch': 68, 'loss': 1.345, 'lr': 0.0022, 'params': 699405, 'time_iter': 0.0396, 'accuracy': 0.662}
train: {'epoch': 68, 'eta': 1.818, 'loss': 0.0357, 'lr': 0.0022, 'params': 699405, 'time_iter': 0.0415, 'accuracy': 1.0}
val: {'epoch': 69, 'loss': 1.3172, 'lr': 0.0021, 'params': 699405, 'time_iter': 0.0252, 'accuracy': 0.664}
train: {'epoch': 69, 'eta': 1.7588, 'loss': 0.0356, 'lr': 0.0021, 'params': 699405, 'time_iter': 0.0574, 'accuracy': 1.0}
val: {'epoch': 70, 'loss': 1.3344, 'lr': 0.0019, 'params': 699405, 'time_iter': 0.0309, 'accuracy': 0.664}
train: {'epoch': 70, 'eta': 1.6991, 'loss': 0.0354, 'lr': 0.0019, 'params': 699405, 'time_iter': 0.056, 'accuracy': 1.0}
val: {'epoch': 71, 'loss': 1.3219, 'lr': 0.0018, 'params': 699405, 'time_iter': 0.0321, 'accuracy': 0.662}
train: {'epoch': 71, 'eta': 1.6358, 'loss': 0.0352, 'lr': 0.0018, 'params': 699405, 'time_iter': 0.0465, 'accuracy': 1.0}
val: {'epoch': 72, 'loss': 1.3251, 'lr': 0.0017, 'params': 699405, 'time_iter': 0.0266, 'accuracy': 0.662}
train: {'epoch': 72, 'eta': 1.5727, 'loss': 0.0351, 'lr': 0.0017, 'params': 699405, 'time_iter': 0.0457, 'accuracy': 1.0}
val: {'epoch': 73, 'loss': 1.3259, 'lr': 0.0016, 'params': 699405, 'time_iter': 0.0328, 'accuracy': 0.666}
train: {'epoch': 73, 'eta': 1.5108, 'loss': 0.0349, 'lr': 0.0016, 'params': 699405, 'time_iter': 0.0478, 'accuracy': 1.0}
val: {'epoch': 74, 'loss': 1.3025, 'lr': 0.0015, 'params': 699405, 'time_iter': 0.0295, 'accuracy': 0.67}
train: {'epoch': 74, 'eta': 1.4497, 'loss': 0.0348, 'lr': 0.0015, 'params': 699405, 'time_iter': 0.0491, 'accuracy': 1.0}
val: {'epoch': 75, 'loss': 1.3085, 'lr': 0.0014, 'params': 699405, 'time_iter': 0.0299, 'accuracy': 0.67}
train: {'epoch': 75, 'eta': 1.3881, 'loss': 0.0347, 'lr': 0.0014, 'params': 699405, 'time_iter': 0.0465, 'accuracy': 1.0}
val: {'epoch': 76, 'loss': 1.3179, 'lr': 0.0012, 'params': 699405, 'time_iter': 0.066, 'accuracy': 0.666}
train: {'epoch': 76, 'eta': 1.3387, 'loss': 0.0346, 'lr': 0.0012, 'params': 699405, 'time_iter': 0.0862, 'accuracy': 1.0}
val: {'epoch': 77, 'loss': 1.3085, 'lr': 0.0011, 'params': 699405, 'time_iter': 0.1029, 'accuracy': 0.668}
train: {'epoch': 77, 'eta': 1.2912, 'loss': 0.0345, 'lr': 0.0011, 'params': 699405, 'time_iter': 0.0962, 'accuracy': 1.0}
val: {'epoch': 78, 'loss': 1.3102, 'lr': 0.001, 'params': 699405, 'time_iter': 0.0912, 'accuracy': 0.668}
train: {'epoch': 78, 'eta': 1.2521, 'loss': 0.0344, 'lr': 0.001, 'params': 699405, 'time_iter': 0.1325, 'accuracy': 1.0}
val: {'epoch': 79, 'loss': 1.3157, 'lr': 0.001, 'params': 699405, 'time_iter': 0.0881, 'accuracy': 0.668}
train: {'epoch': 79, 'eta': 1.2021, 'loss': 0.0343, 'lr': 0.001, 'params': 699405, 'time_iter': 0.098, 'accuracy': 1.0}
val: {'epoch': 80, 'loss': 1.3081, 'lr': 0.0009, 'params': 699405, 'time_iter': 0.0318, 'accuracy': 0.674}
train: {'epoch': 80, 'eta': 1.1381, 'loss': 0.0343, 'lr': 0.0009, 'params': 699405, 'time_iter': 0.0434, 'accuracy': 1.0}
val: {'epoch': 81, 'loss': 1.3002, 'lr': 0.0008, 'params': 699405, 'time_iter': 0.0381, 'accuracy': 0.674}
train: {'epoch': 81, 'eta': 1.0763, 'loss': 0.0342, 'lr': 0.0008, 'params': 699405, 'time_iter': 0.0514, 'accuracy': 1.0}
val: {'epoch': 82, 'loss': 1.3025, 'lr': 0.0007, 'params': 699405, 'time_iter': 0.025, 'accuracy': 0.672}
train: {'epoch': 82, 'eta': 1.0158, 'loss': 0.0341, 'lr': 0.0007, 'params': 699405, 'time_iter': 0.0563, 'accuracy': 1.0}
val: {'epoch': 83, 'loss': 1.3059, 'lr': 0.0006, 'params': 699405, 'time_iter': 0.0274, 'accuracy': 0.674}
train: {'epoch': 83, 'eta': 0.955, 'loss': 0.0341, 'lr': 0.0006, 'params': 699405, 'time_iter': 0.0544, 'accuracy': 1.0}
val: {'epoch': 84, 'loss': 1.3015, 'lr': 0.0005, 'params': 699405, 'time_iter': 0.0506, 'accuracy': 0.674}
train: {'epoch': 84, 'eta': 0.8935, 'loss': 0.034, 'lr': 0.0005, 'params': 699405, 'time_iter': 0.0492, 'accuracy': 1.0}
val: {'epoch': 85, 'loss': 1.2933, 'lr': 0.0005, 'params': 699405, 'time_iter': 0.0404, 'accuracy': 0.678}
train: {'epoch': 85, 'eta': 0.8323, 'loss': 0.034, 'lr': 0.0005, 'params': 699405, 'time_iter': 0.0498, 'accuracy': 1.0}
val: {'epoch': 86, 'loss': 1.2888, 'lr': 0.0004, 'params': 699405, 'time_iter': 0.0323, 'accuracy': 0.682}
train: {'epoch': 86, 'eta': 0.7713, 'loss': 0.034, 'lr': 0.0004, 'params': 699405, 'time_iter': 0.0487, 'accuracy': 1.0}
val: {'epoch': 87, 'loss': 1.2899, 'lr': 0.0004, 'params': 699405, 'time_iter': 0.0288, 'accuracy': 0.684}
train: {'epoch': 87, 'eta': 0.7104, 'loss': 0.0339, 'lr': 0.0004, 'params': 699405, 'time_iter': 0.048, 'accuracy': 1.0}
val: {'epoch': 88, 'loss': 1.2936, 'lr': 0.0003, 'params': 699405, 'time_iter': 0.0375, 'accuracy': 0.68}
train: {'epoch': 88, 'eta': 0.6498, 'loss': 0.0339, 'lr': 0.0003, 'params': 699405, 'time_iter': 0.0477, 'accuracy': 1.0}
val: {'epoch': 89, 'loss': 1.2966, 'lr': 0.0002, 'params': 699405, 'time_iter': 0.0324, 'accuracy': 0.682}
train: {'epoch': 89, 'eta': 0.5895, 'loss': 0.0339, 'lr': 0.0002, 'params': 699405, 'time_iter': 0.0481, 'accuracy': 1.0}
val: {'epoch': 90, 'loss': 1.2977, 'lr': 0.0002, 'params': 699405, 'time_iter': 0.0267, 'accuracy': 0.682}
train: {'epoch': 90, 'eta': 0.5298, 'loss': 0.0339, 'lr': 0.0002, 'params': 699405, 'time_iter': 0.0512, 'accuracy': 1.0}
val: {'epoch': 91, 'loss': 1.2974, 'lr': 0.0002, 'params': 699405, 'time_iter': 0.0333, 'accuracy': 0.68}
train: {'epoch': 91, 'eta': 0.4696, 'loss': 0.0338, 'lr': 0.0002, 'params': 699405, 'time_iter': 0.0444, 'accuracy': 1.0}
val: {'epoch': 92, 'loss': 1.2968, 'lr': 0.0001, 'params': 699405, 'time_iter': 0.0289, 'accuracy': 0.678}
train: {'epoch': 92, 'eta': 0.4102, 'loss': 0.0338, 'lr': 0.0001, 'params': 699405, 'time_iter': 0.0488, 'accuracy': 1.0}
val: {'epoch': 93, 'loss': 1.2967, 'lr': 0.0001, 'params': 699405, 'time_iter': 0.03, 'accuracy': 0.68}
train: {'epoch': 93, 'eta': 0.351, 'loss': 0.0338, 'lr': 0.0001, 'params': 699405, 'time_iter': 0.0491, 'accuracy': 1.0}
val: {'epoch': 94, 'loss': 1.297, 'lr': 0.0001, 'params': 699405, 'time_iter': 0.0344, 'accuracy': 0.68}
train: {'epoch': 94, 'eta': 0.2923, 'loss': 0.0338, 'lr': 0.0001, 'params': 699405, 'time_iter': 0.0542, 'accuracy': 1.0}
val: {'epoch': 95, 'loss': 1.2977, 'lr': 0.0, 'params': 699405, 'time_iter': 0.0315, 'accuracy': 0.68}
train: {'epoch': 95, 'eta': 0.2336, 'loss': 0.0338, 'lr': 0.0, 'params': 699405, 'time_iter': 0.0544, 'accuracy': 1.0}
val: {'epoch': 96, 'loss': 1.2986, 'lr': 0.0, 'params': 699405, 'time_iter': 0.029, 'accuracy': 0.676}
train: {'epoch': 96, 'eta': 0.1753, 'loss': 0.0338, 'lr': 0.0, 'params': 699405, 'time_iter': 0.0604, 'accuracy': 1.0}
val: {'epoch': 97, 'loss': 1.2995, 'lr': 0.0, 'params': 699405, 'time_iter': 0.0309, 'accuracy': 0.676}
train: {'epoch': 97, 'eta': 0.1168, 'loss': 0.0338, 'lr': 0.0, 'params': 699405, 'time_iter': 0.0545, 'accuracy': 1.0}
val: {'epoch': 98, 'loss': 1.3004, 'lr': 0.0, 'params': 699405, 'time_iter': 0.0276, 'accuracy': 0.674}
train: {'epoch': 98, 'eta': 0.0585, 'loss': 0.0338, 'lr': 0.0, 'params': 699405, 'time_iter': 0.0651, 'accuracy': 1.0}
val: {'epoch': 99, 'loss': 1.3012, 'lr': 0.0, 'params': 699405, 'time_iter': 0.0307, 'accuracy': 0.678}
train: {'epoch': 99, 'eta': 0.0, 'loss': 0.0338, 'lr': 0.0, 'params': 699405, 'time_iter': 0.0496, 'accuracy': 1.0}
test: {'epoch': 100, 'loss': 1.2753, 'lr': 0.0, 'params': 699405, 'time_iter': 0.0313, 'accuracy': 0.681}
