GraphGymModule(
  (model): GNN(
    (encoder): FeatureEncoder()
    (pre_mp): GeneralMultiLayer(
      (Layer_0): GeneralLayer(
        (layer): Linear(
          (model): Linear(5, 256, bias=False)
        )
        (post_layer): Sequential(
          (0): BatchNorm1d(256, eps=1e-05, momentum=0.1, affine=True, track_running_stats=True)
          (1): PReLU(num_parameters=1)
        )
      )
    )
    (mp): GNNStackStage(
      (layer0): GeneralLayer(
        (layer): GeneralConv(
          (model): GeneralConvLayer(256, 256)
        )
        (post_layer): Sequential(
          (0): BatchNorm1d(256, eps=1e-05, momentum=0.1, affine=True, track_running_stats=True)
          (1): PReLU(num_parameters=1)
        )
      )
      (layer1): GeneralLayer(
        (layer): GeneralConv(
          (model): GeneralConvLayer(256, 256)
        )
        (post_layer): Sequential(
          (0): BatchNorm1d(256, eps=1e-05, momentum=0.1, affine=True, track_running_stats=True)
          (1): PReLU(num_parameters=1)
        )
      )
    )
    (post_mp): GNNRingHead(
      (layer_post_mp): Linear(in_features=256, out_features=1, bias=True)
    )
  )
)
accelerator: cpu
benchmark: False
bn:
  eps: 1e-05
  mom: 0.1
cfg_dest: config.yaml
custom_metrics: []
dataset:
  cache_load: False
  cache_save: False
  dir: ./datasets
  edge_dim: 128
  edge_encoder: False
  edge_encoder_bn: True
  edge_encoder_name: Bond
  edge_message_ratio: 0.8
  edge_negative_sampling_ratio: 1.0
  edge_train_mode: all
  encoder: True
  encoder_bn: True
  encoder_dim: 128
  encoder_name: db
  format: PyG
  label_column: none
  label_table: none
  location: local
  name: RingTransfer
  node_encoder: False
  node_encoder_bn: True
  node_encoder_name: Atom
  remove_feature: False
  resample_disjoint: False
  resample_negative: False
  shuffle_split: True
  split: [0.8, 0.1, 0.1]
  split_mode: random
  task: node
  task_type: classification_multi
  to_undirected: False
  transductive: False
  transform: none
  tu_simple: True
delay:
  max_k: 10
devices: None
gnn:
  act: prelu
  agg: add
  att_final_linear: False
  att_final_linear_bn: False
  att_heads: 1
  batchnorm: True
  clear_feature: True
  dim_inner: 256
  dropout: 0.0
  head: ring_transfer
  keep_edge: 0.5
  l2norm: True
  layer_type: generalconv
  layers_mp: 2
  layers_post_mp: 1
  layers_pre_mp: 1
  msg_direction: single
  normalize_adj: False
  self_msg: concat
  skip_every: 1
  stage_type: stack
gpu_mem: False
mem:
  inplace: False
metric_agg: argmax
metric_best: auto
model:
  edge_decoding: dot
  graph_pooling: add
  loss_fun: cross_entropy
  match_upper: True
  size_average: mean
  thresh: 0.5
  type: gnn
num_threads: 6
num_workers: 0
optim:
  base_lr: 0.01
  lr_decay: 0.1
  max_epoch: 10
  momentum: 0.9
  optimizer: adam
  scheduler: cos
  steps: [30, 60, 90]
  weight_decay: 0.0005
out_dir: my_results/example_copy
print: both
ring_dataset:
  num_classes: 5
  num_graphs: 2000
  num_nodes: 10
round: 4
run_dir: my_results/example_copy/0
seed: 1
share:
  dim_in: 5
  dim_out: 1
  num_splits: 3
  num_tasks: 1
tensorboard_agg: True
tensorboard_each_run: True
train:
  auto_resume: False
  batch_size: 32
  ckpt_clean: True
  ckpt_period: 100
  enable_ckpt: True
  epoch_resume: -1
  eval_period: 20
  iter_per_epoch: 32
  neighbor_sizes: [20, 15, 10, 5]
  node_per_graph: 32
  radius: extend
  sample_node: False
  sampler: full_batch
  skip_train_eval: False
  walk_length: 4
val:
  node_per_graph: 32
  radius: extend
  sample_node: False
  sampler: full_batch
view_emb: False
Num parameters: 265220
val: {'epoch': 0, 'loss': 0.6986, 'lr': 0.01, 'params': 265220, 'time_iter': 0.0438, 'accuracy': 0.0}
val: {'epoch': 0, 'loss': -9.7539, 'lr': 0.0098, 'params': 265220, 'time_iter': 0.4126, 'accuracy': 0.2}
train: {'epoch': 0, 'eta': 756.4862, 'loss': -6.0189, 'lr': 0.0098, 'params': 265220, 'time_iter': 1.3342, 'accuracy': 0.2}
val: {'epoch': 1, 'loss': -20.5839, 'lr': 0.009, 'params': 265220, 'time_iter': 0.4219, 'accuracy': 0.2}
train: {'epoch': 1, 'eta': 598.5156, 'loss': -15.9824, 'lr': 0.009, 'params': 265220, 'time_iter': 1.0409, 'accuracy': 0.2}
val: {'epoch': 2, 'loss': -30.1619, 'lr': 0.0079, 'params': 265220, 'time_iter': 0.3925, 'accuracy': 0.2}
train: {'epoch': 2, 'eta': 501.3356, 'loss': -25.8283, 'lr': 0.0079, 'params': 265220, 'time_iter': 1.0354, 'accuracy': 0.2}
val: {'epoch': 3, 'loss': -38.248, 'lr': 0.0065, 'params': 265220, 'time_iter': 0.4025, 'accuracy': 0.2}
train: {'epoch': 3, 'eta': 419.3792, 'loss': -34.6953, 'lr': 0.0065, 'params': 265220, 'time_iter': 1.0274, 'accuracy': 0.2}
val: {'epoch': 4, 'loss': -45.3321, 'lr': 0.005, 'params': 265220, 'time_iter': 0.4348, 'accuracy': 0.2}
train: {'epoch': 4, 'eta': 345.195, 'loss': -42.2694, 'lr': 0.005, 'params': 265220, 'time_iter': 1.0414, 'accuracy': 0.2}
val: {'epoch': 5, 'loss': -50.8827, 'lr': 0.0035, 'params': 265220, 'time_iter': 0.457, 'accuracy': 0.2}
train: {'epoch': 5, 'eta': 272.9392, 'loss': -48.2899, 'lr': 0.0035, 'params': 265220, 'time_iter': 1.0193, 'accuracy': 0.2}
val: {'epoch': 6, 'loss': -54.4086, 'lr': 0.0021, 'params': 265220, 'time_iter': 0.4298, 'accuracy': 0.2}
train: {'epoch': 6, 'eta': 205.7512, 'loss': -52.6686, 'lr': 0.0021, 'params': 265220, 'time_iter': 1.1219, 'accuracy': 0.2}
val: {'epoch': 7, 'loss': -56.5367, 'lr': 0.001, 'params': 265220, 'time_iter': 0.4619, 'accuracy': 0.2}
train: {'epoch': 7, 'eta': 137.5933, 'loss': -55.5087, 'lr': 0.001, 'params': 265220, 'time_iter': 1.1157, 'accuracy': 0.2}
val: {'epoch': 8, 'loss': -57.5727, 'lr': 0.0002, 'params': 265220, 'time_iter': 0.4005, 'accuracy': 0.2}
train: {'epoch': 8, 'eta': 71.6162, 'loss': -57.0715, 'lr': 0.0002, 'params': 265220, 'time_iter': 1.4948, 'accuracy': 0.2}
val: {'epoch': 9, 'loss': -57.8259, 'lr': 0.0, 'params': 265220, 'time_iter': 0.4118, 'accuracy': 0.2}
train: {'epoch': 9, 'eta': 0.0, 'loss': -57.6969, 'lr': 0.0, 'params': 265220, 'time_iter': 1.07, 'accuracy': 0.2}
test: {'epoch': 10, 'loss': -57.8259, 'lr': 0.0, 'params': 265220, 'time_iter': 0.3242, 'accuracy': 0.2}
Results aggregated across runs saved in my_results/example_copy/agg
