GraphGymModule(
  (model): GNN(
    (encoder): FeatureEncoder()
    (pre_mp): GeneralMultiLayer(
      (Layer_0): GeneralLayer(
        (layer): Linear(
          (model): Linear(1433, 256, bias=False)
        )
        (post_layer): Sequential(
          (0): BatchNorm1d(256, eps=1e-05, momentum=0.1, affine=True, track_running_stats=True)
          (1): PReLU(num_parameters=1)
        )
      )
    )
    (mp): DelayGNNStage(
      (W_k1_t0): GeneralLayer(
        (layer): GCNConv(
          (model): GCNConv(256, 256)
        )
        (post_layer): Sequential(
          (0): BatchNorm1d(256, eps=1e-05, momentum=0.1, affine=True, track_running_stats=True)
          (1): PReLU(num_parameters=1)
        )
      )
      (W_k1_t1): GeneralLayer(
        (layer): GCNConv(
          (model): GCNConv(256, 256)
        )
        (post_layer): Sequential(
          (0): BatchNorm1d(256, eps=1e-05, momentum=0.1, affine=True, track_running_stats=True)
          (1): PReLU(num_parameters=1)
        )
      )
      (W_k2_t1): GeneralLayer(
        (layer): GCNConv(
          (model): GCNConv(256, 256)
        )
        (post_layer): Sequential(
          (0): BatchNorm1d(256, eps=1e-05, momentum=0.1, affine=True, track_running_stats=True)
          (1): PReLU(num_parameters=1)
        )
      )
    )
    (post_mp): GNNNodeHead(
      (layer_post_mp): MLP(
        (model): Sequential(
          (0): Linear(
            (model): Linear(256, 7, bias=True)
          )
        )
      )
    )
  )
)
accelerator: cuda
benchmark: False
bn:
  eps: 1e-05
  mom: 0.1
cfg_dest: config.yaml
custom_metrics: []
dataset:
  cache_load: False
  cache_save: False
  dir: ./datasets
  edge_dim: 128
  edge_encoder: False
  edge_encoder_bn: True
  edge_encoder_name: Bond
  edge_message_ratio: 0.8
  edge_negative_sampling_ratio: 1.0
  edge_train_mode: all
  encoder: True
  encoder_bn: True
  encoder_dim: 128
  encoder_name: db
  format: PyG
  label_column: none
  label_table: none
  location: local
  name: Cora
  node_encoder: False
  node_encoder_bn: True
  node_encoder_name: Atom
  remove_feature: False
  resample_disjoint: False
  resample_negative: False
  shuffle_split: True
  split: [0.8, 0.2]
  split_mode: random
  task: node
  task_type: classification
  to_undirected: False
  transductive: True
  transform: none
  tu_simple: True
delay:
  max_k: 2
devices: None
gnn:
  act: prelu
  agg: add
  att_final_linear: False
  att_final_linear_bn: False
  att_heads: 1
  batchnorm: True
  clear_feature: True
  dim_inner: 256
  dropout: 0.0
  head: node
  keep_edge: 0.5
  l2norm: True
  layer_type: my_gcnconv
  layers_mp: 2
  layers_post_mp: 1
  layers_pre_mp: 1
  msg_direction: single
  normalize_adj: False
  self_msg: concat
  skip_every: 1
  stage_type: delay_gnn
gpu_mem: False
mem:
  inplace: False
metric_agg: argmax
metric_best: auto
model:
  edge_decoding: dot
  graph_pooling: add
  loss_fun: cross_entropy
  match_upper: True
  size_average: mean
  thresh: 0.5
  type: gnn
num_threads: 6
num_workers: 0
optim:
  base_lr: 0.01
  lr_decay: 0.1
  max_epoch: 100
  momentum: 0.9
  optimizer: adam
  scheduler: cos
  steps: [30, 60, 90]
  weight_decay: 0.0005
out_dir: my_results/Cora_D_02MP
params: 567307
print: both
round: 4
run_dir: my_results/Cora_D_02MP/2
seed: 3
share:
  dim_in: 1433
  dim_out: 7
  num_splits: 3
  num_tasks: 1
tensorboard_agg: True
tensorboard_each_run: True
train:
  auto_resume: False
  batch_size: 32
  ckpt_clean: True
  ckpt_period: 100
  enable_ckpt: True
  epoch_resume: -1
  eval_period: 20
  iter_per_epoch: 32
  neighbor_sizes: [20, 15, 10, 5]
  node_per_graph: 32
  radius: extend
  sample_node: False
  sampler: full_batch
  skip_train_eval: False
  walk_length: 4
val:
  node_per_graph: 32
  radius: extend
  sample_node: False
  sampler: full_batch
view_emb: False
Num parameters: 567307
val: {'epoch': 0, 'loss': 1.948, 'lr': 0.01, 'params': 567307, 'time_iter': 0.4898, 'accuracy': 0.152}
val: {'epoch': 0, 'loss': 1.848, 'lr': 0.01, 'params': 567307, 'time_iter': 0.1884, 'accuracy': 0.666}
train: {'epoch': 0, 'eta': 9.498, 'loss': 1.9466, 'lr': 0.01, 'params': 567307, 'time_iter': 0.0959, 'accuracy': 0.1143}
val: {'epoch': 1, 'loss': 1.7448, 'lr': 0.01, 'params': 567307, 'time_iter': 0.3683, 'accuracy': 0.726}
train: {'epoch': 1, 'eta': 23.2682, 'loss': 1.7273, 'lr': 0.01, 'params': 567307, 'time_iter': 0.3789, 'accuracy': 0.9929}
val: {'epoch': 2, 'loss': 1.6645, 'lr': 0.01, 'params': 567307, 'time_iter': 0.3694, 'accuracy': 0.748}
train: {'epoch': 2, 'eta': 27.6654, 'loss': 1.5754, 'lr': 0.01, 'params': 567307, 'time_iter': 0.3808, 'accuracy': 1.0}
val: {'epoch': 3, 'loss': 1.5977, 'lr': 0.01, 'params': 567307, 'time_iter': 0.369, 'accuracy': 0.758}
train: {'epoch': 3, 'eta': 29.6782, 'loss': 1.4694, 'lr': 0.01, 'params': 567307, 'time_iter': 0.381, 'accuracy': 1.0}
val: {'epoch': 4, 'loss': 1.5386, 'lr': 0.0099, 'params': 567307, 'time_iter': 0.3665, 'accuracy': 0.75}
train: {'epoch': 4, 'eta': 54.1508, 'loss': 1.3725, 'lr': 0.0099, 'params': 567307, 'time_iter': 1.6134, 'accuracy': 1.0}
val: {'epoch': 5, 'loss': 1.4847, 'lr': 0.0099, 'params': 567307, 'time_iter': 0.3727, 'accuracy': 0.742}
train: {'epoch': 5, 'eta': 50.5821, 'loss': 1.2775, 'lr': 0.0099, 'params': 567307, 'time_iter': 0.3786, 'accuracy': 1.0}
val: {'epoch': 6, 'loss': 1.4344, 'lr': 0.0099, 'params': 567307, 'time_iter': 0.3695, 'accuracy': 0.742}
train: {'epoch': 6, 'eta': 47.962, 'loss': 1.1834, 'lr': 0.0099, 'params': 567307, 'time_iter': 0.3814, 'accuracy': 1.0}
val: {'epoch': 7, 'loss': 1.3871, 'lr': 0.0098, 'params': 567307, 'time_iter': 0.9953, 'accuracy': 0.746}
train: {'epoch': 7, 'eta': 45.9206, 'loss': 1.0905, 'lr': 0.0098, 'params': 567307, 'time_iter': 0.3831, 'accuracy': 1.0}
val: {'epoch': 8, 'loss': 1.3423, 'lr': 0.0098, 'params': 567307, 'time_iter': 0.1493, 'accuracy': 0.744}
train: {'epoch': 8, 'eta': 41.3429, 'loss': 0.9999, 'lr': 0.0098, 'params': 567307, 'time_iter': 0.0958, 'accuracy': 1.0}
val: {'epoch': 9, 'loss': 1.2996, 'lr': 0.0098, 'params': 567307, 'time_iter': 0.3666, 'accuracy': 0.748}
train: {'epoch': 9, 'eta': 40.2063, 'loss': 0.9123, 'lr': 0.0098, 'params': 567307, 'time_iter': 0.3785, 'accuracy': 1.0}
val: {'epoch': 10, 'loss': 1.259, 'lr': 0.0097, 'params': 567307, 'time_iter': 0.3692, 'accuracy': 0.748}
train: {'epoch': 10, 'eta': 39.2281, 'loss': 0.8276, 'lr': 0.0097, 'params': 567307, 'time_iter': 0.3811, 'accuracy': 1.0}
val: {'epoch': 11, 'loss': 1.2207, 'lr': 0.0096, 'params': 567307, 'time_iter': 0.3693, 'accuracy': 0.756}
train: {'epoch': 11, 'eta': 38.354, 'loss': 0.7463, 'lr': 0.0096, 'params': 567307, 'time_iter': 0.3817, 'accuracy': 1.0}
val: {'epoch': 12, 'loss': 1.1854, 'lr': 0.0096, 'params': 567307, 'time_iter': 0.3669, 'accuracy': 0.76}
train: {'epoch': 12, 'eta': 45.8749, 'loss': 0.6687, 'lr': 0.0096, 'params': 567307, 'time_iter': 1.6248, 'accuracy': 1.0}
val: {'epoch': 13, 'loss': 1.1538, 'lr': 0.0095, 'params': 567307, 'time_iter': 0.3684, 'accuracy': 0.76}
train: {'epoch': 13, 'eta': 44.4373, 'loss': 0.5956, 'lr': 0.0095, 'params': 567307, 'time_iter': 0.3791, 'accuracy': 1.0}
val: {'epoch': 14, 'loss': 1.1266, 'lr': 0.0095, 'params': 567307, 'time_iter': 0.3695, 'accuracy': 0.756}
train: {'epoch': 14, 'eta': 43.1553, 'loss': 0.5275, 'lr': 0.0095, 'params': 567307, 'time_iter': 0.3817, 'accuracy': 1.0}
val: {'epoch': 15, 'loss': 1.1045, 'lr': 0.0094, 'params': 567307, 'time_iter': 0.5215, 'accuracy': 0.756}
train: {'epoch': 15, 'eta': 42.0143, 'loss': 0.465, 'lr': 0.0094, 'params': 567307, 'time_iter': 0.3871, 'accuracy': 1.0}
val: {'epoch': 16, 'loss': 1.0884, 'lr': 0.0093, 'params': 567307, 'time_iter': 0.0838, 'accuracy': 0.756}
train: {'epoch': 16, 'eta': 42.083, 'loss': 0.4081, 'lr': 0.0093, 'params': 567307, 'time_iter': 0.6167, 'accuracy': 1.0}
val: {'epoch': 17, 'loss': 1.0775, 'lr': 0.0092, 'params': 567307, 'time_iter': 0.3673, 'accuracy': 0.75}
train: {'epoch': 17, 'eta': 41.0167, 'loss': 0.3566, 'lr': 0.0092, 'params': 567307, 'time_iter': 0.3843, 'accuracy': 1.0}
val: {'epoch': 18, 'loss': 1.0718, 'lr': 0.0091, 'params': 567307, 'time_iter': 0.3686, 'accuracy': 0.75}
train: {'epoch': 18, 'eta': 40.0084, 'loss': 0.3104, 'lr': 0.0091, 'params': 567307, 'time_iter': 0.381, 'accuracy': 1.0}
val: {'epoch': 19, 'loss': 1.0756, 'lr': 0.009, 'params': 567307, 'time_iter': 0.369, 'accuracy': 0.742}
train: {'epoch': 19, 'eta': 39.0644, 'loss': 0.2697, 'lr': 0.009, 'params': 567307, 'time_iter': 0.3814, 'accuracy': 1.0}
val: {'epoch': 20, 'loss': 1.0843, 'lr': 0.009, 'params': 567307, 'time_iter': 1.5971, 'accuracy': 0.732}
train: {'epoch': 20, 'eta': 38.2004, 'loss': 0.2341, 'lr': 0.009, 'params': 567307, 'time_iter': 0.3884, 'accuracy': 1.0}
val: {'epoch': 21, 'loss': 1.0905, 'lr': 0.0089, 'params': 567307, 'time_iter': 0.3666, 'accuracy': 0.718}
train: {'epoch': 21, 'eta': 37.3454, 'loss': 0.2039, 'lr': 0.0089, 'params': 567307, 'time_iter': 0.3788, 'accuracy': 1.0}
val: {'epoch': 22, 'loss': 1.0942, 'lr': 0.0088, 'params': 567307, 'time_iter': 0.3691, 'accuracy': 0.71}
train: {'epoch': 22, 'eta': 36.5442, 'loss': 0.1788, 'lr': 0.0088, 'params': 567307, 'time_iter': 0.3825, 'accuracy': 1.0}
val: {'epoch': 23, 'loss': 1.0924, 'lr': 0.0086, 'params': 567307, 'time_iter': 0.3692, 'accuracy': 0.7}
train: {'epoch': 23, 'eta': 35.779, 'loss': 0.1581, 'lr': 0.0086, 'params': 567307, 'time_iter': 0.3828, 'accuracy': 1.0}
val: {'epoch': 24, 'loss': 1.0881, 'lr': 0.0085, 'params': 567307, 'time_iter': 0.0828, 'accuracy': 0.696}
train: {'epoch': 24, 'eta': 36.5723, 'loss': 0.1398, 'lr': 0.0085, 'params': 567307, 'time_iter': 0.8921, 'accuracy': 1.0}
val: {'epoch': 25, 'loss': 1.0805, 'lr': 0.0084, 'params': 567307, 'time_iter': 0.3665, 'accuracy': 0.694}
train: {'epoch': 25, 'eta': 35.1639, 'loss': 0.1246, 'lr': 0.0084, 'params': 567307, 'time_iter': 0.1641, 'accuracy': 1.0}
val: {'epoch': 26, 'loss': 1.065, 'lr': 0.0083, 'params': 567307, 'time_iter': 0.3698, 'accuracy': 0.696}
train: {'epoch': 26, 'eta': 34.4283, 'loss': 0.1118, 'lr': 0.0083, 'params': 567307, 'time_iter': 0.3789, 'accuracy': 1.0}
val: {'epoch': 27, 'loss': 1.0407, 'lr': 0.0082, 'params': 567307, 'time_iter': 0.3691, 'accuracy': 0.71}
train: {'epoch': 27, 'eta': 33.7282, 'loss': 0.1011, 'lr': 0.0082, 'params': 567307, 'time_iter': 0.3828, 'accuracy': 1.0}
val: {'epoch': 28, 'loss': 1.0192, 'lr': 0.0081, 'params': 567307, 'time_iter': 1.1174, 'accuracy': 0.716}
train: {'epoch': 28, 'eta': 33.0457, 'loss': 0.0922, 'lr': 0.0081, 'params': 567307, 'time_iter': 0.381, 'accuracy': 1.0}
val: {'epoch': 29, 'loss': 1.0065, 'lr': 0.0079, 'params': 567307, 'time_iter': 0.3665, 'accuracy': 0.714}
train: {'epoch': 29, 'eta': 33.4067, 'loss': 0.0845, 'lr': 0.0079, 'params': 567307, 'time_iter': 0.8196, 'accuracy': 1.0}
val: {'epoch': 30, 'loss': 0.9943, 'lr': 0.0078, 'params': 567307, 'time_iter': 0.3685, 'accuracy': 0.728}
train: {'epoch': 30, 'eta': 32.7136, 'loss': 0.0779, 'lr': 0.0078, 'params': 567307, 'time_iter': 0.3803, 'accuracy': 1.0}
val: {'epoch': 31, 'loss': 0.9787, 'lr': 0.0077, 'params': 567307, 'time_iter': 0.3715, 'accuracy': 0.726}
train: {'epoch': 31, 'eta': 32.0457, 'loss': 0.0722, 'lr': 0.0077, 'params': 567307, 'time_iter': 0.3829, 'accuracy': 1.0}
val: {'epoch': 32, 'loss': 0.9641, 'lr': 0.0075, 'params': 567307, 'time_iter': 0.9035, 'accuracy': 0.734}
train: {'epoch': 32, 'eta': 31.3952, 'loss': 0.0673, 'lr': 0.0075, 'params': 567307, 'time_iter': 0.3829, 'accuracy': 1.0}
val: {'epoch': 33, 'loss': 0.9493, 'lr': 0.0074, 'params': 567307, 'time_iter': 0.0839, 'accuracy': 0.74}
train: {'epoch': 33, 'eta': 30.2021, 'loss': 0.063, 'lr': 0.0074, 'params': 567307, 'time_iter': 0.0954, 'accuracy': 1.0}
val: {'epoch': 34, 'loss': 0.9354, 'lr': 0.0073, 'params': 567307, 'time_iter': 0.3666, 'accuracy': 0.744}
train: {'epoch': 34, 'eta': 29.5989, 'loss': 0.0593, 'lr': 0.0073, 'params': 567307, 'time_iter': 0.3792, 'accuracy': 1.0}
val: {'epoch': 35, 'loss': 0.9234, 'lr': 0.0071, 'params': 567307, 'time_iter': 0.3693, 'accuracy': 0.742}
train: {'epoch': 35, 'eta': 29.0193, 'loss': 0.0561, 'lr': 0.0071, 'params': 567307, 'time_iter': 0.3855, 'accuracy': 1.0}
val: {'epoch': 36, 'loss': 0.9155, 'lr': 0.007, 'params': 567307, 'time_iter': 0.3694, 'accuracy': 0.742}
train: {'epoch': 36, 'eta': 28.4436, 'loss': 0.0533, 'lr': 0.007, 'params': 567307, 'time_iter': 0.3816, 'accuracy': 1.0}
val: {'epoch': 37, 'loss': 0.9115, 'lr': 0.0068, 'params': 567307, 'time_iter': 0.9043, 'accuracy': 0.738}
train: {'epoch': 37, 'eta': 28.9683, 'loss': 0.0508, 'lr': 0.0068, 'params': 567307, 'time_iter': 1.0498, 'accuracy': 1.0}
val: {'epoch': 38, 'loss': 0.9102, 'lr': 0.0067, 'params': 567307, 'time_iter': 0.3677, 'accuracy': 0.738}
train: {'epoch': 38, 'eta': 28.3634, 'loss': 0.0485, 'lr': 0.0067, 'params': 567307, 'time_iter': 0.3792, 'accuracy': 1.0}
val: {'epoch': 39, 'loss': 0.9052, 'lr': 0.0065, 'params': 567307, 'time_iter': 0.3699, 'accuracy': 0.74}
train: {'epoch': 39, 'eta': 27.7723, 'loss': 0.0466, 'lr': 0.0065, 'params': 567307, 'time_iter': 0.3809, 'accuracy': 1.0}
val: {'epoch': 40, 'loss': 0.9006, 'lr': 0.0064, 'params': 567307, 'time_iter': 0.3692, 'accuracy': 0.744}
train: {'epoch': 40, 'eta': 27.1921, 'loss': 0.0448, 'lr': 0.0064, 'params': 567307, 'time_iter': 0.3814, 'accuracy': 1.0}
val: {'epoch': 41, 'loss': 0.8967, 'lr': 0.0062, 'params': 567307, 'time_iter': 0.0836, 'accuracy': 0.742}
train: {'epoch': 41, 'eta': 27.2356, 'loss': 0.0433, 'lr': 0.0062, 'params': 567307, 'time_iter': 0.8261, 'accuracy': 1.0}
val: {'epoch': 42, 'loss': 0.8951, 'lr': 0.0061, 'params': 567307, 'time_iter': 0.3669, 'accuracy': 0.742}
train: {'epoch': 42, 'eta': 26.6455, 'loss': 0.042, 'lr': 0.0061, 'params': 567307, 'time_iter': 0.3787, 'accuracy': 1.0}
val: {'epoch': 43, 'loss': 0.8992, 'lr': 0.0059, 'params': 567307, 'time_iter': 0.3684, 'accuracy': 0.742}
train: {'epoch': 43, 'eta': 26.0673, 'loss': 0.0407, 'lr': 0.0059, 'params': 567307, 'time_iter': 0.3805, 'accuracy': 1.0}
val: {'epoch': 44, 'loss': 0.888, 'lr': 0.0058, 'params': 567307, 'time_iter': 0.3695, 'accuracy': 0.746}
train: {'epoch': 44, 'eta': 25.499, 'loss': 0.0397, 'lr': 0.0058, 'params': 567307, 'time_iter': 0.3814, 'accuracy': 1.0}
val: {'epoch': 45, 'loss': 0.8869, 'lr': 0.0056, 'params': 567307, 'time_iter': 1.5876, 'accuracy': 0.74}
train: {'epoch': 45, 'eta': 24.9581, 'loss': 0.0385, 'lr': 0.0056, 'params': 567307, 'time_iter': 0.3978, 'accuracy': 1.0}
val: {'epoch': 46, 'loss': 0.8805, 'lr': 0.0055, 'params': 567307, 'time_iter': 0.3679, 'accuracy': 0.742}
train: {'epoch': 46, 'eta': 24.403, 'loss': 0.0378, 'lr': 0.0055, 'params': 567307, 'time_iter': 0.3797, 'accuracy': 1.0}
val: {'epoch': 47, 'loss': 0.8886, 'lr': 0.0053, 'params': 567307, 'time_iter': 0.3688, 'accuracy': 0.74}
train: {'epoch': 47, 'eta': 23.8563, 'loss': 0.0368, 'lr': 0.0053, 'params': 567307, 'time_iter': 0.3808, 'accuracy': 1.0}
val: {'epoch': 48, 'loss': 0.8814, 'lr': 0.0052, 'params': 567307, 'time_iter': 0.3735, 'accuracy': 0.742}
train: {'epoch': 48, 'eta': 23.3221, 'loss': 0.036, 'lr': 0.0052, 'params': 567307, 'time_iter': 0.3863, 'accuracy': 1.0}
val: {'epoch': 49, 'loss': 0.8853, 'lr': 0.005, 'params': 567307, 'time_iter': 0.095, 'accuracy': 0.74}
train: {'epoch': 49, 'eta': 23.2732, 'loss': 0.0355, 'lr': 0.005, 'params': 567307, 'time_iter': 0.8657, 'accuracy': 1.0}
val: {'epoch': 50, 'loss': 0.8733, 'lr': 0.0048, 'params': 567307, 'time_iter': 0.3737, 'accuracy': 0.742}
train: {'epoch': 50, 'eta': 22.6146, 'loss': 0.0347, 'lr': 0.0048, 'params': 567307, 'time_iter': 0.2644, 'accuracy': 1.0}
val: {'epoch': 51, 'loss': 0.8713, 'lr': 0.0047, 'params': 567307, 'time_iter': 0.3685, 'accuracy': 0.742}
train: {'epoch': 51, 'eta': 22.0783, 'loss': 0.0342, 'lr': 0.0047, 'params': 567307, 'time_iter': 0.3805, 'accuracy': 1.0}
val: {'epoch': 52, 'loss': 0.8653, 'lr': 0.0045, 'params': 567307, 'time_iter': 0.3689, 'accuracy': 0.746}
train: {'epoch': 52, 'eta': 21.5522, 'loss': 0.0337, 'lr': 0.0045, 'params': 567307, 'time_iter': 0.3854, 'accuracy': 1.0}
val: {'epoch': 53, 'loss': 0.8722, 'lr': 0.0044, 'params': 567307, 'time_iter': 1.6018, 'accuracy': 0.746}
train: {'epoch': 53, 'eta': 21.0279, 'loss': 0.0332, 'lr': 0.0044, 'params': 567307, 'time_iter': 0.3813, 'accuracy': 1.0}
val: {'epoch': 54, 'loss': 0.8667, 'lr': 0.0042, 'params': 567307, 'time_iter': 0.3669, 'accuracy': 0.752}
train: {'epoch': 54, 'eta': 20.5066, 'loss': 0.0326, 'lr': 0.0042, 'params': 567307, 'time_iter': 0.3788, 'accuracy': 1.0}
val: {'epoch': 55, 'loss': 0.8712, 'lr': 0.0041, 'params': 567307, 'time_iter': 0.3692, 'accuracy': 0.75}
train: {'epoch': 55, 'eta': 19.9919, 'loss': 0.0323, 'lr': 0.0041, 'params': 567307, 'time_iter': 0.3806, 'accuracy': 1.0}
val: {'epoch': 56, 'loss': 0.8638, 'lr': 0.0039, 'params': 567307, 'time_iter': 0.3691, 'accuracy': 0.75}
train: {'epoch': 56, 'eta': 19.486, 'loss': 0.0318, 'lr': 0.0039, 'params': 567307, 'time_iter': 0.3861, 'accuracy': 1.0}
val: {'epoch': 57, 'loss': 0.8667, 'lr': 0.0038, 'params': 567307, 'time_iter': 0.0841, 'accuracy': 0.748}
train: {'epoch': 57, 'eta': 19.3651, 'loss': 0.0315, 'lr': 0.0038, 'params': 567307, 'time_iter': 0.912, 'accuracy': 1.0}
val: {'epoch': 58, 'loss': 0.8625, 'lr': 0.0036, 'params': 567307, 'time_iter': 0.3667, 'accuracy': 0.754}
train: {'epoch': 58, 'eta': 18.6789, 'loss': 0.0311, 'lr': 0.0036, 'params': 567307, 'time_iter': 0.137, 'accuracy': 1.0}
val: {'epoch': 59, 'loss': 0.8612, 'lr': 0.0035, 'params': 567307, 'time_iter': 0.3717, 'accuracy': 0.748}
train: {'epoch': 59, 'eta': 18.1723, 'loss': 0.0307, 'lr': 0.0035, 'params': 567307, 'time_iter': 0.3791, 'accuracy': 1.0}
val: {'epoch': 60, 'loss': 0.8618, 'lr': 0.0033, 'params': 567307, 'time_iter': 0.3692, 'accuracy': 0.75}
train: {'epoch': 60, 'eta': 17.6715, 'loss': 0.0304, 'lr': 0.0033, 'params': 567307, 'time_iter': 0.3815, 'accuracy': 1.0}
val: {'epoch': 61, 'loss': 0.86, 'lr': 0.0032, 'params': 567307, 'time_iter': 0.8634, 'accuracy': 0.754}
train: {'epoch': 61, 'eta': 17.1745, 'loss': 0.0301, 'lr': 0.0032, 'params': 567307, 'time_iter': 0.3816, 'accuracy': 1.0}
val: {'epoch': 62, 'loss': 0.8578, 'lr': 0.003, 'params': 567307, 'time_iter': 0.3663, 'accuracy': 0.752}
train: {'epoch': 62, 'eta': 17.0879, 'loss': 0.0298, 'lr': 0.003, 'params': 567307, 'time_iter': 1.074, 'accuracy': 1.0}
val: {'epoch': 63, 'loss': 0.8577, 'lr': 0.0029, 'params': 567307, 'time_iter': 0.3688, 'accuracy': 0.752}
train: {'epoch': 63, 'eta': 16.5807, 'loss': 0.0297, 'lr': 0.0029, 'params': 567307, 'time_iter': 0.3812, 'accuracy': 1.0}
val: {'epoch': 64, 'loss': 0.8595, 'lr': 0.0027, 'params': 567307, 'time_iter': 0.3692, 'accuracy': 0.748}
train: {'epoch': 64, 'eta': 16.0781, 'loss': 0.0293, 'lr': 0.0027, 'params': 567307, 'time_iter': 0.3826, 'accuracy': 1.0}
val: {'epoch': 65, 'loss': 0.8598, 'lr': 0.0026, 'params': 567307, 'time_iter': 0.8932, 'accuracy': 0.748}
train: {'epoch': 65, 'eta': 15.5787, 'loss': 0.0292, 'lr': 0.0026, 'params': 567307, 'time_iter': 0.3816, 'accuracy': 1.0}
val: {'epoch': 66, 'loss': 0.8573, 'lr': 0.0025, 'params': 567307, 'time_iter': 0.281, 'accuracy': 0.752}
train: {'epoch': 66, 'eta': 14.9419, 'loss': 0.029, 'lr': 0.0025, 'params': 567307, 'time_iter': 0.0957, 'accuracy': 1.0}
val: {'epoch': 67, 'loss': 0.8558, 'lr': 0.0023, 'params': 567307, 'time_iter': 0.3786, 'accuracy': 0.752}
train: {'epoch': 67, 'eta': 14.4546, 'loss': 0.0288, 'lr': 0.0023, 'params': 567307, 'time_iter': 0.3793, 'accuracy': 1.0}
val: {'epoch': 68, 'loss': 0.8559, 'lr': 0.0022, 'params': 567307, 'time_iter': 0.3695, 'accuracy': 0.748}
train: {'epoch': 68, 'eta': 13.9733, 'loss': 0.0286, 'lr': 0.0022, 'params': 567307, 'time_iter': 0.3858, 'accuracy': 1.0}
val: {'epoch': 69, 'loss': 0.8563, 'lr': 0.0021, 'params': 567307, 'time_iter': 0.3696, 'accuracy': 0.748}
train: {'epoch': 69, 'eta': 13.4935, 'loss': 0.0285, 'lr': 0.0021, 'params': 567307, 'time_iter': 0.3831, 'accuracy': 1.0}
val: {'epoch': 70, 'loss': 0.8561, 'lr': 0.0019, 'params': 567307, 'time_iter': 0.3665, 'accuracy': 0.75}
train: {'epoch': 70, 'eta': 13.5135, 'loss': 0.0283, 'lr': 0.0019, 'params': 567307, 'time_iter': 1.5999, 'accuracy': 1.0}
val: {'epoch': 71, 'loss': 0.8553, 'lr': 0.0018, 'params': 567307, 'time_iter': 0.3684, 'accuracy': 0.752}
train: {'epoch': 71, 'eta': 13.014, 'loss': 0.0282, 'lr': 0.0018, 'params': 567307, 'time_iter': 0.38, 'accuracy': 1.0}
val: {'epoch': 72, 'loss': 0.8545, 'lr': 0.0017, 'params': 567307, 'time_iter': 0.3694, 'accuracy': 0.75}
train: {'epoch': 72, 'eta': 12.5187, 'loss': 0.0281, 'lr': 0.0017, 'params': 567307, 'time_iter': 0.3821, 'accuracy': 1.0}
val: {'epoch': 73, 'loss': 0.8545, 'lr': 0.0016, 'params': 567307, 'time_iter': 0.9956, 'accuracy': 0.746}
train: {'epoch': 73, 'eta': 12.026, 'loss': 0.028, 'lr': 0.0016, 'params': 567307, 'time_iter': 0.381, 'accuracy': 1.0}
val: {'epoch': 74, 'loss': 0.8555, 'lr': 0.0015, 'params': 567307, 'time_iter': 0.0971, 'accuracy': 0.746}
train: {'epoch': 74, 'eta': 11.4423, 'loss': 0.0279, 'lr': 0.0015, 'params': 567307, 'time_iter': 0.0991, 'accuracy': 1.0}
val: {'epoch': 75, 'loss': 0.8564, 'lr': 0.0014, 'params': 567307, 'time_iter': 0.3778, 'accuracy': 0.746}
train: {'epoch': 75, 'eta': 10.9628, 'loss': 0.0278, 'lr': 0.0014, 'params': 567307, 'time_iter': 0.3886, 'accuracy': 1.0}
val: {'epoch': 76, 'loss': 0.8559, 'lr': 0.0012, 'params': 567307, 'time_iter': 0.3694, 'accuracy': 0.746}
train: {'epoch': 76, 'eta': 10.4848, 'loss': 0.0278, 'lr': 0.0012, 'params': 567307, 'time_iter': 0.3859, 'accuracy': 1.0}
val: {'epoch': 77, 'loss': 0.855, 'lr': 0.0011, 'params': 567307, 'time_iter': 0.3763, 'accuracy': 0.746}
train: {'epoch': 77, 'eta': 10.0082, 'loss': 0.0277, 'lr': 0.0011, 'params': 567307, 'time_iter': 0.3824, 'accuracy': 1.0}
val: {'epoch': 78, 'loss': 0.8545, 'lr': 0.001, 'params': 567307, 'time_iter': 0.3664, 'accuracy': 0.746}
train: {'epoch': 78, 'eta': 9.866, 'loss': 0.0276, 'lr': 0.001, 'params': 567307, 'time_iter': 1.6314, 'accuracy': 1.0}
val: {'epoch': 79, 'loss': 0.8545, 'lr': 0.001, 'params': 567307, 'time_iter': 0.3706, 'accuracy': 0.746}
train: {'epoch': 79, 'eta': 9.3737, 'loss': 0.0276, 'lr': 0.001, 'params': 567307, 'time_iter': 0.3797, 'accuracy': 1.0}
val: {'epoch': 80, 'loss': 0.8543, 'lr': 0.0009, 'params': 567307, 'time_iter': 0.3693, 'accuracy': 0.748}
train: {'epoch': 80, 'eta': 8.8847, 'loss': 0.0275, 'lr': 0.0009, 'params': 567307, 'time_iter': 0.382, 'accuracy': 1.0}
val: {'epoch': 81, 'loss': 0.8542, 'lr': 0.0008, 'params': 567307, 'time_iter': 0.9902, 'accuracy': 0.746}
train: {'epoch': 81, 'eta': 8.3981, 'loss': 0.0275, 'lr': 0.0008, 'params': 567307, 'time_iter': 0.3814, 'accuracy': 1.0}
val: {'epoch': 82, 'loss': 0.8545, 'lr': 0.0007, 'params': 567307, 'time_iter': 0.173, 'accuracy': 0.744}
train: {'epoch': 82, 'eta': 7.8555, 'loss': 0.0274, 'lr': 0.0007, 'params': 567307, 'time_iter': 0.0949, 'accuracy': 1.0}
val: {'epoch': 83, 'loss': 0.855, 'lr': 0.0006, 'params': 567307, 'time_iter': 0.3698, 'accuracy': 0.744}
train: {'epoch': 83, 'eta': 7.3774, 'loss': 0.0274, 'lr': 0.0006, 'params': 567307, 'time_iter': 0.3784, 'accuracy': 1.0}
val: {'epoch': 84, 'loss': 0.8554, 'lr': 0.0005, 'params': 567307, 'time_iter': 0.3695, 'accuracy': 0.744}
train: {'epoch': 84, 'eta': 6.9021, 'loss': 0.0274, 'lr': 0.0005, 'params': 567307, 'time_iter': 0.3805, 'accuracy': 1.0}
val: {'epoch': 85, 'loss': 0.8555, 'lr': 0.0005, 'params': 567307, 'time_iter': 0.369, 'accuracy': 0.74}
train: {'epoch': 85, 'eta': 6.4291, 'loss': 0.0273, 'lr': 0.0005, 'params': 567307, 'time_iter': 0.3812, 'accuracy': 1.0}
val: {'epoch': 86, 'loss': 0.8554, 'lr': 0.0004, 'params': 567307, 'time_iter': 0.3663, 'accuracy': 0.74}
train: {'epoch': 86, 'eta': 6.1424, 'loss': 0.0273, 'lr': 0.0004, 'params': 567307, 'time_iter': 1.614, 'accuracy': 1.0}
val: {'epoch': 87, 'loss': 0.8551, 'lr': 0.0004, 'params': 567307, 'time_iter': 0.3679, 'accuracy': 0.74}
train: {'epoch': 87, 'eta': 5.6572, 'loss': 0.0273, 'lr': 0.0004, 'params': 567307, 'time_iter': 0.3789, 'accuracy': 1.0}
val: {'epoch': 88, 'loss': 0.8548, 'lr': 0.0003, 'params': 567307, 'time_iter': 0.3693, 'accuracy': 0.736}
train: {'epoch': 88, 'eta': 5.1746, 'loss': 0.0273, 'lr': 0.0003, 'params': 567307, 'time_iter': 0.3811, 'accuracy': 1.0}
val: {'epoch': 89, 'loss': 0.8546, 'lr': 0.0002, 'params': 567307, 'time_iter': 0.5691, 'accuracy': 0.736}
train: {'epoch': 89, 'eta': 4.6943, 'loss': 0.0273, 'lr': 0.0002, 'params': 567307, 'time_iter': 0.3814, 'accuracy': 1.0}
val: {'epoch': 90, 'loss': 0.8545, 'lr': 0.0002, 'params': 567307, 'time_iter': 0.0834, 'accuracy': 0.734}
train: {'epoch': 90, 'eta': 4.2323, 'loss': 0.0272, 'lr': 0.0002, 'params': 567307, 'time_iter': 0.5444, 'accuracy': 1.0}
val: {'epoch': 91, 'loss': 0.8544, 'lr': 0.0002, 'params': 567307, 'time_iter': 0.3668, 'accuracy': 0.73}
train: {'epoch': 91, 'eta': 3.7469, 'loss': 0.0272, 'lr': 0.0002, 'params': 567307, 'time_iter': 0.2965, 'accuracy': 1.0}
val: {'epoch': 92, 'loss': 0.8542, 'lr': 0.0001, 'params': 567307, 'time_iter': 0.3684, 'accuracy': 0.73}
train: {'epoch': 92, 'eta': 3.2719, 'loss': 0.0272, 'lr': 0.0001, 'params': 567307, 'time_iter': 0.3801, 'accuracy': 1.0}
val: {'epoch': 93, 'loss': 0.8541, 'lr': 0.0001, 'params': 567307, 'time_iter': 0.3689, 'accuracy': 0.73}
train: {'epoch': 93, 'eta': 2.7992, 'loss': 0.0272, 'lr': 0.0001, 'params': 567307, 'time_iter': 0.3842, 'accuracy': 1.0}
val: {'epoch': 94, 'loss': 0.854, 'lr': 0.0001, 'params': 567307, 'time_iter': 1.6016, 'accuracy': 0.73}
train: {'epoch': 94, 'eta': 2.3282, 'loss': 0.0272, 'lr': 0.0001, 'params': 567307, 'time_iter': 0.3813, 'accuracy': 1.0}
val: {'epoch': 95, 'loss': 0.8538, 'lr': 0.0, 'params': 567307, 'time_iter': 0.3815, 'accuracy': 0.728}
train: {'epoch': 95, 'eta': 1.8592, 'loss': 0.0272, 'lr': 0.0, 'params': 567307, 'time_iter': 0.3864, 'accuracy': 1.0}
val: {'epoch': 96, 'loss': 0.8536, 'lr': 0.0, 'params': 567307, 'time_iter': 0.369, 'accuracy': 0.728}
train: {'epoch': 96, 'eta': 1.3919, 'loss': 0.0272, 'lr': 0.0, 'params': 567307, 'time_iter': 0.3842, 'accuracy': 1.0}
val: {'epoch': 97, 'loss': 0.8535, 'lr': 0.0, 'params': 567307, 'time_iter': 0.3822, 'accuracy': 0.726}
train: {'epoch': 97, 'eta': 0.9264, 'loss': 0.0272, 'lr': 0.0, 'params': 567307, 'time_iter': 0.3901, 'accuracy': 1.0}
val: {'epoch': 98, 'loss': 0.8533, 'lr': 0.0, 'params': 567307, 'time_iter': 0.0834, 'accuracy': 0.726}
train: {'epoch': 98, 'eta': 0.4672, 'loss': 0.0272, 'lr': 0.0, 'params': 567307, 'time_iter': 0.8581, 'accuracy': 1.0}
val: {'epoch': 99, 'loss': 0.8531, 'lr': 0.0, 'params': 567307, 'time_iter': 0.3663, 'accuracy': 0.728}
train: {'epoch': 99, 'eta': 0.0, 'loss': 0.0272, 'lr': 0.0, 'params': 567307, 'time_iter': 0.1918, 'accuracy': 1.0}
test: {'epoch': 100, 'loss': 0.7767, 'lr': 0.0, 'params': 567307, 'time_iter': 0.3712, 'accuracy': 0.773}
Results aggregated across runs saved in my_results/Cora_D_02MP/agg
