GraphGymModule(
  (model): GNN(
    (encoder): FeatureEncoder()
    (pre_mp): GeneralMultiLayer(
      (Layer_0): GeneralLayer(
        (layer): Linear(
          (model): Linear(1433, 256, bias=False)
        )
        (post_layer): Sequential(
          (0): BatchNorm1d(256, eps=1e-05, momentum=0.1, affine=True, track_running_stats=True)
          (1): PReLU(num_parameters=1)
        )
      )
    )
    (mp): GNNStackStage(
      (layer0): GeneralLayer(
        (layer): GCNConv(
          (model): GCNConv(256, 256)
        )
        (post_layer): Sequential(
          (0): BatchNorm1d(256, eps=1e-05, momentum=0.1, affine=True, track_running_stats=True)
          (1): PReLU(num_parameters=1)
        )
      )
      (layer1): GeneralLayer(
        (layer): GCNConv(
          (model): GCNConv(256, 256)
        )
        (post_layer): Sequential(
          (0): BatchNorm1d(256, eps=1e-05, momentum=0.1, affine=True, track_running_stats=True)
          (1): PReLU(num_parameters=1)
        )
      )
    )
    (post_mp): GNNNodeHead(
      (layer_post_mp): MLP(
        (model): Sequential(
          (0): Linear(
            (model): Linear(256, 7, bias=True)
          )
        )
      )
    )
  )
)
accelerator: cuda
benchmark: False
bn:
  eps: 1e-05
  mom: 0.1
cfg_dest: config.yaml
custom_metrics: []
dataset:
  cache_load: False
  cache_save: False
  dir: ./datasets
  edge_dim: 128
  edge_encoder: False
  edge_encoder_bn: True
  edge_encoder_name: Bond
  edge_message_ratio: 0.8
  edge_negative_sampling_ratio: 1.0
  edge_train_mode: all
  encoder: True
  encoder_bn: True
  encoder_dim: 128
  encoder_name: db
  format: PyG
  label_column: none
  label_table: none
  location: local
  name: Cora
  node_encoder: False
  node_encoder_bn: True
  node_encoder_name: Atom
  remove_feature: False
  resample_disjoint: False
  resample_negative: False
  shuffle_split: True
  split: [0.8, 0.2]
  split_mode: random
  task: node
  task_type: classification
  to_undirected: False
  transductive: True
  transform: none
  tu_simple: True
delay:
  max_k: 10
devices: None
gnn:
  act: prelu
  agg: add
  att_final_linear: False
  att_final_linear_bn: False
  att_heads: 1
  batchnorm: True
  clear_feature: True
  dim_inner: 256
  dropout: 0.0
  head: node
  keep_edge: 0.5
  l2norm: True
  layer_type: gcnconv
  layers_mp: 2
  layers_post_mp: 1
  layers_pre_mp: 1
  msg_direction: single
  normalize_adj: False
  self_msg: concat
  skip_every: 1
  stage_type: stack
gpu_mem: False
mem:
  inplace: False
metric_agg: argmax
metric_best: auto
model:
  edge_decoding: dot
  graph_pooling: add
  loss_fun: cross_entropy
  match_upper: True
  size_average: mean
  thresh: 0.5
  type: gnn
num_threads: 6
num_workers: 0
optim:
  base_lr: 0.01
  lr_decay: 0.1
  max_epoch: 100
  momentum: 0.9
  optimizer: adam
  scheduler: cos
  steps: [30, 60, 90]
  weight_decay: 0.0005
out_dir: my_results/Cora_V_02MP
print: both
round: 4
run_dir: my_results/Cora_V_02MP/0
seed: 1
share:
  dim_in: 1433
  dim_out: 7
  num_splits: 3
  num_tasks: 1
tensorboard_agg: True
tensorboard_each_run: True
train:
  auto_resume: False
  batch_size: 32
  ckpt_clean: True
  ckpt_period: 100
  enable_ckpt: True
  epoch_resume: -1
  eval_period: 20
  iter_per_epoch: 32
  neighbor_sizes: [20, 15, 10, 5]
  node_per_graph: 32
  radius: extend
  sample_node: False
  sampler: full_batch
  skip_train_eval: False
  walk_length: 4
val:
  node_per_graph: 32
  radius: extend
  sample_node: False
  sampler: full_batch
view_emb: False
Num parameters: 501258
val: {'epoch': 0, 'loss': 1.9619, 'lr': 0.01, 'params': 501258, 'time_iter': 1.0773, 'accuracy': 0.068}
val: {'epoch': 0, 'loss': 1.8171, 'lr': 0.01, 'params': 501258, 'time_iter': 0.0128, 'accuracy': 0.642}
train: {'epoch': 0, 'eta': 2.634, 'loss': 1.942, 'lr': 0.01, 'params': 501258, 'time_iter': 0.0266, 'accuracy': 0.1857}
val: {'epoch': 1, 'loss': 1.6686, 'lr': 0.01, 'params': 501258, 'time_iter': 0.0126, 'accuracy': 0.726}
train: {'epoch': 1, 'eta': 2.3727, 'loss': 1.707, 'lr': 0.01, 'params': 501258, 'time_iter': 0.0218, 'accuracy': 0.95}
val: {'epoch': 2, 'loss': 1.5887, 'lr': 0.01, 'params': 501258, 'time_iter': 0.0125, 'accuracy': 0.716}
train: {'epoch': 2, 'eta': 2.2492, 'loss': 1.5017, 'lr': 0.01, 'params': 501258, 'time_iter': 0.0211, 'accuracy': 0.9857}
val: {'epoch': 3, 'loss': 1.529, 'lr': 0.01, 'params': 501258, 'time_iter': 0.0127, 'accuracy': 0.708}
train: {'epoch': 3, 'eta': 2.1787, 'loss': 1.3811, 'lr': 0.01, 'params': 501258, 'time_iter': 0.0212, 'accuracy': 0.9929}
val: {'epoch': 4, 'loss': 1.4724, 'lr': 0.0099, 'params': 501258, 'time_iter': 0.0124, 'accuracy': 0.704}
train: {'epoch': 4, 'eta': 2.126, 'loss': 1.2758, 'lr': 0.0099, 'params': 501258, 'time_iter': 0.0211, 'accuracy': 1.0}
val: {'epoch': 5, 'loss': 1.4157, 'lr': 0.0099, 'params': 501258, 'time_iter': 0.0125, 'accuracy': 0.698}
train: {'epoch': 5, 'eta': 2.0837, 'loss': 1.1715, 'lr': 0.0099, 'params': 501258, 'time_iter': 0.0211, 'accuracy': 1.0}
val: {'epoch': 6, 'loss': 1.3607, 'lr': 0.0099, 'params': 501258, 'time_iter': 0.0127, 'accuracy': 0.7}
train: {'epoch': 6, 'eta': 2.0479, 'loss': 1.0671, 'lr': 0.0099, 'params': 501258, 'time_iter': 0.0211, 'accuracy': 1.0}
val: {'epoch': 7, 'loss': 1.3113, 'lr': 0.0098, 'params': 501258, 'time_iter': 0.0125, 'accuracy': 0.706}
train: {'epoch': 7, 'eta': 2.015, 'loss': 0.9646, 'lr': 0.0098, 'params': 501258, 'time_iter': 0.0211, 'accuracy': 1.0}
val: {'epoch': 8, 'loss': 1.2704, 'lr': 0.0098, 'params': 501258, 'time_iter': 0.0126, 'accuracy': 0.698}
train: {'epoch': 8, 'eta': 1.9856, 'loss': 0.866, 'lr': 0.0098, 'params': 501258, 'time_iter': 0.0212, 'accuracy': 1.0}
val: {'epoch': 9, 'loss': 1.2371, 'lr': 0.0098, 'params': 501258, 'time_iter': 0.0126, 'accuracy': 0.696}
train: {'epoch': 9, 'eta': 1.9578, 'loss': 0.7721, 'lr': 0.0098, 'params': 501258, 'time_iter': 0.0212, 'accuracy': 1.0}
val: {'epoch': 10, 'loss': 1.204, 'lr': 0.0097, 'params': 501258, 'time_iter': 0.0126, 'accuracy': 0.702}
train: {'epoch': 10, 'eta': 1.9304, 'loss': 0.6839, 'lr': 0.0097, 'params': 501258, 'time_iter': 0.0211, 'accuracy': 1.0}
val: {'epoch': 11, 'loss': 1.1641, 'lr': 0.0096, 'params': 501258, 'time_iter': 0.0126, 'accuracy': 0.708}
train: {'epoch': 11, 'eta': 1.9047, 'loss': 0.6034, 'lr': 0.0096, 'params': 501258, 'time_iter': 0.0211, 'accuracy': 1.0}
val: {'epoch': 12, 'loss': 1.1244, 'lr': 0.0096, 'params': 501258, 'time_iter': 0.0126, 'accuracy': 0.714}
train: {'epoch': 12, 'eta': 1.88, 'loss': 0.5315, 'lr': 0.0096, 'params': 501258, 'time_iter': 0.0212, 'accuracy': 1.0}
val: {'epoch': 13, 'loss': 1.0913, 'lr': 0.0095, 'params': 501258, 'time_iter': 0.0125, 'accuracy': 0.712}
train: {'epoch': 13, 'eta': 1.8535, 'loss': 0.4705, 'lr': 0.0095, 'params': 501258, 'time_iter': 0.0208, 'accuracy': 1.0}
val: {'epoch': 14, 'loss': 1.066, 'lr': 0.0095, 'params': 501258, 'time_iter': 0.0126, 'accuracy': 0.712}
train: {'epoch': 14, 'eta': 1.8292, 'loss': 0.417, 'lr': 0.0095, 'params': 501258, 'time_iter': 0.0211, 'accuracy': 1.0}
val: {'epoch': 15, 'loss': 1.046, 'lr': 0.0094, 'params': 501258, 'time_iter': 0.0128, 'accuracy': 0.704}
train: {'epoch': 15, 'eta': 1.8056, 'loss': 0.3687, 'lr': 0.0094, 'params': 501258, 'time_iter': 0.0211, 'accuracy': 1.0}
val: {'epoch': 16, 'loss': 1.0294, 'lr': 0.0093, 'params': 501258, 'time_iter': 0.0126, 'accuracy': 0.698}
train: {'epoch': 16, 'eta': 1.783, 'loss': 0.3261, 'lr': 0.0093, 'params': 501258, 'time_iter': 0.0213, 'accuracy': 1.0}
val: {'epoch': 17, 'loss': 1.018, 'lr': 0.0092, 'params': 501258, 'time_iter': 0.0126, 'accuracy': 0.698}
train: {'epoch': 17, 'eta': 1.7608, 'loss': 0.2889, 'lr': 0.0092, 'params': 501258, 'time_iter': 0.0213, 'accuracy': 1.0}
val: {'epoch': 18, 'loss': 1.0148, 'lr': 0.0091, 'params': 501258, 'time_iter': 0.0126, 'accuracy': 0.696}
train: {'epoch': 18, 'eta': 1.7376, 'loss': 0.2567, 'lr': 0.0091, 'params': 501258, 'time_iter': 0.0211, 'accuracy': 1.0}
val: {'epoch': 19, 'loss': 1.0198, 'lr': 0.009, 'params': 501258, 'time_iter': 0.0127, 'accuracy': 0.686}
train: {'epoch': 19, 'eta': 1.7147, 'loss': 0.2289, 'lr': 0.009, 'params': 501258, 'time_iter': 0.0211, 'accuracy': 1.0}
val: {'epoch': 20, 'loss': 1.0293, 'lr': 0.009, 'params': 501258, 'time_iter': 0.0127, 'accuracy': 0.678}
train: {'epoch': 20, 'eta': 1.692, 'loss': 0.2049, 'lr': 0.009, 'params': 501258, 'time_iter': 0.0211, 'accuracy': 1.0}
val: {'epoch': 21, 'loss': 1.0386, 'lr': 0.0089, 'params': 501258, 'time_iter': 0.0126, 'accuracy': 0.676}
train: {'epoch': 21, 'eta': 1.6695, 'loss': 0.1841, 'lr': 0.0089, 'params': 501258, 'time_iter': 0.0211, 'accuracy': 1.0}
val: {'epoch': 22, 'loss': 1.0453, 'lr': 0.0088, 'params': 501258, 'time_iter': 0.0126, 'accuracy': 0.674}
train: {'epoch': 22, 'eta': 1.647, 'loss': 0.1659, 'lr': 0.0088, 'params': 501258, 'time_iter': 0.0211, 'accuracy': 1.0}
val: {'epoch': 23, 'loss': 1.0498, 'lr': 0.0086, 'params': 501258, 'time_iter': 0.0126, 'accuracy': 0.674}
train: {'epoch': 23, 'eta': 1.6246, 'loss': 0.1501, 'lr': 0.0086, 'params': 501258, 'time_iter': 0.0211, 'accuracy': 1.0}
val: {'epoch': 24, 'loss': 1.0544, 'lr': 0.0085, 'params': 501258, 'time_iter': 0.0125, 'accuracy': 0.672}
train: {'epoch': 24, 'eta': 1.6025, 'loss': 0.1364, 'lr': 0.0085, 'params': 501258, 'time_iter': 0.0211, 'accuracy': 1.0}
val: {'epoch': 25, 'loss': 1.0613, 'lr': 0.0084, 'params': 501258, 'time_iter': 0.0126, 'accuracy': 0.666}
train: {'epoch': 25, 'eta': 1.5801, 'loss': 0.1245, 'lr': 0.0084, 'params': 501258, 'time_iter': 0.021, 'accuracy': 1.0}
val: {'epoch': 26, 'loss': 1.0714, 'lr': 0.0083, 'params': 501258, 'time_iter': 0.0125, 'accuracy': 0.666}
train: {'epoch': 26, 'eta': 1.5583, 'loss': 0.1141, 'lr': 0.0083, 'params': 501258, 'time_iter': 0.0212, 'accuracy': 1.0}
val: {'epoch': 27, 'loss': 1.0845, 'lr': 0.0082, 'params': 501258, 'time_iter': 0.0126, 'accuracy': 0.668}
train: {'epoch': 27, 'eta': 1.536, 'loss': 0.105, 'lr': 0.0082, 'params': 501258, 'time_iter': 0.021, 'accuracy': 1.0}
val: {'epoch': 28, 'loss': 1.0987, 'lr': 0.0081, 'params': 501258, 'time_iter': 0.013, 'accuracy': 0.658}
train: {'epoch': 28, 'eta': 1.5145, 'loss': 0.0971, 'lr': 0.0081, 'params': 501258, 'time_iter': 0.0213, 'accuracy': 1.0}
val: {'epoch': 29, 'loss': 1.1103, 'lr': 0.0079, 'params': 501258, 'time_iter': 0.0127, 'accuracy': 0.658}
train: {'epoch': 29, 'eta': 1.4929, 'loss': 0.0903, 'lr': 0.0079, 'params': 501258, 'time_iter': 0.0212, 'accuracy': 1.0}
val: {'epoch': 30, 'loss': 1.1177, 'lr': 0.0078, 'params': 501258, 'time_iter': 0.0124, 'accuracy': 0.658}
train: {'epoch': 30, 'eta': 1.4712, 'loss': 0.0843, 'lr': 0.0078, 'params': 501258, 'time_iter': 0.0212, 'accuracy': 1.0}
val: {'epoch': 31, 'loss': 1.1248, 'lr': 0.0077, 'params': 501258, 'time_iter': 0.0126, 'accuracy': 0.666}
train: {'epoch': 31, 'eta': 1.4495, 'loss': 0.079, 'lr': 0.0077, 'params': 501258, 'time_iter': 0.0211, 'accuracy': 1.0}
val: {'epoch': 32, 'loss': 1.1363, 'lr': 0.0075, 'params': 501258, 'time_iter': 0.0128, 'accuracy': 0.662}
train: {'epoch': 32, 'eta': 1.429, 'loss': 0.0743, 'lr': 0.0075, 'params': 501258, 'time_iter': 0.0217, 'accuracy': 1.0}
val: {'epoch': 33, 'loss': 1.15, 'lr': 0.0074, 'params': 501258, 'time_iter': 0.0125, 'accuracy': 0.662}
train: {'epoch': 33, 'eta': 1.4073, 'loss': 0.0701, 'lr': 0.0074, 'params': 501258, 'time_iter': 0.0211, 'accuracy': 1.0}
val: {'epoch': 34, 'loss': 1.1587, 'lr': 0.0073, 'params': 501258, 'time_iter': 0.0125, 'accuracy': 0.664}
train: {'epoch': 34, 'eta': 1.3856, 'loss': 0.0665, 'lr': 0.0073, 'params': 501258, 'time_iter': 0.0211, 'accuracy': 1.0}
val: {'epoch': 35, 'loss': 1.1607, 'lr': 0.0071, 'params': 501258, 'time_iter': 0.0127, 'accuracy': 0.668}
train: {'epoch': 35, 'eta': 1.3641, 'loss': 0.0632, 'lr': 0.0071, 'params': 501258, 'time_iter': 0.0212, 'accuracy': 1.0}
val: {'epoch': 36, 'loss': 1.16, 'lr': 0.007, 'params': 501258, 'time_iter': 0.0127, 'accuracy': 0.676}
train: {'epoch': 36, 'eta': 1.3425, 'loss': 0.0603, 'lr': 0.007, 'params': 501258, 'time_iter': 0.0211, 'accuracy': 1.0}
val: {'epoch': 37, 'loss': 1.163, 'lr': 0.0068, 'params': 501258, 'time_iter': 0.0126, 'accuracy': 0.678}
train: {'epoch': 37, 'eta': 1.321, 'loss': 0.0577, 'lr': 0.0068, 'params': 501258, 'time_iter': 0.0212, 'accuracy': 1.0}
val: {'epoch': 38, 'loss': 1.1785, 'lr': 0.0067, 'params': 501258, 'time_iter': 0.0138, 'accuracy': 0.67}
train: {'epoch': 38, 'eta': 1.2993, 'loss': 0.0553, 'lr': 0.0067, 'params': 501258, 'time_iter': 0.0211, 'accuracy': 1.0}
val: {'epoch': 39, 'loss': 1.1863, 'lr': 0.0065, 'params': 501258, 'time_iter': 0.0126, 'accuracy': 0.672}
train: {'epoch': 39, 'eta': 1.2777, 'loss': 0.0532, 'lr': 0.0065, 'params': 501258, 'time_iter': 0.0211, 'accuracy': 1.0}
val: {'epoch': 40, 'loss': 1.2044, 'lr': 0.0064, 'params': 501258, 'time_iter': 0.0125, 'accuracy': 0.66}
train: {'epoch': 40, 'eta': 1.2559, 'loss': 0.0514, 'lr': 0.0064, 'params': 501258, 'time_iter': 0.0209, 'accuracy': 1.0}
val: {'epoch': 41, 'loss': 1.1664, 'lr': 0.0062, 'params': 501258, 'time_iter': 0.0124, 'accuracy': 0.684}
train: {'epoch': 41, 'eta': 1.2344, 'loss': 0.0498, 'lr': 0.0062, 'params': 501258, 'time_iter': 0.0211, 'accuracy': 1.0}
val: {'epoch': 42, 'loss': 1.245, 'lr': 0.0061, 'params': 501258, 'time_iter': 0.0126, 'accuracy': 0.65}
train: {'epoch': 42, 'eta': 1.2129, 'loss': 0.049, 'lr': 0.0061, 'params': 501258, 'time_iter': 0.0211, 'accuracy': 1.0}
val: {'epoch': 43, 'loss': 1.0678, 'lr': 0.0059, 'params': 501258, 'time_iter': 0.0125, 'accuracy': 0.7}
train: {'epoch': 43, 'eta': 1.1913, 'loss': 0.0509, 'lr': 0.0059, 'params': 501258, 'time_iter': 0.0211, 'accuracy': 1.0}
val: {'epoch': 44, 'loss': 1.0189, 'lr': 0.0058, 'params': 501258, 'time_iter': 0.0127, 'accuracy': 0.716}
train: {'epoch': 44, 'eta': 1.1701, 'loss': 0.054, 'lr': 0.0058, 'params': 501258, 'time_iter': 0.0213, 'accuracy': 1.0}
val: {'epoch': 45, 'loss': 1.0328, 'lr': 0.0056, 'params': 501258, 'time_iter': 0.0125, 'accuracy': 0.712}
train: {'epoch': 45, 'eta': 1.1485, 'loss': 0.05, 'lr': 0.0056, 'params': 501258, 'time_iter': 0.021, 'accuracy': 1.0}
val: {'epoch': 46, 'loss': 1.0692, 'lr': 0.0055, 'params': 501258, 'time_iter': 0.0126, 'accuracy': 0.706}
train: {'epoch': 46, 'eta': 1.1271, 'loss': 0.0483, 'lr': 0.0055, 'params': 501258, 'time_iter': 0.0211, 'accuracy': 1.0}
val: {'epoch': 47, 'loss': 1.087, 'lr': 0.0053, 'params': 501258, 'time_iter': 0.0127, 'accuracy': 0.706}
train: {'epoch': 47, 'eta': 1.1058, 'loss': 0.0464, 'lr': 0.0053, 'params': 501258, 'time_iter': 0.0212, 'accuracy': 1.0}
val: {'epoch': 48, 'loss': 1.0941, 'lr': 0.0052, 'params': 501258, 'time_iter': 0.0136, 'accuracy': 0.7}
train: {'epoch': 48, 'eta': 1.0843, 'loss': 0.045, 'lr': 0.0052, 'params': 501258, 'time_iter': 0.021, 'accuracy': 1.0}
val: {'epoch': 49, 'loss': 1.0999, 'lr': 0.005, 'params': 501258, 'time_iter': 0.0127, 'accuracy': 0.692}
train: {'epoch': 49, 'eta': 1.0628, 'loss': 0.0433, 'lr': 0.005, 'params': 501258, 'time_iter': 0.0211, 'accuracy': 1.0}
val: {'epoch': 50, 'loss': 1.1053, 'lr': 0.0048, 'params': 501258, 'time_iter': 0.0125, 'accuracy': 0.696}
train: {'epoch': 50, 'eta': 1.0428, 'loss': 0.0421, 'lr': 0.0048, 'params': 501258, 'time_iter': 0.0226, 'accuracy': 1.0}
val: {'epoch': 51, 'loss': 1.1063, 'lr': 0.0047, 'params': 501258, 'time_iter': 0.0127, 'accuracy': 0.7}
train: {'epoch': 51, 'eta': 1.0214, 'loss': 0.0414, 'lr': 0.0047, 'params': 501258, 'time_iter': 0.0211, 'accuracy': 1.0}
val: {'epoch': 52, 'loss': 1.1036, 'lr': 0.0045, 'params': 501258, 'time_iter': 0.0126, 'accuracy': 0.7}
train: {'epoch': 52, 'eta': 0.9999, 'loss': 0.0404, 'lr': 0.0045, 'params': 501258, 'time_iter': 0.021, 'accuracy': 1.0}
val: {'epoch': 53, 'loss': 1.1035, 'lr': 0.0044, 'params': 501258, 'time_iter': 0.0126, 'accuracy': 0.704}
train: {'epoch': 53, 'eta': 0.9784, 'loss': 0.0395, 'lr': 0.0044, 'params': 501258, 'time_iter': 0.021, 'accuracy': 1.0}
val: {'epoch': 54, 'loss': 1.1105, 'lr': 0.0042, 'params': 501258, 'time_iter': 0.0125, 'accuracy': 0.704}
train: {'epoch': 54, 'eta': 0.9569, 'loss': 0.0388, 'lr': 0.0042, 'params': 501258, 'time_iter': 0.021, 'accuracy': 1.0}
val: {'epoch': 55, 'loss': 1.1179, 'lr': 0.0041, 'params': 501258, 'time_iter': 0.0127, 'accuracy': 0.702}
train: {'epoch': 55, 'eta': 0.9355, 'loss': 0.0381, 'lr': 0.0041, 'params': 501258, 'time_iter': 0.0211, 'accuracy': 1.0}
val: {'epoch': 56, 'loss': 1.1186, 'lr': 0.0039, 'params': 501258, 'time_iter': 0.0126, 'accuracy': 0.7}
train: {'epoch': 56, 'eta': 0.9144, 'loss': 0.0375, 'lr': 0.0039, 'params': 501258, 'time_iter': 0.0214, 'accuracy': 1.0}
val: {'epoch': 57, 'loss': 1.1124, 'lr': 0.0038, 'params': 501258, 'time_iter': 0.0126, 'accuracy': 0.698}
train: {'epoch': 57, 'eta': 0.8931, 'loss': 0.037, 'lr': 0.0038, 'params': 501258, 'time_iter': 0.0213, 'accuracy': 1.0}
val: {'epoch': 58, 'loss': 1.1036, 'lr': 0.0036, 'params': 501258, 'time_iter': 0.0125, 'accuracy': 0.7}
train: {'epoch': 58, 'eta': 0.8717, 'loss': 0.0365, 'lr': 0.0036, 'params': 501258, 'time_iter': 0.021, 'accuracy': 1.0}
val: {'epoch': 59, 'loss': 1.0958, 'lr': 0.0035, 'params': 501258, 'time_iter': 0.0127, 'accuracy': 0.694}
train: {'epoch': 59, 'eta': 0.8503, 'loss': 0.0361, 'lr': 0.0035, 'params': 501258, 'time_iter': 0.0211, 'accuracy': 1.0}
val: {'epoch': 60, 'loss': 1.0897, 'lr': 0.0033, 'params': 501258, 'time_iter': 0.0126, 'accuracy': 0.694}
train: {'epoch': 60, 'eta': 0.829, 'loss': 0.0357, 'lr': 0.0033, 'params': 501258, 'time_iter': 0.0212, 'accuracy': 1.0}
val: {'epoch': 61, 'loss': 1.0853, 'lr': 0.0032, 'params': 501258, 'time_iter': 0.0127, 'accuracy': 0.69}
train: {'epoch': 61, 'eta': 0.8077, 'loss': 0.0353, 'lr': 0.0032, 'params': 501258, 'time_iter': 0.0211, 'accuracy': 1.0}
val: {'epoch': 62, 'loss': 1.0825, 'lr': 0.003, 'params': 501258, 'time_iter': 0.0126, 'accuracy': 0.69}
train: {'epoch': 62, 'eta': 0.7863, 'loss': 0.035, 'lr': 0.003, 'params': 501258, 'time_iter': 0.021, 'accuracy': 1.0}
val: {'epoch': 63, 'loss': 1.0825, 'lr': 0.0029, 'params': 501258, 'time_iter': 0.0126, 'accuracy': 0.688}
train: {'epoch': 63, 'eta': 0.7649, 'loss': 0.0347, 'lr': 0.0029, 'params': 501258, 'time_iter': 0.0211, 'accuracy': 1.0}
val: {'epoch': 64, 'loss': 1.0856, 'lr': 0.0027, 'params': 501258, 'time_iter': 0.0124, 'accuracy': 0.69}
train: {'epoch': 64, 'eta': 0.7436, 'loss': 0.0344, 'lr': 0.0027, 'params': 501258, 'time_iter': 0.021, 'accuracy': 1.0}
val: {'epoch': 65, 'loss': 1.0896, 'lr': 0.0026, 'params': 501258, 'time_iter': 0.0126, 'accuracy': 0.688}
train: {'epoch': 65, 'eta': 0.7223, 'loss': 0.0341, 'lr': 0.0026, 'params': 501258, 'time_iter': 0.0211, 'accuracy': 1.0}
val: {'epoch': 66, 'loss': 1.0919, 'lr': 0.0025, 'params': 501258, 'time_iter': 0.0126, 'accuracy': 0.688}
train: {'epoch': 66, 'eta': 0.701, 'loss': 0.0339, 'lr': 0.0025, 'params': 501258, 'time_iter': 0.0211, 'accuracy': 1.0}
val: {'epoch': 67, 'loss': 1.0921, 'lr': 0.0023, 'params': 501258, 'time_iter': 0.0125, 'accuracy': 0.686}
train: {'epoch': 67, 'eta': 0.6796, 'loss': 0.0337, 'lr': 0.0023, 'params': 501258, 'time_iter': 0.021, 'accuracy': 1.0}
val: {'epoch': 68, 'loss': 1.0919, 'lr': 0.0022, 'params': 501258, 'time_iter': 0.0128, 'accuracy': 0.686}
train: {'epoch': 68, 'eta': 0.6584, 'loss': 0.0335, 'lr': 0.0022, 'params': 501258, 'time_iter': 0.0212, 'accuracy': 1.0}
val: {'epoch': 69, 'loss': 1.0927, 'lr': 0.0021, 'params': 501258, 'time_iter': 0.0125, 'accuracy': 0.688}
train: {'epoch': 69, 'eta': 0.6371, 'loss': 0.0333, 'lr': 0.0021, 'params': 501258, 'time_iter': 0.0211, 'accuracy': 1.0}
val: {'epoch': 70, 'loss': 1.0945, 'lr': 0.0019, 'params': 501258, 'time_iter': 0.0126, 'accuracy': 0.688}
train: {'epoch': 70, 'eta': 0.6157, 'loss': 0.0331, 'lr': 0.0019, 'params': 501258, 'time_iter': 0.021, 'accuracy': 1.0}
val: {'epoch': 71, 'loss': 1.0959, 'lr': 0.0018, 'params': 501258, 'time_iter': 0.0128, 'accuracy': 0.686}
train: {'epoch': 71, 'eta': 0.5947, 'loss': 0.033, 'lr': 0.0018, 'params': 501258, 'time_iter': 0.0218, 'accuracy': 1.0}
val: {'epoch': 72, 'loss': 1.0958, 'lr': 0.0017, 'params': 501258, 'time_iter': 0.0124, 'accuracy': 0.686}
train: {'epoch': 72, 'eta': 0.5734, 'loss': 0.0328, 'lr': 0.0017, 'params': 501258, 'time_iter': 0.021, 'accuracy': 1.0}
val: {'epoch': 73, 'loss': 1.0948, 'lr': 0.0016, 'params': 501258, 'time_iter': 0.0125, 'accuracy': 0.686}
train: {'epoch': 73, 'eta': 0.5521, 'loss': 0.0327, 'lr': 0.0016, 'params': 501258, 'time_iter': 0.0211, 'accuracy': 1.0}
val: {'epoch': 74, 'loss': 1.0943, 'lr': 0.0015, 'params': 501258, 'time_iter': 0.0126, 'accuracy': 0.686}
train: {'epoch': 74, 'eta': 0.5308, 'loss': 0.0326, 'lr': 0.0015, 'params': 501258, 'time_iter': 0.0211, 'accuracy': 1.0}
val: {'epoch': 75, 'loss': 1.0953, 'lr': 0.0014, 'params': 501258, 'time_iter': 0.0123, 'accuracy': 0.686}
train: {'epoch': 75, 'eta': 0.5095, 'loss': 0.0324, 'lr': 0.0014, 'params': 501258, 'time_iter': 0.0208, 'accuracy': 1.0}
val: {'epoch': 76, 'loss': 1.0977, 'lr': 0.0012, 'params': 501258, 'time_iter': 0.0127, 'accuracy': 0.684}
train: {'epoch': 76, 'eta': 0.4882, 'loss': 0.0323, 'lr': 0.0012, 'params': 501258, 'time_iter': 0.0213, 'accuracy': 1.0}
val: {'epoch': 77, 'loss': 1.1005, 'lr': 0.0011, 'params': 501258, 'time_iter': 0.0127, 'accuracy': 0.686}
train: {'epoch': 77, 'eta': 0.467, 'loss': 0.0322, 'lr': 0.0011, 'params': 501258, 'time_iter': 0.0211, 'accuracy': 1.0}
val: {'epoch': 78, 'loss': 1.1027, 'lr': 0.001, 'params': 501258, 'time_iter': 0.0127, 'accuracy': 0.684}
train: {'epoch': 78, 'eta': 0.4457, 'loss': 0.0322, 'lr': 0.001, 'params': 501258, 'time_iter': 0.021, 'accuracy': 1.0}
val: {'epoch': 79, 'loss': 1.1037, 'lr': 0.001, 'params': 501258, 'time_iter': 0.0125, 'accuracy': 0.684}
train: {'epoch': 79, 'eta': 0.4244, 'loss': 0.0321, 'lr': 0.001, 'params': 501258, 'time_iter': 0.0209, 'accuracy': 1.0}
val: {'epoch': 80, 'loss': 1.1037, 'lr': 0.0009, 'params': 501258, 'time_iter': 0.0126, 'accuracy': 0.682}
train: {'epoch': 80, 'eta': 0.4031, 'loss': 0.032, 'lr': 0.0009, 'params': 501258, 'time_iter': 0.0211, 'accuracy': 1.0}
val: {'epoch': 81, 'loss': 1.1031, 'lr': 0.0008, 'params': 501258, 'time_iter': 0.0126, 'accuracy': 0.684}
train: {'epoch': 81, 'eta': 0.3819, 'loss': 0.032, 'lr': 0.0008, 'params': 501258, 'time_iter': 0.0211, 'accuracy': 1.0}
val: {'epoch': 82, 'loss': 1.1025, 'lr': 0.0007, 'params': 501258, 'time_iter': 0.0126, 'accuracy': 0.684}
train: {'epoch': 82, 'eta': 0.3607, 'loss': 0.0319, 'lr': 0.0007, 'params': 501258, 'time_iter': 0.021, 'accuracy': 1.0}
val: {'epoch': 83, 'loss': 1.1021, 'lr': 0.0006, 'params': 501258, 'time_iter': 0.0125, 'accuracy': 0.682}
train: {'epoch': 83, 'eta': 0.3394, 'loss': 0.0319, 'lr': 0.0006, 'params': 501258, 'time_iter': 0.0213, 'accuracy': 1.0}
val: {'epoch': 84, 'loss': 1.1021, 'lr': 0.0005, 'params': 501258, 'time_iter': 0.0125, 'accuracy': 0.682}
train: {'epoch': 84, 'eta': 0.3182, 'loss': 0.0318, 'lr': 0.0005, 'params': 501258, 'time_iter': 0.0212, 'accuracy': 1.0}
val: {'epoch': 85, 'loss': 1.1022, 'lr': 0.0005, 'params': 501258, 'time_iter': 0.0126, 'accuracy': 0.682}
train: {'epoch': 85, 'eta': 0.297, 'loss': 0.0318, 'lr': 0.0005, 'params': 501258, 'time_iter': 0.0212, 'accuracy': 1.0}
val: {'epoch': 86, 'loss': 1.1025, 'lr': 0.0004, 'params': 501258, 'time_iter': 0.0125, 'accuracy': 0.682}
train: {'epoch': 86, 'eta': 0.2758, 'loss': 0.0317, 'lr': 0.0004, 'params': 501258, 'time_iter': 0.0209, 'accuracy': 1.0}
val: {'epoch': 87, 'loss': 1.1028, 'lr': 0.0004, 'params': 501258, 'time_iter': 0.0127, 'accuracy': 0.682}
train: {'epoch': 87, 'eta': 0.2546, 'loss': 0.0317, 'lr': 0.0004, 'params': 501258, 'time_iter': 0.0214, 'accuracy': 1.0}
val: {'epoch': 88, 'loss': 1.1031, 'lr': 0.0003, 'params': 501258, 'time_iter': 0.0126, 'accuracy': 0.68}
train: {'epoch': 88, 'eta': 0.2333, 'loss': 0.0317, 'lr': 0.0003, 'params': 501258, 'time_iter': 0.0212, 'accuracy': 1.0}
val: {'epoch': 89, 'loss': 1.1034, 'lr': 0.0002, 'params': 501258, 'time_iter': 0.0124, 'accuracy': 0.68}
train: {'epoch': 89, 'eta': 0.2121, 'loss': 0.0317, 'lr': 0.0002, 'params': 501258, 'time_iter': 0.021, 'accuracy': 1.0}
val: {'epoch': 90, 'loss': 1.1037, 'lr': 0.0002, 'params': 501258, 'time_iter': 0.0127, 'accuracy': 0.682}
train: {'epoch': 90, 'eta': 0.1909, 'loss': 0.0316, 'lr': 0.0002, 'params': 501258, 'time_iter': 0.0211, 'accuracy': 1.0}
val: {'epoch': 91, 'loss': 1.104, 'lr': 0.0002, 'params': 501258, 'time_iter': 0.0125, 'accuracy': 0.682}
train: {'epoch': 91, 'eta': 0.1697, 'loss': 0.0316, 'lr': 0.0002, 'params': 501258, 'time_iter': 0.021, 'accuracy': 1.0}
val: {'epoch': 92, 'loss': 1.1043, 'lr': 0.0001, 'params': 501258, 'time_iter': 0.0127, 'accuracy': 0.682}
train: {'epoch': 92, 'eta': 0.1484, 'loss': 0.0316, 'lr': 0.0001, 'params': 501258, 'time_iter': 0.0212, 'accuracy': 1.0}
val: {'epoch': 93, 'loss': 1.1047, 'lr': 0.0001, 'params': 501258, 'time_iter': 0.0125, 'accuracy': 0.682}
train: {'epoch': 93, 'eta': 0.1272, 'loss': 0.0316, 'lr': 0.0001, 'params': 501258, 'time_iter': 0.0209, 'accuracy': 1.0}
val: {'epoch': 94, 'loss': 1.105, 'lr': 0.0001, 'params': 501258, 'time_iter': 0.0128, 'accuracy': 0.682}
train: {'epoch': 94, 'eta': 0.106, 'loss': 0.0316, 'lr': 0.0001, 'params': 501258, 'time_iter': 0.0211, 'accuracy': 1.0}
val: {'epoch': 95, 'loss': 1.1053, 'lr': 0.0, 'params': 501258, 'time_iter': 0.0126, 'accuracy': 0.684}
train: {'epoch': 95, 'eta': 0.0848, 'loss': 0.0316, 'lr': 0.0, 'params': 501258, 'time_iter': 0.0216, 'accuracy': 1.0}
val: {'epoch': 96, 'loss': 1.1056, 'lr': 0.0, 'params': 501258, 'time_iter': 0.0127, 'accuracy': 0.684}
train: {'epoch': 96, 'eta': 0.0636, 'loss': 0.0316, 'lr': 0.0, 'params': 501258, 'time_iter': 0.0212, 'accuracy': 1.0}
val: {'epoch': 97, 'loss': 1.1059, 'lr': 0.0, 'params': 501258, 'time_iter': 0.0127, 'accuracy': 0.684}
train: {'epoch': 97, 'eta': 0.0424, 'loss': 0.0316, 'lr': 0.0, 'params': 501258, 'time_iter': 0.0211, 'accuracy': 1.0}
val: {'epoch': 98, 'loss': 1.1061, 'lr': 0.0, 'params': 501258, 'time_iter': 0.0126, 'accuracy': 0.684}
train: {'epoch': 98, 'eta': 0.0212, 'loss': 0.0316, 'lr': 0.0, 'params': 501258, 'time_iter': 0.0211, 'accuracy': 1.0}
val: {'epoch': 99, 'loss': 1.1064, 'lr': 0.0, 'params': 501258, 'time_iter': 0.0126, 'accuracy': 0.682}
train: {'epoch': 99, 'eta': 0.0, 'loss': 0.0316, 'lr': 0.0, 'params': 501258, 'time_iter': 0.0217, 'accuracy': 1.0}
test: {'epoch': 100, 'loss': 0.9485, 'lr': 0.0, 'params': 501258, 'time_iter': 0.0137, 'accuracy': 0.723}
