GraphGymModule(
  (model): GNN(
    (encoder): FeatureEncoder()
    (pre_mp): GeneralMultiLayer(
      (Layer_0): GeneralLayer(
        (layer): Linear(
          (model): Linear(1433, 256, bias=False)
        )
        (post_layer): Sequential(
          (0): BatchNorm1d(256, eps=1e-05, momentum=0.1, affine=True, track_running_stats=True)
          (1): PReLU(num_parameters=1)
        )
      )
    )
    (mp): GNNStackStage(
      (layer0): GeneralLayer(
        (layer): GCNConv(
          (model): GCNConv(256, 256)
        )
        (post_layer): Sequential(
          (0): BatchNorm1d(256, eps=1e-05, momentum=0.1, affine=True, track_running_stats=True)
          (1): PReLU(num_parameters=1)
        )
      )
      (layer1): GeneralLayer(
        (layer): GCNConv(
          (model): GCNConv(256, 256)
        )
        (post_layer): Sequential(
          (0): BatchNorm1d(256, eps=1e-05, momentum=0.1, affine=True, track_running_stats=True)
          (1): PReLU(num_parameters=1)
        )
      )
      (layer2): GeneralLayer(
        (layer): GCNConv(
          (model): GCNConv(256, 256)
        )
        (post_layer): Sequential(
          (0): BatchNorm1d(256, eps=1e-05, momentum=0.1, affine=True, track_running_stats=True)
          (1): PReLU(num_parameters=1)
        )
      )
      (layer3): GeneralLayer(
        (layer): GCNConv(
          (model): GCNConv(256, 256)
        )
        (post_layer): Sequential(
          (0): BatchNorm1d(256, eps=1e-05, momentum=0.1, affine=True, track_running_stats=True)
          (1): PReLU(num_parameters=1)
        )
      )
      (layer4): GeneralLayer(
        (layer): GCNConv(
          (model): GCNConv(256, 256)
        )
        (post_layer): Sequential(
          (0): BatchNorm1d(256, eps=1e-05, momentum=0.1, affine=True, track_running_stats=True)
          (1): PReLU(num_parameters=1)
        )
      )
      (layer5): GeneralLayer(
        (layer): GCNConv(
          (model): GCNConv(256, 256)
        )
        (post_layer): Sequential(
          (0): BatchNorm1d(256, eps=1e-05, momentum=0.1, affine=True, track_running_stats=True)
          (1): PReLU(num_parameters=1)
        )
      )
      (layer6): GeneralLayer(
        (layer): GCNConv(
          (model): GCNConv(256, 256)
        )
        (post_layer): Sequential(
          (0): BatchNorm1d(256, eps=1e-05, momentum=0.1, affine=True, track_running_stats=True)
          (1): PReLU(num_parameters=1)
        )
      )
      (layer7): GeneralLayer(
        (layer): GCNConv(
          (model): GCNConv(256, 256)
        )
        (post_layer): Sequential(
          (0): BatchNorm1d(256, eps=1e-05, momentum=0.1, affine=True, track_running_stats=True)
          (1): PReLU(num_parameters=1)
        )
      )
      (layer8): GeneralLayer(
        (layer): GCNConv(
          (model): GCNConv(256, 256)
        )
        (post_layer): Sequential(
          (0): BatchNorm1d(256, eps=1e-05, momentum=0.1, affine=True, track_running_stats=True)
          (1): PReLU(num_parameters=1)
        )
      )
      (layer9): GeneralLayer(
        (layer): GCNConv(
          (model): GCNConv(256, 256)
        )
        (post_layer): Sequential(
          (0): BatchNorm1d(256, eps=1e-05, momentum=0.1, affine=True, track_running_stats=True)
          (1): PReLU(num_parameters=1)
        )
      )
    )
    (post_mp): GNNNodeHead(
      (layer_post_mp): MLP(
        (model): Sequential(
          (0): Linear(
            (model): Linear(256, 7, bias=True)
          )
        )
      )
    )
  )
)
accelerator: cuda
benchmark: False
bn:
  eps: 1e-05
  mom: 0.1
cfg_dest: config.yaml
custom_metrics: []
dataset:
  cache_load: False
  cache_save: False
  dir: ./datasets
  edge_dim: 128
  edge_encoder: False
  edge_encoder_bn: True
  edge_encoder_name: Bond
  edge_message_ratio: 0.8
  edge_negative_sampling_ratio: 1.0
  edge_train_mode: all
  encoder: True
  encoder_bn: True
  encoder_dim: 128
  encoder_name: db
  format: PyG
  label_column: none
  label_table: none
  location: local
  name: Cora
  node_encoder: False
  node_encoder_bn: True
  node_encoder_name: Atom
  remove_feature: False
  resample_disjoint: False
  resample_negative: False
  shuffle_split: True
  split: [0.8, 0.2]
  split_mode: random
  task: node
  task_type: classification
  to_undirected: False
  transductive: True
  transform: none
  tu_simple: True
delay:
  max_k: 10
devices: None
gnn:
  act: prelu
  agg: add
  att_final_linear: False
  att_final_linear_bn: False
  att_heads: 1
  batchnorm: True
  clear_feature: True
  dim_inner: 256
  dropout: 0.0
  head: node
  keep_edge: 0.5
  l2norm: True
  layer_type: gcnconv
  layers_mp: 10
  layers_post_mp: 1
  layers_pre_mp: 1
  msg_direction: single
  normalize_adj: False
  self_msg: concat
  skip_every: 1
  stage_type: stack
gpu_mem: False
mem:
  inplace: False
metric_agg: argmax
metric_best: auto
model:
  edge_decoding: dot
  graph_pooling: add
  loss_fun: cross_entropy
  match_upper: True
  size_average: mean
  thresh: 0.5
  type: gnn
num_threads: 6
num_workers: 0
optim:
  base_lr: 0.01
  lr_decay: 0.1
  max_epoch: 100
  momentum: 0.9
  optimizer: adam
  scheduler: cos
  steps: [30, 60, 90]
  weight_decay: 0.0005
out_dir: my_results/Cora_V_10MP
print: both
round: 4
run_dir: my_results/Cora_V_10MP/0
seed: 1
share:
  dim_in: 1433
  dim_out: 7
  num_splits: 3
  num_tasks: 1
tensorboard_agg: True
tensorboard_each_run: True
train:
  auto_resume: False
  batch_size: 32
  ckpt_clean: True
  ckpt_period: 100
  enable_ckpt: True
  epoch_resume: -1
  eval_period: 20
  iter_per_epoch: 32
  neighbor_sizes: [20, 15, 10, 5]
  node_per_graph: 32
  radius: extend
  sample_node: False
  sampler: full_batch
  skip_train_eval: False
  walk_length: 4
val:
  node_per_graph: 32
  radius: extend
  sample_node: False
  sampler: full_batch
view_emb: False
Num parameters: 1029650
val: {'epoch': 0, 'loss': 1.9588, 'lr': 0.01, 'params': 1029650, 'time_iter': 0.7006, 'accuracy': 0.092}
val: {'epoch': 0, 'loss': 1.9521, 'lr': 0.01, 'params': 1029650, 'time_iter': 0.0364, 'accuracy': 0.058}
train: {'epoch': 0, 'eta': 7.1824, 'loss': 1.9508, 'lr': 0.01, 'params': 1029650, 'time_iter': 0.0725, 'accuracy': 0.0714}
val: {'epoch': 1, 'loss': 1.8543, 'lr': 0.01, 'params': 1029650, 'time_iter': 0.0876, 'accuracy': 0.284}
train: {'epoch': 1, 'eta': 6.9073, 'loss': 1.9185, 'lr': 0.01, 'params': 1029650, 'time_iter': 0.0684, 'accuracy': 0.2429}
val: {'epoch': 2, 'loss': 1.7388, 'lr': 0.01, 'params': 1029650, 'time_iter': 0.1151, 'accuracy': 0.492}
train: {'epoch': 2, 'eta': 9.8184, 'loss': 1.7373, 'lr': 0.01, 'params': 1029650, 'time_iter': 0.1627, 'accuracy': 0.65}
val: {'epoch': 3, 'loss': 1.6582, 'lr': 0.01, 'params': 1029650, 'time_iter': 0.1298, 'accuracy': 0.532}
train: {'epoch': 3, 'eta': 11.2682, 'loss': 1.6288, 'lr': 0.01, 'params': 1029650, 'time_iter': 0.1658, 'accuracy': 0.7571}
val: {'epoch': 4, 'loss': 1.6067, 'lr': 0.0099, 'params': 1029650, 'time_iter': 0.1411, 'accuracy': 0.532}
train: {'epoch': 4, 'eta': 12.408, 'loss': 1.4995, 'lr': 0.0099, 'params': 1029650, 'time_iter': 0.1835, 'accuracy': 0.8143}
val: {'epoch': 5, 'loss': 1.5393, 'lr': 0.0099, 'params': 1029650, 'time_iter': 0.1349, 'accuracy': 0.562}
train: {'epoch': 5, 'eta': 13.1513, 'loss': 1.415, 'lr': 0.0099, 'params': 1029650, 'time_iter': 0.1864, 'accuracy': 0.85}
val: {'epoch': 6, 'loss': 1.4761, 'lr': 0.0099, 'params': 1029650, 'time_iter': 0.0345, 'accuracy': 0.586}
train: {'epoch': 6, 'eta': 12.0329, 'loss': 1.3229, 'lr': 0.0099, 'params': 1029650, 'time_iter': 0.0663, 'accuracy': 0.9071}
val: {'epoch': 7, 'loss': 1.4237, 'lr': 0.0098, 'params': 1029650, 'time_iter': 0.0351, 'accuracy': 0.606}
train: {'epoch': 7, 'eta': 11.1052, 'loss': 1.2306, 'lr': 0.0098, 'params': 1029650, 'time_iter': 0.06, 'accuracy': 0.9214}
val: {'epoch': 8, 'loss': 1.3783, 'lr': 0.0098, 'params': 1029650, 'time_iter': 0.031, 'accuracy': 0.614}
train: {'epoch': 8, 'eta': 10.3843, 'loss': 1.1392, 'lr': 0.0098, 'params': 1029650, 'time_iter': 0.0613, 'accuracy': 0.9286}
val: {'epoch': 9, 'loss': 1.3304, 'lr': 0.0098, 'params': 1029650, 'time_iter': 0.0346, 'accuracy': 0.642}
train: {'epoch': 9, 'eta': 9.7389, 'loss': 1.0438, 'lr': 0.0098, 'params': 1029650, 'time_iter': 0.0551, 'accuracy': 0.9643}
val: {'epoch': 10, 'loss': 1.2964, 'lr': 0.0097, 'params': 1029650, 'time_iter': 0.0349, 'accuracy': 0.632}
train: {'epoch': 10, 'eta': 9.2299, 'loss': 0.9488, 'lr': 0.0097, 'params': 1029650, 'time_iter': 0.0587, 'accuracy': 0.9786}
val: {'epoch': 11, 'loss': 1.2749, 'lr': 0.0096, 'params': 1029650, 'time_iter': 0.0344, 'accuracy': 0.63}
train: {'epoch': 11, 'eta': 8.8305, 'loss': 0.8638, 'lr': 0.0096, 'params': 1029650, 'time_iter': 0.0634, 'accuracy': 1.0}
val: {'epoch': 12, 'loss': 1.2481, 'lr': 0.0096, 'params': 1029650, 'time_iter': 0.0341, 'accuracy': 0.642}
train: {'epoch': 12, 'eta': 8.4472, 'loss': 0.784, 'lr': 0.0096, 'params': 1029650, 'time_iter': 0.0581, 'accuracy': 1.0}
val: {'epoch': 13, 'loss': 1.2304, 'lr': 0.0095, 'params': 1029650, 'time_iter': 0.0365, 'accuracy': 0.644}
train: {'epoch': 13, 'eta': 8.1127, 'loss': 0.708, 'lr': 0.0095, 'params': 1029650, 'time_iter': 0.0585, 'accuracy': 1.0}
val: {'epoch': 14, 'loss': 1.2212, 'lr': 0.0095, 'params': 1029650, 'time_iter': 0.0379, 'accuracy': 0.642}
train: {'epoch': 14, 'eta': 7.8963, 'loss': 0.6378, 'lr': 0.0095, 'params': 1029650, 'time_iter': 0.0728, 'accuracy': 1.0}
val: {'epoch': 15, 'loss': 1.1987, 'lr': 0.0094, 'params': 1029650, 'time_iter': 0.0346, 'accuracy': 0.642}
train: {'epoch': 15, 'eta': 7.6244, 'loss': 0.5728, 'lr': 0.0094, 'params': 1029650, 'time_iter': 0.0588, 'accuracy': 1.0}
val: {'epoch': 16, 'loss': 1.1972, 'lr': 0.0093, 'params': 1029650, 'time_iter': 0.039, 'accuracy': 0.648}
train: {'epoch': 16, 'eta': 7.4181, 'loss': 0.5138, 'lr': 0.0093, 'params': 1029650, 'time_iter': 0.0671, 'accuracy': 1.0}
val: {'epoch': 17, 'loss': 1.1881, 'lr': 0.0092, 'params': 1029650, 'time_iter': 0.0374, 'accuracy': 0.65}
train: {'epoch': 17, 'eta': 7.2471, 'loss': 0.4596, 'lr': 0.0092, 'params': 1029650, 'time_iter': 0.0714, 'accuracy': 1.0}
val: {'epoch': 18, 'loss': 1.1647, 'lr': 0.0091, 'params': 1029650, 'time_iter': 0.0374, 'accuracy': 0.664}
train: {'epoch': 18, 'eta': 7.0512, 'loss': 0.4103, 'lr': 0.0091, 'params': 1029650, 'time_iter': 0.0632, 'accuracy': 1.0}
val: {'epoch': 19, 'loss': 1.1493, 'lr': 0.009, 'params': 1029650, 'time_iter': 0.0316, 'accuracy': 0.668}
train: {'epoch': 19, 'eta': 6.8489, 'loss': 0.366, 'lr': 0.009, 'params': 1029650, 'time_iter': 0.0582, 'accuracy': 1.0}
val: {'epoch': 20, 'loss': 1.142, 'lr': 0.009, 'params': 1029650, 'time_iter': 0.0335, 'accuracy': 0.676}
train: {'epoch': 20, 'eta': 6.6909, 'loss': 0.327, 'lr': 0.009, 'params': 1029650, 'time_iter': 0.0664, 'accuracy': 1.0}
val: {'epoch': 21, 'loss': 1.1391, 'lr': 0.0089, 'params': 1029650, 'time_iter': 0.0347, 'accuracy': 0.672}
train: {'epoch': 21, 'eta': 6.5153, 'loss': 0.2924, 'lr': 0.0089, 'params': 1029650, 'time_iter': 0.0591, 'accuracy': 1.0}
val: {'epoch': 22, 'loss': 1.1354, 'lr': 0.0088, 'params': 1029650, 'time_iter': 0.0354, 'accuracy': 0.658}
train: {'epoch': 22, 'eta': 6.3567, 'loss': 0.262, 'lr': 0.0088, 'params': 1029650, 'time_iter': 0.0611, 'accuracy': 1.0}
val: {'epoch': 23, 'loss': 1.1278, 'lr': 0.0086, 'params': 1029650, 'time_iter': 0.0347, 'accuracy': 0.668}
train: {'epoch': 23, 'eta': 6.2617, 'loss': 0.2356, 'lr': 0.0086, 'params': 1029650, 'time_iter': 0.0786, 'accuracy': 1.0}
val: {'epoch': 24, 'loss': 1.1441, 'lr': 0.0085, 'params': 1029650, 'time_iter': 0.0354, 'accuracy': 0.662}
train: {'epoch': 24, 'eta': 6.1304, 'loss': 0.2124, 'lr': 0.0085, 'params': 1029650, 'time_iter': 0.0661, 'accuracy': 1.0}
val: {'epoch': 25, 'loss': 1.1129, 'lr': 0.0084, 'params': 1029650, 'time_iter': 0.0359, 'accuracy': 0.68}
train: {'epoch': 25, 'eta': 5.9893, 'loss': 0.1929, 'lr': 0.0084, 'params': 1029650, 'time_iter': 0.0609, 'accuracy': 1.0}
val: {'epoch': 26, 'loss': 1.1217, 'lr': 0.0083, 'params': 1029650, 'time_iter': 0.0382, 'accuracy': 0.672}
train: {'epoch': 26, 'eta': 5.8657, 'loss': 0.1752, 'lr': 0.0083, 'params': 1029650, 'time_iter': 0.0652, 'accuracy': 1.0}
val: {'epoch': 27, 'loss': 1.1857, 'lr': 0.0082, 'params': 1029650, 'time_iter': 0.0348, 'accuracy': 0.664}
train: {'epoch': 27, 'eta': 5.7207, 'loss': 0.1609, 'lr': 0.0082, 'params': 1029650, 'time_iter': 0.0552, 'accuracy': 1.0}
val: {'epoch': 28, 'loss': 1.1914, 'lr': 0.0081, 'params': 1029650, 'time_iter': 0.0344, 'accuracy': 0.66}
train: {'epoch': 28, 'eta': 5.594, 'loss': 0.1488, 'lr': 0.0081, 'params': 1029650, 'time_iter': 0.0602, 'accuracy': 1.0}
val: {'epoch': 29, 'loss': 1.2251, 'lr': 0.0079, 'params': 1029650, 'time_iter': 0.0382, 'accuracy': 0.662}
train: {'epoch': 29, 'eta': 5.4687, 'loss': 0.1366, 'lr': 0.0079, 'params': 1029650, 'time_iter': 0.0589, 'accuracy': 1.0}
val: {'epoch': 30, 'loss': 1.1757, 'lr': 0.0078, 'params': 1029650, 'time_iter': 0.1111, 'accuracy': 0.68}
train: {'epoch': 30, 'eta': 5.5092, 'loss': 0.132, 'lr': 0.0078, 'params': 1029650, 'time_iter': 0.1314, 'accuracy': 1.0}
val: {'epoch': 31, 'loss': 1.0524, 'lr': 0.0077, 'params': 1029650, 'time_iter': 0.135, 'accuracy': 0.72}
train: {'epoch': 31, 'eta': 5.6061, 'loss': 0.1538, 'lr': 0.0077, 'params': 1029650, 'time_iter': 0.163, 'accuracy': 0.9929}
val: {'epoch': 32, 'loss': 1.0532, 'lr': 0.0075, 'params': 1029650, 'time_iter': 0.0428, 'accuracy': 0.718}
train: {'epoch': 32, 'eta': 5.6493, 'loss': 0.1439, 'lr': 0.0075, 'params': 1029650, 'time_iter': 0.1443, 'accuracy': 0.9929}
val: {'epoch': 33, 'loss': 1.1017, 'lr': 0.0074, 'params': 1029650, 'time_iter': 0.0367, 'accuracy': 0.706}
train: {'epoch': 33, 'eta': 5.517, 'loss': 0.1347, 'lr': 0.0074, 'params': 1029650, 'time_iter': 0.0596, 'accuracy': 0.9929}
val: {'epoch': 34, 'loss': 1.1098, 'lr': 0.0073, 'params': 1029650, 'time_iter': 0.0502, 'accuracy': 0.708}
train: {'epoch': 34, 'eta': 5.3912, 'loss': 0.1281, 'lr': 0.0073, 'params': 1029650, 'time_iter': 0.0609, 'accuracy': 0.9929}
val: {'epoch': 35, 'loss': 1.121, 'lr': 0.0071, 'params': 1029650, 'time_iter': 0.0375, 'accuracy': 0.704}
train: {'epoch': 35, 'eta': 5.2875, 'loss': 0.1193, 'lr': 0.0071, 'params': 1029650, 'time_iter': 0.0713, 'accuracy': 0.9929}
val: {'epoch': 36, 'loss': 1.1357, 'lr': 0.007, 'params': 1029650, 'time_iter': 0.0364, 'accuracy': 0.698}
train: {'epoch': 36, 'eta': 5.1752, 'loss': 0.1131, 'lr': 0.007, 'params': 1029650, 'time_iter': 0.0652, 'accuracy': 0.9929}
val: {'epoch': 37, 'loss': 1.2304, 'lr': 0.0068, 'params': 1029650, 'time_iter': 0.0661, 'accuracy': 0.67}
train: {'epoch': 37, 'eta': 5.079, 'loss': 0.1117, 'lr': 0.0068, 'params': 1029650, 'time_iter': 0.0736, 'accuracy': 0.9929}
val: {'epoch': 38, 'loss': 1.6192, 'lr': 0.0067, 'params': 1029650, 'time_iter': 0.0414, 'accuracy': 0.56}
train: {'epoch': 38, 'eta': 4.9799, 'loss': 0.1914, 'lr': 0.0067, 'params': 1029650, 'time_iter': 0.0709, 'accuracy': 0.9714}
val: {'epoch': 39, 'loss': 1.5056, 'lr': 0.0065, 'params': 1029650, 'time_iter': 0.0356, 'accuracy': 0.586}
train: {'epoch': 39, 'eta': 4.8681, 'loss': 0.4395, 'lr': 0.0065, 'params': 1029650, 'time_iter': 0.0615, 'accuracy': 0.8929}
val: {'epoch': 40, 'loss': 1.5223, 'lr': 0.0064, 'params': 1029650, 'time_iter': 0.0406, 'accuracy': 0.59}
train: {'epoch': 40, 'eta': 4.7729, 'loss': 0.2781, 'lr': 0.0064, 'params': 1029650, 'time_iter': 0.0714, 'accuracy': 0.9429}
val: {'epoch': 41, 'loss': 1.238, 'lr': 0.0062, 'params': 1029650, 'time_iter': 0.0375, 'accuracy': 0.652}
train: {'epoch': 41, 'eta': 4.6753, 'loss': 0.2629, 'lr': 0.0062, 'params': 1029650, 'time_iter': 0.0688, 'accuracy': 0.9357}
val: {'epoch': 42, 'loss': 1.1642, 'lr': 0.0061, 'params': 1029650, 'time_iter': 0.0391, 'accuracy': 0.676}
train: {'epoch': 42, 'eta': 4.5658, 'loss': 0.1634, 'lr': 0.0061, 'params': 1029650, 'time_iter': 0.0588, 'accuracy': 0.9714}
val: {'epoch': 43, 'loss': 1.2368, 'lr': 0.0059, 'params': 1029650, 'time_iter': 0.0386, 'accuracy': 0.662}
train: {'epoch': 43, 'eta': 4.466, 'loss': 0.1513, 'lr': 0.0059, 'params': 1029650, 'time_iter': 0.0647, 'accuracy': 0.9786}
val: {'epoch': 44, 'loss': 1.243, 'lr': 0.0058, 'params': 1029650, 'time_iter': 0.0398, 'accuracy': 0.66}
train: {'epoch': 44, 'eta': 4.3729, 'loss': 0.1495, 'lr': 0.0058, 'params': 1029650, 'time_iter': 0.0688, 'accuracy': 0.9857}
val: {'epoch': 45, 'loss': 1.4861, 'lr': 0.0056, 'params': 1029650, 'time_iter': 0.0427, 'accuracy': 0.594}
train: {'epoch': 45, 'eta': 4.2855, 'loss': 0.1104, 'lr': 0.0056, 'params': 1029650, 'time_iter': 0.0727, 'accuracy': 0.9929}
val: {'epoch': 46, 'loss': 1.4503, 'lr': 0.0055, 'params': 1029650, 'time_iter': 0.0396, 'accuracy': 0.612}
train: {'epoch': 46, 'eta': 4.1918, 'loss': 0.1008, 'lr': 0.0055, 'params': 1029650, 'time_iter': 0.0666, 'accuracy': 0.9929}
val: {'epoch': 47, 'loss': 1.5531, 'lr': 0.0053, 'params': 1029650, 'time_iter': 0.0386, 'accuracy': 0.59}
train: {'epoch': 47, 'eta': 4.0961, 'loss': 0.0877, 'lr': 0.0053, 'params': 1029650, 'time_iter': 0.0638, 'accuracy': 0.9929}
val: {'epoch': 48, 'loss': 1.5624, 'lr': 0.0052, 'params': 1029650, 'time_iter': 0.0399, 'accuracy': 0.598}
train: {'epoch': 48, 'eta': 4.0002, 'loss': 0.0857, 'lr': 0.0052, 'params': 1029650, 'time_iter': 0.0623, 'accuracy': 0.9929}
val: {'epoch': 49, 'loss': 1.6281, 'lr': 0.005, 'params': 1029650, 'time_iter': 0.0471, 'accuracy': 0.578}
train: {'epoch': 49, 'eta': 3.919, 'loss': 0.0735, 'lr': 0.005, 'params': 1029650, 'time_iter': 0.0757, 'accuracy': 1.0}
val: {'epoch': 50, 'loss': 1.7002, 'lr': 0.0048, 'params': 1029650, 'time_iter': 0.0415, 'accuracy': 0.57}
train: {'epoch': 50, 'eta': 3.8331, 'loss': 0.0698, 'lr': 0.0048, 'params': 1029650, 'time_iter': 0.0705, 'accuracy': 1.0}
val: {'epoch': 51, 'loss': 1.8029, 'lr': 0.0047, 'params': 1029650, 'time_iter': 0.0416, 'accuracy': 0.552}
train: {'epoch': 51, 'eta': 3.7485, 'loss': 0.0667, 'lr': 0.0047, 'params': 1029650, 'time_iter': 0.0714, 'accuracy': 1.0}
val: {'epoch': 52, 'loss': 1.9134, 'lr': 0.0045, 'params': 1029650, 'time_iter': 0.0416, 'accuracy': 0.52}
train: {'epoch': 52, 'eta': 3.6566, 'loss': 0.063, 'lr': 0.0045, 'params': 1029650, 'time_iter': 0.0625, 'accuracy': 1.0}
val: {'epoch': 53, 'loss': 1.9772, 'lr': 0.0044, 'params': 1029650, 'time_iter': 0.0362, 'accuracy': 0.518}
train: {'epoch': 53, 'eta': 3.5706, 'loss': 0.0603, 'lr': 0.0044, 'params': 1029650, 'time_iter': 0.0681, 'accuracy': 1.0}
val: {'epoch': 54, 'loss': 2.0152, 'lr': 0.0042, 'params': 1029650, 'time_iter': 0.0928, 'accuracy': 0.518}
train: {'epoch': 54, 'eta': 3.4925, 'loss': 0.0583, 'lr': 0.0042, 'params': 1029650, 'time_iter': 0.0771, 'accuracy': 1.0}
val: {'epoch': 55, 'loss': 2.0389, 'lr': 0.0041, 'params': 1029650, 'time_iter': 0.1161, 'accuracy': 0.516}
train: {'epoch': 55, 'eta': 3.4815, 'loss': 0.0568, 'lr': 0.0041, 'params': 1029650, 'time_iter': 0.1623, 'accuracy': 1.0}
val: {'epoch': 56, 'loss': 2.0502, 'lr': 0.0039, 'params': 1029650, 'time_iter': 0.1239, 'accuracy': 0.51}
train: {'epoch': 56, 'eta': 3.477, 'loss': 0.0548, 'lr': 0.0039, 'params': 1029650, 'time_iter': 0.1781, 'accuracy': 1.0}
val: {'epoch': 57, 'loss': 2.0459, 'lr': 0.0038, 'params': 1029650, 'time_iter': 0.1312, 'accuracy': 0.51}
train: {'epoch': 57, 'eta': 3.4651, 'loss': 0.053, 'lr': 0.0038, 'params': 1029650, 'time_iter': 0.176, 'accuracy': 1.0}
val: {'epoch': 58, 'loss': 2.0281, 'lr': 0.0036, 'params': 1029650, 'time_iter': 0.1337, 'accuracy': 0.522}
train: {'epoch': 58, 'eta': 3.4475, 'loss': 0.0517, 'lr': 0.0036, 'params': 1029650, 'time_iter': 0.176, 'accuracy': 1.0}
val: {'epoch': 59, 'loss': 2.0046, 'lr': 0.0035, 'params': 1029650, 'time_iter': 0.0402, 'accuracy': 0.53}
train: {'epoch': 59, 'eta': 3.3582, 'loss': 0.0505, 'lr': 0.0035, 'params': 1029650, 'time_iter': 0.0762, 'accuracy': 1.0}
val: {'epoch': 60, 'loss': 1.9725, 'lr': 0.0033, 'params': 1029650, 'time_iter': 0.0417, 'accuracy': 0.534}
train: {'epoch': 60, 'eta': 3.2713, 'loss': 0.0495, 'lr': 0.0033, 'params': 1029650, 'time_iter': 0.0793, 'accuracy': 1.0}
val: {'epoch': 61, 'loss': 1.9301, 'lr': 0.0032, 'params': 1029650, 'time_iter': 0.0417, 'accuracy': 0.546}
train: {'epoch': 61, 'eta': 3.1801, 'loss': 0.0487, 'lr': 0.0032, 'params': 1029650, 'time_iter': 0.072, 'accuracy': 1.0}
val: {'epoch': 62, 'loss': 1.8631, 'lr': 0.003, 'params': 1029650, 'time_iter': 0.0423, 'accuracy': 0.564}
train: {'epoch': 62, 'eta': 3.0889, 'loss': 0.0479, 'lr': 0.003, 'params': 1029650, 'time_iter': 0.0709, 'accuracy': 1.0}
val: {'epoch': 63, 'loss': 1.8142, 'lr': 0.0029, 'params': 1029650, 'time_iter': 0.0411, 'accuracy': 0.58}
train: {'epoch': 63, 'eta': 3.0005, 'loss': 0.0472, 'lr': 0.0029, 'params': 1029650, 'time_iter': 0.0748, 'accuracy': 1.0}
val: {'epoch': 64, 'loss': 1.7757, 'lr': 0.0027, 'params': 1029650, 'time_iter': 0.0507, 'accuracy': 0.588}
train: {'epoch': 64, 'eta': 2.9103, 'loss': 0.0465, 'lr': 0.0027, 'params': 1029650, 'time_iter': 0.0707, 'accuracy': 1.0}
val: {'epoch': 65, 'loss': 1.737, 'lr': 0.0026, 'params': 1029650, 'time_iter': 0.0393, 'accuracy': 0.594}
train: {'epoch': 65, 'eta': 2.824, 'loss': 0.0458, 'lr': 0.0026, 'params': 1029650, 'time_iter': 0.0769, 'accuracy': 1.0}
val: {'epoch': 66, 'loss': 1.6837, 'lr': 0.0025, 'params': 1029650, 'time_iter': 0.0556, 'accuracy': 0.6}
train: {'epoch': 66, 'eta': 2.7369, 'loss': 0.0452, 'lr': 0.0025, 'params': 1029650, 'time_iter': 0.0749, 'accuracy': 1.0}
val: {'epoch': 67, 'loss': 1.6237, 'lr': 0.0023, 'params': 1029650, 'time_iter': 0.0418, 'accuracy': 0.608}
train: {'epoch': 67, 'eta': 2.6504, 'loss': 0.0447, 'lr': 0.0023, 'params': 1029650, 'time_iter': 0.0753, 'accuracy': 1.0}
val: {'epoch': 68, 'loss': 1.5641, 'lr': 0.0022, 'params': 1029650, 'time_iter': 0.0377, 'accuracy': 0.618}
train: {'epoch': 68, 'eta': 2.5654, 'loss': 0.0442, 'lr': 0.0022, 'params': 1029650, 'time_iter': 0.0779, 'accuracy': 1.0}
val: {'epoch': 69, 'loss': 1.5064, 'lr': 0.0021, 'params': 1029650, 'time_iter': 0.0422, 'accuracy': 0.638}
train: {'epoch': 69, 'eta': 2.4772, 'loss': 0.0438, 'lr': 0.0021, 'params': 1029650, 'time_iter': 0.0701, 'accuracy': 1.0}
val: {'epoch': 70, 'loss': 1.4532, 'lr': 0.0019, 'params': 1029650, 'time_iter': 0.05, 'accuracy': 0.648}
train: {'epoch': 70, 'eta': 2.3914, 'loss': 0.0434, 'lr': 0.0019, 'params': 1029650, 'time_iter': 0.0747, 'accuracy': 1.0}
val: {'epoch': 71, 'loss': 1.413, 'lr': 0.0018, 'params': 1029650, 'time_iter': 0.0436, 'accuracy': 0.662}
train: {'epoch': 71, 'eta': 2.309, 'loss': 0.043, 'lr': 0.0018, 'params': 1029650, 'time_iter': 0.0824, 'accuracy': 1.0}
val: {'epoch': 72, 'loss': 1.3804, 'lr': 0.0017, 'params': 1029650, 'time_iter': 0.0453, 'accuracy': 0.666}
train: {'epoch': 72, 'eta': 2.2215, 'loss': 0.0427, 'lr': 0.0017, 'params': 1029650, 'time_iter': 0.0691, 'accuracy': 1.0}
val: {'epoch': 73, 'loss': 1.3523, 'lr': 0.0016, 'params': 1029650, 'time_iter': 0.0473, 'accuracy': 0.672}
train: {'epoch': 73, 'eta': 2.1363, 'loss': 0.0424, 'lr': 0.0016, 'params': 1029650, 'time_iter': 0.0739, 'accuracy': 1.0}
val: {'epoch': 74, 'loss': 1.3309, 'lr': 0.0015, 'params': 1029650, 'time_iter': 0.04, 'accuracy': 0.684}
train: {'epoch': 74, 'eta': 2.0518, 'loss': 0.0422, 'lr': 0.0015, 'params': 1029650, 'time_iter': 0.0751, 'accuracy': 1.0}
val: {'epoch': 75, 'loss': 1.3156, 'lr': 0.0014, 'params': 1029650, 'time_iter': 0.0473, 'accuracy': 0.692}
train: {'epoch': 75, 'eta': 1.9661, 'loss': 0.0419, 'lr': 0.0014, 'params': 1029650, 'time_iter': 0.0706, 'accuracy': 1.0}
val: {'epoch': 76, 'loss': 1.3045, 'lr': 0.0012, 'params': 1029650, 'time_iter': 0.0435, 'accuracy': 0.69}
train: {'epoch': 76, 'eta': 1.8802, 'loss': 0.0417, 'lr': 0.0012, 'params': 1029650, 'time_iter': 0.0688, 'accuracy': 1.0}
val: {'epoch': 77, 'loss': 1.2985, 'lr': 0.0011, 'params': 1029650, 'time_iter': 0.0431, 'accuracy': 0.694}
train: {'epoch': 77, 'eta': 1.7977, 'loss': 0.0415, 'lr': 0.0011, 'params': 1029650, 'time_iter': 0.0791, 'accuracy': 1.0}
val: {'epoch': 78, 'loss': 1.3004, 'lr': 0.001, 'params': 1029650, 'time_iter': 0.0428, 'accuracy': 0.694}
train: {'epoch': 78, 'eta': 1.7132, 'loss': 0.0413, 'lr': 0.001, 'params': 1029650, 'time_iter': 0.0712, 'accuracy': 1.0}
val: {'epoch': 79, 'loss': 1.2966, 'lr': 0.001, 'params': 1029650, 'time_iter': 0.0434, 'accuracy': 0.698}
train: {'epoch': 79, 'eta': 1.6318, 'loss': 0.0412, 'lr': 0.001, 'params': 1029650, 'time_iter': 0.0822, 'accuracy': 1.0}
val: {'epoch': 80, 'loss': 1.2938, 'lr': 0.0009, 'params': 1029650, 'time_iter': 0.0431, 'accuracy': 0.7}
train: {'epoch': 80, 'eta': 1.5496, 'loss': 0.041, 'lr': 0.0009, 'params': 1029650, 'time_iter': 0.079, 'accuracy': 1.0}
val: {'epoch': 81, 'loss': 1.2911, 'lr': 0.0008, 'params': 1029650, 'time_iter': 0.042, 'accuracy': 0.702}
train: {'epoch': 81, 'eta': 1.465, 'loss': 0.0409, 'lr': 0.0008, 'params': 1029650, 'time_iter': 0.0678, 'accuracy': 1.0}
val: {'epoch': 82, 'loss': 1.2881, 'lr': 0.0007, 'params': 1029650, 'time_iter': 0.0892, 'accuracy': 0.704}
train: {'epoch': 82, 'eta': 1.3794, 'loss': 0.0408, 'lr': 0.0007, 'params': 1029650, 'time_iter': 0.0605, 'accuracy': 1.0}
val: {'epoch': 83, 'loss': 1.2854, 'lr': 0.0006, 'params': 1029650, 'time_iter': 0.1158, 'accuracy': 0.708}
train: {'epoch': 83, 'eta': 1.3148, 'loss': 0.0407, 'lr': 0.0006, 'params': 1029650, 'time_iter': 0.1683, 'accuracy': 1.0}
val: {'epoch': 84, 'loss': 1.2839, 'lr': 0.0005, 'params': 1029650, 'time_iter': 0.1096, 'accuracy': 0.712}
train: {'epoch': 84, 'eta': 1.2487, 'loss': 0.0406, 'lr': 0.0005, 'params': 1029650, 'time_iter': 0.1732, 'accuracy': 1.0}
val: {'epoch': 85, 'loss': 1.2827, 'lr': 0.0005, 'params': 1029650, 'time_iter': 0.0403, 'accuracy': 0.714}
train: {'epoch': 85, 'eta': 1.1655, 'loss': 0.0405, 'lr': 0.0005, 'params': 1029650, 'time_iter': 0.0832, 'accuracy': 1.0}
val: {'epoch': 86, 'loss': 1.2818, 'lr': 0.0004, 'params': 1029650, 'time_iter': 0.0435, 'accuracy': 0.716}
train: {'epoch': 86, 'eta': 1.0813, 'loss': 0.0404, 'lr': 0.0004, 'params': 1029650, 'time_iter': 0.0771, 'accuracy': 1.0}
val: {'epoch': 87, 'loss': 1.2809, 'lr': 0.0004, 'params': 1029650, 'time_iter': 0.0436, 'accuracy': 0.716}
train: {'epoch': 87, 'eta': 0.9957, 'loss': 0.0404, 'lr': 0.0004, 'params': 1029650, 'time_iter': 0.0652, 'accuracy': 1.0}
val: {'epoch': 88, 'loss': 1.2802, 'lr': 0.0003, 'params': 1029650, 'time_iter': 0.0449, 'accuracy': 0.716}
train: {'epoch': 88, 'eta': 0.9118, 'loss': 0.0403, 'lr': 0.0003, 'params': 1029650, 'time_iter': 0.076, 'accuracy': 1.0}
val: {'epoch': 89, 'loss': 1.2795, 'lr': 0.0002, 'params': 1029650, 'time_iter': 0.0482, 'accuracy': 0.716}
train: {'epoch': 89, 'eta': 0.8297, 'loss': 0.0403, 'lr': 0.0002, 'params': 1029650, 'time_iter': 0.0898, 'accuracy': 1.0}
val: {'epoch': 90, 'loss': 1.2789, 'lr': 0.0002, 'params': 1029650, 'time_iter': 0.0407, 'accuracy': 0.716}
train: {'epoch': 90, 'eta': 0.7463, 'loss': 0.0402, 'lr': 0.0002, 'params': 1029650, 'time_iter': 0.0786, 'accuracy': 1.0}
val: {'epoch': 91, 'loss': 1.2783, 'lr': 0.0002, 'params': 1029650, 'time_iter': 0.0511, 'accuracy': 0.716}
train: {'epoch': 91, 'eta': 0.6625, 'loss': 0.0402, 'lr': 0.0002, 'params': 1029650, 'time_iter': 0.0729, 'accuracy': 1.0}
val: {'epoch': 92, 'loss': 1.2778, 'lr': 0.0001, 'params': 1029650, 'time_iter': 0.0383, 'accuracy': 0.718}
train: {'epoch': 92, 'eta': 0.5801, 'loss': 0.0402, 'lr': 0.0001, 'params': 1029650, 'time_iter': 0.0879, 'accuracy': 1.0}
val: {'epoch': 93, 'loss': 1.2773, 'lr': 0.0001, 'params': 1029650, 'time_iter': 0.0504, 'accuracy': 0.718}
train: {'epoch': 93, 'eta': 0.4963, 'loss': 0.0402, 'lr': 0.0001, 'params': 1029650, 'time_iter': 0.0681, 'accuracy': 1.0}
val: {'epoch': 94, 'loss': 1.2769, 'lr': 0.0001, 'params': 1029650, 'time_iter': 0.0373, 'accuracy': 0.718}
train: {'epoch': 94, 'eta': 0.4131, 'loss': 0.0401, 'lr': 0.0001, 'params': 1029650, 'time_iter': 0.0743, 'accuracy': 1.0}
val: {'epoch': 95, 'loss': 1.2764, 'lr': 0.0, 'params': 1029650, 'time_iter': 0.0423, 'accuracy': 0.718}
train: {'epoch': 95, 'eta': 0.3302, 'loss': 0.0401, 'lr': 0.0, 'params': 1029650, 'time_iter': 0.076, 'accuracy': 1.0}
val: {'epoch': 96, 'loss': 1.2761, 'lr': 0.0, 'params': 1029650, 'time_iter': 0.0438, 'accuracy': 0.718}
train: {'epoch': 96, 'eta': 0.2475, 'loss': 0.0401, 'lr': 0.0, 'params': 1029650, 'time_iter': 0.077, 'accuracy': 1.0}
val: {'epoch': 97, 'loss': 1.2758, 'lr': 0.0, 'params': 1029650, 'time_iter': 0.0403, 'accuracy': 0.718}
train: {'epoch': 97, 'eta': 0.1649, 'loss': 0.0401, 'lr': 0.0, 'params': 1029650, 'time_iter': 0.0772, 'accuracy': 1.0}
val: {'epoch': 98, 'loss': 1.2755, 'lr': 0.0, 'params': 1029650, 'time_iter': 0.057, 'accuracy': 0.718}
train: {'epoch': 98, 'eta': 0.0823, 'loss': 0.0401, 'lr': 0.0, 'params': 1029650, 'time_iter': 0.0674, 'accuracy': 1.0}
val: {'epoch': 99, 'loss': 1.2752, 'lr': 0.0, 'params': 1029650, 'time_iter': 0.0441, 'accuracy': 0.718}
train: {'epoch': 99, 'eta': 0.0, 'loss': 0.0401, 'lr': 0.0, 'params': 1029650, 'time_iter': 0.0668, 'accuracy': 1.0}
test: {'epoch': 100, 'loss': 1.2271, 'lr': 0.0, 'params': 1029650, 'time_iter': 0.0546, 'accuracy': 0.726}
